     1 00000000                                 [FORMAT "WCOFF"]
     2 00000000                                 [INSTRSET "i486p"]
     3 00000000                                 [OPTIMIZE 1]
     4 00000000                                 [OPTION 1]
     5 00000000                                 [BITS 32]
     6 00000000                                 	EXTERN	_init_gdtidt
     7 00000000                                 	EXTERN	_init_pic
     8 00000000                                 	EXTERN	_io_sti
     9 00000000                                 	EXTERN	_fifo32_init
    10 00000000                                 	EXTERN	_init_pit
    11 00000000                                 	EXTERN	_init_keyboard
    12 00000000                                 	EXTERN	_enable_mouse
    13 00000000                                 	EXTERN	_io_out8
    14 00000000                                 	EXTERN	_timer_alloc
    15 00000000                                 	EXTERN	_timer_init
    16 00000000                                 	EXTERN	_timer_settime
    17 00000000                                 	EXTERN	_memtest
    18 00000000                                 	EXTERN	_memman_init
    19 00000000                                 	EXTERN	_memman_free
    20 00000000                                 	EXTERN	_init_palette
    21 00000000                                 	EXTERN	_shtctl_init
    22 00000000                                 	EXTERN	_sheet_alloc
    23 00000000                                 	EXTERN	_memman_alloc_4k
    24 00000000                                 	EXTERN	_sheet_setbuf
    25 00000000                                 	EXTERN	_init_screen8
    26 00000000                                 	EXTERN	_init_mouse_cursor8
    27 00000000                                 	EXTERN	_sheet_slide
    28 00000000                                 	EXTERN	_sheet_updown
    29 00000000                                 	EXTERN	_sprintf
    30 00000000                                 	EXTERN	_memman_total
    31 00000000                                 	EXTERN	_set_segmdesc
    32 00000000                                 	EXTERN	_load_tr
    33 00000000                                 	EXTERN	_io_cli
    34 00000000                                 	EXTERN	_fifo32_status
    35 00000000                                 	EXTERN	_fifo32_get
    36 00000000                                 	EXTERN	_boxfill8
    37 00000000                                 	EXTERN	_sheet_refresh
    38 00000000                                 	EXTERN	_taskswitch4
    39 00000000                                 	EXTERN	_mouse_decode
    40 00000000                                 	EXTERN	_keytable
    41 00000000                                 	EXTERN	_io_stihlt
    42 00000000                                 	EXTERN	_putfonts8_asc
    43 00000000                                 	EXTERN	_taskswitch3
    44 00000000                                 	EXTERN	_io_hlt
    45 00000000                                 [FILE "bootpack.c"]
    46                                          [SECTION .data]
    47 00000000                                 _keytable:
    48 00000000 00                              	DB	0
    49 00000001 00                              	DB	0
    50 00000002 31                              	DB	49
    51 00000003 32                              	DB	50
    52 00000004 33                              	DB	51
    53 00000005 34                              	DB	52
    54 00000006 35                              	DB	53
    55 00000007 36                              	DB	54
    56 00000008 37                              	DB	55
    57 00000009 38                              	DB	56
    58 0000000A 39                              	DB	57
    59 0000000B 30                              	DB	48
    60 0000000C 2D                              	DB	45
    61 0000000D 5E                              	DB	94
    62 0000000E 00                              	DB	0
    63 0000000F 00                              	DB	0
    64 00000010 51                              	DB	81
    65 00000011 57                              	DB	87
    66 00000012 45                              	DB	69
    67 00000013 52                              	DB	82
    68 00000014 54                              	DB	84
    69 00000015 59                              	DB	89
    70 00000016 55                              	DB	85
    71 00000017 49                              	DB	73
    72 00000018 4F                              	DB	79
    73 00000019 50                              	DB	80
    74 0000001A 40                              	DB	64
    75 0000001B 5B                              	DB	91
    76 0000001C 00                              	DB	0
    77 0000001D 00                              	DB	0
    78 0000001E 41                              	DB	65
    79 0000001F 53                              	DB	83
    80 00000020 44                              	DB	68
    81 00000021 46                              	DB	70
    82 00000022 47                              	DB	71
    83 00000023 48                              	DB	72
    84 00000024 4A                              	DB	74
    85 00000025 4B                              	DB	75
    86 00000026 4C                              	DB	76
    87 00000027 3B                              	DB	59
    88 00000028 3A                              	DB	58
    89 00000029 00                              	DB	0
    90 0000002A 00                              	DB	0
    91 0000002B 5D                              	DB	93
    92 0000002C 5A                              	DB	90
    93 0000002D 58                              	DB	88
    94 0000002E 43                              	DB	67
    95 0000002F 56                              	DB	86
    96 00000030 42                              	DB	66
    97 00000031 4E                              	DB	78
    98 00000032 4D                              	DB	77
    99 00000033 2C                              	DB	44
   100 00000034 2E                              	DB	46
   101 00000035 2F                              	DB	47
   102 00000036 00                              	DB	0
   103 00000037 2A                              	DB	42
   104 00000038 00                              	DB	0
   105 00000039 20                              	DB	32
   106 0000003A 00                              	DB	0
   107 0000003B 00                              	DB	0
   108 0000003C 00                              	DB	0
   109 0000003D 00                              	DB	0
   110 0000003E 00                              	DB	0
   111 0000003F 00                              	DB	0
   112 00000040 00                              	DB	0
   113 00000041 00                              	DB	0
   114 00000042 00                              	DB	0
   115 00000043 00                              	DB	0
   116 00000044 00                              	DB	0
   117 00000045 00                              	DB	0
   118 00000046 00                              	DB	0
   119 00000047 37                              	DB	55
   120 00000048 38                              	DB	56
   121 00000049 39                              	DB	57
   122 0000004A 2D                              	DB	45
   123 0000004B 34                              	DB	52
   124 0000004C 35                              	DB	53
   125 0000004D 36                              	DB	54
   126 0000004E 2B                              	DB	43
   127 0000004F 31                              	DB	49
   128 00000050 32                              	DB	50
   129 00000051 33                              	DB	51
   130 00000052 30                              	DB	48
   131 00000053 2E                              	DB	46
   132 00000054                                 LC0:
   133 00000054 77 69 6E 64 6F 77 00            	DB	"window",0x00
   134 0000005B                                 LC1:
   135 0000005B 28 25 33 64 2C 20 25 33 64 29   	DB	"(%3d, %3d)",0x00
       00000065 00 
   136 00000066                                 LC2:
   137 00000066 6D 65 6D 6F 72 79 20 25 64 4D   	DB	"memory %dMB   free : %dKB",0x00
       00000070 42 20 20 20 66 72 65 65 20 3A 
       0000007A 20 25 64 4B 42 00 
   138 00000080                                 LC7:
   139 00000080 33 5B 73 65 63 5D 00            	DB	"3[sec]",0x00
   140 00000087                                 LC6:
   141 00000087 31 30 5B 73 65 63 5D 00         	DB	"10[sec]",0x00
   142 0000008F                                 LC5:
   143 0000008F 5B 6C 63 72 20 25 34 64 20 25   	DB	"[lcr %4d %4d]",0x00
       00000099 34 64 5D 00 
   144 0000009D                                 LC3:
   145 0000009D 25 30 32 58 00                  	DB	"%02X",0x00
   146 000000A2                                 LC4:
   147 000000A2 20 00                           	DB	" ",0x00
   148                                          [SECTION .text]
   149 00000000                                 	GLOBAL	_HariMain
   150 00000000                                 _HariMain:
   151 00000000 55                              	PUSH	EBP
   152 00000001 89 E5                           	MOV	EBP,ESP
   153 00000003 57                              	PUSH	EDI
   154 00000004 56                              	PUSH	ESI
   155 00000005 53                              	PUSH	EBX
   156 00000006 8D 75 D4                        	LEA	ESI,DWORD [-44+EBP]
   157 00000009 81 EC 00000468                  	SUB	ESP,1128
   158 0000000F E8 [00000000]                   	CALL	_init_gdtidt
   159 00000014 E8 [00000000]                   	CALL	_init_pic
   160 00000019 E8 [00000000]                   	CALL	_io_sti
   161 0000001E 8D 85 FFFFFD94                  	LEA	EAX,DWORD [-620+EBP]
   162 00000024 50                              	PUSH	EAX
   163 00000025 68 00000080                     	PUSH	128
   164 0000002A 56                              	PUSH	ESI
   165 0000002B E8 [00000000]                   	CALL	_fifo32_init
   166 00000030 E8 [00000000]                   	CALL	_init_pit
   167 00000035 68 00000100                     	PUSH	256
   168 0000003A 56                              	PUSH	ESI
   169 0000003B E8 [00000000]                   	CALL	_init_keyboard
   170 00000040 8D 45 C4                        	LEA	EAX,DWORD [-60+EBP]
   171 00000043 50                              	PUSH	EAX
   172 00000044 68 00000200                     	PUSH	512
   173 00000049 56                              	PUSH	ESI
   174 0000004A E8 [00000000]                   	CALL	_enable_mouse
   175 0000004F 83 C4 20                        	ADD	ESP,32
   176 00000052 68 000000F8                     	PUSH	248
   177 00000057 6A 21                           	PUSH	33
   178 00000059 E8 [00000000]                   	CALL	_io_out8
   179 0000005E 68 000000EF                     	PUSH	239
   180 00000063 68 000000A1                     	PUSH	161
   181 00000068 E8 [00000000]                   	CALL	_io_out8
   182 0000006D E8 [00000000]                   	CALL	_timer_alloc
   183 00000072 6A 0A                           	PUSH	10
   184 00000074 56                              	PUSH	ESI
   185 00000075 89 C3                           	MOV	EBX,EAX
   186 00000077 50                              	PUSH	EAX
   187 00000078 E8 [00000000]                   	CALL	_timer_init
   188 0000007D 68 000003E8                     	PUSH	1000
   189 00000082 53                              	PUSH	EBX
   190 00000083 E8 [00000000]                   	CALL	_timer_settime
   191 00000088 83 C4 24                        	ADD	ESP,36
   192 0000008B E8 [00000000]                   	CALL	_timer_alloc
   193 00000090 6A 03                           	PUSH	3
   194 00000092 89 C3                           	MOV	EBX,EAX
   195 00000094 56                              	PUSH	ESI
   196 00000095 50                              	PUSH	EAX
   197 00000096 E8 [00000000]                   	CALL	_timer_init
   198 0000009B 68 0000012C                     	PUSH	300
   199 000000A0 53                              	PUSH	EBX
   200 000000A1 E8 [00000000]                   	CALL	_timer_settime
   201 000000A6 E8 [00000000]                   	CALL	_timer_alloc
   202 000000AB 6A 01                           	PUSH	1
   203 000000AD 56                              	PUSH	ESI
   204 000000AE 50                              	PUSH	EAX
   205 000000AF 89 85 FFFFFBB0                  	MOV	DWORD [-1104+EBP],EAX
   206 000000B5 E8 [00000000]                   	CALL	_timer_init
   207 000000BA 83 C4 20                        	ADD	ESP,32
   208 000000BD 6A 32                           	PUSH	50
   209 000000BF FF B5 FFFFFBB0                  	PUSH	DWORD [-1104+EBP]
   210 000000C5 E8 [00000000]                   	CALL	_timer_settime
   211 000000CA 68 BFFFFFFF                     	PUSH	-1073741825
   212 000000CF 68 00400000                     	PUSH	4194304
   213 000000D4 E8 [00000000]                   	CALL	_memtest
   214 000000D9 68 003C0000                     	PUSH	3932160
   215 000000DE 89 85 FFFFFBA0                  	MOV	DWORD [-1120+EBP],EAX
   216 000000E4 E8 [00000000]                   	CALL	_memman_init
   217 000000E9 68 0009E000                     	PUSH	647168
   218 000000EE 68 00001000                     	PUSH	4096
   219 000000F3 68 003C0000                     	PUSH	3932160
   220 000000F8 E8 [00000000]                   	CALL	_memman_free
   221 000000FD 8B 85 FFFFFBA0                  	MOV	EAX,DWORD [-1120+EBP]
   222 00000103 83 C4 20                        	ADD	ESP,32
   223 00000106 2D 00400000                     	SUB	EAX,4194304
   224 0000010B 50                              	PUSH	EAX
   225 0000010C 68 00400000                     	PUSH	4194304
   226 00000111 68 003C0000                     	PUSH	3932160
   227 00000116 E8 [00000000]                   	CALL	_memman_free
   228 0000011B E8 [00000000]                   	CALL	_init_palette
   229 00000120 0F BF 05 00000FF6               	MOVSX	EAX,WORD [4086]
   230 00000127 50                              	PUSH	EAX
   231 00000128 0F BF 05 00000FF4               	MOVSX	EAX,WORD [4084]
   232 0000012F 50                              	PUSH	EAX
   233 00000130 FF 35 00000FF8                  	PUSH	DWORD [4088]
   234 00000136 68 003C0000                     	PUSH	3932160
   235 0000013B E8 [00000000]                   	CALL	_shtctl_init
   236 00000140 89 C3                           	MOV	EBX,EAX
   237 00000142 50                              	PUSH	EAX
   238 00000143 E8 [00000000]                   	CALL	_sheet_alloc
   239 00000148 83 C4 20                        	ADD	ESP,32
   240 0000014B 53                              	PUSH	EBX
   241 0000014C 89 85 FFFFFB9C                  	MOV	DWORD [-1124+EBP],EAX
   242 00000152 E8 [00000000]                   	CALL	_sheet_alloc
   243 00000157 53                              	PUSH	EBX
   244 00000158 8D 9D FFFFFC94                  	LEA	EBX,DWORD [-876+EBP]
   245 0000015E 89 85 FFFFFB98                  	MOV	DWORD [-1128+EBP],EAX
   246 00000164 E8 [00000000]                   	CALL	_sheet_alloc
   247 00000169 0F BF 15 00000FF6               	MOVSX	EDX,WORD [4086]
   248 00000170 89 85 FFFFFB94                  	MOV	DWORD [-1132+EBP],EAX
   249 00000176 0F BF 05 00000FF4               	MOVSX	EAX,WORD [4084]
   250 0000017D 0F AF C2                        	IMUL	EAX,EDX
   251 00000180 50                              	PUSH	EAX
   252 00000181 68 003C0000                     	PUSH	3932160
   253 00000186 E8 [00000000]                   	CALL	_memman_alloc_4k
   254 0000018B 68 00002080                     	PUSH	8320
   255 00000190 68 003C0000                     	PUSH	3932160
   256 00000195 89 C6                           	MOV	ESI,EAX
   257 00000197 E8 [00000000]                   	CALL	_memman_alloc_4k
   258 0000019C 6A FF                           	PUSH	-1
   259 0000019E 89 C7                           	MOV	EDI,EAX
   260 000001A0 0F BF 05 00000FF6               	MOVSX	EAX,WORD [4086]
   261 000001A7 50                              	PUSH	EAX
   262 000001A8 0F BF 05 00000FF4               	MOVSX	EAX,WORD [4084]
   263 000001AF 50                              	PUSH	EAX
   264 000001B0 56                              	PUSH	ESI
   265 000001B1 FF B5 FFFFFB9C                  	PUSH	DWORD [-1124+EBP]
   266 000001B7 E8 [00000000]                   	CALL	_sheet_setbuf
   267 000001BC 83 C4 2C                        	ADD	ESP,44
   268 000001BF 6A 63                           	PUSH	99
   269 000001C1 6A 10                           	PUSH	16
   270 000001C3 6A 10                           	PUSH	16
   271 000001C5 53                              	PUSH	EBX
   272 000001C6 FF B5 FFFFFB98                  	PUSH	DWORD [-1128+EBP]
   273 000001CC E8 [00000000]                   	CALL	_sheet_setbuf
   274 000001D1 6A FF                           	PUSH	-1
   275 000001D3 6A 34                           	PUSH	52
   276 000001D5 68 000000A0                     	PUSH	160
   277 000001DA 57                              	PUSH	EDI
   278 000001DB FF B5 FFFFFB94                  	PUSH	DWORD [-1132+EBP]
   279 000001E1 E8 [00000000]                   	CALL	_sheet_setbuf
   280 000001E6 83 C4 28                        	ADD	ESP,40
   281 000001E9 0F BF 05 00000FF6               	MOVSX	EAX,WORD [4086]
   282 000001F0 50                              	PUSH	EAX
   283 000001F1 0F BF 05 00000FF4               	MOVSX	EAX,WORD [4084]
   284 000001F8 50                              	PUSH	EAX
   285 000001F9 56                              	PUSH	ESI
   286 000001FA E8 [00000000]                   	CALL	_init_screen8
   287 000001FF 6A 63                           	PUSH	99
   288 00000201 53                              	PUSH	EBX
   289 00000202 BB 00000002                     	MOV	EBX,2
   290 00000207 E8 [00000000]                   	CALL	_init_mouse_cursor8
   291 0000020C 68 [00000054]                   	PUSH	LC0
   292 00000211 6A 34                           	PUSH	52
   293 00000213 68 000000A0                     	PUSH	160
   294 00000218 57                              	PUSH	EDI
   295 00000219 E8 000005A4                     	CALL	_make_window8
   296 0000021E 83 C4 24                        	ADD	ESP,36
   297 00000221 6A 07                           	PUSH	7
   298 00000223 6A 10                           	PUSH	16
   299 00000225 68 00000090                     	PUSH	144
   300 0000022A 6A 1C                           	PUSH	28
   301 0000022C 6A 08                           	PUSH	8
   302 0000022E FF B5 FFFFFB94                  	PUSH	DWORD [-1132+EBP]
   303 00000234 E8 0000077C                     	CALL	_make_textbox8
   304 00000239 6A 00                           	PUSH	0
   305 0000023B 6A 00                           	PUSH	0
   306 0000023D FF B5 FFFFFB9C                  	PUSH	DWORD [-1124+EBP]
   307 00000243 C7 85 FFFFFBA8 00000008         	MOV	DWORD [-1112+EBP],8
   308 0000024D C7 85 FFFFFBA4 00000007         	MOV	DWORD [-1116+EBP],7
   309 00000257 E8 [00000000]                   	CALL	_sheet_slide
   310 0000025C 83 C4 24                        	ADD	ESP,36
   311 0000025F 0F BF 05 00000FF4               	MOVSX	EAX,WORD [4084]
   312 00000266 8D 48 F0                        	LEA	ECX,DWORD [-16+EAX]
   313 00000269 89 C8                           	MOV	EAX,ECX
   314 0000026B 99                              	CDQ
   315 0000026C F7 FB                           	IDIV	EBX
   316 0000026E 89 85 FFFFFBAC                  	MOV	DWORD [-1108+EBP],EAX
   317 00000274 0F BF 05 00000FF6               	MOVSX	EAX,WORD [4086]
   318 0000027B 8D 48 D4                        	LEA	ECX,DWORD [-44+EAX]
   319 0000027E 89 C8                           	MOV	EAX,ECX
   320 00000280 99                              	CDQ
   321 00000281 F7 FB                           	IDIV	EBX
   322 00000283 50                              	PUSH	EAX
   323 00000284 89 C7                           	MOV	EDI,EAX
   324 00000286 FF B5 FFFFFBAC                  	PUSH	DWORD [-1108+EBP]
   325 0000028C FF B5 FFFFFB98                  	PUSH	DWORD [-1128+EBP]
   326 00000292 8D 5D 94                        	LEA	EBX,DWORD [-108+EBP]
   327 00000295 E8 [00000000]                   	CALL	_sheet_slide
   328 0000029A 6A 48                           	PUSH	72
   329 0000029C 6A 50                           	PUSH	80
   330 0000029E FF B5 FFFFFB94                  	PUSH	DWORD [-1132+EBP]
   331 000002A4 E8 [00000000]                   	CALL	_sheet_slide
   332 000002A9 6A 00                           	PUSH	0
   333 000002AB FF B5 FFFFFB9C                  	PUSH	DWORD [-1124+EBP]
   334 000002B1 E8 [00000000]                   	CALL	_sheet_updown
   335 000002B6 83 C4 20                        	ADD	ESP,32
   336 000002B9 6A 01                           	PUSH	1
   337 000002BB FF B5 FFFFFB94                  	PUSH	DWORD [-1132+EBP]
   338 000002C1 E8 [00000000]                   	CALL	_sheet_updown
   339 000002C6 6A 02                           	PUSH	2
   340 000002C8 FF B5 FFFFFB98                  	PUSH	DWORD [-1128+EBP]
   341 000002CE E8 [00000000]                   	CALL	_sheet_updown
   342 000002D3 57                              	PUSH	EDI
   343 000002D4 FF B5 FFFFFBAC                  	PUSH	DWORD [-1108+EBP]
   344 000002DA 68 [0000005B]                   	PUSH	LC1
   345 000002DF 53                              	PUSH	EBX
   346 000002E0 E8 [00000000]                   	CALL	_sprintf
   347 000002E5 83 C4 20                        	ADD	ESP,32
   348 000002E8 6A 0A                           	PUSH	10
   349 000002EA 53                              	PUSH	EBX
   350 000002EB 6A 0D                           	PUSH	13
   351 000002ED 6A 07                           	PUSH	7
   352 000002EF 6A 00                           	PUSH	0
   353 000002F1 6A 00                           	PUSH	0
   354 000002F3 FF B5 FFFFFB9C                  	PUSH	DWORD [-1124+EBP]
   355 000002F9 E8 00000630                     	CALL	_putfonts8_asc_sht
   356 000002FE 68 003C0000                     	PUSH	3932160
   357 00000303 E8 [00000000]                   	CALL	_memman_total
   358 00000308 C1 AD FFFFFBA0 14               	SHR	DWORD [-1120+EBP],20
   359 0000030F C1 E8 0A                        	SHR	EAX,10
   360 00000312 89 04 24                        	MOV	DWORD [ESP],EAX
   361 00000315 FF B5 FFFFFBA0                  	PUSH	DWORD [-1120+EBP]
   362 0000031B 68 [00000066]                   	PUSH	LC2
   363 00000320 53                              	PUSH	EBX
   364 00000321 E8 [00000000]                   	CALL	_sprintf
   365 00000326 83 C4 2C                        	ADD	ESP,44
   366 00000329 6A 28                           	PUSH	40
   367 0000032B 53                              	PUSH	EBX
   368 0000032C 6A 0D                           	PUSH	13
   369 0000032E 6A 07                           	PUSH	7
   370 00000330 6A 20                           	PUSH	32
   371 00000332 6A 00                           	PUSH	0
   372 00000334 FF B5 FFFFFB9C                  	PUSH	DWORD [-1124+EBP]
   373 0000033A E8 000005EF                     	CALL	_putfonts8_asc_sht
   374 0000033F 8D 85 FFFFFC24                  	LEA	EAX,DWORD [-988+EBP]
   375 00000345 68 00000089                     	PUSH	137
   376 0000034A 50                              	PUSH	EAX
   377 0000034B 6A 67                           	PUSH	103
   378 0000034D 68 00270018                     	PUSH	2555928
   379 00000352 C7 85 FFFFFC84 00000000         	MOV	DWORD [-892+EBP],0
   380 0000035C C7 85 FFFFFC88 40000000         	MOV	DWORD [-888+EBP],1073741824
   381 00000366 C7 85 FFFFFC14 00000000         	MOV	DWORD [-1004+EBP],0
   382 00000370 C7 85 FFFFFC18 40000000         	MOV	DWORD [-1000+EBP],1073741824
   383 0000037A E8 [00000000]                   	CALL	_set_segmdesc
   384 0000037F 8D 85 FFFFFBB4                  	LEA	EAX,DWORD [-1100+EBP]
   385 00000385 83 C4 2C                        	ADD	ESP,44
   386 00000388 68 00000089                     	PUSH	137
   387 0000038D 50                              	PUSH	EAX
   388 0000038E 6A 67                           	PUSH	103
   389 00000390 68 00270020                     	PUSH	2555936
   390 00000395 E8 [00000000]                   	CALL	_set_segmdesc
   391 0000039A 6A 18                           	PUSH	24
   392 0000039C E8 [00000000]                   	CALL	_load_tr
   393 000003A1 68 00010000                     	PUSH	65536
   394 000003A6 68 003C0000                     	PUSH	3932160
   395 000003AB E8 [00000000]                   	CALL	_memman_alloc_4k
   396 000003B0 05 00010000                     	ADD	EAX,65536
   397 000003B5 C7 85 FFFFFBD4 [00000AEB]       	MOV	DWORD [-1068+EBP],_task_b_main
   398 000003BF C7 85 FFFFFBD8 00000202         	MOV	DWORD [-1064+EBP],514
   399 000003C9 C7 85 FFFFFBDC 00000000         	MOV	DWORD [-1060+EBP],0
   400 000003D3 C7 85 FFFFFBE0 00000000         	MOV	DWORD [-1056+EBP],0
   401 000003DD C7 85 FFFFFBE4 00000000         	MOV	DWORD [-1052+EBP],0
   402 000003E7 C7 85 FFFFFBE8 00000000         	MOV	DWORD [-1048+EBP],0
   403 000003F1 89 85 FFFFFBEC                  	MOV	DWORD [-1044+EBP],EAX
   404 000003F7 C7 85 FFFFFBF0 00000000         	MOV	DWORD [-1040+EBP],0
   405 00000401 C7 85 FFFFFBF4 00000000         	MOV	DWORD [-1036+EBP],0
   406 0000040B C7 85 FFFFFBF8 00000000         	MOV	DWORD [-1032+EBP],0
   407 00000415 C7 85 FFFFFBFC 00000008         	MOV	DWORD [-1028+EBP],8
   408 0000041F C7 85 FFFFFC00 00000010         	MOV	DWORD [-1024+EBP],16
   409 00000429 C7 85 FFFFFC04 00000008         	MOV	DWORD [-1020+EBP],8
   410 00000433 C7 85 FFFFFC08 00000008         	MOV	DWORD [-1016+EBP],8
   411 0000043D C7 85 FFFFFC0C 00000008         	MOV	DWORD [-1012+EBP],8
   412 00000447 C7 85 FFFFFC10 00000008         	MOV	DWORD [-1008+EBP],8
   413 00000451                                 L30:
   414 00000451 83 C4 1C                        	ADD	ESP,28
   415 00000454                                 L2:
   416 00000454 8D 75 D4                        	LEA	ESI,DWORD [-44+EBP]
   417 00000457 E8 [00000000]                   	CALL	_io_cli
   418 0000045C 56                              	PUSH	ESI
   419 0000045D E8 [00000000]                   	CALL	_fifo32_status
   420 00000462 59                              	POP	ECX
   421 00000463 85 C0                           	TEST	EAX,EAX
   422 00000465 0F 84 0000034D                  	JE	L32
   423 0000046B 56                              	PUSH	ESI
   424 0000046C E8 [00000000]                   	CALL	_fifo32_get
   425 00000471 89 C3                           	MOV	EBX,EAX
   426 00000473 E8 [00000000]                   	CALL	_io_sti
   427 00000478 5A                              	POP	EDX
   428 00000479 8D 83 FFFFFF00                  	LEA	EAX,DWORD [-256+EBX]
   429 0000047F 3D 000000FF                     	CMP	EAX,255
   430 00000484 0F 86 00000233                  	JBE	L33
   431 0000048A 8D 83 FFFFFE00                  	LEA	EAX,DWORD [-512+EBX]
   432 00000490 3D 000000FF                     	CMP	EAX,255
   433 00000495 0F 86 000000F7                  	JBE	L34
   434 0000049B 83 FB 0A                        	CMP	EBX,10
   435 0000049E 0F 84 000000CA                  	JE	L35
   436 000004A4 83 FB 03                        	CMP	EBX,3
   437 000004A7 0F 84 000000A2                  	JE	L36
   438 000004AD 83 FB 01                        	CMP	EBX,1
   439 000004B0 7F A2                           	JG	L2
   440 000004B2 85 DB                           	TEST	EBX,EBX
   441 000004B4 74 7C                           	JE	L28
   442 000004B6 6A 00                           	PUSH	0
   443 000004B8 56                              	PUSH	ESI
   444 000004B9 FF B5 FFFFFBB0                  	PUSH	DWORD [-1104+EBP]
   445 000004BF E8 [00000000]                   	CALL	_timer_init
   446 000004C4 C7 85 FFFFFBA4 00000000         	MOV	DWORD [-1116+EBP],0
   447 000004CE                                 L31:
   448 000004CE 83 C4 0C                        	ADD	ESP,12
   449 000004D1 6A 32                           	PUSH	50
   450 000004D3 FF B5 FFFFFBB0                  	PUSH	DWORD [-1104+EBP]
   451 000004D9 E8 [00000000]                   	CALL	_timer_settime
   452 000004DE 8B 95 FFFFFB94                  	MOV	EDX,DWORD [-1132+EBP]
   453 000004E4 8B 85 FFFFFBA8                  	MOV	EAX,DWORD [-1112+EBP]
   454 000004EA 6A 2B                           	PUSH	43
   455 000004EC 83 C0 07                        	ADD	EAX,7
   456 000004EF 50                              	PUSH	EAX
   457 000004F0 6A 1C                           	PUSH	28
   458 000004F2 FF B5 FFFFFBA8                  	PUSH	DWORD [-1112+EBP]
   459 000004F8 FF B5 FFFFFBA4                  	PUSH	DWORD [-1116+EBP]
   460 000004FE FF 72 04                        	PUSH	DWORD [4+EDX]
   461 00000501 FF 32                           	PUSH	DWORD [EDX]
   462 00000503 E8 [00000000]                   	CALL	_boxfill8
   463 00000508 8B 85 FFFFFBA8                  	MOV	EAX,DWORD [-1112+EBP]
   464 0000050E 83 C4 24                        	ADD	ESP,36
   465 00000511 83 C0 08                        	ADD	EAX,8
   466 00000514 6A 2C                           	PUSH	44
   467 00000516 50                              	PUSH	EAX
   468 00000517 6A 1C                           	PUSH	28
   469 00000519 FF B5 FFFFFBA8                  	PUSH	DWORD [-1112+EBP]
   470 0000051F FF B5 FFFFFB94                  	PUSH	DWORD [-1132+EBP]
   471 00000525 E8 [00000000]                   	CALL	_sheet_refresh
   472 0000052A 83 C4 14                        	ADD	ESP,20
   473 0000052D E9 FFFFFF22                     	JMP	L2
   474 00000532                                 L28:
   475 00000532 6A 01                           	PUSH	1
   476 00000534 56                              	PUSH	ESI
   477 00000535 FF B5 FFFFFBB0                  	PUSH	DWORD [-1104+EBP]
   478 0000053B E8 [00000000]                   	CALL	_timer_init
   479 00000540 C7 85 FFFFFBA4 00000007         	MOV	DWORD [-1116+EBP],7
   480 0000054A E9 FFFFFF7F                     	JMP	L31
   481 0000054F                                 L36:
   482 0000054F 6A 06                           	PUSH	6
   483 00000551 68 [00000080]                   	PUSH	LC7
   484 00000556 6A 0D                           	PUSH	13
   485 00000558 6A 07                           	PUSH	7
   486 0000055A 6A 50                           	PUSH	80
   487 0000055C 6A 00                           	PUSH	0
   488 0000055E FF B5 FFFFFB9C                  	PUSH	DWORD [-1124+EBP]
   489 00000564 E8 000003C5                     	CALL	_putfonts8_asc_sht
   490 00000569 E9 FFFFFEE3                     	JMP	L30
   491 0000056E                                 L35:
   492 0000056E 6A 07                           	PUSH	7
   493 00000570 68 [00000087]                   	PUSH	LC6
   494 00000575 6A 0D                           	PUSH	13
   495 00000577 6A 07                           	PUSH	7
   496 00000579 6A 40                           	PUSH	64
   497 0000057B 6A 00                           	PUSH	0
   498 0000057D FF B5 FFFFFB9C                  	PUSH	DWORD [-1124+EBP]
   499 00000583 E8 000003A6                     	CALL	_putfonts8_asc_sht
   500 00000588 E8 [00000000]                   	CALL	_taskswitch4
   501 0000058D E9 FFFFFEBF                     	JMP	L30
   502 00000592                                 L34:
   503 00000592 0F B6 C3                        	MOVZX	EAX,BL
   504 00000595 50                              	PUSH	EAX
   505 00000596 8D 45 C4                        	LEA	EAX,DWORD [-60+EBP]
   506 00000599 50                              	PUSH	EAX
   507 0000059A E8 [00000000]                   	CALL	_mouse_decode
   508 0000059F 5A                              	POP	EDX
   509 000005A0 59                              	POP	ECX
   510 000005A1 85 C0                           	TEST	EAX,EAX
   511 000005A3 0F 84 FFFFFEAB                  	JE	L2
   512 000005A9 FF 75 CC                        	PUSH	DWORD [-52+EBP]
   513 000005AC FF 75 C8                        	PUSH	DWORD [-56+EBP]
   514 000005AF 68 [0000008F]                   	PUSH	LC5
   515 000005B4 8D 5D 94                        	LEA	EBX,DWORD [-108+EBP]
   516 000005B7 53                              	PUSH	EBX
   517 000005B8 E8 [00000000]                   	CALL	_sprintf
   518 000005BD 83 C4 10                        	ADD	ESP,16
   519 000005C0 8B 45 D0                        	MOV	EAX,DWORD [-48+EBP]
   520 000005C3 A9 00000001                     	TEST	EAX,1
   521 000005C8 74 04                           	JE	L14
   522 000005CA C6 45 95 4C                     	MOV	BYTE [-107+EBP],76
   523 000005CE                                 L14:
   524 000005CE A9 00000002                     	TEST	EAX,2
   525 000005D3 74 04                           	JE	L15
   526 000005D5 C6 45 97 52                     	MOV	BYTE [-105+EBP],82
   527 000005D9                                 L15:
   528 000005D9 83 E0 04                        	AND	EAX,4
   529 000005DC 74 04                           	JE	L16
   530 000005DE C6 45 96 43                     	MOV	BYTE [-106+EBP],67
   531 000005E2                                 L16:
   532 000005E2 6A 0F                           	PUSH	15
   533 000005E4 53                              	PUSH	EBX
   534 000005E5 6A 0D                           	PUSH	13
   535 000005E7 6A 07                           	PUSH	7
   536 000005E9 6A 10                           	PUSH	16
   537 000005EB 6A 20                           	PUSH	32
   538 000005ED FF B5 FFFFFB9C                  	PUSH	DWORD [-1124+EBP]
   539 000005F3 E8 00000336                     	CALL	_putfonts8_asc_sht
   540 000005F8 8B 45 C8                        	MOV	EAX,DWORD [-56+EBP]
   541 000005FB 03 7D CC                        	ADD	EDI,DWORD [-52+EBP]
   542 000005FE 83 C4 1C                        	ADD	ESP,28
   543 00000601 01 85 FFFFFBAC                  	ADD	DWORD [-1108+EBP],EAX
   544 00000607 0F 88 000000A1                  	JS	L37
   545 0000060D                                 L17:
   546 0000060D 85 FF                           	TEST	EDI,EDI
   547 0000060F 0F 88 00000092                  	JS	L38
   548 00000615                                 L18:
   549 00000615 0F BF 05 00000FF4               	MOVSX	EAX,WORD [4084]
   550 0000061C 48                              	DEC	EAX
   551 0000061D 39 85 FFFFFBAC                  	CMP	DWORD [-1108+EBP],EAX
   552 00000623 7E 06                           	JLE	L19
   553 00000625 89 85 FFFFFBAC                  	MOV	DWORD [-1108+EBP],EAX
   554 0000062B                                 L19:
   555 0000062B 0F BF 05 00000FF6               	MOVSX	EAX,WORD [4086]
   556 00000632 48                              	DEC	EAX
   557 00000633 39 C7                           	CMP	EDI,EAX
   558 00000635 7E 02                           	JLE	L20
   559 00000637 89 C7                           	MOV	EDI,EAX
   560 00000639                                 L20:
   561 00000639 57                              	PUSH	EDI
   562 0000063A FF B5 FFFFFBAC                  	PUSH	DWORD [-1108+EBP]
   563 00000640 68 [0000005B]                   	PUSH	LC1
   564 00000645 53                              	PUSH	EBX
   565 00000646 E8 [00000000]                   	CALL	_sprintf
   566 0000064B 6A 0A                           	PUSH	10
   567 0000064D 53                              	PUSH	EBX
   568 0000064E 6A 0D                           	PUSH	13
   569 00000650 6A 07                           	PUSH	7
   570 00000652 6A 00                           	PUSH	0
   571 00000654 6A 00                           	PUSH	0
   572 00000656 FF B5 FFFFFB9C                  	PUSH	DWORD [-1124+EBP]
   573 0000065C E8 000002CD                     	CALL	_putfonts8_asc_sht
   574 00000661 83 C4 2C                        	ADD	ESP,44
   575 00000664 57                              	PUSH	EDI
   576 00000665 FF B5 FFFFFBAC                  	PUSH	DWORD [-1108+EBP]
   577 0000066B FF B5 FFFFFB98                  	PUSH	DWORD [-1128+EBP]
   578 00000671 E8 [00000000]                   	CALL	_sheet_slide
   579 00000676 83 C4 0C                        	ADD	ESP,12
   580 00000679 F7 45 D0 00000001               	TEST	DWORD [-48+EBP],1
   581 00000680 0F 84 FFFFFDCE                  	JE	L2
   582 00000686 8D 47 F8                        	LEA	EAX,DWORD [-8+EDI]
   583 00000689 50                              	PUSH	EAX
   584 0000068A 8B 85 FFFFFBAC                  	MOV	EAX,DWORD [-1108+EBP]
   585 00000690 83 E8 50                        	SUB	EAX,80
   586 00000693 50                              	PUSH	EAX
   587 00000694 FF B5 FFFFFB94                  	PUSH	DWORD [-1132+EBP]
   588 0000069A E8 [00000000]                   	CALL	_sheet_slide
   589 0000069F 83 C4 0C                        	ADD	ESP,12
   590 000006A2 E9 FFFFFDAD                     	JMP	L2
   591 000006A7                                 L38:
   592 000006A7 31 FF                           	XOR	EDI,EDI
   593 000006A9 E9 FFFFFF67                     	JMP	L18
   594 000006AE                                 L37:
   595 000006AE C7 85 FFFFFBAC 00000000         	MOV	DWORD [-1108+EBP],0
   596 000006B8 E9 FFFFFF50                     	JMP	L17
   597 000006BD                                 L33:
   598 000006BD 50                              	PUSH	EAX
   599 000006BE 8D 75 94                        	LEA	ESI,DWORD [-108+EBP]
   600 000006C1 68 [0000009D]                   	PUSH	LC3
   601 000006C6 56                              	PUSH	ESI
   602 000006C7 E8 [00000000]                   	CALL	_sprintf
   603 000006CC 6A 02                           	PUSH	2
   604 000006CE 56                              	PUSH	ESI
   605 000006CF 6A 0D                           	PUSH	13
   606 000006D1 6A 07                           	PUSH	7
   607 000006D3 6A 10                           	PUSH	16
   608 000006D5 6A 00                           	PUSH	0
   609 000006D7 FF B5 FFFFFB9C                  	PUSH	DWORD [-1124+EBP]
   610 000006DD E8 0000024C                     	CALL	_putfonts8_asc_sht
   611 000006E2 83 C4 28                        	ADD	ESP,40
   612 000006E5 81 FB 00000153                  	CMP	EBX,339
   613 000006EB 7F 41                           	JG	L8
   614 000006ED 8A 83 [FFFFFF00]                	MOV	AL,BYTE [_keytable-256+EBX]
   615 000006F3 84 C0                           	TEST	AL,AL
   616 000006F5 74 37                           	JE	L8
   617 000006F7 81 BD FFFFFBA8 0000008F         	CMP	DWORD [-1112+EBP],143
   618 00000701 7F 2B                           	JG	L8
   619 00000703 6A 01                           	PUSH	1
   620 00000705 88 45 94                        	MOV	BYTE [-108+EBP],AL
   621 00000708 56                              	PUSH	ESI
   622 00000709 6A 07                           	PUSH	7
   623 0000070B 6A 00                           	PUSH	0
   624 0000070D 6A 1C                           	PUSH	28
   625 0000070F FF B5 FFFFFBA8                  	PUSH	DWORD [-1112+EBP]
   626 00000715 FF B5 FFFFFB94                  	PUSH	DWORD [-1132+EBP]
   627 0000071B C6 45 95 00                     	MOV	BYTE [-107+EBP],0
   628 0000071F E8 0000020A                     	CALL	_putfonts8_asc_sht
   629 00000724 83 C4 1C                        	ADD	ESP,28
   630 00000727 83 85 FFFFFBA8 08               	ADD	DWORD [-1112+EBP],8
   631 0000072E                                 L8:
   632 0000072E 81 FB 0000010E                  	CMP	EBX,270
   633 00000734 74 4C                           	JE	L39
   634 00000736                                 L10:
   635 00000736 8B 85 FFFFFBA8                  	MOV	EAX,DWORD [-1112+EBP]
   636 0000073C 6A 2B                           	PUSH	43
   637 0000073E 83 C0 07                        	ADD	EAX,7
   638 00000741 8B 9D FFFFFB94                  	MOV	EBX,DWORD [-1132+EBP]
   639 00000747 50                              	PUSH	EAX
   640 00000748 6A 1C                           	PUSH	28
   641 0000074A FF B5 FFFFFBA8                  	PUSH	DWORD [-1112+EBP]
   642 00000750 FF B5 FFFFFBA4                  	PUSH	DWORD [-1116+EBP]
   643 00000756 FF 73 04                        	PUSH	DWORD [4+EBX]
   644 00000759 FF 33                           	PUSH	DWORD [EBX]
   645 0000075B E8 [00000000]                   	CALL	_boxfill8
   646 00000760 8B 85 FFFFFBA8                  	MOV	EAX,DWORD [-1112+EBP]
   647 00000766 6A 2C                           	PUSH	44
   648 00000768 83 C0 08                        	ADD	EAX,8
   649 0000076B 50                              	PUSH	EAX
   650 0000076C 6A 1C                           	PUSH	28
   651 0000076E FF B5 FFFFFBA8                  	PUSH	DWORD [-1112+EBP]
   652 00000774 53                              	PUSH	EBX
   653 00000775 E8 [00000000]                   	CALL	_sheet_refresh
   654 0000077A 83 C4 30                        	ADD	ESP,48
   655 0000077D E9 FFFFFCD2                     	JMP	L2
   656 00000782                                 L39:
   657 00000782 83 BD FFFFFBA8 08               	CMP	DWORD [-1112+EBP],8
   658 00000789 7E AB                           	JLE	L10
   659 0000078B 6A 01                           	PUSH	1
   660 0000078D 68 [000000A2]                   	PUSH	LC4
   661 00000792 6A 07                           	PUSH	7
   662 00000794 6A 00                           	PUSH	0
   663 00000796 6A 1C                           	PUSH	28
   664 00000798 FF B5 FFFFFBA8                  	PUSH	DWORD [-1112+EBP]
   665 0000079E FF B5 FFFFFB94                  	PUSH	DWORD [-1132+EBP]
   666 000007A4 E8 00000185                     	CALL	_putfonts8_asc_sht
   667 000007A9 83 C4 1C                        	ADD	ESP,28
   668 000007AC 83 AD FFFFFBA8 08               	SUB	DWORD [-1112+EBP],8
   669 000007B3 E9 FFFFFF7E                     	JMP	L10
   670 000007B8                                 L32:
   671 000007B8 E8 [00000000]                   	CALL	_io_stihlt
   672 000007BD E9 FFFFFC92                     	JMP	L2
   673                                          [SECTION .data]
   674 000000A4                                 _closebtn.0:
   675 000000A4 4F 4F 4F 4F 4F 4F 4F 4F 4F 4F   	DB	"OOOOOOOOOOOOOOO@"
       000000AE 4F 4F 4F 4F 4F 40 
   676 000000B4 4F 51 51 51 51 51 51 51 51 51   	DB	"OQQQQQQQQQQQQQ$@"
       000000BE 51 51 51 51 24 40 
   677 000000C4 4F 51 51 51 51 51 51 51 51 51   	DB	"OQQQQQQQQQQQQQ$@"
       000000CE 51 51 51 51 24 40 
   678 000000D4 4F 51 51 51 40 40 51 51 51 51   	DB	"OQQQ@@QQQQ@@QQ$@"
       000000DE 40 40 51 51 24 40 
   679 000000E4 4F 51 51 51 51 40 40 51 51 40   	DB	"OQQQQ@@QQ@@QQQ$@"
       000000EE 40 51 51 51 24 40 
   680 000000F4 4F 51 51 51 51 51 40 40 40 40   	DB	"OQQQQQ@@@@QQQQ$@"
       000000FE 51 51 51 51 24 40 
   681 00000104 4F 51 51 51 51 51 51 40 40 51   	DB	"OQQQQQQ@@QQQQQ$@"
       0000010E 51 51 51 51 24 40 
   682 00000114 4F 51 51 51 51 51 40 40 40 40   	DB	"OQQQQQ@@@@QQQQ$@"
       0000011E 51 51 51 51 24 40 
   683 00000124 4F 51 51 51 51 40 40 51 51 40   	DB	"OQQQQ@@QQ@@QQQ$@"
       0000012E 40 51 51 51 24 40 
   684 00000134 4F 51 51 51 40 40 51 51 51 51   	DB	"OQQQ@@QQQQ@@QQ$@"
       0000013E 40 40 51 51 24 40 
   685 00000144 4F 51 51 51 51 51 51 51 51 51   	DB	"OQQQQQQQQQQQQQ$@"
       0000014E 51 51 51 51 24 40 
   686 00000154 4F 51 51 51 51 51 51 51 51 51   	DB	"OQQQQQQQQQQQQQ$@"
       0000015E 51 51 51 51 24 40 
   687 00000164 4F 24 24 24 24 24 24 24 24 24   	DB	"O$$$$$$$$$$$$$$@"
       0000016E 24 24 24 24 24 40 
   688 00000174 40 40 40 40 40 40 40 40 40 40   	DB	"@@@@@@@@@@@@@@@@"
       0000017E 40 40 40 40 40 40 
   689                                          [SECTION .text]
   690 000007C2                                 	GLOBAL	_make_window8
   691 000007C2                                 _make_window8:
   692 000007C2 55                              	PUSH	EBP
   693 000007C3 89 E5                           	MOV	EBP,ESP
   694 000007C5 57                              	PUSH	EDI
   695 000007C6 56                              	PUSH	ESI
   696 000007C7 53                              	PUSH	EBX
   697 000007C8 83 EC 14                        	SUB	ESP,20
   698 000007CB 8B 5D 0C                        	MOV	EBX,DWORD [12+EBP]
   699 000007CE 6A 00                           	PUSH	0
   700 000007D0 8D 43 FF                        	LEA	EAX,DWORD [-1+EBX]
   701 000007D3 8D 7B FE                        	LEA	EDI,DWORD [-2+EBX]
   702 000007D6 50                              	PUSH	EAX
   703 000007D7 89 45 EC                        	MOV	DWORD [-20+EBP],EAX
   704 000007DA 6A 00                           	PUSH	0
   705 000007DC 6A 00                           	PUSH	0
   706 000007DE 6A 08                           	PUSH	8
   707 000007E0 53                              	PUSH	EBX
   708 000007E1 FF 75 08                        	PUSH	DWORD [8+EBP]
   709 000007E4 E8 [00000000]                   	CALL	_boxfill8
   710 000007E9 6A 01                           	PUSH	1
   711 000007EB 57                              	PUSH	EDI
   712 000007EC 6A 01                           	PUSH	1
   713 000007EE 6A 01                           	PUSH	1
   714 000007F0 6A 07                           	PUSH	7
   715 000007F2 53                              	PUSH	EBX
   716 000007F3 FF 75 08                        	PUSH	DWORD [8+EBP]
   717 000007F6 E8 [00000000]                   	CALL	_boxfill8
   718 000007FB 8B 55 10                        	MOV	EDX,DWORD [16+EBP]
   719 000007FE 83 C4 38                        	ADD	ESP,56
   720 00000801 4A                              	DEC	EDX
   721 00000802 89 55 E8                        	MOV	DWORD [-24+EBP],EDX
   722 00000805 52                              	PUSH	EDX
   723 00000806 6A 00                           	PUSH	0
   724 00000808 6A 00                           	PUSH	0
   725 0000080A 6A 00                           	PUSH	0
   726 0000080C 6A 08                           	PUSH	8
   727 0000080E 53                              	PUSH	EBX
   728 0000080F FF 75 08                        	PUSH	DWORD [8+EBP]
   729 00000812 E8 [00000000]                   	CALL	_boxfill8
   730 00000817 8B 75 10                        	MOV	ESI,DWORD [16+EBP]
   731 0000081A 83 EE 02                        	SUB	ESI,2
   732 0000081D 56                              	PUSH	ESI
   733 0000081E 6A 01                           	PUSH	1
   734 00000820 6A 01                           	PUSH	1
   735 00000822 6A 01                           	PUSH	1
   736 00000824 6A 07                           	PUSH	7
   737 00000826 53                              	PUSH	EBX
   738 00000827 FF 75 08                        	PUSH	DWORD [8+EBP]
   739 0000082A E8 [00000000]                   	CALL	_boxfill8
   740 0000082F 83 C4 38                        	ADD	ESP,56
   741 00000832 56                              	PUSH	ESI
   742 00000833 57                              	PUSH	EDI
   743 00000834 6A 01                           	PUSH	1
   744 00000836 57                              	PUSH	EDI
   745 00000837 6A 0D                           	PUSH	13
   746 00000839 53                              	PUSH	EBX
   747 0000083A FF 75 08                        	PUSH	DWORD [8+EBP]
   748 0000083D E8 [00000000]                   	CALL	_boxfill8
   749 00000842 FF 75 E8                        	PUSH	DWORD [-24+EBP]
   750 00000845 FF 75 EC                        	PUSH	DWORD [-20+EBP]
   751 00000848 6A 00                           	PUSH	0
   752 0000084A FF 75 EC                        	PUSH	DWORD [-20+EBP]
   753 0000084D 6A 00                           	PUSH	0
   754 0000084F 53                              	PUSH	EBX
   755 00000850 FF 75 08                        	PUSH	DWORD [8+EBP]
   756 00000853 E8 [00000000]                   	CALL	_boxfill8
   757 00000858 8B 45 10                        	MOV	EAX,DWORD [16+EBP]
   758 0000085B 83 C4 38                        	ADD	ESP,56
   759 0000085E 83 E8 03                        	SUB	EAX,3
   760 00000861 50                              	PUSH	EAX
   761 00000862 8D 43 FD                        	LEA	EAX,DWORD [-3+EBX]
   762 00000865 50                              	PUSH	EAX
   763 00000866 6A 02                           	PUSH	2
   764 00000868 6A 02                           	PUSH	2
   765 0000086A 6A 08                           	PUSH	8
   766 0000086C 53                              	PUSH	EBX
   767 0000086D FF 75 08                        	PUSH	DWORD [8+EBP]
   768 00000870 E8 [00000000]                   	CALL	_boxfill8
   769 00000875 8D 43 FC                        	LEA	EAX,DWORD [-4+EBX]
   770 00000878 6A 14                           	PUSH	20
   771 0000087A 50                              	PUSH	EAX
   772 0000087B 6A 03                           	PUSH	3
   773 0000087D 6A 03                           	PUSH	3
   774 0000087F 6A 09                           	PUSH	9
   775 00000881 53                              	PUSH	EBX
   776 00000882 FF 75 08                        	PUSH	DWORD [8+EBP]
   777 00000885 E8 [00000000]                   	CALL	_boxfill8
   778 0000088A 83 C4 38                        	ADD	ESP,56
   779 0000088D 56                              	PUSH	ESI
   780 0000088E 57                              	PUSH	EDI
   781 0000088F 56                              	PUSH	ESI
   782 00000890 6A 01                           	PUSH	1
   783 00000892 6A 0D                           	PUSH	13
   784 00000894 53                              	PUSH	EBX
   785 00000895 FF 75 08                        	PUSH	DWORD [8+EBP]
   786 00000898 E8 [00000000]                   	CALL	_boxfill8
   787 0000089D FF 75 E8                        	PUSH	DWORD [-24+EBP]
   788 000008A0 FF 75 EC                        	PUSH	DWORD [-20+EBP]
   789 000008A3 FF 75 E8                        	PUSH	DWORD [-24+EBP]
   790 000008A6 6A 00                           	PUSH	0
   791 000008A8 6A 00                           	PUSH	0
   792 000008AA 6B F3 05                        	IMUL	ESI,EBX,5
   793 000008AD 53                              	PUSH	EBX
   794 000008AE FF 75 08                        	PUSH	DWORD [8+EBP]
   795 000008B1 E8 [00000000]                   	CALL	_boxfill8
   796 000008B6 83 C4 38                        	ADD	ESP,56
   797 000008B9 FF 75 14                        	PUSH	DWORD [20+EBP]
   798 000008BC 6A 07                           	PUSH	7
   799 000008BE 6A 04                           	PUSH	4
   800 000008C0 6A 18                           	PUSH	24
   801 000008C2 53                              	PUSH	EBX
   802 000008C3 FF 75 08                        	PUSH	DWORD [8+EBP]
   803 000008C6 E8 [00000000]                   	CALL	_putfonts8_asc
   804 000008CB 83 C4 18                        	ADD	ESP,24
   805 000008CE C7 45 F0 00000000               	MOV	DWORD [-16+EBP],0
   806 000008D5 C7 45 E0 00000000               	MOV	DWORD [-32+EBP],0
   807 000008DC                                 L56:
   808 000008DC 8D 04 1E                        	LEA	EAX,DWORD [ESI+EBX*1]
   809 000008DF 8B 55 08                        	MOV	EDX,DWORD [8+EBP]
   810 000008E2 31 FF                           	XOR	EDI,EDI
   811 000008E4 8D 4C 02 EB                     	LEA	ECX,DWORD [-21+EDX+EAX*1]
   812 000008E8                                 L55:
   813 000008E8 8B 45 E0                        	MOV	EAX,DWORD [-32+EBP]
   814 000008EB 8A 94 07 [000000A4]             	MOV	DL,BYTE [_closebtn.0+EDI+EAX*1]
   815 000008F2 80 FA 40                        	CMP	DL,64
   816 000008F5 74 33                           	JE	L61
   817 000008F7 80 FA 24                        	CMP	DL,36
   818 000008FA 74 2A                           	JE	L62
   819 000008FC 80 FA 51                        	CMP	DL,81
   820 000008FF B2 08                           	MOV	DL,8
   821 00000901 0F 95 C0                        	SETNE	AL
   822 00000904 28 C2                           	SUB	DL,AL
   823 00000906                                 L50:
   824 00000906 47                              	INC	EDI
   825 00000907 88 11                           	MOV	BYTE [ECX],DL
   826 00000909 41                              	INC	ECX
   827 0000090A 83 FF 0F                        	CMP	EDI,15
   828 0000090D 7E D9                           	JLE	L55
   829 0000090F FF 45 F0                        	INC	DWORD [-16+EBP]
   830 00000912 01 DE                           	ADD	ESI,EBX
   831 00000914 83 45 E0 10                     	ADD	DWORD [-32+EBP],16
   832 00000918 83 7D F0 0D                     	CMP	DWORD [-16+EBP],13
   833 0000091C 7E BE                           	JLE	L56
   834 0000091E 8D 65 F4                        	LEA	ESP,DWORD [-12+EBP]
   835 00000921 5B                              	POP	EBX
   836 00000922 5E                              	POP	ESI
   837 00000923 5F                              	POP	EDI
   838 00000924 5D                              	POP	EBP
   839 00000925 C3                              	RET
   840 00000926                                 L62:
   841 00000926 B2 0D                           	MOV	DL,13
   842 00000928 EB DC                           	JMP	L50
   843 0000092A                                 L61:
   844 0000092A 31 D2                           	XOR	EDX,EDX
   845 0000092C EB D8                           	JMP	L50
   846 0000092E                                 	GLOBAL	_putfonts8_asc_sht
   847 0000092E                                 _putfonts8_asc_sht:
   848 0000092E 55                              	PUSH	EBP
   849 0000092F 89 E5                           	MOV	EBP,ESP
   850 00000931 57                              	PUSH	EDI
   851 00000932 56                              	PUSH	ESI
   852 00000933 53                              	PUSH	EBX
   853 00000934 83 EC 0C                        	SUB	ESP,12
   854 00000937 8B 45 08                        	MOV	EAX,DWORD [8+EBP]
   855 0000093A 8B 7D 10                        	MOV	EDI,DWORD [16+EBP]
   856 0000093D 89 45 F0                        	MOV	DWORD [-16+EBP],EAX
   857 00000940 8B 5D 14                        	MOV	EBX,DWORD [20+EBP]
   858 00000943 8B 45 0C                        	MOV	EAX,DWORD [12+EBP]
   859 00000946 89 45 EC                        	MOV	DWORD [-20+EBP],EAX
   860 00000949 8B 45 1C                        	MOV	EAX,DWORD [28+EBP]
   861 0000094C 89 45 E8                        	MOV	DWORD [-24+EBP],EAX
   862 0000094F 8D 47 0F                        	LEA	EAX,DWORD [15+EDI]
   863 00000952 50                              	PUSH	EAX
   864 00000953 8B 45 EC                        	MOV	EAX,DWORD [-20+EBP]
   865 00000956 8B 75 20                        	MOV	ESI,DWORD [32+EBP]
   866 00000959 0F BE DB                        	MOVSX	EBX,BL
   867 0000095C 8D 34 F0                        	LEA	ESI,DWORD [EAX+ESI*8]
   868 0000095F 8D 46 FF                        	LEA	EAX,DWORD [-1+ESI]
   869 00000962 50                              	PUSH	EAX
   870 00000963 57                              	PUSH	EDI
   871 00000964 FF 75 EC                        	PUSH	DWORD [-20+EBP]
   872 00000967 0F B6 45 18                     	MOVZX	EAX,BYTE [24+EBP]
   873 0000096B 50                              	PUSH	EAX
   874 0000096C 8B 45 F0                        	MOV	EAX,DWORD [-16+EBP]
   875 0000096F FF 70 04                        	PUSH	DWORD [4+EAX]
   876 00000972 FF 30                           	PUSH	DWORD [EAX]
   877 00000974 E8 [00000000]                   	CALL	_boxfill8
   878 00000979 FF 75 E8                        	PUSH	DWORD [-24+EBP]
   879 0000097C 53                              	PUSH	EBX
   880 0000097D 57                              	PUSH	EDI
   881 0000097E FF 75 EC                        	PUSH	DWORD [-20+EBP]
   882 00000981 8B 45 F0                        	MOV	EAX,DWORD [-16+EBP]
   883 00000984 FF 70 04                        	PUSH	DWORD [4+EAX]
   884 00000987 FF 30                           	PUSH	DWORD [EAX]
   885 00000989 E8 [00000000]                   	CALL	_putfonts8_asc
   886 0000098E 89 7D 10                        	MOV	DWORD [16+EBP],EDI
   887 00000991 8D 47 10                        	LEA	EAX,DWORD [16+EDI]
   888 00000994 89 75 14                        	MOV	DWORD [20+EBP],ESI
   889 00000997 89 45 18                        	MOV	DWORD [24+EBP],EAX
   890 0000099A 83 C4 34                        	ADD	ESP,52
   891 0000099D 8B 45 EC                        	MOV	EAX,DWORD [-20+EBP]
   892 000009A0 89 45 0C                        	MOV	DWORD [12+EBP],EAX
   893 000009A3 8B 45 F0                        	MOV	EAX,DWORD [-16+EBP]
   894 000009A6 89 45 08                        	MOV	DWORD [8+EBP],EAX
   895 000009A9 8D 65 F4                        	LEA	ESP,DWORD [-12+EBP]
   896 000009AC 5B                              	POP	EBX
   897 000009AD 5E                              	POP	ESI
   898 000009AE 5F                              	POP	EDI
   899 000009AF 5D                              	POP	EBP
   900 000009B0 E9 [00000000]                   	JMP	_sheet_refresh
   901 000009B5                                 	GLOBAL	_make_textbox8
   902 000009B5                                 _make_textbox8:
   903 000009B5 55                              	PUSH	EBP
   904 000009B6 89 E5                           	MOV	EBP,ESP
   905 000009B8 57                              	PUSH	EDI
   906 000009B9 56                              	PUSH	ESI
   907 000009BA 53                              	PUSH	EBX
   908 000009BB 83 EC 14                        	SUB	ESP,20
   909 000009BE 8B 45 0C                        	MOV	EAX,DWORD [12+EBP]
   910 000009C1 8B 75 10                        	MOV	ESI,DWORD [16+EBP]
   911 000009C4 03 45 14                        	ADD	EAX,DWORD [20+EBP]
   912 000009C7 83 EE 03                        	SUB	ESI,3
   913 000009CA 56                              	PUSH	ESI
   914 000009CB 89 45 F0                        	MOV	DWORD [-16+EBP],EAX
   915 000009CE 8B 45 10                        	MOV	EAX,DWORD [16+EBP]
   916 000009D1 03 45 18                        	ADD	EAX,DWORD [24+EBP]
   917 000009D4 89 45 EC                        	MOV	DWORD [-20+EBP],EAX
   918 000009D7 8B 45 F0                        	MOV	EAX,DWORD [-16+EBP]
   919 000009DA 40                              	INC	EAX
   920 000009DB 50                              	PUSH	EAX
   921 000009DC 89 45 E8                        	MOV	DWORD [-24+EBP],EAX
   922 000009DF 8B 45 0C                        	MOV	EAX,DWORD [12+EBP]
   923 000009E2 56                              	PUSH	ESI
   924 000009E3 83 E8 02                        	SUB	EAX,2
   925 000009E6 50                              	PUSH	EAX
   926 000009E7 89 45 E4                        	MOV	DWORD [-28+EBP],EAX
   927 000009EA 8B 45 08                        	MOV	EAX,DWORD [8+EBP]
   928 000009ED 6A 0F                           	PUSH	15
   929 000009EF FF 70 04                        	PUSH	DWORD [4+EAX]
   930 000009F2 FF 30                           	PUSH	DWORD [EAX]
   931 000009F4 E8 [00000000]                   	CALL	_boxfill8
   932 000009F9 8B 7D 0C                        	MOV	EDI,DWORD [12+EBP]
   933 000009FC 8B 45 EC                        	MOV	EAX,DWORD [-20+EBP]
   934 000009FF 83 EF 03                        	SUB	EDI,3
   935 00000A02 40                              	INC	EAX
   936 00000A03 50                              	PUSH	EAX
   937 00000A04 89 45 E0                        	MOV	DWORD [-32+EBP],EAX
   938 00000A07 57                              	PUSH	EDI
   939 00000A08 8B 45 08                        	MOV	EAX,DWORD [8+EBP]
   940 00000A0B 56                              	PUSH	ESI
   941 00000A0C 57                              	PUSH	EDI
   942 00000A0D 6A 0F                           	PUSH	15
   943 00000A0F FF 70 04                        	PUSH	DWORD [4+EAX]
   944 00000A12 FF 30                           	PUSH	DWORD [EAX]
   945 00000A14 E8 [00000000]                   	CALL	_boxfill8
   946 00000A19 8B 45 08                        	MOV	EAX,DWORD [8+EBP]
   947 00000A1C 83 C4 38                        	ADD	ESP,56
   948 00000A1F 8B 5D EC                        	MOV	EBX,DWORD [-20+EBP]
   949 00000A22 83 C3 02                        	ADD	EBX,2
   950 00000A25 53                              	PUSH	EBX
   951 00000A26 FF 75 E8                        	PUSH	DWORD [-24+EBP]
   952 00000A29 53                              	PUSH	EBX
   953 00000A2A 57                              	PUSH	EDI
   954 00000A2B 6A 07                           	PUSH	7
   955 00000A2D FF 70 04                        	PUSH	DWORD [4+EAX]
   956 00000A30 FF 30                           	PUSH	DWORD [EAX]
   957 00000A32 E8 [00000000]                   	CALL	_boxfill8
   958 00000A37 8B 45 F0                        	MOV	EAX,DWORD [-16+EBP]
   959 00000A3A 53                              	PUSH	EBX
   960 00000A3B 83 C0 02                        	ADD	EAX,2
   961 00000A3E 50                              	PUSH	EAX
   962 00000A3F 56                              	PUSH	ESI
   963 00000A40 50                              	PUSH	EAX
   964 00000A41 8B 45 08                        	MOV	EAX,DWORD [8+EBP]
   965 00000A44 6A 07                           	PUSH	7
   966 00000A46 FF 70 04                        	PUSH	DWORD [4+EAX]
   967 00000A49 FF 30                           	PUSH	DWORD [EAX]
   968 00000A4B E8 [00000000]                   	CALL	_boxfill8
   969 00000A50 8B 45 08                        	MOV	EAX,DWORD [8+EBP]
   970 00000A53 83 C4 38                        	ADD	ESP,56
   971 00000A56 8B 5D 10                        	MOV	EBX,DWORD [16+EBP]
   972 00000A59 83 EB 02                        	SUB	EBX,2
   973 00000A5C 8B 7D 0C                        	MOV	EDI,DWORD [12+EBP]
   974 00000A5F 53                              	PUSH	EBX
   975 00000A60 4F                              	DEC	EDI
   976 00000A61 FF 75 F0                        	PUSH	DWORD [-16+EBP]
   977 00000A64 53                              	PUSH	EBX
   978 00000A65 57                              	PUSH	EDI
   979 00000A66 6A 00                           	PUSH	0
   980 00000A68 FF 70 04                        	PUSH	DWORD [4+EAX]
   981 00000A6B FF 30                           	PUSH	DWORD [EAX]
   982 00000A6D E8 [00000000]                   	CALL	_boxfill8
   983 00000A72 8B 45 08                        	MOV	EAX,DWORD [8+EBP]
   984 00000A75 FF 75 EC                        	PUSH	DWORD [-20+EBP]
   985 00000A78 FF 75 E4                        	PUSH	DWORD [-28+EBP]
   986 00000A7B 53                              	PUSH	EBX
   987 00000A7C FF 75 E4                        	PUSH	DWORD [-28+EBP]
   988 00000A7F 6A 00                           	PUSH	0
   989 00000A81 FF 70 04                        	PUSH	DWORD [4+EAX]
   990 00000A84 FF 30                           	PUSH	DWORD [EAX]
   991 00000A86 E8 [00000000]                   	CALL	_boxfill8
   992 00000A8B 8B 45 08                        	MOV	EAX,DWORD [8+EBP]
   993 00000A8E 83 C4 38                        	ADD	ESP,56
   994 00000A91 FF 75 E0                        	PUSH	DWORD [-32+EBP]
   995 00000A94 FF 75 F0                        	PUSH	DWORD [-16+EBP]
   996 00000A97 FF 75 E0                        	PUSH	DWORD [-32+EBP]
   997 00000A9A FF 75 E4                        	PUSH	DWORD [-28+EBP]
   998 00000A9D 6A 08                           	PUSH	8
   999 00000A9F FF 70 04                        	PUSH	DWORD [4+EAX]
  1000 00000AA2 FF 30                           	PUSH	DWORD [EAX]
  1001 00000AA4 E8 [00000000]                   	CALL	_boxfill8
  1002 00000AA9 8B 45 08                        	MOV	EAX,DWORD [8+EBP]
  1003 00000AAC FF 75 E0                        	PUSH	DWORD [-32+EBP]
  1004 00000AAF FF 75 E8                        	PUSH	DWORD [-24+EBP]
  1005 00000AB2 53                              	PUSH	EBX
  1006 00000AB3 FF 75 E8                        	PUSH	DWORD [-24+EBP]
  1007 00000AB6 6A 08                           	PUSH	8
  1008 00000AB8 FF 70 04                        	PUSH	DWORD [4+EAX]
  1009 00000ABB FF 30                           	PUSH	DWORD [EAX]
  1010 00000ABD E8 [00000000]                   	CALL	_boxfill8
  1011 00000AC2 8B 45 10                        	MOV	EAX,DWORD [16+EBP]
  1012 00000AC5 83 C4 38                        	ADD	ESP,56
  1013 00000AC8 48                              	DEC	EAX
  1014 00000AC9 FF 75 EC                        	PUSH	DWORD [-20+EBP]
  1015 00000ACC FF 75 F0                        	PUSH	DWORD [-16+EBP]
  1016 00000ACF 50                              	PUSH	EAX
  1017 00000AD0 57                              	PUSH	EDI
  1018 00000AD1 0F B6 45 1C                     	MOVZX	EAX,BYTE [28+EBP]
  1019 00000AD5 50                              	PUSH	EAX
  1020 00000AD6 8B 45 08                        	MOV	EAX,DWORD [8+EBP]
  1021 00000AD9 FF 70 04                        	PUSH	DWORD [4+EAX]
  1022 00000ADC FF 30                           	PUSH	DWORD [EAX]
  1023 00000ADE E8 [00000000]                   	CALL	_boxfill8
  1024 00000AE3 8D 65 F4                        	LEA	ESP,DWORD [-12+EBP]
  1025 00000AE6 5B                              	POP	EBX
  1026 00000AE7 5E                              	POP	ESI
  1027 00000AE8 5F                              	POP	EDI
  1028 00000AE9 5D                              	POP	EBP
  1029 00000AEA C3                              	RET
  1030 00000AEB                                 	GLOBAL	_task_b_main
  1031 00000AEB                                 _task_b_main:
  1032 00000AEB 55                              	PUSH	EBP
  1033 00000AEC 89 E5                           	MOV	EBP,ESP
  1034 00000AEE 56                              	PUSH	ESI
  1035 00000AEF 53                              	PUSH	EBX
  1036 00000AF0 81 EC 00000220                  	SUB	ESP,544
  1037 00000AF6 8D 85 FFFFFDD8                  	LEA	EAX,DWORD [-552+EBP]
  1038 00000AFC 8D 5D D8                        	LEA	EBX,DWORD [-40+EBP]
  1039 00000AFF 50                              	PUSH	EAX
  1040 00000B00 68 00000080                     	PUSH	128
  1041 00000B05 53                              	PUSH	EBX
  1042 00000B06 E8 [00000000]                   	CALL	_fifo32_init
  1043 00000B0B E8 [00000000]                   	CALL	_timer_alloc
  1044 00000B10 6A 01                           	PUSH	1
  1045 00000B12 53                              	PUSH	EBX
  1046 00000B13 89 C6                           	MOV	ESI,EAX
  1047 00000B15 50                              	PUSH	EAX
  1048 00000B16 E8 [00000000]                   	CALL	_timer_init
  1049 00000B1B 68 000001F4                     	PUSH	500
  1050 00000B20 56                              	PUSH	ESI
  1051 00000B21 E8 [00000000]                   	CALL	_timer_settime
  1052 00000B26 83 C4 20                        	ADD	ESP,32
  1053 00000B29                                 L66:
  1054 00000B29 8D 5D D8                        	LEA	EBX,DWORD [-40+EBP]
  1055 00000B2C E8 [00000000]                   	CALL	_io_cli
  1056 00000B31 53                              	PUSH	EBX
  1057 00000B32 E8 [00000000]                   	CALL	_fifo32_status
  1058 00000B37 5A                              	POP	EDX
  1059 00000B38 85 C0                           	TEST	EAX,EAX
  1060 00000B3A 74 18                           	JE	L72
  1061 00000B3C 53                              	PUSH	EBX
  1062 00000B3D E8 [00000000]                   	CALL	_fifo32_get
  1063 00000B42 89 C3                           	MOV	EBX,EAX
  1064 00000B44 E8 [00000000]                   	CALL	_io_sti
  1065 00000B49 5E                              	POP	ESI
  1066 00000B4A 4B                              	DEC	EBX
  1067 00000B4B 75 DC                           	JNE	L66
  1068 00000B4D E8 [00000000]                   	CALL	_taskswitch3
  1069 00000B52 EB D5                           	JMP	L66
  1070 00000B54                                 L72:
  1071 00000B54 E8 [00000000]                   	CALL	_io_sti
  1072 00000B59 E8 [00000000]                   	CALL	_io_hlt
  1073 00000B5E EB C9                           	JMP	L66
