     1 00000000                                 [FORMAT "WCOFF"]
     2 00000000                                 [INSTRSET "i486p"]
     3 00000000                                 [OPTIMIZE 1]
     4 00000000                                 [OPTION 1]
     5 00000000                                 [BITS 32]
     6 00000000                                 	EXTERN	_init_gdtidt
     7 00000000                                 	EXTERN	_init_pic
     8 00000000                                 	EXTERN	_io_sti
     9 00000000                                 	EXTERN	_fifo32_init
    10 00000000                                 	EXTERN	_init_pit
    11 00000000                                 	EXTERN	_init_keyboard
    12 00000000                                 	EXTERN	_enable_mouse
    13 00000000                                 	EXTERN	_io_out8
    14 00000000                                 	EXTERN	_memtest
    15 00000000                                 	EXTERN	_memman_init
    16 00000000                                 	EXTERN	_memman_free
    17 00000000                                 	EXTERN	_init_palette
    18 00000000                                 	EXTERN	_shtctl_init
    19 00000000                                 	EXTERN	_task_init
    20 00000000                                 	EXTERN	_task_run
    21 00000000                                 	EXTERN	_sheet_alloc
    22 00000000                                 	EXTERN	_memman_alloc_4k
    23 00000000                                 	EXTERN	_sheet_setbuf
    24 00000000                                 	EXTERN	_init_screen8
    25 00000000                                 	EXTERN	_init_mouse_cursor8
    26 00000000                                 	EXTERN	_sheet_slide
    27 00000000                                 	EXTERN	_sheet_updown
    28 00000000                                 	EXTERN	_fifo32_put
    29 00000000                                 	EXTERN	_fifo32_status
    30 00000000                                 	EXTERN	_io_cli
    31 00000000                                 	EXTERN	_fifo32_get
    32 00000000                                 	EXTERN	_memman_free_4k
    33 00000000                                 	EXTERN	_sheet_free
    34 00000000                                 	EXTERN	_taskctl
    35 00000000                                 	EXTERN	_mouse_decode
    36 00000000                                 	EXTERN	_cons_putstr0
    37 00000000                                 	EXTERN	_asm_end_app
    38 00000000                                 	EXTERN	_keytable0.0
    39 00000000                                 	EXTERN	_wait_KBC_sendready
    40 00000000                                 	EXTERN	_keytable1.1
    41 00000000                                 	EXTERN	_task_sleep
    42 00000000                                 	EXTERN	_change_wtitle8
    43 00000000                                 	EXTERN	_task_alloc
    44 00000000                                 	EXTERN	_console_task
    45 00000000                                 	EXTERN	_make_window8
    46 00000000                                 	EXTERN	_make_textbox8
    47 00000000                                 [FILE "bootpack.c"]
    48                                          [SECTION .data]
    49 00000000                                 _keytable0.0:
    50 00000000 00                              	DB	0
    51 00000001 00                              	DB	0
    52 00000002 31                              	DB	49
    53 00000003 32                              	DB	50
    54 00000004 33                              	DB	51
    55 00000005 34                              	DB	52
    56 00000006 35                              	DB	53
    57 00000007 36                              	DB	54
    58 00000008 37                              	DB	55
    59 00000009 38                              	DB	56
    60 0000000A 39                              	DB	57
    61 0000000B 30                              	DB	48
    62 0000000C 2D                              	DB	45
    63 0000000D 3D                              	DB	61
    64 0000000E 08                              	DB	8
    65 0000000F 00                              	DB	0
    66 00000010 51                              	DB	81
    67 00000011 57                              	DB	87
    68 00000012 45                              	DB	69
    69 00000013 52                              	DB	82
    70 00000014 54                              	DB	84
    71 00000015 59                              	DB	89
    72 00000016 55                              	DB	85
    73 00000017 49                              	DB	73
    74 00000018 4F                              	DB	79
    75 00000019 50                              	DB	80
    76 0000001A 5B                              	DB	91
    77 0000001B 5D                              	DB	93
    78 0000001C 0A                              	DB	10
    79 0000001D 00                              	DB	0
    80 0000001E 41                              	DB	65
    81 0000001F 53                              	DB	83
    82 00000020 44                              	DB	68
    83 00000021 46                              	DB	70
    84 00000022 47                              	DB	71
    85 00000023 48                              	DB	72
    86 00000024 4A                              	DB	74
    87 00000025 4B                              	DB	75
    88 00000026 4C                              	DB	76
    89 00000027 3B                              	DB	59
    90 00000028 27                              	DB	39
    91 00000029 60                              	DB	96
    92 0000002A 00                              	DB	0
    93 0000002B 5C                              	DB	92
    94 0000002C 5A                              	DB	90
    95 0000002D 58                              	DB	88
    96 0000002E 43                              	DB	67
    97 0000002F 56                              	DB	86
    98 00000030 42                              	DB	66
    99 00000031 4E                              	DB	78
   100 00000032 4D                              	DB	77
   101 00000033 2C                              	DB	44
   102 00000034 2E                              	DB	46
   103 00000035 2F                              	DB	47
   104 00000036 00                              	DB	0
   105 00000037 2A                              	DB	42
   106 00000038 00                              	DB	0
   107 00000039 20                              	DB	32
   108 0000003A 00                              	DB	0
   109 0000003B 00                              	DB	0
   110 0000003C 00                              	DB	0
   111 0000003D 00                              	DB	0
   112 0000003E 00                              	DB	0
   113 0000003F 00                              	DB	0
   114 00000040 00                              	DB	0
   115 00000041 00                              	DB	0
   116 00000042 00                              	DB	0
   117 00000043 00                              	DB	0
   118 00000044 00                              	DB	0
   119 00000045 00                              	DB	0
   120 00000046 00                              	DB	0
   121 00000047 37                              	DB	55
   122 00000048 38                              	DB	56
   123 00000049 39                              	DB	57
   124 0000004A 2D                              	DB	45
   125 0000004B 34                              	DB	52
   126 0000004C 35                              	DB	53
   127 0000004D 36                              	DB	54
   128 0000004E 2B                              	DB	43
   129 0000004F 31                              	DB	49
   130 00000050 32                              	DB	50
   131 00000051 33                              	DB	51
   132 00000052 30                              	DB	48
   133 00000053 2E                              	DB	46
   134 00000054 00                              	DB	0
   135 00000055 00                              	DB	0
   136 00000056 00                              	DB	0
   137 00000057 00                              	DB	0
   138 00000058 00                              	DB	0
   139 00000059 00                              	DB	0
   140 0000005A 00                              	DB	0
   141 0000005B 00                              	DB	0
   142 0000005C 00                              	DB	0
   143 0000005D 00                              	DB	0
   144 0000005E 00                              	DB	0
   145 0000005F 00                              	DB	0
   146 00000060 00                              	DB	0
   147 00000061 00                              	DB	0
   148 00000062 00                              	DB	0
   149 00000063 00                              	DB	0
   150 00000064 00                              	DB	0
   151 00000065 00                              	DB	0
   152 00000066 00                              	DB	0
   153 00000067 00                              	DB	0
   154 00000068 00                              	DB	0
   155 00000069 00                              	DB	0
   156 0000006A 00                              	DB	0
   157 0000006B 00                              	DB	0
   158 0000006C 00                              	DB	0
   159 0000006D 00                              	DB	0
   160 0000006E 00                              	DB	0
   161 0000006F 00                              	DB	0
   162 00000070 00                              	DB	0
   163 00000071 00                              	DB	0
   164 00000072 00                              	DB	0
   165 00000073 5C                              	DB	92
   166 00000074 00                              	DB	0
   167 00000075 00                              	DB	0
   168 00000076 00                              	DB	0
   169 00000077 00                              	DB	0
   170 00000078 00                              	DB	0
   171 00000079 00                              	DB	0
   172 0000007A 00                              	DB	0
   173 0000007B 00                              	DB	0
   174 0000007C 00                              	DB	0
   175 0000007D 5C                              	DB	92
   176 0000007E 00                              	DB	0
   177 0000007F 00                              	DB	0
   178 00000080                                 _keytable1.1:
   179 00000080 00                              	DB	0
   180 00000081 00                              	DB	0
   181 00000082 21                              	DB	33
   182 00000083 40                              	DB	64
   183 00000084 23                              	DB	35
   184 00000085 24                              	DB	36
   185 00000086 25                              	DB	37
   186 00000087 5E                              	DB	94
   187 00000088 26                              	DB	38
   188 00000089 2A                              	DB	42
   189 0000008A 28                              	DB	40
   190 0000008B 29                              	DB	41
   191 0000008C 5F                              	DB	95
   192 0000008D 2B                              	DB	43
   193 0000008E 08                              	DB	8
   194 0000008F 00                              	DB	0
   195 00000090 51                              	DB	81
   196 00000091 57                              	DB	87
   197 00000092 45                              	DB	69
   198 00000093 52                              	DB	82
   199 00000094 54                              	DB	84
   200 00000095 59                              	DB	89
   201 00000096 55                              	DB	85
   202 00000097 49                              	DB	73
   203 00000098 4F                              	DB	79
   204 00000099 50                              	DB	80
   205 0000009A 7B                              	DB	123
   206 0000009B 7D                              	DB	125
   207 0000009C 0A                              	DB	10
   208 0000009D 00                              	DB	0
   209 0000009E 41                              	DB	65
   210 0000009F 53                              	DB	83
   211 000000A0 44                              	DB	68
   212 000000A1 46                              	DB	70
   213 000000A2 47                              	DB	71
   214 000000A3 48                              	DB	72
   215 000000A4 4A                              	DB	74
   216 000000A5 4B                              	DB	75
   217 000000A6 4C                              	DB	76
   218 000000A7 3A                              	DB	58
   219 000000A8 22                              	DB	34
   220 000000A9 7E                              	DB	126
   221 000000AA 00                              	DB	0
   222 000000AB 7C                              	DB	124
   223 000000AC 5A                              	DB	90
   224 000000AD 58                              	DB	88
   225 000000AE 43                              	DB	67
   226 000000AF 56                              	DB	86
   227 000000B0 42                              	DB	66
   228 000000B1 4E                              	DB	78
   229 000000B2 4D                              	DB	77
   230 000000B3 3C                              	DB	60
   231 000000B4 3E                              	DB	62
   232 000000B5 3F                              	DB	63
   233 000000B6 00                              	DB	0
   234 000000B7 2A                              	DB	42
   235 000000B8 00                              	DB	0
   236 000000B9 20                              	DB	32
   237 000000BA 00                              	DB	0
   238 000000BB 00                              	DB	0
   239 000000BC 00                              	DB	0
   240 000000BD 00                              	DB	0
   241 000000BE 00                              	DB	0
   242 000000BF 00                              	DB	0
   243 000000C0 00                              	DB	0
   244 000000C1 00                              	DB	0
   245 000000C2 00                              	DB	0
   246 000000C3 00                              	DB	0
   247 000000C4 00                              	DB	0
   248 000000C5 00                              	DB	0
   249 000000C6 00                              	DB	0
   250 000000C7 37                              	DB	55
   251 000000C8 38                              	DB	56
   252 000000C9 39                              	DB	57
   253 000000CA 2D                              	DB	45
   254 000000CB 34                              	DB	52
   255 000000CC 35                              	DB	53
   256 000000CD 36                              	DB	54
   257 000000CE 2B                              	DB	43
   258 000000CF 31                              	DB	49
   259 000000D0 32                              	DB	50
   260 000000D1 33                              	DB	51
   261 000000D2 30                              	DB	48
   262 000000D3 2E                              	DB	46
   263 000000D4 00                              	DB	0
   264 000000D5 00                              	DB	0
   265 000000D6 00                              	DB	0
   266 000000D7 00                              	DB	0
   267 000000D8 00                              	DB	0
   268 000000D9 00                              	DB	0
   269 000000DA 00                              	DB	0
   270 000000DB 00                              	DB	0
   271 000000DC 00                              	DB	0
   272 000000DD 00                              	DB	0
   273 000000DE 00                              	DB	0
   274 000000DF 00                              	DB	0
   275 000000E0 00                              	DB	0
   276 000000E1 00                              	DB	0
   277 000000E2 00                              	DB	0
   278 000000E3 00                              	DB	0
   279 000000E4 00                              	DB	0
   280 000000E5 00                              	DB	0
   281 000000E6 00                              	DB	0
   282 000000E7 00                              	DB	0
   283 000000E8 00                              	DB	0
   284 000000E9 00                              	DB	0
   285 000000EA 00                              	DB	0
   286 000000EB 00                              	DB	0
   287 000000EC 00                              	DB	0
   288 000000ED 00                              	DB	0
   289 000000EE 00                              	DB	0
   290 000000EF 00                              	DB	0
   291 000000F0 00                              	DB	0
   292 000000F1 00                              	DB	0
   293 000000F2 00                              	DB	0
   294 000000F3 5F                              	DB	95
   295 000000F4 00                              	DB	0
   296 000000F5 00                              	DB	0
   297 000000F6 00                              	DB	0
   298 000000F7 00                              	DB	0
   299 000000F8 00                              	DB	0
   300 000000F9 00                              	DB	0
   301 000000FA 00                              	DB	0
   302 000000FB 00                              	DB	0
   303 000000FC 00                              	DB	0
   304 000000FD 7C                              	DB	124
   305 000000FE 00                              	DB	0
   306 000000FF 00                              	DB	0
   307 00000100                                 LC1:
   308 00000100 0A 42 72 65 61 6B 28 6D 6F 75   	DB	0x0A,"Break(mouse) . ",0x0A,0x00
       0000010A 73 65 29 20 2E 20 0A 00 
   309 00000112                                 LC0:
   310 00000112 0A 42 72 65 61 6B 28 6B 65 79   	DB	0x0A,"Break(key).",0x0A,0x00
       0000011C 29 2E 0A 00 
   311                                          [SECTION .text]
   312 00000000                                 	GLOBAL	_HariMain
   313 00000000                                 _HariMain:
   314 00000000 55                              	PUSH	EBP
   315 00000001 89 E5                           	MOV	EBP,ESP
   316 00000003 57                              	PUSH	EDI
   317 00000004 56                              	PUSH	ESI
   318 00000005 53                              	PUSH	EBX
   319 00000006 8D 5D D4                        	LEA	EBX,DWORD [-44+EBP]
   320 00000009 81 EC 00000450                  	SUB	ESP,1104
   321 0000000F C7 85 FFFFFBE8 FFFFFFFF         	MOV	DWORD [-1048+EBP],-1
   322 00000019 C7 85 FFFFFBE4 FFFFFFFF         	MOV	DWORD [-1052+EBP],-1
   323 00000023 C7 85 FFFFFBE0 00000000         	MOV	DWORD [-1056+EBP],0
   324 0000002D C7 85 FFFFFBDC FFFFFFFF         	MOV	DWORD [-1060+EBP],-1
   325 00000037 C7 85 FFFFFBD8 00000000         	MOV	DWORD [-1064+EBP],0
   326 00000041 C7 85 FFFFFBD4 7FFFFFFF         	MOV	DWORD [-1068+EBP],2147483647
   327 0000004B C7 85 FFFFFBD0 00000000         	MOV	DWORD [-1072+EBP],0
   328 00000055 C7 85 FFFFFBC4 00000000         	MOV	DWORD [-1084+EBP],0
   329 0000005F C7 85 FFFFFBB8 00000000         	MOV	DWORD [-1096+EBP],0
   330 00000069 A0 00000FF1                     	MOV	AL,BYTE [4081]
   331 0000006E C0 F8 04                        	SAR	AL,4
   332 00000071 89 C2                           	MOV	EDX,EAX
   333 00000073 83 E2 07                        	AND	EDX,7
   334 00000076 89 95 FFFFFBB4                  	MOV	DWORD [-1100+EBP],EDX
   335 0000007C C7 85 FFFFFBB0 FFFFFFFF         	MOV	DWORD [-1104+EBP],-1
   336 00000086 E8 [00000000]                   	CALL	_init_gdtidt
   337 0000008B E8 [00000000]                   	CALL	_init_pic
   338 00000090 E8 [00000000]                   	CALL	_io_sti
   339 00000095 8D 85 FFFFFD74                  	LEA	EAX,DWORD [-652+EBP]
   340 0000009B 6A 00                           	PUSH	0
   341 0000009D 50                              	PUSH	EAX
   342 0000009E 68 00000080                     	PUSH	128
   343 000000A3 53                              	PUSH	EBX
   344 000000A4 E8 [00000000]                   	CALL	_fifo32_init
   345 000000A9 89 1D 00000FEC                  	MOV	DWORD [4076],EBX
   346 000000AF E8 [00000000]                   	CALL	_init_pit
   347 000000B4 68 00000100                     	PUSH	256
   348 000000B9 53                              	PUSH	EBX
   349 000000BA E8 [00000000]                   	CALL	_init_keyboard
   350 000000BF 8D 45 A4                        	LEA	EAX,DWORD [-92+EBP]
   351 000000C2 50                              	PUSH	EAX
   352 000000C3 68 00000200                     	PUSH	512
   353 000000C8 53                              	PUSH	EBX
   354 000000C9 E8 [00000000]                   	CALL	_enable_mouse
   355 000000CE 83 C4 24                        	ADD	ESP,36
   356 000000D1 68 000000F8                     	PUSH	248
   357 000000D6 6A 21                           	PUSH	33
   358 000000D8 E8 [00000000]                   	CALL	_io_out8
   359 000000DD 68 000000EF                     	PUSH	239
   360 000000E2 68 000000A1                     	PUSH	161
   361 000000E7 E8 [00000000]                   	CALL	_io_out8
   362 000000EC 8D 85 FFFFFCF4                  	LEA	EAX,DWORD [-780+EBP]
   363 000000F2 6A 00                           	PUSH	0
   364 000000F4 50                              	PUSH	EAX
   365 000000F5 8D 45 B4                        	LEA	EAX,DWORD [-76+EBP]
   366 000000F8 6A 20                           	PUSH	32
   367 000000FA 50                              	PUSH	EAX
   368 000000FB E8 [00000000]                   	CALL	_fifo32_init
   369 00000100 83 C4 20                        	ADD	ESP,32
   370 00000103 68 BFFFFFFF                     	PUSH	-1073741825
   371 00000108 68 00400000                     	PUSH	4194304
   372 0000010D E8 [00000000]                   	CALL	_memtest
   373 00000112 68 003C0000                     	PUSH	3932160
   374 00000117 89 85 FFFFFBCC                  	MOV	DWORD [-1076+EBP],EAX
   375 0000011D E8 [00000000]                   	CALL	_memman_init
   376 00000122 68 0009E000                     	PUSH	647168
   377 00000127 68 00001000                     	PUSH	4096
   378 0000012C 68 003C0000                     	PUSH	3932160
   379 00000131 E8 [00000000]                   	CALL	_memman_free
   380 00000136 8B 85 FFFFFBCC                  	MOV	EAX,DWORD [-1076+EBP]
   381 0000013C 2D 00400000                     	SUB	EAX,4194304
   382 00000141 50                              	PUSH	EAX
   383 00000142 68 00400000                     	PUSH	4194304
   384 00000147 68 003C0000                     	PUSH	3932160
   385 0000014C E8 [00000000]                   	CALL	_memman_free
   386 00000151 83 C4 24                        	ADD	ESP,36
   387 00000154 E8 [00000000]                   	CALL	_init_palette
   388 00000159 0F BF 05 00000FF6               	MOVSX	EAX,WORD [4086]
   389 00000160 50                              	PUSH	EAX
   390 00000161 0F BF 05 00000FF4               	MOVSX	EAX,WORD [4084]
   391 00000168 50                              	PUSH	EAX
   392 00000169 FF 35 00000FF8                  	PUSH	DWORD [4088]
   393 0000016F 68 003C0000                     	PUSH	3932160
   394 00000174 E8 [00000000]                   	CALL	_shtctl_init
   395 00000179 68 003C0000                     	PUSH	3932160
   396 0000017E 89 85 FFFFFBC8                  	MOV	DWORD [-1080+EBP],EAX
   397 00000184 E8 [00000000]                   	CALL	_task_init
   398 00000189 6A 02                           	PUSH	2
   399 0000018B 6A 01                           	PUSH	1
   400 0000018D 89 85 FFFFFBBC                  	MOV	DWORD [-1092+EBP],EAX
   401 00000193 50                              	PUSH	EAX
   402 00000194 89 45 EC                        	MOV	DWORD [-20+EBP],EAX
   403 00000197 E8 [00000000]                   	CALL	_task_run
   404 0000019C 83 C4 20                        	ADD	ESP,32
   405 0000019F 8B 95 FFFFFBC8                  	MOV	EDX,DWORD [-1080+EBP]
   406 000001A5 89 15 00000FE4                  	MOV	DWORD [4068],EDX
   407 000001AB 52                              	PUSH	EDX
   408 000001AC E8 [00000000]                   	CALL	_sheet_alloc
   409 000001B1 89 C6                           	MOV	ESI,EAX
   410 000001B3 0F BF 15 00000FF6               	MOVSX	EDX,WORD [4086]
   411 000001BA 0F BF 05 00000FF4               	MOVSX	EAX,WORD [4084]
   412 000001C1 0F AF C2                        	IMUL	EAX,EDX
   413 000001C4 50                              	PUSH	EAX
   414 000001C5 68 003C0000                     	PUSH	3932160
   415 000001CA E8 [00000000]                   	CALL	_memman_alloc_4k
   416 000001CF 6A FF                           	PUSH	-1
   417 000001D1 89 C3                           	MOV	EBX,EAX
   418 000001D3 0F BF 05 00000FF6               	MOVSX	EAX,WORD [4086]
   419 000001DA 50                              	PUSH	EAX
   420 000001DB 0F BF 05 00000FF4               	MOVSX	EAX,WORD [4084]
   421 000001E2 50                              	PUSH	EAX
   422 000001E3 53                              	PUSH	EBX
   423 000001E4 56                              	PUSH	ESI
   424 000001E5 E8 [00000000]                   	CALL	_sheet_setbuf
   425 000001EA 83 C4 20                        	ADD	ESP,32
   426 000001ED 0F BF 05 00000FF6               	MOVSX	EAX,WORD [4086]
   427 000001F4 50                              	PUSH	EAX
   428 000001F5 0F BF 05 00000FF4               	MOVSX	EAX,WORD [4084]
   429 000001FC 50                              	PUSH	EAX
   430 000001FD 53                              	PUSH	EBX
   431 000001FE 8D 9D FFFFFBF4                  	LEA	EBX,DWORD [-1036+EBP]
   432 00000204 E8 [00000000]                   	CALL	_init_screen8
   433 00000209 FF B5 FFFFFBCC                  	PUSH	DWORD [-1076+EBP]
   434 0000020F FF B5 FFFFFBC8                  	PUSH	DWORD [-1080+EBP]
   435 00000215 E8 0000099B                     	CALL	_open_console
   436 0000021A FF B5 FFFFFBC8                  	PUSH	DWORD [-1080+EBP]
   437 00000220 89 C7                           	MOV	EDI,EAX
   438 00000222 E8 [00000000]                   	CALL	_sheet_alloc
   439 00000227 6A 63                           	PUSH	99
   440 00000229 6A 10                           	PUSH	16
   441 0000022B 89 85 FFFFFBC0                  	MOV	DWORD [-1088+EBP],EAX
   442 00000231 6A 10                           	PUSH	16
   443 00000233 53                              	PUSH	EBX
   444 00000234 50                              	PUSH	EAX
   445 00000235 E8 [00000000]                   	CALL	_sheet_setbuf
   446 0000023A 83 C4 2C                        	ADD	ESP,44
   447 0000023D 6A 63                           	PUSH	99
   448 0000023F 53                              	PUSH	EBX
   449 00000240 BB 00000002                     	MOV	EBX,2
   450 00000245 E8 [00000000]                   	CALL	_init_mouse_cursor8
   451 0000024A 0F BF 05 00000FF4               	MOVSX	EAX,WORD [4084]
   452 00000251 8D 48 F0                        	LEA	ECX,DWORD [-16+EAX]
   453 00000254 89 C8                           	MOV	EAX,ECX
   454 00000256 99                              	CDQ
   455 00000257 F7 FB                           	IDIV	EBX
   456 00000259 89 85 FFFFFBF0                  	MOV	DWORD [-1040+EBP],EAX
   457 0000025F 0F BF 05 00000FF6               	MOVSX	EAX,WORD [4086]
   458 00000266 6A 00                           	PUSH	0
   459 00000268 8D 48 D4                        	LEA	ECX,DWORD [-44+EAX]
   460 0000026B 6A 00                           	PUSH	0
   461 0000026D 89 C8                           	MOV	EAX,ECX
   462 0000026F 56                              	PUSH	ESI
   463 00000270 99                              	CDQ
   464 00000271 F7 FB                           	IDIV	EBX
   465 00000273 89 85 FFFFFBEC                  	MOV	DWORD [-1044+EBP],EAX
   466 00000279 E8 [00000000]                   	CALL	_sheet_slide
   467 0000027E 6A 5C                           	PUSH	92
   468 00000280 6A 50                           	PUSH	80
   469 00000282 57                              	PUSH	EDI
   470 00000283 E8 [00000000]                   	CALL	_sheet_slide
   471 00000288 83 C4 20                        	ADD	ESP,32
   472 0000028B FF B5 FFFFFBEC                  	PUSH	DWORD [-1044+EBP]
   473 00000291 FF B5 FFFFFBF0                  	PUSH	DWORD [-1040+EBP]
   474 00000297 FF B5 FFFFFBC0                  	PUSH	DWORD [-1088+EBP]
   475 0000029D E8 [00000000]                   	CALL	_sheet_slide
   476 000002A2 6A 00                           	PUSH	0
   477 000002A4 56                              	PUSH	ESI
   478 000002A5 E8 [00000000]                   	CALL	_sheet_updown
   479 000002AA 6A 01                           	PUSH	1
   480 000002AC 57                              	PUSH	EDI
   481 000002AD E8 [00000000]                   	CALL	_sheet_updown
   482 000002B2 6A 02                           	PUSH	2
   483 000002B4 FF B5 FFFFFBC0                  	PUSH	DWORD [-1088+EBP]
   484 000002BA E8 [00000000]                   	CALL	_sheet_updown
   485 000002BF 83 C4 24                        	ADD	ESP,36
   486 000002C2 57                              	PUSH	EDI
   487 000002C3 E8 00000819                     	CALL	_keywin_on
   488 000002C8 8D 55 B4                        	LEA	EDX,DWORD [-76+EBP]
   489 000002CB 68 000000ED                     	PUSH	237
   490 000002D0 52                              	PUSH	EDX
   491 000002D1 E8 [00000000]                   	CALL	_fifo32_put
   492 000002D6 8D 45 B4                        	LEA	EAX,DWORD [-76+EBP]
   493 000002D9 FF B5 FFFFFBB4                  	PUSH	DWORD [-1100+EBP]
   494 000002DF 50                              	PUSH	EAX
   495 000002E0 E8 [00000000]                   	CALL	_fifo32_put
   496 000002E5                                 L76:
   497 000002E5 83 C4 14                        	ADD	ESP,20
   498 000002E8                                 L2:
   499 000002E8 8D 5D B4                        	LEA	EBX,DWORD [-76+EBP]
   500 000002EB 53                              	PUSH	EBX
   501 000002EC E8 [00000000]                   	CALL	_fifo32_status
   502 000002F1 5A                              	POP	EDX
   503 000002F2 85 C0                           	TEST	EAX,EAX
   504 000002F4 7E 0D                           	JLE	L5
   505 000002F6 83 BD FFFFFBB0 00               	CMP	DWORD [-1104+EBP],0
   506 000002FD 0F 88 0000078A                  	JS	L80
   507 00000303                                 L5:
   508 00000303 8D 5D D4                        	LEA	EBX,DWORD [-44+EBP]
   509 00000306 E8 [00000000]                   	CALL	_io_cli
   510 0000030B 53                              	PUSH	EBX
   511 0000030C E8 [00000000]                   	CALL	_fifo32_status
   512 00000311 5E                              	POP	ESI
   513 00000312 85 C0                           	TEST	EAX,EAX
   514 00000314 0F 84 00000714                  	JE	L81
   515 0000031A 53                              	PUSH	EBX
   516 0000031B E8 [00000000]                   	CALL	_fifo32_get
   517 00000320 89 C6                           	MOV	ESI,EAX
   518 00000322 E8 [00000000]                   	CALL	_io_sti
   519 00000327 5B                              	POP	EBX
   520 00000328 83 7F 1C 00                     	CMP	DWORD [28+EDI],0
   521 0000032C 75 25                           	JNE	L12
   522 0000032E 85 FF                           	TEST	EDI,EDI
   523 00000330 74 21                           	JE	L12
   524 00000332 8B 95 FFFFFBC8                  	MOV	EDX,DWORD [-1080+EBP]
   525 00000338 31 FF                           	XOR	EDI,EDI
   526 0000033A 8B 42 10                        	MOV	EAX,DWORD [16+EDX]
   527 0000033D 83 F8 01                        	CMP	EAX,1
   528 00000340 74 11                           	JE	L12
   529 00000342 8B 95 FFFFFBC8                  	MOV	EDX,DWORD [-1080+EBP]
   530 00000348 8B 7C 82 10                     	MOV	EDI,DWORD [16+EDX+EAX*4]
   531 0000034C 57                              	PUSH	EDI
   532 0000034D E8 0000078F                     	CALL	_keywin_on
   533 00000352 59                              	POP	ECX
   534 00000353                                 L12:
   535 00000353 8D 86 FFFFFF00                  	LEA	EAX,DWORD [-256+ESI]
   536 00000359 3D 000000FF                     	CMP	EAX,255
   537 0000035E 0F 86 000003A7                  	JBE	L82
   538 00000364 8D 86 FFFFFE00                  	LEA	EAX,DWORD [-512+ESI]
   539 0000036A 3D 000000FF                     	CMP	EAX,255
   540 0000036F 0F 86 00000093                  	JBE	L83
   541 00000375 8D 86 FFFFFD00                  	LEA	EAX,DWORD [-768+ESI]
   542 0000037B 3D 000000FF                     	CMP	EAX,255
   543 00000380 76 6E                           	JBE	L84
   544 00000382 8D 86 FFFFFC00                  	LEA	EAX,DWORD [-1024+ESI]
   545 00000388 3D 000003E7                     	CMP	EAX,999
   546 0000038D 76 43                           	JBE	L85
   547 0000038F 8D 86 FFFFF818                  	LEA	EAX,DWORD [-2024+ESI]
   548 00000395 3D 000000FF                     	CMP	EAX,255
   549 0000039A 0F 87 FFFFFF48                  	JA	L2
   550 000003A0 6B C6 28                        	IMUL	EAX,ESI,40
   551 000003A3 03 85 FFFFFBC8                  	ADD	EAX,DWORD [-1080+EBP]
   552 000003A9 68 00069000                     	PUSH	430080
   553 000003AE FF B0 FFFEC7D4                  	PUSH	DWORD [-79916+EAX]
   554 000003B4 68 003C0000                     	PUSH	3932160
   555 000003B9 8D 98 FFFEC7D4                  	LEA	EBX,DWORD [-79916+EAX]
   556 000003BF E8 [00000000]                   	CALL	_memman_free_4k
   557 000003C4 53                              	PUSH	EBX
   558 000003C5 E8 [00000000]                   	CALL	_sheet_free
   559 000003CA 83 C4 10                        	ADD	ESP,16
   560 000003CD E9 FFFFFF16                     	JMP	L2
   561 000003D2                                 L85:
   562 000003D2 69 F6 000000B0                  	IMUL	ESI,ESI,176
   563 000003D8 03 35 [00000000]                	ADD	ESI,DWORD [_taskctl]
   564 000003DE 8D 86 FFFD4FF8                  	LEA	EAX,DWORD [-176136+ESI]
   565 000003E4 50                              	PUSH	EAX
   566 000003E5 E8 0000084A                     	CALL	_close_constask
   567 000003EA                                 L74:
   568 000003EA 58                              	POP	EAX
   569 000003EB E9 FFFFFEF8                     	JMP	L2
   570 000003F0                                 L84:
   571 000003F0 6B C6 28                        	IMUL	EAX,ESI,40
   572 000003F3 8B 95 FFFFFBC8                  	MOV	EDX,DWORD [-1080+EBP]
   573 000003F9 8D 84 10 FFFF8C14               	LEA	EAX,DWORD [-29676+EAX+EDX*1]
   574 00000400 50                              	PUSH	EAX
   575 00000401 E8 0000086E                     	CALL	_close_console
   576 00000406 EB E2                           	JMP	L74
   577 00000408                                 L83:
   578 00000408 89 F2                           	MOV	EDX,ESI
   579 0000040A 0F B6 C2                        	MOVZX	EAX,DL
   580 0000040D 50                              	PUSH	EAX
   581 0000040E 8D 45 A4                        	LEA	EAX,DWORD [-92+EBP]
   582 00000411 50                              	PUSH	EAX
   583 00000412 E8 [00000000]                   	CALL	_mouse_decode
   584 00000417 59                              	POP	ECX
   585 00000418 5B                              	POP	EBX
   586 00000419 85 C0                           	TEST	EAX,EAX
   587 0000041B 0F 84 FFFFFEC7                  	JE	L2
   588 00000421 8B 45 AC                        	MOV	EAX,DWORD [-84+EBP]
   589 00000424 8B 55 A8                        	MOV	EDX,DWORD [-88+EBP]
   590 00000427 01 85 FFFFFBEC                  	ADD	DWORD [-1044+EBP],EAX
   591 0000042D 01 95 FFFFFBF0                  	ADD	DWORD [-1040+EBP],EDX
   592 00000433 0F 88 000002C3                  	JS	L86
   593 00000439                                 L44:
   594 00000439 83 BD FFFFFBEC 00               	CMP	DWORD [-1044+EBP],0
   595 00000440 0F 88 000002A7                  	JS	L87
   596 00000446                                 L45:
   597 00000446 0F BF 05 00000FF4               	MOVSX	EAX,WORD [4084]
   598 0000044D 48                              	DEC	EAX
   599 0000044E 39 85 FFFFFBF0                  	CMP	DWORD [-1040+EBP],EAX
   600 00000454 7E 06                           	JLE	L46
   601 00000456 89 85 FFFFFBF0                  	MOV	DWORD [-1040+EBP],EAX
   602 0000045C                                 L46:
   603 0000045C 0F BF 05 00000FF6               	MOVSX	EAX,WORD [4086]
   604 00000463 48                              	DEC	EAX
   605 00000464 39 85 FFFFFBEC                  	CMP	DWORD [-1044+EBP],EAX
   606 0000046A 7E 06                           	JLE	L47
   607 0000046C 89 85 FFFFFBEC                  	MOV	DWORD [-1044+EBP],EAX
   608 00000472                                 L47:
   609 00000472 FF B5 FFFFFBEC                  	PUSH	DWORD [-1044+EBP]
   610 00000478 FF B5 FFFFFBF0                  	PUSH	DWORD [-1040+EBP]
   611 0000047E FF B5 FFFFFBC0                  	PUSH	DWORD [-1088+EBP]
   612 00000484 E8 [00000000]                   	CALL	_sheet_slide
   613 00000489 83 C4 0C                        	ADD	ESP,12
   614 0000048C 8B 85 FFFFFBF0                  	MOV	EAX,DWORD [-1040+EBP]
   615 00000492 8B 95 FFFFFBEC                  	MOV	EDX,DWORD [-1044+EBP]
   616 00000498 89 85 FFFFFBDC                  	MOV	DWORD [-1060+EBP],EAX
   617 0000049E 89 95 FFFFFBD8                  	MOV	DWORD [-1064+EBP],EDX
   618 000004A4 F7 45 B0 00000001               	TEST	DWORD [-80+EBP],1
   619 000004AB 75 43                           	JNE	L88
   620 000004AD C7 85 FFFFFBE8 FFFFFFFF         	MOV	DWORD [-1048+EBP],-1
   621 000004B7 81 BD FFFFFBD4 7FFFFFFF         	CMP	DWORD [-1068+EBP],2147483647
   622 000004C1 0F 84 FFFFFE21                  	JE	L2
   623 000004C7                                 L75:
   624 000004C7 FF B5 FFFFFBD0                  	PUSH	DWORD [-1072+EBP]
   625 000004CD FF B5 FFFFFBD4                  	PUSH	DWORD [-1068+EBP]
   626 000004D3 FF B5 FFFFFBC4                  	PUSH	DWORD [-1084+EBP]
   627 000004D9 E8 [00000000]                   	CALL	_sheet_slide
   628 000004DE C7 85 FFFFFBD4 7FFFFFFF         	MOV	DWORD [-1068+EBP],2147483647
   629 000004E8                                 L77:
   630 000004E8 83 C4 0C                        	ADD	ESP,12
   631 000004EB E9 FFFFFDF8                     	JMP	L2
   632 000004F0                                 L88:
   633 000004F0 83 BD FFFFFBE8 00               	CMP	DWORD [-1048+EBP],0
   634 000004F7 78 46                           	JS	L89
   635 000004F9 8B 9D FFFFFBF0                  	MOV	EBX,DWORD [-1040+EBP]
   636 000004FF 8B 85 FFFFFBE0                  	MOV	EAX,DWORD [-1056+EBP]
   637 00000505 2B 9D FFFFFBE8                  	SUB	EBX,DWORD [-1048+EBP]
   638 0000050B 8B B5 FFFFFBEC                  	MOV	ESI,DWORD [-1044+EBP]
   639 00000511 2B B5 FFFFFBE4                  	SUB	ESI,DWORD [-1052+EBP]
   640 00000517 8B 95 FFFFFBEC                  	MOV	EDX,DWORD [-1044+EBP]
   641 0000051D 8D 5C 03 02                     	LEA	EBX,DWORD [2+EBX+EAX*1]
   642 00000521 89 95 FFFFFBE4                  	MOV	DWORD [-1052+EBP],EDX
   643 00000527 89 9D FFFFFBD4                  	MOV	DWORD [-1068+EBP],EBX
   644 0000052D 01 B5 FFFFFBD0                  	ADD	DWORD [-1072+EBP],ESI
   645 00000533 83 A5 FFFFFBD4 FC               	AND	DWORD [-1068+EBP],-4
   646 0000053A E9 FFFFFDA9                     	JMP	L2
   647 0000053F                                 L89:
   648 0000053F 8B 85 FFFFFBC8                  	MOV	EAX,DWORD [-1080+EBP]
   649 00000545 8B 40 10                        	MOV	EAX,DWORD [16+EAX]
   650 00000548 89 85 FFFFFBA8                  	MOV	DWORD [-1112+EBP],EAX
   651 0000054E 89 C1                           	MOV	ECX,EAX
   652 00000550                                 L79:
   653 00000550 49                              	DEC	ECX
   654 00000551 85 C9                           	TEST	ECX,ECX
   655 00000553 0F 8E FFFFFD8F                  	JLE	L2
   656 00000559 8B 95 FFFFFBC8                  	MOV	EDX,DWORD [-1080+EBP]
   657 0000055F 8B B5 FFFFFBEC                  	MOV	ESI,DWORD [-1044+EBP]
   658 00000565 8B 9D FFFFFBF0                  	MOV	EBX,DWORD [-1040+EBP]
   659 0000056B 8B 54 8A 14                     	MOV	EDX,DWORD [20+EDX+ECX*4]
   660 0000056F 89 95 FFFFFBC4                  	MOV	DWORD [-1084+EBP],EDX
   661 00000575 2B 72 10                        	SUB	ESI,DWORD [16+EDX]
   662 00000578 2B 5A 0C                        	SUB	EBX,DWORD [12+EDX]
   663 0000057B 78 D3                           	JS	L79
   664 0000057D 8B 42 04                        	MOV	EAX,DWORD [4+EDX]
   665 00000580 39 C3                           	CMP	EBX,EAX
   666 00000582 7D CC                           	JGE	L79
   667 00000584 85 F6                           	TEST	ESI,ESI
   668 00000586 78 C8                           	JS	L79
   669 00000588 3B 72 08                        	CMP	ESI,DWORD [8+EDX]
   670 0000058B 7D C3                           	JGE	L79
   671 0000058D 0F AF C6                        	IMUL	EAX,ESI
   672 00000590 89 85 FFFFFBA4                  	MOV	DWORD [-1116+EBP],EAX
   673 00000596 8B 12                           	MOV	EDX,DWORD [EDX]
   674 00000598 8B 85 FFFFFBA4                  	MOV	EAX,DWORD [-1116+EBP]
   675 0000059E 01 D8                           	ADD	EAX,EBX
   676 000005A0 0F B6 04 10                     	MOVZX	EAX,BYTE [EAX+EDX*1]
   677 000005A4 8B 95 FFFFFBC4                  	MOV	EDX,DWORD [-1084+EBP]
   678 000005AA 3B 42 14                        	CMP	EAX,DWORD [20+EDX]
   679 000005AD 74 A1                           	JE	L79
   680 000005AF 8B 85 FFFFFBA8                  	MOV	EAX,DWORD [-1112+EBP]
   681 000005B5 48                              	DEC	EAX
   682 000005B6 50                              	PUSH	EAX
   683 000005B7 52                              	PUSH	EDX
   684 000005B8 E8 [00000000]                   	CALL	_sheet_updown
   685 000005BD 39 BD FFFFFBC4                  	CMP	DWORD [-1084+EBP],EDI
   686 000005C3 58                              	POP	EAX
   687 000005C4 5A                              	POP	EDX
   688 000005C5 74 14                           	JE	L56
   689 000005C7 57                              	PUSH	EDI
   690 000005C8 E8 000004E6                     	CALL	_keywin_off
   691 000005CD 8B BD FFFFFBC4                  	MOV	EDI,DWORD [-1084+EBP]
   692 000005D3 57                              	PUSH	EDI
   693 000005D4 E8 00000508                     	CALL	_keywin_on
   694 000005D9 5A                              	POP	EDX
   695 000005DA 59                              	POP	ECX
   696 000005DB                                 L56:
   697 000005DB 83 FB 02                        	CMP	EBX,2
   698 000005DE 7E 50                           	JLE	L57
   699 000005E0 8B 95 FFFFFBC4                  	MOV	EDX,DWORD [-1084+EBP]
   700 000005E6 8B 42 04                        	MOV	EAX,DWORD [4+EDX]
   701 000005E9 83 E8 03                        	SUB	EAX,3
   702 000005EC 39 C3                           	CMP	EBX,EAX
   703 000005EE 7D 40                           	JGE	L57
   704 000005F0 83 FE 02                        	CMP	ESI,2
   705 000005F3 7E 3B                           	JLE	L57
   706 000005F5 83 FE 14                        	CMP	ESI,20
   707 000005F8 7F 36                           	JG	L57
   708 000005FA 8B 85 FFFFFBF0                  	MOV	EAX,DWORD [-1040+EBP]
   709 00000600 8B 95 FFFFFBEC                  	MOV	EDX,DWORD [-1044+EBP]
   710 00000606 89 85 FFFFFBE8                  	MOV	DWORD [-1048+EBP],EAX
   711 0000060C 89 95 FFFFFBE4                  	MOV	DWORD [-1052+EBP],EDX
   712 00000612 8B 85 FFFFFBC4                  	MOV	EAX,DWORD [-1084+EBP]
   713 00000618 8B 95 FFFFFBC4                  	MOV	EDX,DWORD [-1084+EBP]
   714 0000061E 8B 40 0C                        	MOV	EAX,DWORD [12+EAX]
   715 00000621 8B 52 10                        	MOV	EDX,DWORD [16+EDX]
   716 00000624 89 85 FFFFFBE0                  	MOV	DWORD [-1056+EBP],EAX
   717 0000062A 89 95 FFFFFBD0                  	MOV	DWORD [-1072+EBP],EDX
   718 00000630                                 L57:
   719 00000630 8B 85 FFFFFBC4                  	MOV	EAX,DWORD [-1084+EBP]
   720 00000636 8B 50 04                        	MOV	EDX,DWORD [4+EAX]
   721 00000639 8D 42 EB                        	LEA	EAX,DWORD [-21+EDX]
   722 0000063C 39 D8                           	CMP	EAX,EBX
   723 0000063E 0F 8F FFFFFCA4                  	JG	L2
   724 00000644 8D 42 FB                        	LEA	EAX,DWORD [-5+EDX]
   725 00000647 39 C3                           	CMP	EBX,EAX
   726 00000649 0F 8D FFFFFC99                  	JGE	L2
   727 0000064F 83 FE 04                        	CMP	ESI,4
   728 00000652 0F 8E FFFFFC90                  	JLE	L2
   729 00000658 83 FE 12                        	CMP	ESI,18
   730 0000065B 0F 8F FFFFFC87                  	JG	L2
   731 00000661 8B 95 FFFFFBC4                  	MOV	EDX,DWORD [-1084+EBP]
   732 00000667 F6 42 1C 10                     	TEST	BYTE [28+EDX],16
   733 0000066B 74 3F                           	JE	L90
   734 0000066D 8B 95 FFFFFBC4                  	MOV	EDX,DWORD [-1084+EBP]
   735 00000673 8B 5A 24                        	MOV	EBX,DWORD [36+EDX]
   736 00000676 68 [00000100]                   	PUSH	LC1
   737 0000067B FF B3 000000A4                  	PUSH	DWORD [164+EBX]
   738 00000681 E8 [00000000]                   	CALL	_cons_putstr0
   739 00000686 E8 [00000000]                   	CALL	_io_cli
   740 0000068B 8D 43 30                        	LEA	EAX,DWORD [48+EBX]
   741 0000068E 89 43 54                        	MOV	DWORD [84+EBX],EAX
   742 00000691 C7 43 4C [00000000]             	MOV	DWORD [76+EBX],_asm_end_app
   743 00000698 E8 [00000000]                   	CALL	_io_sti
   744 0000069D 6A 00                           	PUSH	0
   745 0000069F 6A FF                           	PUSH	-1
   746 000006A1 53                              	PUSH	EBX
   747 000006A2 E8 [00000000]                   	CALL	_task_run
   748 000006A7 E9 FFFFFC39                     	JMP	L76
   749 000006AC                                 L90:
   750 000006AC 8B 5A 24                        	MOV	EBX,DWORD [36+EDX]
   751 000006AF 6A FF                           	PUSH	-1
   752 000006B1 52                              	PUSH	EDX
   753 000006B2 E8 [00000000]                   	CALL	_sheet_updown
   754 000006B7 57                              	PUSH	EDI
   755 000006B8 E8 000003F6                     	CALL	_keywin_off
   756 000006BD 8B 95 FFFFFBC8                  	MOV	EDX,DWORD [-1080+EBP]
   757 000006C3 8B 42 10                        	MOV	EAX,DWORD [16+EDX]
   758 000006C6 8B 7C 82 10                     	MOV	EDI,DWORD [16+EDX+EAX*4]
   759 000006CA 57                              	PUSH	EDI
   760 000006CB E8 00000411                     	CALL	_keywin_on
   761 000006D0 E8 [00000000]                   	CALL	_io_cli
   762 000006D5 8D 43 10                        	LEA	EAX,DWORD [16+EBX]
   763 000006D8 6A 04                           	PUSH	4
   764 000006DA 50                              	PUSH	EAX
   765 000006DB E8 [00000000]                   	CALL	_fifo32_put
   766 000006E0 E8 [00000000]                   	CALL	_io_sti
   767 000006E5 83 C4 18                        	ADD	ESP,24
   768 000006E8 E9 FFFFFBFB                     	JMP	L2
   769 000006ED                                 L87:
   770 000006ED C7 85 FFFFFBEC 00000000         	MOV	DWORD [-1044+EBP],0
   771 000006F7 E9 FFFFFD4A                     	JMP	L45
   772 000006FC                                 L86:
   773 000006FC C7 85 FFFFFBF0 00000000         	MOV	DWORD [-1040+EBP],0
   774 00000706 E9 FFFFFD2E                     	JMP	L44
   775 0000070B                                 L82:
   776 0000070B 81 FE 0000017F                  	CMP	ESI,383
   777 00000711 0F 8F 0000030B                  	JG	L16
   778 00000717 83 BD FFFFFBB8 00               	CMP	DWORD [-1096+EBP],0
   779 0000071E 0F 85 000002F3                  	JNE	L17
   780 00000724 8A 86 [FFFFFF00]                	MOV	AL,BYTE [_keytable0.0-256+ESI]
   781 0000072A                                 L78:
   782 0000072A 88 85 FFFFFF74                  	MOV	BYTE [-140+EBP],AL
   783 00000730                                 L19:
   784 00000730 8A 95 FFFFFF74                  	MOV	DL,BYTE [-140+EBP]
   785 00000736 8D 42 BF                        	LEA	EAX,DWORD [-65+EDX]
   786 00000739 3C 19                           	CMP	AL,25
   787 0000073B 77 1D                           	JA	L20
   788 0000073D F7 85 FFFFFBB4 00000004         	TEST	DWORD [-1100+EBP],4
   789 00000747 0F 85 000002BB                  	JNE	L72
   790 0000074D 83 BD FFFFFBB8 00               	CMP	DWORD [-1096+EBP],0
   791 00000754 0F 84 000002A0                  	JE	L22
   792 0000075A                                 L20:
   793 0000075A 8A 85 FFFFFF74                  	MOV	AL,BYTE [-140+EBP]
   794 00000760 84 C0                           	TEST	AL,AL
   795 00000762 74 1B                           	JE	L24
   796 00000764 85 FF                           	TEST	EDI,EDI
   797 00000766 74 17                           	JE	L24
   798 00000768 0F BE C0                        	MOVSX	EAX,AL
   799 0000076B 05 00000100                     	ADD	EAX,256
   800 00000770 50                              	PUSH	EAX
   801 00000771 8B 47 24                        	MOV	EAX,DWORD [36+EDI]
   802 00000774 83 C0 10                        	ADD	EAX,16
   803 00000777 50                              	PUSH	EAX
   804 00000778 E8 [00000000]                   	CALL	_fifo32_put
   805 0000077D 58                              	POP	EAX
   806 0000077E 5A                              	POP	EDX
   807 0000077F                                 L24:
   808 0000077F 81 FE 0000010F                  	CMP	ESI,271
   809 00000785 0F 84 0000023A                  	JE	L91
   810 0000078B                                 L25:
   811 0000078B 81 FE 0000012A                  	CMP	ESI,298
   812 00000791 0F 84 00000222                  	JE	L92
   813 00000797                                 L27:
   814 00000797 81 FE 00000136                  	CMP	ESI,310
   815 0000079D 0F 84 0000020A                  	JE	L93
   816 000007A3                                 L28:
   817 000007A3 81 FE 000001AA                  	CMP	ESI,426
   818 000007A9 0F 84 000001F2                  	JE	L94
   819 000007AF                                 L29:
   820 000007AF 81 FE 000001B6                  	CMP	ESI,438
   821 000007B5 0F 84 000001DA                  	JE	L95
   822 000007BB                                 L30:
   823 000007BB 81 FE 0000013A                  	CMP	ESI,314
   824 000007C1 0F 84 000001A5                  	JE	L96
   825 000007C7                                 L31:
   826 000007C7 81 FE 00000145                  	CMP	ESI,325
   827 000007CD 0F 84 00000170                  	JE	L97
   828 000007D3                                 L32:
   829 000007D3 81 FE 00000146                  	CMP	ESI,326
   830 000007D9 0F 84 0000013B                  	JE	L98
   831 000007DF                                 L33:
   832 000007DF 81 FE 000001FA                  	CMP	ESI,506
   833 000007E5 0F 84 00000120                  	JE	L99
   834 000007EB                                 L34:
   835 000007EB 81 FE 000001FE                  	CMP	ESI,510
   836 000007F1 0F 84 000000FB                  	JE	L100
   837 000007F7                                 L35:
   838 000007F7 81 FE 0000013B                  	CMP	ESI,315
   839 000007FD 0F 84 0000008C                  	JE	L101
   840 00000803                                 L36:
   841 00000803 81 FE 0000013C                  	CMP	ESI,316
   842 00000809 74 2F                           	JE	L102
   843 0000080B                                 L38:
   844 0000080B 81 FE 0000015B                  	CMP	ESI,347
   845 00000811 0F 85 FFFFFAD1                  	JNE	L2
   846 00000817 8B 95 FFFFFBC8                  	MOV	EDX,DWORD [-1080+EBP]
   847 0000081D 8B 42 10                        	MOV	EAX,DWORD [16+EDX]
   848 00000820 83 F8 02                        	CMP	EAX,2
   849 00000823 0F 8E FFFFFABF                  	JLE	L2
   850 00000829 48                              	DEC	EAX
   851 0000082A 50                              	PUSH	EAX
   852 0000082B FF 72 18                        	PUSH	DWORD [24+EDX]
   853 0000082E E8 [00000000]                   	CALL	_sheet_updown
   854 00000833 5E                              	POP	ESI
   855 00000834 58                              	POP	EAX
   856 00000835 E9 FFFFFAAE                     	JMP	L2
   857 0000083A                                 L102:
   858 0000083A 83 BD FFFFFBB8 00               	CMP	DWORD [-1096+EBP],0
   859 00000841 74 C8                           	JE	L38
   860 00000843 85 FF                           	TEST	EDI,EDI
   861 00000845 74 07                           	JE	L39
   862 00000847 57                              	PUSH	EDI
   863 00000848 E8 00000266                     	CALL	_keywin_off
   864 0000084D 58                              	POP	EAX
   865 0000084E                                 L39:
   866 0000084E 57                              	PUSH	EDI
   867 0000084F E8 0000025F                     	CALL	_keywin_off
   868 00000854 FF B5 FFFFFBCC                  	PUSH	DWORD [-1076+EBP]
   869 0000085A FF B5 FFFFFBC8                  	PUSH	DWORD [-1080+EBP]
   870 00000860 E8 00000350                     	CALL	_open_console
   871 00000865 6A 64                           	PUSH	100
   872 00000867 6A 5C                           	PUSH	92
   873 00000869 89 C7                           	MOV	EDI,EAX
   874 0000086B 50                              	PUSH	EAX
   875 0000086C E8 [00000000]                   	CALL	_sheet_slide
   876 00000871 8B 85 FFFFFBC8                  	MOV	EAX,DWORD [-1080+EBP]
   877 00000877 FF 70 10                        	PUSH	DWORD [16+EAX]
   878 0000087A 57                              	PUSH	EDI
   879 0000087B E8 [00000000]                   	CALL	_sheet_updown
   880 00000880 83 C4 20                        	ADD	ESP,32
   881 00000883 57                              	PUSH	EDI
   882 00000884 E8 00000258                     	CALL	_keywin_on
   883 00000889 58                              	POP	EAX
   884 0000088A E9 FFFFFF7C                     	JMP	L38
   885 0000088F                                 L101:
   886 0000088F 83 BD FFFFFBB8 00               	CMP	DWORD [-1096+EBP],0
   887 00000896 0F 84 FFFFFF67                  	JE	L36
   888 0000089C 85 FF                           	TEST	EDI,EDI
   889 0000089E 0F 84 FFFFFF5F                  	JE	L36
   890 000008A4 8B 5F 24                        	MOV	EBX,DWORD [36+EDI]
   891 000008A7 85 DB                           	TEST	EBX,EBX
   892 000008A9 0F 84 FFFFFF54                  	JE	L36
   893 000008AF 83 7B 34 00                     	CMP	DWORD [52+EBX],0
   894 000008B3 0F 84 FFFFFF4A                  	JE	L36
   895 000008B9 68 [00000112]                   	PUSH	LC0
   896 000008BE FF B3 000000A4                  	PUSH	DWORD [164+EBX]
   897 000008C4 E8 [00000000]                   	CALL	_cons_putstr0
   898 000008C9 E8 [00000000]                   	CALL	_io_cli
   899 000008CE 8D 43 30                        	LEA	EAX,DWORD [48+EBX]
   900 000008D1 89 43 54                        	MOV	DWORD [84+EBX],EAX
   901 000008D4 C7 43 4C [00000000]             	MOV	DWORD [76+EBX],_asm_end_app
   902 000008DB E8 [00000000]                   	CALL	_io_sti
   903 000008E0 6A 00                           	PUSH	0
   904 000008E2 6A FF                           	PUSH	-1
   905 000008E4 53                              	PUSH	EBX
   906 000008E5 E8 [00000000]                   	CALL	_task_run
   907 000008EA 83 C4 14                        	ADD	ESP,20
   908 000008ED E9 FFFFFF11                     	JMP	L36
   909 000008F2                                 L100:
   910 000008F2 E8 [00000000]                   	CALL	_wait_KBC_sendready
   911 000008F7 FF B5 FFFFFBB0                  	PUSH	DWORD [-1104+EBP]
   912 000008FD 6A 60                           	PUSH	96
   913 000008FF E8 [00000000]                   	CALL	_io_out8
   914 00000904 58                              	POP	EAX
   915 00000905 5A                              	POP	EDX
   916 00000906 E9 FFFFFEEC                     	JMP	L35
   917 0000090B                                 L99:
   918 0000090B C7 85 FFFFFBB0 FFFFFFFF         	MOV	DWORD [-1104+EBP],-1
   919 00000915 E9 FFFFFED1                     	JMP	L34
   920 0000091A                                 L98:
   921 0000091A 68 000000ED                     	PUSH	237
   922 0000091F 8D 5D B4                        	LEA	EBX,DWORD [-76+EBP]
   923 00000922 53                              	PUSH	EBX
   924 00000923 83 B5 FFFFFBB4 01               	XOR	DWORD [-1100+EBP],1
   925 0000092A E8 [00000000]                   	CALL	_fifo32_put
   926 0000092F FF B5 FFFFFBB4                  	PUSH	DWORD [-1100+EBP]
   927 00000935 53                              	PUSH	EBX
   928 00000936 E8 [00000000]                   	CALL	_fifo32_put
   929 0000093B 83 C4 10                        	ADD	ESP,16
   930 0000093E E9 FFFFFE9C                     	JMP	L33
   931 00000943                                 L97:
   932 00000943 68 000000ED                     	PUSH	237
   933 00000948 8D 5D B4                        	LEA	EBX,DWORD [-76+EBP]
   934 0000094B 53                              	PUSH	EBX
   935 0000094C 83 B5 FFFFFBB4 02               	XOR	DWORD [-1100+EBP],2
   936 00000953 E8 [00000000]                   	CALL	_fifo32_put
   937 00000958 FF B5 FFFFFBB4                  	PUSH	DWORD [-1100+EBP]
   938 0000095E 53                              	PUSH	EBX
   939 0000095F E8 [00000000]                   	CALL	_fifo32_put
   940 00000964 83 C4 10                        	ADD	ESP,16
   941 00000967 E9 FFFFFE67                     	JMP	L32
   942 0000096C                                 L96:
   943 0000096C 68 000000ED                     	PUSH	237
   944 00000971 8D 5D B4                        	LEA	EBX,DWORD [-76+EBP]
   945 00000974 53                              	PUSH	EBX
   946 00000975 83 B5 FFFFFBB4 04               	XOR	DWORD [-1100+EBP],4
   947 0000097C E8 [00000000]                   	CALL	_fifo32_put
   948 00000981 FF B5 FFFFFBB4                  	PUSH	DWORD [-1100+EBP]
   949 00000987 53                              	PUSH	EBX
   950 00000988 E8 [00000000]                   	CALL	_fifo32_put
   951 0000098D 83 C4 10                        	ADD	ESP,16
   952 00000990 E9 FFFFFE32                     	JMP	L31
   953 00000995                                 L95:
   954 00000995 83 A5 FFFFFBB8 FD               	AND	DWORD [-1096+EBP],-3
   955 0000099C E9 FFFFFE1A                     	JMP	L30
   956 000009A1                                 L94:
   957 000009A1 83 A5 FFFFFBB8 FE               	AND	DWORD [-1096+EBP],-2
   958 000009A8 E9 FFFFFE02                     	JMP	L29
   959 000009AD                                 L93:
   960 000009AD 83 8D FFFFFBB8 02               	OR	DWORD [-1096+EBP],2
   961 000009B4 E9 FFFFFDEA                     	JMP	L28
   962 000009B9                                 L92:
   963 000009B9 83 8D FFFFFBB8 01               	OR	DWORD [-1096+EBP],1
   964 000009C0 E9 FFFFFDD2                     	JMP	L27
   965 000009C5                                 L91:
   966 000009C5 85 FF                           	TEST	EDI,EDI
   967 000009C7 0F 84 FFFFFDBE                  	JE	L25
   968 000009CD 57                              	PUSH	EDI
   969 000009CE E8 000000E0                     	CALL	_keywin_off
   970 000009D3 8B 4F 18                        	MOV	ECX,DWORD [24+EDI]
   971 000009D6 49                              	DEC	ECX
   972 000009D7 5B                              	POP	EBX
   973 000009D8 75 0A                           	JNE	L26
   974 000009DA 8B 85 FFFFFBC8                  	MOV	EAX,DWORD [-1080+EBP]
   975 000009E0 8B 48 10                        	MOV	ECX,DWORD [16+EAX]
   976 000009E3 49                              	DEC	ECX
   977 000009E4                                 L26:
   978 000009E4 8B 95 FFFFFBC8                  	MOV	EDX,DWORD [-1080+EBP]
   979 000009EA 8B 7C 8A 14                     	MOV	EDI,DWORD [20+EDX+ECX*4]
   980 000009EE 57                              	PUSH	EDI
   981 000009EF E8 000000ED                     	CALL	_keywin_on
   982 000009F4 59                              	POP	ECX
   983 000009F5 E9 FFFFFD91                     	JMP	L25
   984 000009FA                                 L22:
   985 000009FA 8D 42 20                        	LEA	EAX,DWORD [32+EDX]
   986 000009FD 88 85 FFFFFF74                  	MOV	BYTE [-140+EBP],AL
   987 00000A03 E9 FFFFFD52                     	JMP	L20
   988 00000A08                                 L72:
   989 00000A08 83 BD FFFFFBB8 00               	CMP	DWORD [-1096+EBP],0
   990 00000A0F 0F 84 FFFFFD45                  	JE	L20
   991 00000A15 EB E3                           	JMP	L22
   992 00000A17                                 L17:
   993 00000A17 8A 86 [FFFFFF80]                	MOV	AL,BYTE [_keytable1.1-256+ESI]
   994 00000A1D E9 FFFFFD08                     	JMP	L78
   995 00000A22                                 L16:
   996 00000A22 C6 85 FFFFFF74 00               	MOV	BYTE [-140+EBP],0
   997 00000A29 E9 FFFFFD02                     	JMP	L19
   998 00000A2E                                 L81:
   999 00000A2E 83 BD FFFFFBDC 00               	CMP	DWORD [-1060+EBP],0
  1000 00000A35 79 2B                           	JNS	L103
  1001 00000A37 81 BD FFFFFBD4 7FFFFFFF         	CMP	DWORD [-1068+EBP],2147483647
  1002 00000A41 75 15                           	JNE	L104
  1003 00000A43 FF B5 FFFFFBBC                  	PUSH	DWORD [-1092+EBP]
  1004 00000A49 E8 [00000000]                   	CALL	_task_sleep
  1005 00000A4E E8 [00000000]                   	CALL	_io_sti
  1006 00000A53 E9 FFFFF992                     	JMP	L74
  1007 00000A58                                 L104:
  1008 00000A58 E8 [00000000]                   	CALL	_io_sti
  1009 00000A5D E9 FFFFFA65                     	JMP	L75
  1010 00000A62                                 L103:
  1011 00000A62 E8 [00000000]                   	CALL	_io_sti
  1012 00000A67 FF B5 FFFFFBD8                  	PUSH	DWORD [-1064+EBP]
  1013 00000A6D FF B5 FFFFFBDC                  	PUSH	DWORD [-1060+EBP]
  1014 00000A73 FF B5 FFFFFBC0                  	PUSH	DWORD [-1088+EBP]
  1015 00000A79 E8 [00000000]                   	CALL	_sheet_slide
  1016 00000A7E C7 85 FFFFFBDC FFFFFFFF         	MOV	DWORD [-1060+EBP],-1
  1017 00000A88 E9 FFFFFA5B                     	JMP	L77
  1018 00000A8D                                 L80:
  1019 00000A8D 53                              	PUSH	EBX
  1020 00000A8E E8 [00000000]                   	CALL	_fifo32_get
  1021 00000A93 89 85 FFFFFBB0                  	MOV	DWORD [-1104+EBP],EAX
  1022 00000A99 E8 [00000000]                   	CALL	_wait_KBC_sendready
  1023 00000A9E FF B5 FFFFFBB0                  	PUSH	DWORD [-1104+EBP]
  1024 00000AA4 6A 60                           	PUSH	96
  1025 00000AA6 E8 [00000000]                   	CALL	_io_out8
  1026 00000AAB 83 C4 0C                        	ADD	ESP,12
  1027 00000AAE E9 FFFFF850                     	JMP	L5
  1028 00000AB3                                 	GLOBAL	_keywin_off
  1029 00000AB3                                 _keywin_off:
  1030 00000AB3 55                              	PUSH	EBP
  1031 00000AB4 89 E5                           	MOV	EBP,ESP
  1032 00000AB6 53                              	PUSH	EBX
  1033 00000AB7 6A 00                           	PUSH	0
  1034 00000AB9 8B 5D 08                        	MOV	EBX,DWORD [8+EBP]
  1035 00000ABC 53                              	PUSH	EBX
  1036 00000ABD E8 [00000000]                   	CALL	_change_wtitle8
  1037 00000AC2 F6 43 1C 20                     	TEST	BYTE [28+EBX],32
  1038 00000AC6 58                              	POP	EAX
  1039 00000AC7 5A                              	POP	EDX
  1040 00000AC8 75 05                           	JNE	L107
  1041 00000ACA                                 L105:
  1042 00000ACA 8B 5D FC                        	MOV	EBX,DWORD [-4+EBP]
  1043 00000ACD C9                              	LEAVE
  1044 00000ACE C3                              	RET
  1045 00000ACF                                 L107:
  1046 00000ACF 6A 03                           	PUSH	3
  1047 00000AD1 8B 43 24                        	MOV	EAX,DWORD [36+EBX]
  1048 00000AD4 83 C0 10                        	ADD	EAX,16
  1049 00000AD7 50                              	PUSH	EAX
  1050 00000AD8 E8 [00000000]                   	CALL	_fifo32_put
  1051 00000ADD 59                              	POP	ECX
  1052 00000ADE 5B                              	POP	EBX
  1053 00000ADF EB E9                           	JMP	L105
  1054 00000AE1                                 	GLOBAL	_keywin_on
  1055 00000AE1                                 _keywin_on:
  1056 00000AE1 55                              	PUSH	EBP
  1057 00000AE2 89 E5                           	MOV	EBP,ESP
  1058 00000AE4 53                              	PUSH	EBX
  1059 00000AE5 6A 01                           	PUSH	1
  1060 00000AE7 8B 5D 08                        	MOV	EBX,DWORD [8+EBP]
  1061 00000AEA 53                              	PUSH	EBX
  1062 00000AEB E8 [00000000]                   	CALL	_change_wtitle8
  1063 00000AF0 F6 43 1C 20                     	TEST	BYTE [28+EBX],32
  1064 00000AF4 58                              	POP	EAX
  1065 00000AF5 5A                              	POP	EDX
  1066 00000AF6 75 05                           	JNE	L110
  1067 00000AF8                                 L108:
  1068 00000AF8 8B 5D FC                        	MOV	EBX,DWORD [-4+EBP]
  1069 00000AFB C9                              	LEAVE
  1070 00000AFC C3                              	RET
  1071 00000AFD                                 L110:
  1072 00000AFD 6A 02                           	PUSH	2
  1073 00000AFF 8B 43 24                        	MOV	EAX,DWORD [36+EBX]
  1074 00000B02 83 C0 10                        	ADD	EAX,16
  1075 00000B05 50                              	PUSH	EAX
  1076 00000B06 E8 [00000000]                   	CALL	_fifo32_put
  1077 00000B0B 59                              	POP	ECX
  1078 00000B0C 5B                              	POP	EBX
  1079 00000B0D EB E9                           	JMP	L108
  1080 00000B0F                                 	GLOBAL	_open_constask
  1081 00000B0F                                 _open_constask:
  1082 00000B0F 55                              	PUSH	EBP
  1083 00000B10 89 E5                           	MOV	EBP,ESP
  1084 00000B12 56                              	PUSH	ESI
  1085 00000B13 53                              	PUSH	EBX
  1086 00000B14 E8 [00000000]                   	CALL	_task_alloc
  1087 00000B19 68 00000200                     	PUSH	512
  1088 00000B1E 68 003C0000                     	PUSH	3932160
  1089 00000B23 89 C3                           	MOV	EBX,EAX
  1090 00000B25 E8 [00000000]                   	CALL	_memman_alloc_4k
  1091 00000B2A 68 00010000                     	PUSH	65536
  1092 00000B2F 68 003C0000                     	PUSH	3932160
  1093 00000B34 89 C6                           	MOV	ESI,EAX
  1094 00000B36 E8 [00000000]                   	CALL	_memman_alloc_4k
  1095 00000B3B 8B 55 08                        	MOV	EDX,DWORD [8+EBP]
  1096 00000B3E C7 43 4C [00000000]             	MOV	DWORD [76+EBX],_console_task
  1097 00000B45 89 83 000000AC                  	MOV	DWORD [172+EBX],EAX
  1098 00000B4B 05 0000FFF4                     	ADD	EAX,65524
  1099 00000B50 89 43 64                        	MOV	DWORD [100+EBX],EAX
  1100 00000B53 C7 43 74 00000008               	MOV	DWORD [116+EBX],8
  1101 00000B5A C7 43 78 00000010               	MOV	DWORD [120+EBX],16
  1102 00000B61 C7 43 7C 00000008               	MOV	DWORD [124+EBX],8
  1103 00000B68 C7 83 00000080 00000008         	MOV	DWORD [128+EBX],8
  1104 00000B72 C7 83 00000084 00000008         	MOV	DWORD [132+EBX],8
  1105 00000B7C C7 83 00000088 00000008         	MOV	DWORD [136+EBX],8
  1106 00000B86 89 50 04                        	MOV	DWORD [4+EAX],EDX
  1107 00000B89 8B 53 64                        	MOV	EDX,DWORD [100+EBX]
  1108 00000B8C 8B 45 0C                        	MOV	EAX,DWORD [12+EBP]
  1109 00000B8F 89 42 08                        	MOV	DWORD [8+EDX],EAX
  1110 00000B92 6A 02                           	PUSH	2
  1111 00000B94 6A 02                           	PUSH	2
  1112 00000B96 53                              	PUSH	EBX
  1113 00000B97 E8 [00000000]                   	CALL	_task_run
  1114 00000B9C 8D 43 10                        	LEA	EAX,DWORD [16+EBX]
  1115 00000B9F 53                              	PUSH	EBX
  1116 00000BA0 56                              	PUSH	ESI
  1117 00000BA1 68 00000080                     	PUSH	128
  1118 00000BA6 50                              	PUSH	EAX
  1119 00000BA7 E8 [00000000]                   	CALL	_fifo32_init
  1120 00000BAC 8D 65 F8                        	LEA	ESP,DWORD [-8+EBP]
  1121 00000BAF 89 D8                           	MOV	EAX,EBX
  1122 00000BB1 5B                              	POP	EBX
  1123 00000BB2 5E                              	POP	ESI
  1124 00000BB3 5D                              	POP	EBP
  1125 00000BB4 C3                              	RET
  1126                                          [SECTION .data]
  1127 00000120                                 LC2:
  1128 00000120 63 6F 6E 73 6F 6C 65 00         	DB	"console",0x00
  1129                                          [SECTION .text]
  1130 00000BB5                                 	GLOBAL	_open_console
  1131 00000BB5                                 _open_console:
  1132 00000BB5 55                              	PUSH	EBP
  1133 00000BB6 89 E5                           	MOV	EBP,ESP
  1134 00000BB8 56                              	PUSH	ESI
  1135 00000BB9 53                              	PUSH	EBX
  1136 00000BBA FF 75 08                        	PUSH	DWORD [8+EBP]
  1137 00000BBD E8 [00000000]                   	CALL	_sheet_alloc
  1138 00000BC2 68 00069000                     	PUSH	430080
  1139 00000BC7 68 003C0000                     	PUSH	3932160
  1140 00000BCC 89 C3                           	MOV	EBX,EAX
  1141 00000BCE E8 [00000000]                   	CALL	_memman_alloc_4k
  1142 00000BD3 6A FF                           	PUSH	-1
  1143 00000BD5 68 00000230                     	PUSH	560
  1144 00000BDA 89 C6                           	MOV	ESI,EAX
  1145 00000BDC 68 00000300                     	PUSH	768
  1146 00000BE1 50                              	PUSH	EAX
  1147 00000BE2 53                              	PUSH	EBX
  1148 00000BE3 E8 [00000000]                   	CALL	_sheet_setbuf
  1149 00000BE8 83 C4 20                        	ADD	ESP,32
  1150 00000BEB 6A 00                           	PUSH	0
  1151 00000BED 68 [00000120]                   	PUSH	LC2
  1152 00000BF2 68 00000230                     	PUSH	560
  1153 00000BF7 68 00000300                     	PUSH	768
  1154 00000BFC 56                              	PUSH	ESI
  1155 00000BFD E8 [00000000]                   	CALL	_make_window8
  1156 00000C02 6A 00                           	PUSH	0
  1157 00000C04 68 00000208                     	PUSH	520
  1158 00000C09 68 000002F0                     	PUSH	752
  1159 00000C0E 6A 1C                           	PUSH	28
  1160 00000C10 6A 08                           	PUSH	8
  1161 00000C12 53                              	PUSH	EBX
  1162 00000C13 E8 [00000000]                   	CALL	_make_textbox8
  1163 00000C18 83 C4 2C                        	ADD	ESP,44
  1164 00000C1B FF 75 0C                        	PUSH	DWORD [12+EBP]
  1165 00000C1E 53                              	PUSH	EBX
  1166 00000C1F E8 FFFFFEEB                     	CALL	_open_constask
  1167 00000C24 83 4B 1C 20                     	OR	DWORD [28+EBX],32
  1168 00000C28 89 43 24                        	MOV	DWORD [36+EBX],EAX
  1169 00000C2B 8D 65 F8                        	LEA	ESP,DWORD [-8+EBP]
  1170 00000C2E 89 D8                           	MOV	EAX,EBX
  1171 00000C30 5B                              	POP	EBX
  1172 00000C31 5E                              	POP	ESI
  1173 00000C32 5D                              	POP	EBP
  1174 00000C33 C3                              	RET
  1175 00000C34                                 	GLOBAL	_close_constask
  1176 00000C34                                 _close_constask:
  1177 00000C34 55                              	PUSH	EBP
  1178 00000C35 89 E5                           	MOV	EBP,ESP
  1179 00000C37 53                              	PUSH	EBX
  1180 00000C38 8B 5D 08                        	MOV	EBX,DWORD [8+EBP]
  1181 00000C3B 53                              	PUSH	EBX
  1182 00000C3C E8 [00000000]                   	CALL	_task_sleep
  1183 00000C41 68 00010000                     	PUSH	65536
  1184 00000C46 FF B3 000000AC                  	PUSH	DWORD [172+EBX]
  1185 00000C4C 68 003C0000                     	PUSH	3932160
  1186 00000C51 E8 [00000000]                   	CALL	_memman_free_4k
  1187 00000C56 68 00000200                     	PUSH	512
  1188 00000C5B FF 73 10                        	PUSH	DWORD [16+EBX]
  1189 00000C5E 68 003C0000                     	PUSH	3932160
  1190 00000C63 E8 [00000000]                   	CALL	_memman_free_4k
  1191 00000C68 C7 43 04 00000000               	MOV	DWORD [4+EBX],0
  1192 00000C6F 8B 5D FC                        	MOV	EBX,DWORD [-4+EBP]
  1193 00000C72 C9                              	LEAVE
  1194 00000C73 C3                              	RET
  1195 00000C74                                 	GLOBAL	_close_console
  1196 00000C74                                 _close_console:
  1197 00000C74 55                              	PUSH	EBP
  1198 00000C75 89 E5                           	MOV	EBP,ESP
  1199 00000C77 56                              	PUSH	ESI
  1200 00000C78 53                              	PUSH	EBX
  1201 00000C79 8B 5D 08                        	MOV	EBX,DWORD [8+EBP]
  1202 00000C7C 8B 73 24                        	MOV	ESI,DWORD [36+EBX]
  1203 00000C7F 68 00069000                     	PUSH	430080
  1204 00000C84 FF 33                           	PUSH	DWORD [EBX]
  1205 00000C86 68 003C0000                     	PUSH	3932160
  1206 00000C8B E8 [00000000]                   	CALL	_memman_free_4k
  1207 00000C90 53                              	PUSH	EBX
  1208 00000C91 E8 [00000000]                   	CALL	_sheet_free
  1209 00000C96 89 75 08                        	MOV	DWORD [8+EBP],ESI
  1210 00000C99 83 C4 10                        	ADD	ESP,16
  1211 00000C9C 8D 65 F8                        	LEA	ESP,DWORD [-8+EBP]
  1212 00000C9F 5B                              	POP	EBX
  1213 00000CA0 5E                              	POP	ESI
  1214 00000CA1 5D                              	POP	EBP
  1215 00000CA2 EB 90                           	JMP	_close_constask
