     1 00000000                                 [FORMAT "WCOFF"]
     2 00000000                                 [INSTRSET "i486p"]
     3 00000000                                 [OPTIMIZE 1]
     4 00000000                                 [OPTION 1]
     5 00000000                                 [BITS 32]
     6 00000000                                 	EXTERN	_memman_alloc_4k
     7 00000000                                 	EXTERN	_set_segmdesc
     8 00000000                                 	EXTERN	_load_tr
     9 00000000                                 	EXTERN	_timer_alloc
    10 00000000                                 	EXTERN	_timer_settime
    11 00000000                                 	EXTERN	_farjmp
    12 00000000                                 	EXTERN	_io_hlt
    13 00000000                                 [FILE "mtask.c"]
    14                                          [SECTION .text]
    15 00000000                                 	GLOBAL	_task_init
    16 00000000                                 _task_init:
    17 00000000 55                              	PUSH	EBP
    18 00000001 89 E5                           	MOV	EBP,ESP
    19 00000003 57                              	PUSH	EDI
    20 00000004 56                              	PUSH	ESI
    21 00000005 31 FF                           	XOR	EDI,EDI
    22 00000007 53                              	PUSH	EBX
    23 00000008 31 F6                           	XOR	ESI,ESI
    24 0000000A 68 0002BF78                     	PUSH	180088
    25 0000000F BB 000003E7                     	MOV	EBX,999
    26 00000014 FF 75 08                        	PUSH	DWORD [8+EBP]
    27 00000017 E8 [00000000]                   	CALL	_memman_alloc_4k
    28 0000001C A3 [00000000]                   	MOV	DWORD [_taskctl],EAX
    29 00000021 58                              	POP	EAX
    30 00000022 5A                              	POP	EDX
    31 00000023                                 L6:
    32 00000023 89 FA                           	MOV	EDX,EDI
    33 00000025 8D 46 18                        	LEA	EAX,DWORD [24+ESI]
    34 00000028 03 15 [00000000]                	ADD	EDX,DWORD [_taskctl]
    35 0000002E 89 82 00000FF8                  	MOV	DWORD [4088+EDX],EAX
    36 00000034 8D 86 00001F58                  	LEA	EAX,DWORD [8024+ESI]
    37 0000003A 89 82 00001084                  	MOV	DWORD [4228+EDX],EAX
    38 00000040 8D 86 00270018                  	LEA	EAX,DWORD [2555928+ESI]
    39 00000046 C7 82 00000FFC 00000000         	MOV	DWORD [4092+EDX],0
    40 00000050 68 00000089                     	PUSH	137
    41 00000055 81 C2 00001024                  	ADD	EDX,4132
    42 0000005B 52                              	PUSH	EDX
    43 0000005C 6A 67                           	PUSH	103
    44 0000005E 50                              	PUSH	EAX
    45 0000005F E8 [00000000]                   	CALL	_set_segmdesc
    46 00000064 A1 [00000000]                   	MOV	EAX,DWORD [_taskctl]
    47 00000069 01 F8                           	ADD	EAX,EDI
    48 0000006B 68 00000082                     	PUSH	130
    49 00000070 05 0000108C                     	ADD	EAX,4236
    50 00000075 81 C7 000000B0                  	ADD	EDI,176
    51 0000007B 50                              	PUSH	EAX
    52 0000007C 8D 86 00271F58                  	LEA	EAX,DWORD [2563928+ESI]
    53 00000082 6A 0F                           	PUSH	15
    54 00000084 83 C6 08                        	ADD	ESI,8
    55 00000087 50                              	PUSH	EAX
    56 00000088 E8 [00000000]                   	CALL	_set_segmdesc
    57 0000008D 83 C4 20                        	ADD	ESP,32
    58 00000090 4B                              	DEC	EBX
    59 00000091 79 90                           	JNS	L6
    60 00000093 8B 0D [00000000]                	MOV	ECX,DWORD [_taskctl]
    61 00000099 31 D2                           	XOR	EDX,EDX
    62 0000009B BB 00000009                     	MOV	EBX,9
    63 000000A0                                 L11:
    64 000000A0 8D 04 11                        	LEA	EAX,DWORD [ECX+EDX*1]
    65 000000A3 81 C2 00000198                  	ADD	EDX,408
    66 000000A9 4B                              	DEC	EBX
    67 000000AA C7 40 08 00000000               	MOV	DWORD [8+EAX],0
    68 000000B1 C7 40 0C 00000000               	MOV	DWORD [12+EAX],0
    69 000000B8 79 E6                           	JNS	L11
    70 000000BA E8 000000A6                     	CALL	_task_alloc
    71 000000BF 89 C6                           	MOV	ESI,EAX
    72 000000C1 C7 40 04 00000002               	MOV	DWORD [4+EAX],2
    73 000000C8 C7 40 0C 00000002               	MOV	DWORD [12+EAX],2
    74 000000CF C7 40 08 00000000               	MOV	DWORD [8+EAX],0
    75 000000D6 50                              	PUSH	EAX
    76 000000D7 E8 0000025E                     	CALL	_task_add
    77 000000DC E8 000002E5                     	CALL	_task_switchsub
    78 000000E1 FF 36                           	PUSH	DWORD [ESI]
    79 000000E3 E8 [00000000]                   	CALL	_load_tr
    80 000000E8 E8 [00000000]                   	CALL	_timer_alloc
    81 000000ED FF 76 0C                        	PUSH	DWORD [12+ESI]
    82 000000F0 50                              	PUSH	EAX
    83 000000F1 A3 [00000004]                   	MOV	DWORD [_task_timer],EAX
    84 000000F6 E8 [00000000]                   	CALL	_timer_settime
    85 000000FB E8 00000065                     	CALL	_task_alloc
    86 00000100 68 00010000                     	PUSH	65536
    87 00000105 FF 75 08                        	PUSH	DWORD [8+EBP]
    88 00000108 89 C3                           	MOV	EBX,EAX
    89 0000010A E8 [00000000]                   	CALL	_memman_alloc_4k
    90 0000010F 05 00010000                     	ADD	EAX,65536
    91 00000114 89 43 64                        	MOV	DWORD [100+EBX],EAX
    92 00000117 C7 43 4C [000003ED]             	MOV	DWORD [76+EBX],_task_idle
    93 0000011E C7 43 74 00000008               	MOV	DWORD [116+EBX],8
    94 00000125 C7 43 78 00000010               	MOV	DWORD [120+EBX],16
    95 0000012C C7 43 7C 00000008               	MOV	DWORD [124+EBX],8
    96 00000133 C7 83 00000080 00000008         	MOV	DWORD [128+EBX],8
    97 0000013D C7 83 00000084 00000008         	MOV	DWORD [132+EBX],8
    98 00000147 C7 83 00000088 00000008         	MOV	DWORD [136+EBX],8
    99 00000151 6A 01                           	PUSH	1
   100 00000153 6A 09                           	PUSH	9
   101 00000155 53                              	PUSH	EBX
   102 00000156 E8 000000B4                     	CALL	_task_run
   103 0000015B 8D 65 F4                        	LEA	ESP,DWORD [-12+EBP]
   104 0000015E 5B                              	POP	EBX
   105 0000015F 89 F0                           	MOV	EAX,ESI
   106 00000161 5E                              	POP	ESI
   107 00000162 5F                              	POP	EDI
   108 00000163 5D                              	POP	EBP
   109 00000164 C3                              	RET
   110 00000165                                 	GLOBAL	_task_alloc
   111 00000165                                 _task_alloc:
   112 00000165 55                              	PUSH	EBP
   113 00000166 31 C9                           	XOR	ECX,ECX
   114 00000168 89 E5                           	MOV	EBP,ESP
   115 0000016A 31 D2                           	XOR	EDX,EDX
   116 0000016C                                 L22:
   117 0000016C 89 D0                           	MOV	EAX,EDX
   118 0000016E 03 05 [00000000]                	ADD	EAX,DWORD [_taskctl]
   119 00000174 83 B8 00000FFC 00               	CMP	DWORD [4092+EAX],0
   120 0000017B 74 13                           	JE	L25
   121 0000017D 41                              	INC	ECX
   122 0000017E 81 C2 000000B0                  	ADD	EDX,176
   123 00000184 81 F9 000003E7                  	CMP	ECX,999
   124 0000018A 7E E0                           	JLE	L22
   125 0000018C 31 C0                           	XOR	EAX,EAX
   126 0000018E                                 L16:
   127 0000018E 5D                              	POP	EBP
   128 0000018F C3                              	RET
   129 00000190                                 L25:
   130 00000190 05 00000FF8                     	ADD	EAX,4088
   131 00000195 C7 40 04 00000001               	MOV	DWORD [4+EAX],1
   132 0000019C C7 40 50 00000202               	MOV	DWORD [80+EAX],514
   133 000001A3 C7 40 54 00000000               	MOV	DWORD [84+EAX],0
   134 000001AA C7 40 58 00000000               	MOV	DWORD [88+EAX],0
   135 000001B1 C7 40 5C 00000000               	MOV	DWORD [92+EAX],0
   136 000001B8 C7 40 60 00000000               	MOV	DWORD [96+EAX],0
   137 000001BF C7 40 68 00000000               	MOV	DWORD [104+EAX],0
   138 000001C6 C7 40 6C 00000000               	MOV	DWORD [108+EAX],0
   139 000001CD C7 40 70 00000000               	MOV	DWORD [112+EAX],0
   140 000001D4 C7 40 74 00000000               	MOV	DWORD [116+EAX],0
   141 000001DB C7 80 00000080 00000000         	MOV	DWORD [128+EAX],0
   142 000001E5 C7 80 00000084 00000000         	MOV	DWORD [132+EAX],0
   143 000001EF C7 80 00000088 00000000         	MOV	DWORD [136+EAX],0
   144 000001F9 C7 80 00000090 40000000         	MOV	DWORD [144+EAX],1073741824
   145 00000203 C7 40 34 00000000               	MOV	DWORD [52+EAX],0
   146 0000020A E9 FFFFFF7F                     	JMP	L16
   147 0000020F                                 	GLOBAL	_task_run
   148 0000020F                                 _task_run:
   149 0000020F 55                              	PUSH	EBP
   150 00000210 89 E5                           	MOV	EBP,ESP
   151 00000212 56                              	PUSH	ESI
   152 00000213 53                              	PUSH	EBX
   153 00000214 8B 75 0C                        	MOV	ESI,DWORD [12+EBP]
   154 00000217 8B 45 10                        	MOV	EAX,DWORD [16+EBP]
   155 0000021A 8B 5D 08                        	MOV	EBX,DWORD [8+EBP]
   156 0000021D 85 F6                           	TEST	ESI,ESI
   157 0000021F 78 3B                           	JS	L31
   158 00000221                                 L27:
   159 00000221 85 C0                           	TEST	EAX,EAX
   160 00000223 7E 03                           	JLE	L28
   161 00000225 89 43 0C                        	MOV	DWORD [12+EBX],EAX
   162 00000228                                 L28:
   163 00000228 83 7B 04 02                     	CMP	DWORD [4+EBX],2
   164 0000022C 74 20                           	JE	L32
   165 0000022E                                 L29:
   166 0000022E 83 7B 04 02                     	CMP	DWORD [4+EBX],2
   167 00000232 74 0A                           	JE	L30
   168 00000234 89 73 08                        	MOV	DWORD [8+EBX],ESI
   169 00000237 53                              	PUSH	EBX
   170 00000238 E8 000000FD                     	CALL	_task_add
   171 0000023D 59                              	POP	ECX
   172 0000023E                                 L30:
   173 0000023E A1 [00000000]                   	MOV	EAX,DWORD [_taskctl]
   174 00000243 C6 40 04 01                     	MOV	BYTE [4+EAX],1
   175 00000247 8D 65 F8                        	LEA	ESP,DWORD [-8+EBP]
   176 0000024A 5B                              	POP	EBX
   177 0000024B 5E                              	POP	ESI
   178 0000024C 5D                              	POP	EBP
   179 0000024D C3                              	RET
   180 0000024E                                 L32:
   181 0000024E 39 73 08                        	CMP	DWORD [8+EBX],ESI
   182 00000251 74 DB                           	JE	L29
   183 00000253 53                              	PUSH	EBX
   184 00000254 E8 0000010A                     	CALL	_task_remove
   185 00000259 58                              	POP	EAX
   186 0000025A EB D2                           	JMP	L29
   187 0000025C                                 L31:
   188 0000025C 8B 73 08                        	MOV	ESI,DWORD [8+EBX]
   189 0000025F EB C0                           	JMP	L27
   190 00000261                                 	GLOBAL	_task_switch
   191 00000261                                 _task_switch:
   192 00000261 55                              	PUSH	EBP
   193 00000262 89 E5                           	MOV	EBP,ESP
   194 00000264 56                              	PUSH	ESI
   195 00000265 53                              	PUSH	EBX
   196 00000266 8B 1D [00000000]                	MOV	EBX,DWORD [_taskctl]
   197 0000026C 8B 13                           	MOV	EDX,DWORD [EBX]
   198 0000026E 69 D2 00000198                  	IMUL	EDX,EDX,408
   199 00000274 8D 14 1A                        	LEA	EDX,DWORD [EDX+EBX*1]
   200 00000277 8D 4A 08                        	LEA	ECX,DWORD [8+EDX]
   201 0000027A 8B 41 04                        	MOV	EAX,DWORD [4+ECX]
   202 0000027D 8B 74 81 08                     	MOV	ESI,DWORD [8+ECX+EAX*4]
   203 00000281 40                              	INC	EAX
   204 00000282 89 41 04                        	MOV	DWORD [4+ECX],EAX
   205 00000285 3B 42 08                        	CMP	EAX,DWORD [8+EDX]
   206 00000288 74 4C                           	JE	L37
   207 0000028A                                 L34:
   208 0000028A 80 7B 04 00                     	CMP	BYTE [4+EBX],0
   209 0000028E 75 2D                           	JNE	L38
   210 00000290                                 L35:
   211 00000290 8B 41 04                        	MOV	EAX,DWORD [4+ECX]
   212 00000293 8B 5C 81 08                     	MOV	EBX,DWORD [8+ECX+EAX*4]
   213 00000297 FF 73 0C                        	PUSH	DWORD [12+EBX]
   214 0000029A FF 35 [00000004]                	PUSH	DWORD [_task_timer]
   215 000002A0 E8 [00000000]                   	CALL	_timer_settime
   216 000002A5 39 F3                           	CMP	EBX,ESI
   217 000002A7 59                              	POP	ECX
   218 000002A8 58                              	POP	EAX
   219 000002A9 74 0B                           	JE	L33
   220 000002AB FF 33                           	PUSH	DWORD [EBX]
   221 000002AD 6A 00                           	PUSH	0
   222 000002AF E8 [00000000]                   	CALL	_farjmp
   223 000002B4 58                              	POP	EAX
   224 000002B5 5A                              	POP	EDX
   225 000002B6                                 L33:
   226 000002B6 8D 65 F8                        	LEA	ESP,DWORD [-8+EBP]
   227 000002B9 5B                              	POP	EBX
   228 000002BA 5E                              	POP	ESI
   229 000002BB 5D                              	POP	EBP
   230 000002BC C3                              	RET
   231 000002BD                                 L38:
   232 000002BD E8 00000104                     	CALL	_task_switchsub
   233 000002C2 8B 15 [00000000]                	MOV	EDX,DWORD [_taskctl]
   234 000002C8 8B 02                           	MOV	EAX,DWORD [EDX]
   235 000002CA 69 C0 00000198                  	IMUL	EAX,EAX,408
   236 000002D0 8D 4C 10 08                     	LEA	ECX,DWORD [8+EAX+EDX*1]
   237 000002D4 EB BA                           	JMP	L35
   238 000002D6                                 L37:
   239 000002D6 C7 41 04 00000000               	MOV	DWORD [4+ECX],0
   240 000002DD EB AB                           	JMP	L34
   241 000002DF                                 	GLOBAL	_task_sleep
   242 000002DF                                 _task_sleep:
   243 000002DF 55                              	PUSH	EBP
   244 000002E0 89 E5                           	MOV	EBP,ESP
   245 000002E2 56                              	PUSH	ESI
   246 000002E3 53                              	PUSH	EBX
   247 000002E4 8B 75 08                        	MOV	ESI,DWORD [8+EBP]
   248 000002E7 83 7E 04 02                     	CMP	DWORD [4+ESI],2
   249 000002EB 74 07                           	JE	L42
   250 000002ED                                 L39:
   251 000002ED 8D 65 F8                        	LEA	ESP,DWORD [-8+EBP]
   252 000002F0 5B                              	POP	EBX
   253 000002F1 5E                              	POP	ESI
   254 000002F2 5D                              	POP	EBP
   255 000002F3 C3                              	RET
   256 000002F4                                 L42:
   257 000002F4 E8 00000024                     	CALL	_task_now
   258 000002F9 56                              	PUSH	ESI
   259 000002FA 89 C3                           	MOV	EBX,EAX
   260 000002FC E8 00000062                     	CALL	_task_remove
   261 00000301 59                              	POP	ECX
   262 00000302 39 DE                           	CMP	ESI,EBX
   263 00000304 75 E7                           	JNE	L39
   264 00000306 E8 000000BB                     	CALL	_task_switchsub
   265 0000030B E8 0000000D                     	CALL	_task_now
   266 00000310 FF 30                           	PUSH	DWORD [EAX]
   267 00000312 6A 00                           	PUSH	0
   268 00000314 E8 [00000000]                   	CALL	_farjmp
   269 00000319 58                              	POP	EAX
   270 0000031A 5A                              	POP	EDX
   271 0000031B EB D0                           	JMP	L39
   272 0000031D                                 	GLOBAL	_task_now
   273 0000031D                                 _task_now:
   274 0000031D A1 [00000000]                   	MOV	EAX,DWORD [_taskctl]
   275 00000322 55                              	PUSH	EBP
   276 00000323 89 E5                           	MOV	EBP,ESP
   277 00000325 5D                              	POP	EBP
   278 00000326 8B 10                           	MOV	EDX,DWORD [EAX]
   279 00000328 69 D2 00000198                  	IMUL	EDX,EDX,408
   280 0000032E 8D 44 02 08                     	LEA	EAX,DWORD [8+EDX+EAX*1]
   281 00000332 8B 50 04                        	MOV	EDX,DWORD [4+EAX]
   282 00000335 8B 44 90 08                     	MOV	EAX,DWORD [8+EAX+EDX*4]
   283 00000339 C3                              	RET
   284 0000033A                                 	GLOBAL	_task_add
   285 0000033A                                 _task_add:
   286 0000033A 55                              	PUSH	EBP
   287 0000033B 89 E5                           	MOV	EBP,ESP
   288 0000033D 8B 4D 08                        	MOV	ECX,DWORD [8+EBP]
   289 00000340 8B 51 08                        	MOV	EDX,DWORD [8+ECX]
   290 00000343 69 D2 00000198                  	IMUL	EDX,EDX,408
   291 00000349 03 15 [00000000]                	ADD	EDX,DWORD [_taskctl]
   292 0000034F 8B 42 08                        	MOV	EAX,DWORD [8+EDX]
   293 00000352 89 4C 82 10                     	MOV	DWORD [16+EDX+EAX*4],ECX
   294 00000356 40                              	INC	EAX
   295 00000357 89 42 08                        	MOV	DWORD [8+EDX],EAX
   296 0000035A C7 41 04 00000002               	MOV	DWORD [4+ECX],2
   297 00000361 5D                              	POP	EBP
   298 00000362 C3                              	RET
   299 00000363                                 	GLOBAL	_task_remove
   300 00000363                                 _task_remove:
   301 00000363 55                              	PUSH	EBP
   302 00000364 31 C9                           	XOR	ECX,ECX
   303 00000366 89 E5                           	MOV	EBP,ESP
   304 00000368 53                              	PUSH	EBX
   305 00000369 8B 5D 08                        	MOV	EBX,DWORD [8+EBP]
   306 0000036C 8B 43 08                        	MOV	EAX,DWORD [8+EBX]
   307 0000036F 69 C0 00000198                  	IMUL	EAX,EAX,408
   308 00000375 03 05 [00000000]                	ADD	EAX,DWORD [_taskctl]
   309 0000037B 8D 50 08                        	LEA	EDX,DWORD [8+EAX]
   310 0000037E 3B 48 08                        	CMP	ECX,DWORD [8+EAX]
   311 00000381 7D 0B                           	JGE	L47
   312 00000383                                 L51:
   313 00000383 39 5C 8A 08                     	CMP	DWORD [8+EDX+ECX*4],EBX
   314 00000387 74 05                           	JE	L47
   315 00000389 41                              	INC	ECX
   316 0000038A 3B 0A                           	CMP	ECX,DWORD [EDX]
   317 0000038C 7C F5                           	JL	L51
   318 0000038E                                 L47:
   319 0000038E 8B 42 04                        	MOV	EAX,DWORD [4+EDX]
   320 00000391 FF 0A                           	DEC	DWORD [EDX]
   321 00000393 39 C1                           	CMP	ECX,EAX
   322 00000395 7D 04                           	JGE	L52
   323 00000397 48                              	DEC	EAX
   324 00000398 89 42 04                        	MOV	DWORD [4+EDX],EAX
   325 0000039B                                 L52:
   326 0000039B 8B 02                           	MOV	EAX,DWORD [EDX]
   327 0000039D 39 42 04                        	CMP	DWORD [4+EDX],EAX
   328 000003A0 7C 07                           	JL	L53
   329 000003A2 C7 42 04 00000000               	MOV	DWORD [4+EDX],0
   330 000003A9                                 L53:
   331 000003A9 C7 43 04 00000001               	MOV	DWORD [4+EBX],1
   332 000003B0 8B 1A                           	MOV	EBX,DWORD [EDX]
   333 000003B2 39 D9                           	CMP	ECX,EBX
   334 000003B4 7D 0D                           	JGE	L61
   335 000003B6                                 L58:
   336 000003B6 8B 44 8A 0C                     	MOV	EAX,DWORD [12+EDX+ECX*4]
   337 000003BA 89 44 8A 08                     	MOV	DWORD [8+EDX+ECX*4],EAX
   338 000003BE 41                              	INC	ECX
   339 000003BF 39 D9                           	CMP	ECX,EBX
   340 000003C1 7C F3                           	JL	L58
   341 000003C3                                 L61:
   342 000003C3 5B                              	POP	EBX
   343 000003C4 5D                              	POP	EBP
   344 000003C5 C3                              	RET
   345 000003C6                                 	GLOBAL	_task_switchsub
   346 000003C6                                 _task_switchsub:
   347 000003C6 55                              	PUSH	EBP
   348 000003C7 31 C9                           	XOR	ECX,ECX
   349 000003C9 89 E5                           	MOV	EBP,ESP
   350 000003CB A1 [00000000]                   	MOV	EAX,DWORD [_taskctl]
   351 000003D0 31 D2                           	XOR	EDX,EDX
   352 000003D2                                 L68:
   353 000003D2 83 7C 10 08 00                  	CMP	DWORD [8+EAX+EDX*1],0
   354 000003D7 7F 0C                           	JG	L64
   355 000003D9 41                              	INC	ECX
   356 000003DA 81 C2 00000198                  	ADD	EDX,408
   357 000003E0 83 F9 09                        	CMP	ECX,9
   358 000003E3 7E ED                           	JLE	L68
   359 000003E5                                 L64:
   360 000003E5 89 08                           	MOV	DWORD [EAX],ECX
   361 000003E7 C6 40 04 00                     	MOV	BYTE [4+EAX],0
   362 000003EB 5D                              	POP	EBP
   363 000003EC C3                              	RET
   364 000003ED                                 	GLOBAL	_task_idle
   365 000003ED                                 _task_idle:
   366 000003ED 55                              	PUSH	EBP
   367 000003EE 89 E5                           	MOV	EBP,ESP
   368 000003F0                                 L71:
   369 000003F0 E8 [00000000]                   	CALL	_io_hlt
   370 000003F5 EB F9                           	JMP	L71
   371 000003F7                                 	GLOBAL	_taskctl
   372                                          [SECTION .data]
   373 00000000                                 	ALIGNB	4
   374 00000000                                 _taskctl:
   375 00000000 00 00 00 00                     	RESB	4
   376 00000004                                 	GLOBAL	_task_timer
   377                                          [SECTION .data]
   378 00000004                                 	ALIGNB	4
   379 00000004                                 _task_timer:
   380 00000004 00 00 00 00                     	RESB	4
