     1 00000000                                 [FORMAT "WCOFF"]
     2 00000000                                 [INSTRSET "i486p"]
     3 00000000                                 [OPTIMIZE 1]
     4 00000000                                 [OPTION 1]
     5 00000000                                 [BITS 32]
     6 00000000                                 	EXTERN	_init_gdtidt
     7 00000000                                 	EXTERN	_init_pic
     8 00000000                                 	EXTERN	_io_sti
     9 00000000                                 	EXTERN	_keyfifo
    10 00000000                                 	EXTERN	_fifo8_init
    11 00000000                                 	EXTERN	_mousefifo
    12 00000000                                 	EXTERN	_io_out8
    13 00000000                                 	EXTERN	_init_keyboard
    14 00000000                                 	EXTERN	_enable_mouse
    15 00000000                                 	EXTERN	_memtest
    16 00000000                                 	EXTERN	_memman_init
    17 00000000                                 	EXTERN	_memman_free
    18 00000000                                 	EXTERN	_init_palette
    19 00000000                                 	EXTERN	_shtctl_init
    20 00000000                                 	EXTERN	_sheet_alloc
    21 00000000                                 	EXTERN	_memman_alloc_4k
    22 00000000                                 	EXTERN	_sheet_setbuf
    23 00000000                                 	EXTERN	_init_screen8
    24 00000000                                 	EXTERN	_init_mouse_cursor8
    25 00000000                                 	EXTERN	_sheet_slide
    26 00000000                                 	EXTERN	_sheet_updown
    27 00000000                                 	EXTERN	_sprintf
    28 00000000                                 	EXTERN	_putfonts8_asc
    29 00000000                                 	EXTERN	_memman_total
    30 00000000                                 	EXTERN	_sheet_refresh
    31 00000000                                 	EXTERN	_io_cli
    32 00000000                                 	EXTERN	_fifo8_status
    33 00000000                                 	EXTERN	_fifo8_get
    34 00000000                                 	EXTERN	_mouse_decode
    35 00000000                                 	EXTERN	_boxfill8
    36 00000000                                 	EXTERN	_io_stihlt
    37 00000000                                 [FILE "bootpack.c"]
    38                                          [SECTION .data]
    39 00000000                                 LC0:
    40 00000000 28 25 33 64 2C 20 25 33 64 29   	DB	"(%3d, %3d)",0x00
       0000000A 00 
    41 0000000B                                 LC1:
    42 0000000B 6D 65 6D 6F 72 79 20 25 64 4D   	DB	"memory %dMB   free : %dKB",0x00
       00000015 42 20 20 20 66 72 65 65 20 3A 
       0000001F 20 25 64 4B 42 00 
    43 00000025                                 LC3:
    44 00000025 5B 6C 63 72 20 25 34 64 20 25   	DB	"[lcr %4d %4d]",0x00
       0000002F 34 64 5D 00 
    45 00000033                                 LC4:
    46 00000033 28 25 33 64 2C 25 33 64 29 00   	DB	"(%3d,%3d)",0x00
    47 0000003D                                 LC2:
    48 0000003D 25 30 32 78 00                  	DB	"%02x",0x00
    49                                          [SECTION .text]
    50 00000000                                 	GLOBAL	_HariMain
    51 00000000                                 _HariMain:
    52 00000000 55                              	PUSH	EBP
    53 00000001 89 E5                           	MOV	EBP,ESP
    54 00000003 57                              	PUSH	EDI
    55 00000004 56                              	PUSH	ESI
    56 00000005 53                              	PUSH	EBX
    57 00000006 81 EC 000002F8                  	SUB	ESP,760
    58 0000000C E8 [00000000]                   	CALL	_init_gdtidt
    59 00000011 E8 [00000000]                   	CALL	_init_pic
    60 00000016 E8 [00000000]                   	CALL	_io_sti
    61 0000001B 8D 85 FFFFFE94                  	LEA	EAX,DWORD [-364+EBP]
    62 00000021 50                              	PUSH	EAX
    63 00000022 6A 20                           	PUSH	32
    64 00000024 68 [00000000]                   	PUSH	_keyfifo
    65 00000029 E8 [00000000]                   	CALL	_fifo8_init
    66 0000002E 8D 85 FFFFFE14                  	LEA	EAX,DWORD [-492+EBP]
    67 00000034 50                              	PUSH	EAX
    68 00000035 68 00000080                     	PUSH	128
    69 0000003A 68 [00000000]                   	PUSH	_mousefifo
    70 0000003F E8 [00000000]                   	CALL	_fifo8_init
    71 00000044 68 000000F9                     	PUSH	249
    72 00000049 6A 21                           	PUSH	33
    73 0000004B E8 [00000000]                   	CALL	_io_out8
    74 00000050 83 C4 20                        	ADD	ESP,32
    75 00000053 68 000000EF                     	PUSH	239
    76 00000058 68 000000A1                     	PUSH	161
    77 0000005D E8 [00000000]                   	CALL	_io_out8
    78 00000062 E8 [00000000]                   	CALL	_init_keyboard
    79 00000067 8D 45 E4                        	LEA	EAX,DWORD [-28+EBP]
    80 0000006A 50                              	PUSH	EAX
    81 0000006B E8 [00000000]                   	CALL	_enable_mouse
    82 00000070 68 BFFFFFFF                     	PUSH	-1073741825
    83 00000075 68 00400000                     	PUSH	4194304
    84 0000007A E8 [00000000]                   	CALL	_memtest
    85 0000007F 68 003C0000                     	PUSH	3932160
    86 00000084 89 85 FFFFFD0C                  	MOV	DWORD [-756+EBP],EAX
    87 0000008A E8 [00000000]                   	CALL	_memman_init
    88 0000008F 68 0009E000                     	PUSH	647168
    89 00000094 68 00001000                     	PUSH	4096
    90 00000099 68 003C0000                     	PUSH	3932160
    91 0000009E E8 [00000000]                   	CALL	_memman_free
    92 000000A3 8B 85 FFFFFD0C                  	MOV	EAX,DWORD [-756+EBP]
    93 000000A9 83 C4 24                        	ADD	ESP,36
    94 000000AC 2D 00400000                     	SUB	EAX,4194304
    95 000000B1 50                              	PUSH	EAX
    96 000000B2 68 00400000                     	PUSH	4194304
    97 000000B7 68 003C0000                     	PUSH	3932160
    98 000000BC E8 [00000000]                   	CALL	_memman_free
    99 000000C1 E8 [00000000]                   	CALL	_init_palette
   100 000000C6 0F BF 05 00000FF6               	MOVSX	EAX,WORD [4086]
   101 000000CD 50                              	PUSH	EAX
   102 000000CE 0F BF 05 00000FF4               	MOVSX	EAX,WORD [4084]
   103 000000D5 50                              	PUSH	EAX
   104 000000D6 FF 35 00000FF8                  	PUSH	DWORD [4088]
   105 000000DC 68 003C0000                     	PUSH	3932160
   106 000000E1 E8 [00000000]                   	CALL	_shtctl_init
   107 000000E6 89 C3                           	MOV	EBX,EAX
   108 000000E8 50                              	PUSH	EAX
   109 000000E9 E8 [00000000]                   	CALL	_sheet_alloc
   110 000000EE 83 C4 20                        	ADD	ESP,32
   111 000000F1 53                              	PUSH	EBX
   112 000000F2 89 85 FFFFFD08                  	MOV	DWORD [-760+EBP],EAX
   113 000000F8 8D 9D FFFFFD14                  	LEA	EBX,DWORD [-748+EBP]
   114 000000FE E8 [00000000]                   	CALL	_sheet_alloc
   115 00000103 0F BF 15 00000FF6               	MOVSX	EDX,WORD [4086]
   116 0000010A 89 85 FFFFFD04                  	MOV	DWORD [-764+EBP],EAX
   117 00000110 0F BF 05 00000FF4               	MOVSX	EAX,WORD [4084]
   118 00000117 0F AF C2                        	IMUL	EAX,EDX
   119 0000011A 50                              	PUSH	EAX
   120 0000011B 68 003C0000                     	PUSH	3932160
   121 00000120 E8 [00000000]                   	CALL	_memman_alloc_4k
   122 00000125 6A FF                           	PUSH	-1
   123 00000127 89 C6                           	MOV	ESI,EAX
   124 00000129 0F BF 05 00000FF6               	MOVSX	EAX,WORD [4086]
   125 00000130 50                              	PUSH	EAX
   126 00000131 0F BF 05 00000FF4               	MOVSX	EAX,WORD [4084]
   127 00000138 50                              	PUSH	EAX
   128 00000139 56                              	PUSH	ESI
   129 0000013A FF B5 FFFFFD08                  	PUSH	DWORD [-760+EBP]
   130 00000140 E8 [00000000]                   	CALL	_sheet_setbuf
   131 00000145 83 C4 20                        	ADD	ESP,32
   132 00000148 6A 63                           	PUSH	99
   133 0000014A 6A 10                           	PUSH	16
   134 0000014C 6A 10                           	PUSH	16
   135 0000014E 53                              	PUSH	EBX
   136 0000014F FF B5 FFFFFD04                  	PUSH	DWORD [-764+EBP]
   137 00000155 E8 [00000000]                   	CALL	_sheet_setbuf
   138 0000015A 0F BF 05 00000FF6               	MOVSX	EAX,WORD [4086]
   139 00000161 50                              	PUSH	EAX
   140 00000162 0F BF 05 00000FF4               	MOVSX	EAX,WORD [4084]
   141 00000169 50                              	PUSH	EAX
   142 0000016A 56                              	PUSH	ESI
   143 0000016B E8 [00000000]                   	CALL	_init_screen8
   144 00000170 83 C4 20                        	ADD	ESP,32
   145 00000173 6A 63                           	PUSH	99
   146 00000175 53                              	PUSH	EBX
   147 00000176 BB 00000002                     	MOV	EBX,2
   148 0000017B E8 [00000000]                   	CALL	_init_mouse_cursor8
   149 00000180 6A 00                           	PUSH	0
   150 00000182 6A 00                           	PUSH	0
   151 00000184 FF B5 FFFFFD08                  	PUSH	DWORD [-760+EBP]
   152 0000018A E8 [00000000]                   	CALL	_sheet_slide
   153 0000018F 0F BF 05 00000FF4               	MOVSX	EAX,WORD [4084]
   154 00000196 8D 48 F0                        	LEA	ECX,DWORD [-16+EAX]
   155 00000199 89 C8                           	MOV	EAX,ECX
   156 0000019B 99                              	CDQ
   157 0000019C F7 FB                           	IDIV	EBX
   158 0000019E 89 85 FFFFFD10                  	MOV	DWORD [-752+EBP],EAX
   159 000001A4 0F BF 05 00000FF6               	MOVSX	EAX,WORD [4086]
   160 000001AB 8D 48 D4                        	LEA	ECX,DWORD [-44+EAX]
   161 000001AE 89 C8                           	MOV	EAX,ECX
   162 000001B0 99                              	CDQ
   163 000001B1 F7 FB                           	IDIV	EBX
   164 000001B3 50                              	PUSH	EAX
   165 000001B4 89 C7                           	MOV	EDI,EAX
   166 000001B6 FF B5 FFFFFD10                  	PUSH	DWORD [-752+EBP]
   167 000001BC FF B5 FFFFFD04                  	PUSH	DWORD [-764+EBP]
   168 000001C2 8D 5D B4                        	LEA	EBX,DWORD [-76+EBP]
   169 000001C5 E8 [00000000]                   	CALL	_sheet_slide
   170 000001CA 83 C4 20                        	ADD	ESP,32
   171 000001CD 6A 00                           	PUSH	0
   172 000001CF FF B5 FFFFFD08                  	PUSH	DWORD [-760+EBP]
   173 000001D5 E8 [00000000]                   	CALL	_sheet_updown
   174 000001DA 6A 01                           	PUSH	1
   175 000001DC FF B5 FFFFFD04                  	PUSH	DWORD [-764+EBP]
   176 000001E2 E8 [00000000]                   	CALL	_sheet_updown
   177 000001E7 57                              	PUSH	EDI
   178 000001E8 FF B5 FFFFFD10                  	PUSH	DWORD [-752+EBP]
   179 000001EE 68 [00000000]                   	PUSH	LC0
   180 000001F3 53                              	PUSH	EBX
   181 000001F4 E8 [00000000]                   	CALL	_sprintf
   182 000001F9 83 C4 20                        	ADD	ESP,32
   183 000001FC 53                              	PUSH	EBX
   184 000001FD 6A 07                           	PUSH	7
   185 000001FF 6A 00                           	PUSH	0
   186 00000201 6A 00                           	PUSH	0
   187 00000203 0F BF 05 00000FF4               	MOVSX	EAX,WORD [4084]
   188 0000020A 50                              	PUSH	EAX
   189 0000020B 56                              	PUSH	ESI
   190 0000020C E8 [00000000]                   	CALL	_putfonts8_asc
   191 00000211 68 003C0000                     	PUSH	3932160
   192 00000216 E8 [00000000]                   	CALL	_memman_total
   193 0000021B C1 AD FFFFFD0C 14               	SHR	DWORD [-756+EBP],20
   194 00000222 C1 E8 0A                        	SHR	EAX,10
   195 00000225 89 04 24                        	MOV	DWORD [ESP],EAX
   196 00000228 FF B5 FFFFFD0C                  	PUSH	DWORD [-756+EBP]
   197 0000022E 68 [0000000B]                   	PUSH	LC1
   198 00000233 53                              	PUSH	EBX
   199 00000234 E8 [00000000]                   	CALL	_sprintf
   200 00000239 83 C4 28                        	ADD	ESP,40
   201 0000023C 53                              	PUSH	EBX
   202 0000023D 6A 07                           	PUSH	7
   203 0000023F 6A 20                           	PUSH	32
   204 00000241 6A 00                           	PUSH	0
   205 00000243 0F BF 05 00000FF4               	MOVSX	EAX,WORD [4084]
   206 0000024A 50                              	PUSH	EAX
   207 0000024B 56                              	PUSH	ESI
   208 0000024C E8 [00000000]                   	CALL	_putfonts8_asc
   209 00000251 6A 30                           	PUSH	48
   210 00000253 0F BF 05 00000FF4               	MOVSX	EAX,WORD [4084]
   211 0000025A 50                              	PUSH	EAX
   212 0000025B 6A 00                           	PUSH	0
   213 0000025D                                 L18:
   214 0000025D 6A 00                           	PUSH	0
   215 0000025F FF B5 FFFFFD08                  	PUSH	DWORD [-760+EBP]
   216 00000265 E8 [00000000]                   	CALL	_sheet_refresh
   217 0000026A 83 C4 2C                        	ADD	ESP,44
   218 0000026D                                 L2:
   219 0000026D E8 [00000000]                   	CALL	_io_cli
   220 00000272 68 [00000000]                   	PUSH	_keyfifo
   221 00000277 E8 [00000000]                   	CALL	_fifo8_status
   222 0000027C 68 [00000000]                   	PUSH	_mousefifo
   223 00000281 89 C3                           	MOV	EBX,EAX
   224 00000283 E8 [00000000]                   	CALL	_fifo8_status
   225 00000288 8D 04 18                        	LEA	EAX,DWORD [EAX+EBX*1]
   226 0000028B 5B                              	POP	EBX
   227 0000028C 5E                              	POP	ESI
   228 0000028D 85 C0                           	TEST	EAX,EAX
   229 0000028F 0F 84 0000020B                  	JE	L19
   230 00000295 68 [00000000]                   	PUSH	_keyfifo
   231 0000029A E8 [00000000]                   	CALL	_fifo8_status
   232 0000029F 59                              	POP	ECX
   233 000002A0 85 C0                           	TEST	EAX,EAX
   234 000002A2 0F 85 00000193                  	JNE	L20
   235 000002A8 68 [00000000]                   	PUSH	_mousefifo
   236 000002AD E8 [00000000]                   	CALL	_fifo8_status
   237 000002B2 5A                              	POP	EDX
   238 000002B3 85 C0                           	TEST	EAX,EAX
   239 000002B5 74 B6                           	JE	L2
   240 000002B7 68 [00000000]                   	PUSH	_mousefifo
   241 000002BC E8 [00000000]                   	CALL	_fifo8_get
   242 000002C1 89 C3                           	MOV	EBX,EAX
   243 000002C3 E8 [00000000]                   	CALL	_io_sti
   244 000002C8 0F B6 C3                        	MOVZX	EAX,BL
   245 000002CB 50                              	PUSH	EAX
   246 000002CC 8D 45 E4                        	LEA	EAX,DWORD [-28+EBP]
   247 000002CF 50                              	PUSH	EAX
   248 000002D0 E8 [00000000]                   	CALL	_mouse_decode
   249 000002D5 83 C4 0C                        	ADD	ESP,12
   250 000002D8 85 C0                           	TEST	EAX,EAX
   251 000002DA 74 91                           	JE	L2
   252 000002DC FF 75 EC                        	PUSH	DWORD [-20+EBP]
   253 000002DF FF 75 E8                        	PUSH	DWORD [-24+EBP]
   254 000002E2 68 [00000025]                   	PUSH	LC3
   255 000002E7 8D 5D B4                        	LEA	EBX,DWORD [-76+EBP]
   256 000002EA 53                              	PUSH	EBX
   257 000002EB E8 [00000000]                   	CALL	_sprintf
   258 000002F0 83 C4 10                        	ADD	ESP,16
   259 000002F3 8B 45 F0                        	MOV	EAX,DWORD [-16+EBP]
   260 000002F6 A9 00000001                     	TEST	EAX,1
   261 000002FB 74 04                           	JE	L11
   262 000002FD C6 45 B5 4C                     	MOV	BYTE [-75+EBP],76
   263 00000301                                 L11:
   264 00000301 A9 00000002                     	TEST	EAX,2
   265 00000306 74 04                           	JE	L12
   266 00000308 C6 45 B7 52                     	MOV	BYTE [-73+EBP],82
   267 0000030C                                 L12:
   268 0000030C 83 E0 04                        	AND	EAX,4
   269 0000030F 74 04                           	JE	L13
   270 00000311 C6 45 B7 43                     	MOV	BYTE [-73+EBP],67
   271 00000315                                 L13:
   272 00000315 6A 1F                           	PUSH	31
   273 00000317 68 00000097                     	PUSH	151
   274 0000031C 6A 10                           	PUSH	16
   275 0000031E 6A 20                           	PUSH	32
   276 00000320 6A 0D                           	PUSH	13
   277 00000322 0F BF 05 00000FF4               	MOVSX	EAX,WORD [4084]
   278 00000329 50                              	PUSH	EAX
   279 0000032A FF 35 00000FF8                  	PUSH	DWORD [4088]
   280 00000330 E8 [00000000]                   	CALL	_boxfill8
   281 00000335 53                              	PUSH	EBX
   282 00000336 6A 07                           	PUSH	7
   283 00000338 6A 10                           	PUSH	16
   284 0000033A 6A 20                           	PUSH	32
   285 0000033C 0F BF 05 00000FF4               	MOVSX	EAX,WORD [4084]
   286 00000343 50                              	PUSH	EAX
   287 00000344 FF 35 00000FF8                  	PUSH	DWORD [4088]
   288 0000034A E8 [00000000]                   	CALL	_putfonts8_asc
   289 0000034F 83 C4 34                        	ADD	ESP,52
   290 00000352 6A 20                           	PUSH	32
   291 00000354 68 00000098                     	PUSH	152
   292 00000359 6A 10                           	PUSH	16
   293 0000035B 6A 20                           	PUSH	32
   294 0000035D FF B5 FFFFFD08                  	PUSH	DWORD [-760+EBP]
   295 00000363 E8 [00000000]                   	CALL	_sheet_refresh
   296 00000368 8B 45 E8                        	MOV	EAX,DWORD [-24+EBP]
   297 0000036B 03 7D EC                        	ADD	EDI,DWORD [-20+EBP]
   298 0000036E 83 C4 14                        	ADD	ESP,20
   299 00000371 01 85 FFFFFD10                  	ADD	DWORD [-752+EBP],EAX
   300 00000377 0F 88 000000AF                  	JS	L21
   301 0000037D                                 L14:
   302 0000037D 85 FF                           	TEST	EDI,EDI
   303 0000037F 0F 88 000000A0                  	JS	L22
   304 00000385                                 L15:
   305 00000385 0F BF 05 00000FF4               	MOVSX	EAX,WORD [4084]
   306 0000038C 48                              	DEC	EAX
   307 0000038D 39 85 FFFFFD10                  	CMP	DWORD [-752+EBP],EAX
   308 00000393 7E 06                           	JLE	L16
   309 00000395 89 85 FFFFFD10                  	MOV	DWORD [-752+EBP],EAX
   310 0000039B                                 L16:
   311 0000039B 0F BF 05 00000FF6               	MOVSX	EAX,WORD [4086]
   312 000003A2 48                              	DEC	EAX
   313 000003A3 39 C7                           	CMP	EDI,EAX
   314 000003A5 7E 02                           	JLE	L17
   315 000003A7 89 C7                           	MOV	EDI,EAX
   316 000003A9                                 L17:
   317 000003A9 57                              	PUSH	EDI
   318 000003AA FF B5 FFFFFD10                  	PUSH	DWORD [-752+EBP]
   319 000003B0 68 [00000033]                   	PUSH	LC4
   320 000003B5 53                              	PUSH	EBX
   321 000003B6 E8 [00000000]                   	CALL	_sprintf
   322 000003BB 6A 0F                           	PUSH	15
   323 000003BD 6A 4F                           	PUSH	79
   324 000003BF 6A 00                           	PUSH	0
   325 000003C1 6A 00                           	PUSH	0
   326 000003C3 6A 0D                           	PUSH	13
   327 000003C5 0F BF 05 00000FF4               	MOVSX	EAX,WORD [4084]
   328 000003CC 50                              	PUSH	EAX
   329 000003CD FF 35 00000FF8                  	PUSH	DWORD [4088]
   330 000003D3 E8 [00000000]                   	CALL	_boxfill8
   331 000003D8 83 C4 2C                        	ADD	ESP,44
   332 000003DB 53                              	PUSH	EBX
   333 000003DC 6A 07                           	PUSH	7
   334 000003DE 6A 00                           	PUSH	0
   335 000003E0 6A 00                           	PUSH	0
   336 000003E2 0F BF 05 00000FF4               	MOVSX	EAX,WORD [4084]
   337 000003E9 50                              	PUSH	EAX
   338 000003EA FF 35 00000FF8                  	PUSH	DWORD [4088]
   339 000003F0 E8 [00000000]                   	CALL	_putfonts8_asc
   340 000003F5 6A 10                           	PUSH	16
   341 000003F7 6A 50                           	PUSH	80
   342 000003F9 6A 00                           	PUSH	0
   343 000003FB 6A 00                           	PUSH	0
   344 000003FD FF B5 FFFFFD08                  	PUSH	DWORD [-760+EBP]
   345 00000403 E8 [00000000]                   	CALL	_sheet_refresh
   346 00000408 83 C4 2C                        	ADD	ESP,44
   347 0000040B 57                              	PUSH	EDI
   348 0000040C FF B5 FFFFFD10                  	PUSH	DWORD [-752+EBP]
   349 00000412 FF B5 FFFFFD04                  	PUSH	DWORD [-764+EBP]
   350 00000418 E8 [00000000]                   	CALL	_sheet_slide
   351 0000041D 83 C4 0C                        	ADD	ESP,12
   352 00000420 E9 FFFFFE48                     	JMP	L2
   353 00000425                                 L22:
   354 00000425 31 FF                           	XOR	EDI,EDI
   355 00000427 E9 FFFFFF59                     	JMP	L15
   356 0000042C                                 L21:
   357 0000042C C7 85 FFFFFD10 00000000         	MOV	DWORD [-752+EBP],0
   358 00000436 E9 FFFFFF42                     	JMP	L14
   359 0000043B                                 L20:
   360 0000043B 68 [00000000]                   	PUSH	_keyfifo
   361 00000440 E8 [00000000]                   	CALL	_fifo8_get
   362 00000445 89 C3                           	MOV	EBX,EAX
   363 00000447 E8 [00000000]                   	CALL	_io_sti
   364 0000044C 53                              	PUSH	EBX
   365 0000044D 8D 5D B4                        	LEA	EBX,DWORD [-76+EBP]
   366 00000450 68 [0000003D]                   	PUSH	LC2
   367 00000455 53                              	PUSH	EBX
   368 00000456 E8 [00000000]                   	CALL	_sprintf
   369 0000045B 6A 1F                           	PUSH	31
   370 0000045D 6A 0F                           	PUSH	15
   371 0000045F 6A 10                           	PUSH	16
   372 00000461 6A 00                           	PUSH	0
   373 00000463 6A 0D                           	PUSH	13
   374 00000465 0F BF 05 00000FF4               	MOVSX	EAX,WORD [4084]
   375 0000046C 50                              	PUSH	EAX
   376 0000046D FF 35 00000FF8                  	PUSH	DWORD [4088]
   377 00000473 E8 [00000000]                   	CALL	_boxfill8
   378 00000478 83 C4 2C                        	ADD	ESP,44
   379 0000047B 53                              	PUSH	EBX
   380 0000047C 6A 07                           	PUSH	7
   381 0000047E 6A 10                           	PUSH	16
   382 00000480 6A 00                           	PUSH	0
   383 00000482 0F BF 05 00000FF4               	MOVSX	EAX,WORD [4084]
   384 00000489 50                              	PUSH	EAX
   385 0000048A FF 35 00000FF8                  	PUSH	DWORD [4088]
   386 00000490 E8 [00000000]                   	CALL	_putfonts8_asc
   387 00000495 6A 20                           	PUSH	32
   388 00000497 6A 10                           	PUSH	16
   389 00000499 6A 10                           	PUSH	16
   390 0000049B E9 FFFFFDBD                     	JMP	L18
   391 000004A0                                 L19:
   392 000004A0 E8 [00000000]                   	CALL	_io_stihlt
   393 000004A5 E9 FFFFFDC3                     	JMP	L2
