     1 00000000                                 ;hello-os
     2 00000000                                 ;TAB=4
     3 00000000                                    
     4 00000000                                 
     5                                              ORG 0x7c00 ;启动程序的装载地址一般为0x7c00~0x7dff
     6 00007C00                                 
     7 00007C00 EB 4E                               jmp entry
     8 00007C02                                 ;标准的FAT12格式软盘的必备专用的代码 Stand FAT12 format floppy code，即书写在开头的文件描述系统
     9 00007C02 90                              		DB		0x90
    10 00007C03 48 45 4C 4C 4F 49 50 4C         		DB		"HELLOIPL"		; 启动扇区名称（8字节）
    11 00007C0B 0200                            		DW		512				; 每个扇区（sector）大小（必须512字节）
    12 00007C0D 01                              		DB		1				; 簇（cluster）大小（必须为1个扇区）
    13 00007C0E 0001                            		DW		1				; FAT起始位置（一般为第一个扇区）
    14 00007C10 02                              		DB		2				; FAT个数（必须为2）
    15 00007C11 00E0                            		DW		224				; 根目录大小（一般为224项）
    16 00007C13 0B40                            		DW		2880			; 该磁盘大小（必须为2880扇区1440*1024/512）
    17 00007C15 F0                              		DB		0xf0			; 磁盘类型（必须为0xf0）
    18 00007C16 0009                            		DW		9				; FAT的长度（必须是9扇区）
    19 00007C18 0012                            		DW		18				; 一个磁道（track）有几个扇区（必须为18）
    20 00007C1A 0002                            		DW		2				; 磁头数（必须是2）
    21 00007C1C 00000000                        		DD		0				; 不使用分区，必须是0
    22 00007C20 00000B40                        		DD		2880			; 重写一次磁盘大小
    23 00007C24 00 00 29                        		DB		0,0,0x29		; 意义不明（固定）
    24 00007C27 FFFFFFFF                        		DD		0xffffffff		; （可能是）卷标号码
    25 00007C2B 48 45 4C 4C 4F 2D 4F 53 20 20   		DB		"HELLO-OS   "	; 磁盘的名称（必须为11字字节，不足填空格）
       00007C35 20 
    26 00007C36 46 41 54 31 32 20 20 20         		DB		"FAT12   "		; 磁盘格式名称（必须8字，不足填空格）
    27 00007C3E 00 00 00 00 00 00 00 00 00 00   		RESB	18				; 先空出18字节
       00007C48 00 00 00 00 00 00 00 00 
    28 00007C50                                 ;程序主主体
    29 00007C50                                     entry:
    30 00007C50                                     ;将启动区的初始段地址（0000）设置给以及将启动扇区的偏移地址（7c00)进行设置到栈和数据段中
    31 00007C50 B8 0000                                  mov ax,0
    32 00007C53 8E D0                                    mov ss,ax
    33 00007C55 BC 7C00                                  mov sp,0x7c00
    34 00007C58 8E D8                                    mov ds,ax
    35 00007C5A 8E C0                                    mov es,ax
    36 00007C5C                                 
    37 00007C5C BE 7C75                                  mov si,msg
    38 00007C5F                                 ;程序启动后我们想要显示的内容
    39 00007C5F                                     putloop:
    40 00007C5F 8A 04                                    mov al,[si]
    41 00007C61 83 C6 01                                 add si,1   ; 给SI加1,循环打印
    42 00007C64 3C 00                                    cmp al,0
    43 00007C66 74 0A                                    je fin  ;若数据内存该处的值为零，则该程序终止
    44 00007C68 B4 0E                                    mov ah,0x0e  ; 显示一个文字，调用0x0e号子中断程序
    45 00007C6A B7 00                                    mov bh,0   ;第0页
    46 00007C6C B3 CA                                    mov bl,11001010B  ; 指定字符颜色
    47 00007C6E CD 10                                    int 0x10 ; 设置中断程序。10h号中断代表显示字符串，调用bios的中断
    48 00007C70 EB ED                                    jmp putloop 
    49 00007C72                                 
    50 00007C72                                     fin: 
    51 00007C72 F4                                       HLT ;cpu停止运行，等待指令，节约资源
    52 00007C73 EB FD                                    jmp fin ; 无限循环
    53 00007C75                                 
    54 00007C75                                     msg:
    55 00007C75 0A 0A                                   DB		0x0a, 0x0a		; 换行两次
    56 00007C77 68 65 6C 6C 6F 2C 20 77 6F 72   		DB		"hello, world"
       00007C81 6C 64 
    57 00007C83 0A                              		DB      0x0a
    58 00007C84 4F 53 20 6D 61 64 65 20 62 79   		DB      "OS made by FH"
       00007C8E 20 46 48 
    59 00007C91 0A                              		DB		0x0a			; 换行
    60 00007C92 00                              		DB		0
    61 00007C93                                 
    62 00007C93 00 00 00 00 00 00 00 00 00 00   		RESB	0x7dfe-$		; 填写0x00直到0x001fe
       00007C9D 00 00 00 00 00 00 00 00 00 00 
       00007CA7 00 00 00 00 00 00 00 00 00 00 
       00007CB1 00 00 00 00 00 00 00 00 00 00 
       00007CBB 00 00 00 00 00 00 00 00 00 00 
       00007CC5 00 00 00 00 00 00 00 00 00 00 
       00007CCF 00 00 00 00 00 00 00 00 00 00 
       00007CD9 00 00 00 00 00 00 00 00 00 00 
       00007CE3 00 00 00 00 00 00 00 00 00 00 
       00007CED 00 00 00 00 00 00 00 00 00 00 
       00007CF7 00 00 00 00 00 00 00 00 00 00 
       00007D01 00 00 00 00 00 00 00 00 00 00 
       00007D0B 00 00 00 00 00 00 00 00 00 00 
       00007D15 00 00 00 00 00 00 00 00 00 00 
       00007D1F 00 00 00 00 00 00 00 00 00 00 
       00007D29 00 00 00 00 00 00 00 00 00 00 
       00007D33 00 00 00 00 00 00 00 00 00 00 
       00007D3D 00 00 00 00 00 00 00 00 00 00 
       00007D47 00 00 00 00 00 00 00 00 00 00 
       00007D51 00 00 00 00 00 00 00 00 00 00 
       00007D5B 00 00 00 00 00 00 00 00 00 00 
       00007D65 00 00 00 00 00 00 00 00 00 00 
       00007D6F 00 00 00 00 00 00 00 00 00 00 
       00007D79 00 00 00 00 00 00 00 00 00 00 
       00007D83 00 00 00 00 00 00 00 00 00 00 
       00007D8D 00 00 00 00 00 00 00 00 00 00 
       00007D97 00 00 00 00 00 00 00 00 00 00 
       00007DA1 00 00 00 00 00 00 00 00 00 00 
       00007DAB 00 00 00 00 00 00 00 00 00 00 
       00007DB5 00 00 00 00 00 00 00 00 00 00 
       00007DBF 00 00 00 00 00 00 00 00 00 00 
       00007DC9 00 00 00 00 00 00 00 00 00 00 
       00007DD3 00 00 00 00 00 00 00 00 00 00 
       00007DDD 00 00 00 00 00 00 00 00 00 00 
       00007DE7 00 00 00 00 00 00 00 00 00 00 
       00007DF1 00 00 00 00 00 00 00 00 00 00 
       00007DFB 00 00 00 
    63 00007DFE                                 
    64 00007DFE 55 AA                           		DB		0x55, 0xaa  ;这里标志着有启动程序，因为计算机一般先读最后两字节进行判断是否含启动程序的！！
    65 00007E00                                 
