     1 00000000                                 [FORMAT "WCOFF"]
     2 00000000                                 [INSTRSET "i486p"]
     3 00000000                                 [OPTIMIZE 1]
     4 00000000                                 [OPTION 1]
     5 00000000                                 [BITS 32]
     6 00000000                                 	EXTERN	_table_rgb.0
     7 00000000                                 	EXTERN	_io_load_eflags
     8 00000000                                 	EXTERN	_io_cli
     9 00000000                                 	EXTERN	_io_out8
    10 00000000                                 	EXTERN	_io_store_eflags
    11 00000000                                 	EXTERN	_task_now
    12 00000000                                 	EXTERN	_hankaku
    13 00000000                                 	EXTERN	_memman_alloc_4k
    14 00000000                                 	EXTERN	_file_readfat
    15 00000000                                 	EXTERN	_file_search
    16 00000000                                 	EXTERN	_file_loadfile2
    17 00000000                                 	EXTERN	_memman_free_4k
    18 00000000                                 [FILE "graphic.c"]
    19                                          [SECTION .data]
    20 00000000                                 _table_rgb.0:
    21 00000000 00                              	DB	0
    22 00000001 00                              	DB	0
    23 00000002 00                              	DB	0
    24 00000003 FF                              	DB	-1
    25 00000004 00                              	DB	0
    26 00000005 00                              	DB	0
    27 00000006 00                              	DB	0
    28 00000007 FF                              	DB	-1
    29 00000008 00                              	DB	0
    30 00000009 FF                              	DB	-1
    31 0000000A FF                              	DB	-1
    32 0000000B 00                              	DB	0
    33 0000000C 00                              	DB	0
    34 0000000D 00                              	DB	0
    35 0000000E FF                              	DB	-1
    36 0000000F FF                              	DB	-1
    37 00000010 00                              	DB	0
    38 00000011 FF                              	DB	-1
    39 00000012 00                              	DB	0
    40 00000013 FF                              	DB	-1
    41 00000014 FF                              	DB	-1
    42 00000015 FF                              	DB	-1
    43 00000016 FF                              	DB	-1
    44 00000017 FF                              	DB	-1
    45 00000018 C6                              	DB	-58
    46 00000019 C6                              	DB	-58
    47 0000001A C6                              	DB	-58
    48 0000001B 84                              	DB	-124
    49 0000001C 00                              	DB	0
    50 0000001D 00                              	DB	0
    51 0000001E 00                              	DB	0
    52 0000001F 84                              	DB	-124
    53 00000020 00                              	DB	0
    54 00000021 84                              	DB	-124
    55 00000022 84                              	DB	-124
    56 00000023 00                              	DB	0
    57 00000024 00                              	DB	0
    58 00000025 00                              	DB	0
    59 00000026 84                              	DB	-124
    60 00000027 84                              	DB	-124
    61 00000028 00                              	DB	0
    62 00000029 84                              	DB	-124
    63 0000002A 00                              	DB	0
    64 0000002B 84                              	DB	-124
    65 0000002C 84                              	DB	-124
    66 0000002D 84                              	DB	-124
    67 0000002E 84                              	DB	-124
    68 0000002F 84                              	DB	-124
    69                                          [SECTION .text]
    70 00000000                                 	GLOBAL	_init_palette
    71 00000000                                 _init_palette:
    72 00000000 55                              	PUSH	EBP
    73 00000001 89 E5                           	MOV	EBP,ESP
    74 00000003 57                              	PUSH	EDI
    75 00000004 56                              	PUSH	ESI
    76 00000005 53                              	PUSH	EBX
    77 00000006 81 EC 000002A4                  	SUB	ESP,676
    78 0000000C 68 [00000000]                   	PUSH	_table_rgb.0
    79 00000011 6A 0F                           	PUSH	15
    80 00000013 6A 00                           	PUSH	0
    81 00000015 E8 000000B4                     	CALL	_set_palette
    82 0000001A 83 C4 0C                        	ADD	ESP,12
    83 0000001D C7 85 FFFFFD60 00000000         	MOV	DWORD [-672+EBP],0
    84 00000027 C7 85 FFFFFD5C 00000000         	MOV	DWORD [-676+EBP],0
    85 00000031 C7 85 FFFFFD58 00000000         	MOV	DWORD [-680+EBP],0
    86 0000003B                                 L16:
    87 0000003B 31 FF                           	XOR	EDI,EDI
    88 0000003D 31 F6                           	XOR	ESI,ESI
    89 0000003F 31 DB                           	XOR	EBX,EBX
    90 00000041                                 L15:
    91 00000041 31 D2                           	XOR	EDX,EDX
    92 00000043 C7 85 FFFFFD50 00000000         	MOV	DWORD [-688+EBP],0
    93 0000004D                                 L14:
    94 0000004D 8B 85 FFFFFD58                  	MOV	EAX,DWORD [-680+EBP]
    95 00000053 8A 8D FFFFFD50                  	MOV	CL,BYTE [-688+EBP]
    96 00000059 01 D8                           	ADD	EAX,EBX
    97 0000005B 01 D0                           	ADD	EAX,EDX
    98 0000005D 42                              	INC	EDX
    99 0000005E 6B C0 03                        	IMUL	EAX,EAX,3
   100 00000061 88 8C 05 FFFFFD64               	MOV	BYTE [-668+EBP+EAX*1],CL
   101 00000068 89 F1                           	MOV	ECX,ESI
   102 0000006A 88 8C 05 FFFFFD65               	MOV	BYTE [-667+EBP+EAX*1],CL
   103 00000071 8A 8D FFFFFD5C                  	MOV	CL,BYTE [-676+EBP]
   104 00000077 88 8C 05 FFFFFD66               	MOV	BYTE [-666+EBP+EAX*1],CL
   105 0000007E 83 85 FFFFFD50 33               	ADD	DWORD [-688+EBP],51
   106 00000085 83 FA 05                        	CMP	EDX,5
   107 00000088 7E C3                           	JLE	L14
   108 0000008A 47                              	INC	EDI
   109 0000008B 83 C6 33                        	ADD	ESI,51
   110 0000008E 83 C3 06                        	ADD	EBX,6
   111 00000091 83 FF 05                        	CMP	EDI,5
   112 00000094 7E AB                           	JLE	L15
   113 00000096 FF 85 FFFFFD60                  	INC	DWORD [-672+EBP]
   114 0000009C 83 85 FFFFFD5C 33               	ADD	DWORD [-676+EBP],51
   115 000000A3 83 85 FFFFFD58 24               	ADD	DWORD [-680+EBP],36
   116 000000AA 83 BD FFFFFD60 05               	CMP	DWORD [-672+EBP],5
   117 000000B1 7E 88                           	JLE	L16
   118 000000B3 8D 85 FFFFFD64                  	LEA	EAX,DWORD [-668+EBP]
   119 000000B9 50                              	PUSH	EAX
   120 000000BA 68 000000E7                     	PUSH	231
   121 000000BF 6A 10                           	PUSH	16
   122 000000C1 E8 00000008                     	CALL	_set_palette
   123 000000C6 8D 65 F4                        	LEA	ESP,DWORD [-12+EBP]
   124 000000C9 5B                              	POP	EBX
   125 000000CA 5E                              	POP	ESI
   126 000000CB 5F                              	POP	EDI
   127 000000CC 5D                              	POP	EBP
   128 000000CD C3                              	RET
   129 000000CE                                 	GLOBAL	_set_palette
   130 000000CE                                 _set_palette:
   131 000000CE 55                              	PUSH	EBP
   132 000000CF 89 E5                           	MOV	EBP,ESP
   133 000000D1 57                              	PUSH	EDI
   134 000000D2 56                              	PUSH	ESI
   135 000000D3 53                              	PUSH	EBX
   136 000000D4 51                              	PUSH	ECX
   137 000000D5 8B 5D 08                        	MOV	EBX,DWORD [8+EBP]
   138 000000D8 8B 7D 0C                        	MOV	EDI,DWORD [12+EBP]
   139 000000DB 8B 75 10                        	MOV	ESI,DWORD [16+EBP]
   140 000000DE E8 [00000000]                   	CALL	_io_load_eflags
   141 000000E3 89 45 F0                        	MOV	DWORD [-16+EBP],EAX
   142 000000E6 E8 [00000000]                   	CALL	_io_cli
   143 000000EB 53                              	PUSH	EBX
   144 000000EC 68 000003C8                     	PUSH	968
   145 000000F1 E8 [00000000]                   	CALL	_io_out8
   146 000000F6 39 FB                           	CMP	EBX,EDI
   147 000000F8 58                              	POP	EAX
   148 000000F9 5A                              	POP	EDX
   149 000000FA 7E 12                           	JLE	L28
   150 000000FC                                 L30:
   151 000000FC 8B 45 F0                        	MOV	EAX,DWORD [-16+EBP]
   152 000000FF 89 45 08                        	MOV	DWORD [8+EBP],EAX
   153 00000102 8D 65 F4                        	LEA	ESP,DWORD [-12+EBP]
   154 00000105 5B                              	POP	EBX
   155 00000106 5E                              	POP	ESI
   156 00000107 5F                              	POP	EDI
   157 00000108 5D                              	POP	EBP
   158 00000109 E9 [00000000]                   	JMP	_io_store_eflags
   159 0000010E                                 L28:
   160 0000010E 8A 06                           	MOV	AL,BYTE [ESI]
   161 00000110 43                              	INC	EBX
   162 00000111 C0 E8 02                        	SHR	AL,2
   163 00000114 0F B6 C0                        	MOVZX	EAX,AL
   164 00000117 50                              	PUSH	EAX
   165 00000118 68 000003C9                     	PUSH	969
   166 0000011D E8 [00000000]                   	CALL	_io_out8
   167 00000122 8A 46 01                        	MOV	AL,BYTE [1+ESI]
   168 00000125 C0 E8 02                        	SHR	AL,2
   169 00000128 0F B6 C0                        	MOVZX	EAX,AL
   170 0000012B 50                              	PUSH	EAX
   171 0000012C 68 000003C9                     	PUSH	969
   172 00000131 E8 [00000000]                   	CALL	_io_out8
   173 00000136 8A 46 02                        	MOV	AL,BYTE [2+ESI]
   174 00000139 C0 E8 02                        	SHR	AL,2
   175 0000013C 83 C6 03                        	ADD	ESI,3
   176 0000013F 0F B6 C0                        	MOVZX	EAX,AL
   177 00000142 50                              	PUSH	EAX
   178 00000143 68 000003C9                     	PUSH	969
   179 00000148 E8 [00000000]                   	CALL	_io_out8
   180 0000014D 83 C4 18                        	ADD	ESP,24
   181 00000150 39 FB                           	CMP	EBX,EDI
   182 00000152 7E BA                           	JLE	L28
   183 00000154 EB A6                           	JMP	L30
   184 00000156                                 	GLOBAL	_boxfill8
   185 00000156                                 _boxfill8:
   186 00000156 55                              	PUSH	EBP
   187 00000157 89 E5                           	MOV	EBP,ESP
   188 00000159 57                              	PUSH	EDI
   189 0000015A 56                              	PUSH	ESI
   190 0000015B 53                              	PUSH	EBX
   191 0000015C 57                              	PUSH	EDI
   192 0000015D 57                              	PUSH	EDI
   193 0000015E 8A 45 10                        	MOV	AL,BYTE [16+EBP]
   194 00000161 8B 4D 18                        	MOV	ECX,DWORD [24+EBP]
   195 00000164 8B 7D 1C                        	MOV	EDI,DWORD [28+EBP]
   196 00000167 88 45 F3                        	MOV	BYTE [-13+EBP],AL
   197 0000016A 3B 4D 20                        	CMP	ECX,DWORD [32+EBP]
   198 0000016D 7F 31                           	JG	L43
   199 0000016F 8B 5D 0C                        	MOV	EBX,DWORD [12+EBP]
   200 00000172 0F AF D9                        	IMUL	EBX,ECX
   201 00000175                                 L41:
   202 00000175 8B 55 14                        	MOV	EDX,DWORD [20+EBP]
   203 00000178 39 FA                           	CMP	EDX,EDI
   204 0000017A 7F 1B                           	JG	L45
   205 0000017C 8B 75 08                        	MOV	ESI,DWORD [8+EBP]
   206 0000017F 01 DE                           	ADD	ESI,EBX
   207 00000181 01 D6                           	ADD	ESI,EDX
   208 00000183 89 75 EC                        	MOV	DWORD [-20+EBP],ESI
   209 00000186                                 L40:
   210 00000186 8B 75 EC                        	MOV	ESI,DWORD [-20+EBP]
   211 00000189 8A 45 F3                        	MOV	AL,BYTE [-13+EBP]
   212 0000018C 42                              	INC	EDX
   213 0000018D 88 06                           	MOV	BYTE [ESI],AL
   214 0000018F 46                              	INC	ESI
   215 00000190 89 75 EC                        	MOV	DWORD [-20+EBP],ESI
   216 00000193 39 FA                           	CMP	EDX,EDI
   217 00000195 7E EF                           	JLE	L40
   218 00000197                                 L45:
   219 00000197 41                              	INC	ECX
   220 00000198 03 5D 0C                        	ADD	EBX,DWORD [12+EBP]
   221 0000019B 3B 4D 20                        	CMP	ECX,DWORD [32+EBP]
   222 0000019E 7E D5                           	JLE	L41
   223 000001A0                                 L43:
   224 000001A0 5B                              	POP	EBX
   225 000001A1 5E                              	POP	ESI
   226 000001A2 5B                              	POP	EBX
   227 000001A3 5E                              	POP	ESI
   228 000001A4 5F                              	POP	EDI
   229 000001A5 5D                              	POP	EBP
   230 000001A6 C3                              	RET
   231 000001A7                                 	GLOBAL	_init_screen8
   232 000001A7                                 _init_screen8:
   233 000001A7 55                              	PUSH	EBP
   234 000001A8 89 E5                           	MOV	EBP,ESP
   235 000001AA 57                              	PUSH	EDI
   236 000001AB 56                              	PUSH	ESI
   237 000001AC 53                              	PUSH	EBX
   238 000001AD 83 EC 0C                        	SUB	ESP,12
   239 000001B0 8B 45 10                        	MOV	EAX,DWORD [16+EBP]
   240 000001B3 8B 7D 0C                        	MOV	EDI,DWORD [12+EBP]
   241 000001B6 83 E8 1D                        	SUB	EAX,29
   242 000001B9 4F                              	DEC	EDI
   243 000001BA 50                              	PUSH	EAX
   244 000001BB 57                              	PUSH	EDI
   245 000001BC 6A 00                           	PUSH	0
   246 000001BE 6A 00                           	PUSH	0
   247 000001C0 6A 0D                           	PUSH	13
   248 000001C2 FF 75 0C                        	PUSH	DWORD [12+EBP]
   249 000001C5 FF 75 08                        	PUSH	DWORD [8+EBP]
   250 000001C8 E8 FFFFFF89                     	CALL	_boxfill8
   251 000001CD 8B 45 10                        	MOV	EAX,DWORD [16+EBP]
   252 000001D0 83 E8 1C                        	SUB	EAX,28
   253 000001D3 50                              	PUSH	EAX
   254 000001D4 57                              	PUSH	EDI
   255 000001D5 50                              	PUSH	EAX
   256 000001D6 6A 00                           	PUSH	0
   257 000001D8 6A 08                           	PUSH	8
   258 000001DA FF 75 0C                        	PUSH	DWORD [12+EBP]
   259 000001DD FF 75 08                        	PUSH	DWORD [8+EBP]
   260 000001E0 E8 FFFFFF71                     	CALL	_boxfill8
   261 000001E5 8B 45 10                        	MOV	EAX,DWORD [16+EBP]
   262 000001E8 83 C4 38                        	ADD	ESP,56
   263 000001EB 83 E8 1B                        	SUB	EAX,27
   264 000001EE 50                              	PUSH	EAX
   265 000001EF 57                              	PUSH	EDI
   266 000001F0 50                              	PUSH	EAX
   267 000001F1 6A 00                           	PUSH	0
   268 000001F3 6A 07                           	PUSH	7
   269 000001F5 FF 75 0C                        	PUSH	DWORD [12+EBP]
   270 000001F8 FF 75 08                        	PUSH	DWORD [8+EBP]
   271 000001FB E8 FFFFFF56                     	CALL	_boxfill8
   272 00000200 8B 45 10                        	MOV	EAX,DWORD [16+EBP]
   273 00000203 48                              	DEC	EAX
   274 00000204 50                              	PUSH	EAX
   275 00000205 8B 45 10                        	MOV	EAX,DWORD [16+EBP]
   276 00000208 57                              	PUSH	EDI
   277 00000209 83 E8 1A                        	SUB	EAX,26
   278 0000020C 50                              	PUSH	EAX
   279 0000020D 6A 00                           	PUSH	0
   280 0000020F 6A 08                           	PUSH	8
   281 00000211 FF 75 0C                        	PUSH	DWORD [12+EBP]
   282 00000214 FF 75 08                        	PUSH	DWORD [8+EBP]
   283 00000217 E8 FFFFFF3A                     	CALL	_boxfill8
   284 0000021C 8B 75 10                        	MOV	ESI,DWORD [16+EBP]
   285 0000021F 83 C4 38                        	ADD	ESP,56
   286 00000222 83 EE 18                        	SUB	ESI,24
   287 00000225 56                              	PUSH	ESI
   288 00000226 6A 3B                           	PUSH	59
   289 00000228 56                              	PUSH	ESI
   290 00000229 6A 03                           	PUSH	3
   291 0000022B 6A 07                           	PUSH	7
   292 0000022D FF 75 0C                        	PUSH	DWORD [12+EBP]
   293 00000230 FF 75 08                        	PUSH	DWORD [8+EBP]
   294 00000233 E8 FFFFFF1E                     	CALL	_boxfill8
   295 00000238 8B 45 10                        	MOV	EAX,DWORD [16+EBP]
   296 0000023B 83 E8 04                        	SUB	EAX,4
   297 0000023E 50                              	PUSH	EAX
   298 0000023F 89 45 F0                        	MOV	DWORD [-16+EBP],EAX
   299 00000242 6A 02                           	PUSH	2
   300 00000244 56                              	PUSH	ESI
   301 00000245 6A 02                           	PUSH	2
   302 00000247 6A 07                           	PUSH	7
   303 00000249 FF 75 0C                        	PUSH	DWORD [12+EBP]
   304 0000024C FF 75 08                        	PUSH	DWORD [8+EBP]
   305 0000024F E8 FFFFFF02                     	CALL	_boxfill8
   306 00000254 83 C4 38                        	ADD	ESP,56
   307 00000257 FF 75 F0                        	PUSH	DWORD [-16+EBP]
   308 0000025A 6A 3B                           	PUSH	59
   309 0000025C FF 75 F0                        	PUSH	DWORD [-16+EBP]
   310 0000025F 6A 03                           	PUSH	3
   311 00000261 6A 0F                           	PUSH	15
   312 00000263 FF 75 0C                        	PUSH	DWORD [12+EBP]
   313 00000266 FF 75 08                        	PUSH	DWORD [8+EBP]
   314 00000269 E8 FFFFFEE8                     	CALL	_boxfill8
   315 0000026E 8B 45 10                        	MOV	EAX,DWORD [16+EBP]
   316 00000271 83 E8 05                        	SUB	EAX,5
   317 00000274 50                              	PUSH	EAX
   318 00000275 8B 45 10                        	MOV	EAX,DWORD [16+EBP]
   319 00000278 6A 3B                           	PUSH	59
   320 0000027A 83 E8 17                        	SUB	EAX,23
   321 0000027D 50                              	PUSH	EAX
   322 0000027E 89 45 EC                        	MOV	DWORD [-20+EBP],EAX
   323 00000281 6A 3B                           	PUSH	59
   324 00000283 6A 0F                           	PUSH	15
   325 00000285 FF 75 0C                        	PUSH	DWORD [12+EBP]
   326 00000288 FF 75 08                        	PUSH	DWORD [8+EBP]
   327 0000028B E8 FFFFFEC6                     	CALL	_boxfill8
   328 00000290 8B 45 10                        	MOV	EAX,DWORD [16+EBP]
   329 00000293 83 C4 38                        	ADD	ESP,56
   330 00000296 83 E8 03                        	SUB	EAX,3
   331 00000299 89 45 E8                        	MOV	DWORD [-24+EBP],EAX
   332 0000029C 50                              	PUSH	EAX
   333 0000029D 6A 3B                           	PUSH	59
   334 0000029F 50                              	PUSH	EAX
   335 000002A0 6A 02                           	PUSH	2
   336 000002A2 6A 00                           	PUSH	0
   337 000002A4 FF 75 0C                        	PUSH	DWORD [12+EBP]
   338 000002A7 FF 75 08                        	PUSH	DWORD [8+EBP]
   339 000002AA E8 FFFFFEA7                     	CALL	_boxfill8
   340 000002AF FF 75 E8                        	PUSH	DWORD [-24+EBP]
   341 000002B2 6A 3C                           	PUSH	60
   342 000002B4 56                              	PUSH	ESI
   343 000002B5 6A 3C                           	PUSH	60
   344 000002B7 6A 00                           	PUSH	0
   345 000002B9 FF 75 0C                        	PUSH	DWORD [12+EBP]
   346 000002BC FF 75 08                        	PUSH	DWORD [8+EBP]
   347 000002BF E8 FFFFFE92                     	CALL	_boxfill8
   348 000002C4 8B 7D 0C                        	MOV	EDI,DWORD [12+EBP]
   349 000002C7 83 C4 38                        	ADD	ESP,56
   350 000002CA 8B 5D 0C                        	MOV	EBX,DWORD [12+EBP]
   351 000002CD 83 EB 04                        	SUB	EBX,4
   352 000002D0 83 EF 2F                        	SUB	EDI,47
   353 000002D3 56                              	PUSH	ESI
   354 000002D4 53                              	PUSH	EBX
   355 000002D5 56                              	PUSH	ESI
   356 000002D6 57                              	PUSH	EDI
   357 000002D7 6A 0F                           	PUSH	15
   358 000002D9 FF 75 0C                        	PUSH	DWORD [12+EBP]
   359 000002DC FF 75 08                        	PUSH	DWORD [8+EBP]
   360 000002DF E8 FFFFFE72                     	CALL	_boxfill8
   361 000002E4 FF 75 F0                        	PUSH	DWORD [-16+EBP]
   362 000002E7 57                              	PUSH	EDI
   363 000002E8 FF 75 EC                        	PUSH	DWORD [-20+EBP]
   364 000002EB 57                              	PUSH	EDI
   365 000002EC 6A 0F                           	PUSH	15
   366 000002EE FF 75 0C                        	PUSH	DWORD [12+EBP]
   367 000002F1 FF 75 08                        	PUSH	DWORD [8+EBP]
   368 000002F4 E8 FFFFFE5D                     	CALL	_boxfill8
   369 000002F9 83 C4 38                        	ADD	ESP,56
   370 000002FC FF 75 E8                        	PUSH	DWORD [-24+EBP]
   371 000002FF 53                              	PUSH	EBX
   372 00000300 FF 75 E8                        	PUSH	DWORD [-24+EBP]
   373 00000303 57                              	PUSH	EDI
   374 00000304 6A 07                           	PUSH	7
   375 00000306 FF 75 0C                        	PUSH	DWORD [12+EBP]
   376 00000309 FF 75 08                        	PUSH	DWORD [8+EBP]
   377 0000030C E8 FFFFFE45                     	CALL	_boxfill8
   378 00000311 8B 45 0C                        	MOV	EAX,DWORD [12+EBP]
   379 00000314 FF 75 E8                        	PUSH	DWORD [-24+EBP]
   380 00000317 83 E8 03                        	SUB	EAX,3
   381 0000031A 50                              	PUSH	EAX
   382 0000031B 56                              	PUSH	ESI
   383 0000031C 50                              	PUSH	EAX
   384 0000031D 6A 07                           	PUSH	7
   385 0000031F FF 75 0C                        	PUSH	DWORD [12+EBP]
   386 00000322 FF 75 08                        	PUSH	DWORD [8+EBP]
   387 00000325 E8 FFFFFE2C                     	CALL	_boxfill8
   388 0000032A 8D 65 F4                        	LEA	ESP,DWORD [-12+EBP]
   389 0000032D 5B                              	POP	EBX
   390 0000032E 5E                              	POP	ESI
   391 0000032F 5F                              	POP	EDI
   392 00000330 5D                              	POP	EBP
   393 00000331 C3                              	RET
   394 00000332                                 	GLOBAL	_putfont8
   395 00000332                                 _putfont8:
   396 00000332 55                              	PUSH	EBP
   397 00000333 89 E5                           	MOV	EBP,ESP
   398 00000335 57                              	PUSH	EDI
   399 00000336 56                              	PUSH	ESI
   400 00000337 31 F6                           	XOR	ESI,ESI
   401 00000339 53                              	PUSH	EBX
   402 0000033A 8B 7D 1C                        	MOV	EDI,DWORD [28+EBP]
   403 0000033D 8A 5D 18                        	MOV	BL,BYTE [24+EBP]
   404 00000340                                 L60:
   405 00000340 8B 45 14                        	MOV	EAX,DWORD [20+EBP]
   406 00000343 8B 55 10                        	MOV	EDX,DWORD [16+EBP]
   407 00000346 01 F0                           	ADD	EAX,ESI
   408 00000348 0F AF 45 0C                     	IMUL	EAX,DWORD [12+EBP]
   409 0000034C 03 45 08                        	ADD	EAX,DWORD [8+EBP]
   410 0000034F 8D 0C 02                        	LEA	ECX,DWORD [EDX+EAX*1]
   411 00000352 8A 14 3E                        	MOV	DL,BYTE [ESI+EDI*1]
   412 00000355 84 D2                           	TEST	DL,DL
   413 00000357 79 02                           	JNS	L52
   414 00000359 88 19                           	MOV	BYTE [ECX],BL
   415 0000035B                                 L52:
   416 0000035B 88 D0                           	MOV	AL,DL
   417 0000035D 83 E0 40                        	AND	EAX,64
   418 00000360 84 C0                           	TEST	AL,AL
   419 00000362 74 03                           	JE	L53
   420 00000364 88 59 01                        	MOV	BYTE [1+ECX],BL
   421 00000367                                 L53:
   422 00000367 88 D0                           	MOV	AL,DL
   423 00000369 83 E0 20                        	AND	EAX,32
   424 0000036C 84 C0                           	TEST	AL,AL
   425 0000036E 74 03                           	JE	L54
   426 00000370 88 59 02                        	MOV	BYTE [2+ECX],BL
   427 00000373                                 L54:
   428 00000373 88 D0                           	MOV	AL,DL
   429 00000375 83 E0 10                        	AND	EAX,16
   430 00000378 84 C0                           	TEST	AL,AL
   431 0000037A 74 03                           	JE	L55
   432 0000037C 88 59 03                        	MOV	BYTE [3+ECX],BL
   433 0000037F                                 L55:
   434 0000037F 88 D0                           	MOV	AL,DL
   435 00000381 83 E0 08                        	AND	EAX,8
   436 00000384 84 C0                           	TEST	AL,AL
   437 00000386 74 03                           	JE	L56
   438 00000388 88 59 04                        	MOV	BYTE [4+ECX],BL
   439 0000038B                                 L56:
   440 0000038B 88 D0                           	MOV	AL,DL
   441 0000038D 83 E0 04                        	AND	EAX,4
   442 00000390 84 C0                           	TEST	AL,AL
   443 00000392 74 03                           	JE	L57
   444 00000394 88 59 05                        	MOV	BYTE [5+ECX],BL
   445 00000397                                 L57:
   446 00000397 88 D0                           	MOV	AL,DL
   447 00000399 83 E0 02                        	AND	EAX,2
   448 0000039C 84 C0                           	TEST	AL,AL
   449 0000039E 74 03                           	JE	L58
   450 000003A0 88 59 06                        	MOV	BYTE [6+ECX],BL
   451 000003A3                                 L58:
   452 000003A3 83 E2 01                        	AND	EDX,1
   453 000003A6 84 D2                           	TEST	DL,DL
   454 000003A8 74 03                           	JE	L50
   455 000003AA 88 59 07                        	MOV	BYTE [7+ECX],BL
   456 000003AD                                 L50:
   457 000003AD 46                              	INC	ESI
   458 000003AE 83 FE 0F                        	CMP	ESI,15
   459 000003B1 7E 8D                           	JLE	L60
   460 000003B3 5B                              	POP	EBX
   461 000003B4 5E                              	POP	ESI
   462 000003B5 5F                              	POP	EDI
   463 000003B6 5D                              	POP	EBP
   464 000003B7 C3                              	RET
   465 000003B8                                 	GLOBAL	_putfonts8_asc
   466 000003B8                                 _putfonts8_asc:
   467 000003B8 55                              	PUSH	EBP
   468 000003B9 89 E5                           	MOV	EBP,ESP
   469 000003BB 57                              	PUSH	EDI
   470 000003BC 56                              	PUSH	ESI
   471 000003BD 53                              	PUSH	EBX
   472 000003BE 83 EC 0C                        	SUB	ESP,12
   473 000003C1 8A 45 18                        	MOV	AL,BYTE [24+EBP]
   474 000003C4 8B 7D 1C                        	MOV	EDI,DWORD [28+EBP]
   475 000003C7 88 45 F3                        	MOV	BYTE [-13+EBP],AL
   476 000003CA E8 [00000000]                   	CALL	_task_now
   477 000003CF 8B 15 00000FE8                  	MOV	EDX,DWORD [4072]
   478 000003D5 89 45 EC                        	MOV	DWORD [-20+EBP],EAX
   479 000003D8 89 55 E8                        	MOV	DWORD [-24+EBP],EDX
   480 000003DB 80 B8 000000BC 00               	CMP	BYTE [188+EAX],0
   481 000003E2 75 09                           	JNE	L64
   482 000003E4 80 3F 00                        	CMP	BYTE [EDI],0
   483 000003E7 0F 85 00000296                  	JNE	L69
   484 000003ED                                 L64:
   485 000003ED 8B 4D EC                        	MOV	ECX,DWORD [-20+EBP]
   486 000003F0 80 B9 000000BC 01               	CMP	BYTE [188+ECX],1
   487 000003F7 0F 84 0000017F                  	JE	L111
   488 000003FD                                 L70:
   489 000003FD 8B 4D EC                        	MOV	ECX,DWORD [-20+EBP]
   490 00000400 80 B9 000000BC 02               	CMP	BYTE [188+ECX],2
   491 00000407 0F 84 000000B1                  	JE	L112
   492 0000040D                                 L87:
   493 0000040D 8B 4D EC                        	MOV	ECX,DWORD [-20+EBP]
   494 00000410 80 B9 000000BC 03               	CMP	BYTE [188+ECX],3
   495 00000417 74 08                           	JE	L113
   496 00000419                                 L63:
   497 00000419 8D 65 F4                        	LEA	ESP,DWORD [-12+EBP]
   498 0000041C 5B                              	POP	EBX
   499 0000041D 5E                              	POP	ESI
   500 0000041E 5F                              	POP	EDI
   501 0000041F 5D                              	POP	EBP
   502 00000420 C3                              	RET
   503 00000421                                 L113:
   504 00000421 80 3F 00                        	CMP	BYTE [EDI],0
   505 00000424 74 F3                           	JE	L63
   506 00000426                                 L106:
   507 00000426 8B 55 EC                        	MOV	EDX,DWORD [-20+EBP]
   508 00000429 8A 82 000000BD                  	MOV	AL,BYTE [189+EDX]
   509 0000042F 84 C0                           	TEST	AL,AL
   510 00000431 75 45                           	JNE	L102
   511 00000433 8A 17                           	MOV	DL,BYTE [EDI]
   512 00000435 8D 42 5F                        	LEA	EAX,DWORD [95+EDX]
   513 00000438 3C 5D                           	CMP	AL,93
   514 0000043A 77 15                           	JA	L103
   515 0000043C 8B 4D EC                        	MOV	ECX,DWORD [-20+EBP]
   516 0000043F 88 91 000000BD                  	MOV	BYTE [189+ECX],DL
   517 00000445                                 L105:
   518 00000445 83 45 10 08                     	ADD	DWORD [16+EBP],8
   519 00000449 47                              	INC	EDI
   520 0000044A 80 3F 00                        	CMP	BYTE [EDI],0
   521 0000044D 75 D7                           	JNE	L106
   522 0000044F EB C8                           	JMP	L63
   523 00000451                                 L103:
   524 00000451 0F B6 C2                        	MOVZX	EAX,DL
   525 00000454 C1 E0 04                        	SAL	EAX,4
   526 00000457 05 [00000000]                   	ADD	EAX,_hankaku
   527 0000045C 50                              	PUSH	EAX
   528 0000045D 0F BE 45 F3                     	MOVSX	EAX,BYTE [-13+EBP]
   529 00000461 50                              	PUSH	EAX
   530 00000462 FF 75 14                        	PUSH	DWORD [20+EBP]
   531 00000465 FF 75 10                        	PUSH	DWORD [16+EBP]
   532 00000468 FF 75 0C                        	PUSH	DWORD [12+EBP]
   533 0000046B FF 75 08                        	PUSH	DWORD [8+EBP]
   534 0000046E E8 FFFFFEBF                     	CALL	_putfont8
   535 00000473 83 C4 18                        	ADD	ESP,24
   536 00000476 EB CD                           	JMP	L105
   537 00000478                                 L102:
   538 00000478 0F B6 C0                        	MOVZX	EAX,AL
   539 0000047B 6B C0 5E                        	IMUL	EAX,EAX,94
   540 0000047E 0F B6 17                        	MOVZX	EDX,BYTE [EDI]
   541 00000481 8B 4D EC                        	MOV	ECX,DWORD [-20+EBP]
   542 00000484 8D 84 02 FFFFC441               	LEA	EAX,DWORD [-15295+EDX+EAX*1]
   543 0000048B C6 81 000000BD 00               	MOV	BYTE [189+ECX],0
   544 00000492 C1 E0 05                        	SAL	EAX,5
   545 00000495 8B 55 E8                        	MOV	EDX,DWORD [-24+EBP]
   546 00000498 01 C2                           	ADD	EDX,EAX
   547 0000049A 8D 42 10                        	LEA	EAX,DWORD [16+EDX]
   548 0000049D 50                              	PUSH	EAX
   549 0000049E 52                              	PUSH	EDX
   550 0000049F 0F BE 45 F3                     	MOVSX	EAX,BYTE [-13+EBP]
   551 000004A3 50                              	PUSH	EAX
   552 000004A4 8B 45 10                        	MOV	EAX,DWORD [16+EBP]
   553 000004A7 FF 75 14                        	PUSH	DWORD [20+EBP]
   554 000004AA 83 E8 08                        	SUB	EAX,8
   555 000004AD 50                              	PUSH	EAX
   556 000004AE FF 75 0C                        	PUSH	DWORD [12+EBP]
   557 000004B1 FF 75 08                        	PUSH	DWORD [8+EBP]
   558 000004B4 E8 000002B1                     	CALL	_putfont32
   559 000004B9 83 C4 1C                        	ADD	ESP,28
   560 000004BC EB 87                           	JMP	L105
   561 000004BE                                 L112:
   562 000004BE 80 3F 00                        	CMP	BYTE [EDI],0
   563 000004C1 0F 84 FFFFFF46                  	JE	L87
   564 000004C7                                 L96:
   565 000004C7 8B 55 EC                        	MOV	EDX,DWORD [-20+EBP]
   566 000004CA 8A 82 000000BD                  	MOV	AL,BYTE [189+EDX]
   567 000004D0 84 C0                           	TEST	AL,AL
   568 000004D2 75 46                           	JNE	L92
   569 000004D4 8A 17                           	MOV	DL,BYTE [EDI]
   570 000004D6 8D 42 7F                        	LEA	EAX,DWORD [127+EDX]
   571 000004D9 3C 7D                           	CMP	AL,125
   572 000004DB 77 18                           	JA	L93
   573 000004DD 8B 4D EC                        	MOV	ECX,DWORD [-20+EBP]
   574 000004E0 88 91 000000BD                  	MOV	BYTE [189+ECX],DL
   575 000004E6                                 L95:
   576 000004E6 83 45 10 08                     	ADD	DWORD [16+EBP],8
   577 000004EA 47                              	INC	EDI
   578 000004EB 80 3F 00                        	CMP	BYTE [EDI],0
   579 000004EE 75 D7                           	JNE	L96
   580 000004F0 E9 FFFFFF18                     	JMP	L87
   581 000004F5                                 L93:
   582 000004F5 0F B6 C2                        	MOVZX	EAX,DL
   583 000004F8 C1 E0 04                        	SAL	EAX,4
   584 000004FB 03 45 E8                        	ADD	EAX,DWORD [-24+EBP]
   585 000004FE 50                              	PUSH	EAX
   586 000004FF 0F BE 45 F3                     	MOVSX	EAX,BYTE [-13+EBP]
   587 00000503 50                              	PUSH	EAX
   588 00000504 FF 75 14                        	PUSH	DWORD [20+EBP]
   589 00000507 FF 75 10                        	PUSH	DWORD [16+EBP]
   590 0000050A FF 75 0C                        	PUSH	DWORD [12+EBP]
   591 0000050D FF 75 08                        	PUSH	DWORD [8+EBP]
   592 00000510 E8 FFFFFE1D                     	CALL	_putfont8
   593 00000515 83 C4 18                        	ADD	ESP,24
   594 00000518 EB CC                           	JMP	L95
   595 0000051A                                 L92:
   596 0000051A 0F B6 D8                        	MOVZX	EBX,AL
   597 0000051D 6B DB 5E                        	IMUL	EBX,EBX,94
   598 00000520 0F B6 07                        	MOVZX	EAX,BYTE [EDI]
   599 00000523 8B 55 EC                        	MOV	EDX,DWORD [-20+EBP]
   600 00000526 8D 9C 18 FFFFC441               	LEA	EBX,DWORD [-15295+EAX+EBX*1]
   601 0000052D C6 82 000000BD 00               	MOV	BYTE [189+EDX],0
   602 00000534 C1 E3 05                        	SAL	EBX,5
   603 00000537 8B 45 10                        	MOV	EAX,DWORD [16+EBP]
   604 0000053A 03 5D E8                        	ADD	EBX,DWORD [-24+EBP]
   605 0000053D 83 E8 08                        	SUB	EAX,8
   606 00000540 0F BE 75 F3                     	MOVSX	ESI,BYTE [-13+EBP]
   607 00000544 8D 93 00001000                  	LEA	EDX,DWORD [4096+EBX]
   608 0000054A 81 C3 00001010                  	ADD	EBX,4112
   609 00000550 52                              	PUSH	EDX
   610 00000551 56                              	PUSH	ESI
   611 00000552 FF 75 14                        	PUSH	DWORD [20+EBP]
   612 00000555 50                              	PUSH	EAX
   613 00000556 FF 75 0C                        	PUSH	DWORD [12+EBP]
   614 00000559 FF 75 08                        	PUSH	DWORD [8+EBP]
   615 0000055C E8 FFFFFDD1                     	CALL	_putfont8
   616 00000561 53                              	PUSH	EBX
   617 00000562 56                              	PUSH	ESI
   618 00000563 FF 75 14                        	PUSH	DWORD [20+EBP]
   619 00000566 FF 75 10                        	PUSH	DWORD [16+EBP]
   620 00000569 FF 75 0C                        	PUSH	DWORD [12+EBP]
   621 0000056C FF 75 08                        	PUSH	DWORD [8+EBP]
   622 0000056F E8 FFFFFDBE                     	CALL	_putfont8
   623 00000574 83 C4 30                        	ADD	ESP,48
   624 00000577 E9 FFFFFF6A                     	JMP	L95
   625 0000057C                                 L111:
   626 0000057C 80 3F 00                        	CMP	BYTE [EDI],0
   627 0000057F 0F 84 FFFFFE78                  	JE	L70
   628 00000585                                 L86:
   629 00000585 8B 45 EC                        	MOV	EAX,DWORD [-20+EBP]
   630 00000588 8A 90 000000BD                  	MOV	DL,BYTE [189+EAX]
   631 0000058E 84 D2                           	TEST	DL,DL
   632 00000590 75 4D                           	JNE	L75
   633 00000592 8A 17                           	MOV	DL,BYTE [EDI]
   634 00000594 8D 42 7F                        	LEA	EAX,DWORD [127+EDX]
   635 00000597 3C 1E                           	CMP	AL,30
   636 00000599 76 07                           	JBE	L77
   637 0000059B 8D 42 20                        	LEA	EAX,DWORD [32+EDX]
   638 0000059E 3C 1C                           	CMP	AL,28
   639 000005A0 77 18                           	JA	L76
   640 000005A2                                 L77:
   641 000005A2 8B 4D EC                        	MOV	ECX,DWORD [-20+EBP]
   642 000005A5 88 91 000000BD                  	MOV	BYTE [189+ECX],DL
   643 000005AB                                 L79:
   644 000005AB 83 45 10 08                     	ADD	DWORD [16+EBP],8
   645 000005AF 47                              	INC	EDI
   646 000005B0 80 3F 00                        	CMP	BYTE [EDI],0
   647 000005B3 75 D0                           	JNE	L86
   648 000005B5 E9 FFFFFE43                     	JMP	L70
   649 000005BA                                 L76:
   650 000005BA 0F B6 C2                        	MOVZX	EAX,DL
   651 000005BD C1 E0 04                        	SAL	EAX,4
   652 000005C0 03 45 E8                        	ADD	EAX,DWORD [-24+EBP]
   653 000005C3 50                              	PUSH	EAX
   654 000005C4 0F BE 45 F3                     	MOVSX	EAX,BYTE [-13+EBP]
   655 000005C8 50                              	PUSH	EAX
   656 000005C9 FF 75 14                        	PUSH	DWORD [20+EBP]
   657 000005CC FF 75 10                        	PUSH	DWORD [16+EBP]
   658 000005CF FF 75 0C                        	PUSH	DWORD [12+EBP]
   659 000005D2 FF 75 08                        	PUSH	DWORD [8+EBP]
   660 000005D5 E8 FFFFFD58                     	CALL	_putfont8
   661 000005DA 83 C4 18                        	ADD	ESP,24
   662 000005DD EB CC                           	JMP	L79
   663 000005DF                                 L75:
   664 000005DF 8D 42 7F                        	LEA	EAX,DWORD [127+EDX]
   665 000005E2 3C 1E                           	CMP	AL,30
   666 000005E4 0F 87 0000008A                  	JA	L80
   667 000005EA 0F B6 C2                        	MOVZX	EAX,DL
   668 000005ED 8D 8C 00 FFFFFEFE               	LEA	ECX,DWORD [-258+EAX+EAX*1]
   669 000005F4                                 L81:
   670 000005F4 8A 17                           	MOV	DL,BYTE [EDI]
   671 000005F6 8D 42 C0                        	LEA	EAX,DWORD [-64+EDX]
   672 000005F9 3C 3E                           	CMP	AL,62
   673 000005FB 77 5D                           	JA	L82
   674 000005FD 0F B6 C2                        	MOVZX	EAX,DL
   675 00000600 83 E8 40                        	SUB	EAX,64
   676 00000603                                 L83:
   677 00000603 6B D9 5E                        	IMUL	EBX,ECX,94
   678 00000606 8B 55 EC                        	MOV	EDX,DWORD [-20+EBP]
   679 00000609 01 C3                           	ADD	EBX,EAX
   680 0000060B C1 E3 05                        	SAL	EBX,5
   681 0000060E C6 82 000000BD 00               	MOV	BYTE [189+EDX],0
   682 00000615 03 5D E8                        	ADD	EBX,DWORD [-24+EBP]
   683 00000618 8B 45 10                        	MOV	EAX,DWORD [16+EBP]
   684 0000061B 0F BE 75 F3                     	MOVSX	ESI,BYTE [-13+EBP]
   685 0000061F 83 E8 08                        	SUB	EAX,8
   686 00000622 8D 93 00001000                  	LEA	EDX,DWORD [4096+EBX]
   687 00000628 81 C3 00001010                  	ADD	EBX,4112
   688 0000062E 52                              	PUSH	EDX
   689 0000062F 56                              	PUSH	ESI
   690 00000630 FF 75 14                        	PUSH	DWORD [20+EBP]
   691 00000633 50                              	PUSH	EAX
   692 00000634 FF 75 0C                        	PUSH	DWORD [12+EBP]
   693 00000637 FF 75 08                        	PUSH	DWORD [8+EBP]
   694 0000063A E8 FFFFFCF3                     	CALL	_putfont8
   695 0000063F 53                              	PUSH	EBX
   696 00000640 56                              	PUSH	ESI
   697 00000641 FF 75 14                        	PUSH	DWORD [20+EBP]
   698 00000644 FF 75 10                        	PUSH	DWORD [16+EBP]
   699 00000647 FF 75 0C                        	PUSH	DWORD [12+EBP]
   700 0000064A FF 75 08                        	PUSH	DWORD [8+EBP]
   701 0000064D E8 FFFFFCE0                     	CALL	_putfont8
   702 00000652 83 C4 30                        	ADD	ESP,48
   703 00000655 E9 FFFFFF51                     	JMP	L79
   704 0000065A                                 L82:
   705 0000065A 8D 42 80                        	LEA	EAX,DWORD [-128+EDX]
   706 0000065D 3C 1E                           	CMP	AL,30
   707 0000065F 77 08                           	JA	L84
   708 00000661 0F B6 C2                        	MOVZX	EAX,DL
   709 00000664 83 E8 41                        	SUB	EAX,65
   710 00000667 EB 9A                           	JMP	L83
   711 00000669                                 L84:
   712 00000669 0F B6 C2                        	MOVZX	EAX,DL
   713 0000066C 2D 0000009F                     	SUB	EAX,159
   714 00000671 41                              	INC	ECX
   715 00000672 EB 8F                           	JMP	L83
   716 00000674                                 L80:
   717 00000674 0F B6 C2                        	MOVZX	EAX,DL
   718 00000677 8D 8C 00 FFFFFE7E               	LEA	ECX,DWORD [-386+EAX+EAX*1]
   719 0000067E E9 FFFFFF71                     	JMP	L81
   720 00000683                                 L69:
   721 00000683 0F B6 07                        	MOVZX	EAX,BYTE [EDI]
   722 00000686 C1 E0 04                        	SAL	EAX,4
   723 00000689 47                              	INC	EDI
   724 0000068A 05 [00000000]                   	ADD	EAX,_hankaku
   725 0000068F 50                              	PUSH	EAX
   726 00000690 0F BE 45 F3                     	MOVSX	EAX,BYTE [-13+EBP]
   727 00000694 50                              	PUSH	EAX
   728 00000695 FF 75 14                        	PUSH	DWORD [20+EBP]
   729 00000698 FF 75 10                        	PUSH	DWORD [16+EBP]
   730 0000069B FF 75 0C                        	PUSH	DWORD [12+EBP]
   731 0000069E FF 75 08                        	PUSH	DWORD [8+EBP]
   732 000006A1 E8 FFFFFC8C                     	CALL	_putfont8
   733 000006A6 83 C4 18                        	ADD	ESP,24
   734 000006A9 83 45 10 08                     	ADD	DWORD [16+EBP],8
   735 000006AD 80 3F 00                        	CMP	BYTE [EDI],0
   736 000006B0 75 D1                           	JNE	L69
   737 000006B2 E9 FFFFFD36                     	JMP	L64
   738                                          [SECTION .data]
   739 00000030                                 _cursor.1:
   740 00000030 2A 2A 2A 2A 2A 2A 2A 2A 2A 2A   	DB	"**************.."
       0000003A 2A 2A 2A 2A 2E 2E 
   741 00000040 2A 4F 4F 4F 4F 4F 4F 4F 4F 4F   	DB	"*OOOOOOOOOOO*..."
       0000004A 4F 4F 2A 2E 2E 2E 
   742 00000050 2A 4F 4F 4F 4F 4F 4F 4F 4F 4F   	DB	"*OOOOOOOOOO*...."
       0000005A 4F 2A 2E 2E 2E 2E 
   743 00000060 2A 4F 4F 4F 4F 4F 4F 4F 4F 4F   	DB	"*OOOOOOOOO*....."
       0000006A 2A 2E 2E 2E 2E 2E 
   744 00000070 2A 4F 4F 4F 4F 4F 4F 4F 4F 2A   	DB	"*OOOOOOOO*......"
       0000007A 2E 2E 2E 2E 2E 2E 
   745 00000080 2A 4F 4F 4F 4F 4F 4F 4F 2A 2E   	DB	"*OOOOOOO*......."
       0000008A 2E 2E 2E 2E 2E 2E 
   746 00000090 2A 4F 4F 4F 4F 4F 4F 4F 2A 2E   	DB	"*OOOOOOO*......."
       0000009A 2E 2E 2E 2E 2E 2E 
   747 000000A0 2A 4F 4F 4F 4F 4F 4F 4F 4F 2A   	DB	"*OOOOOOOO*......"
       000000AA 2E 2E 2E 2E 2E 2E 
   748 000000B0 2A 4F 4F 4F 4F 2A 2A 4F 4F 4F   	DB	"*OOOO**OOO*....."
       000000BA 2A 2E 2E 2E 2E 2E 
   749 000000C0 2A 4F 4F 4F 2A 2E 2E 2A 4F 4F   	DB	"*OOO*..*OOO*...."
       000000CA 4F 2A 2E 2E 2E 2E 
   750 000000D0 2A 4F 4F 2A 2E 2E 2E 2E 2A 4F   	DB	"*OO*....*OOO*..."
       000000DA 4F 4F 2A 2E 2E 2E 
   751 000000E0 2A 4F 2A 2E 2E 2E 2E 2E 2E 2A   	DB	"*O*......*OOO*.."
       000000EA 4F 4F 4F 2A 2E 2E 
   752 000000F0 2A 2A 2E 2E 2E 2E 2E 2E 2E 2E   	DB	"**........*OOO*."
       000000FA 2A 4F 4F 4F 2A 2E 
   753 00000100 2A 2E 2E 2E 2E 2E 2E 2E 2E 2E   	DB	"*..........*OOO*"
       0000010A 2E 2A 4F 4F 4F 2A 
   754 00000110 2E 2E 2E 2E 2E 2E 2E 2E 2E 2E   	DB	"............*OO*"
       0000011A 2E 2E 2A 4F 4F 2A 
   755 00000120 2E 2E 2E 2E 2E 2E 2E 2E 2E 2E   	DB	".............***"
       0000012A 2E 2E 2E 2A 2A 2A 
   756                                          [SECTION .text]
   757 000006B7                                 	GLOBAL	_init_mouse_cursor8
   758 000006B7                                 _init_mouse_cursor8:
   759 000006B7 55                              	PUSH	EBP
   760 000006B8 89 E5                           	MOV	EBP,ESP
   761 000006BA 57                              	PUSH	EDI
   762 000006BB 56                              	PUSH	ESI
   763 000006BC 31 FF                           	XOR	EDI,EDI
   764 000006BE 53                              	PUSH	EBX
   765 000006BF 31 DB                           	XOR	EBX,EBX
   766 000006C1 50                              	PUSH	EAX
   767 000006C2 8A 45 0C                        	MOV	AL,BYTE [12+EBP]
   768 000006C5 8B 75 08                        	MOV	ESI,DWORD [8+EBP]
   769 000006C8 88 45 F3                        	MOV	BYTE [-13+EBP],AL
   770 000006CB                                 L127:
   771 000006CB 31 D2                           	XOR	EDX,EDX
   772 000006CD                                 L126:
   773 000006CD 8D 04 3A                        	LEA	EAX,DWORD [EDX+EDI*1]
   774 000006D0 80 B8 [00000030] 2A             	CMP	BYTE [_cursor.1+EAX],42
   775 000006D7 74 35                           	JE	L132
   776 000006D9                                 L123:
   777 000006D9 80 B8 [00000030] 4F             	CMP	BYTE [_cursor.1+EAX],79
   778 000006E0 74 26                           	JE	L133
   779 000006E2                                 L124:
   780 000006E2 80 B8 [00000030] 2E             	CMP	BYTE [_cursor.1+EAX],46
   781 000006E9 74 15                           	JE	L134
   782 000006EB                                 L121:
   783 000006EB 42                              	INC	EDX
   784 000006EC 83 FA 0F                        	CMP	EDX,15
   785 000006EF 7E DC                           	JLE	L126
   786 000006F1 43                              	INC	EBX
   787 000006F2 83 C7 10                        	ADD	EDI,16
   788 000006F5 83 FB 0F                        	CMP	EBX,15
   789 000006F8 7E D1                           	JLE	L127
   790 000006FA 58                              	POP	EAX
   791 000006FB 5B                              	POP	EBX
   792 000006FC 5E                              	POP	ESI
   793 000006FD 5F                              	POP	EDI
   794 000006FE 5D                              	POP	EBP
   795 000006FF C3                              	RET
   796 00000700                                 L134:
   797 00000700 8A 4D F3                        	MOV	CL,BYTE [-13+EBP]
   798 00000703 88 0C 30                        	MOV	BYTE [EAX+ESI*1],CL
   799 00000706 EB E3                           	JMP	L121
   800 00000708                                 L133:
   801 00000708 C6 04 30 07                     	MOV	BYTE [EAX+ESI*1],7
   802 0000070C EB D4                           	JMP	L124
   803 0000070E                                 L132:
   804 0000070E C6 04 30 00                     	MOV	BYTE [EAX+ESI*1],0
   805 00000712 EB C5                           	JMP	L123
   806 00000714                                 	GLOBAL	_putblock8_8
   807 00000714                                 _putblock8_8:
   808 00000714 55                              	PUSH	EBP
   809 00000715 89 E5                           	MOV	EBP,ESP
   810 00000717 57                              	PUSH	EDI
   811 00000718 56                              	PUSH	ESI
   812 00000719 31 F6                           	XOR	ESI,ESI
   813 0000071B 53                              	PUSH	EBX
   814 0000071C 83 EC 0C                        	SUB	ESP,12
   815 0000071F 3B 75 14                        	CMP	ESI,DWORD [20+EBP]
   816 00000722 7D 3E                           	JGE	L147
   817 00000724 31 FF                           	XOR	EDI,EDI
   818 00000726                                 L145:
   819 00000726 31 DB                           	XOR	EBX,EBX
   820 00000728 3B 5D 10                        	CMP	EBX,DWORD [16+EBP]
   821 0000072B 7D 2C                           	JGE	L149
   822 0000072D 8B 45 20                        	MOV	EAX,DWORD [32+EBP]
   823 00000730 01 F8                           	ADD	EAX,EDI
   824 00000732 89 45 EC                        	MOV	DWORD [-20+EBP],EAX
   825 00000735                                 L144:
   826 00000735 8B 45 1C                        	MOV	EAX,DWORD [28+EBP]
   827 00000738 8B 55 18                        	MOV	EDX,DWORD [24+EBP]
   828 0000073B 01 F0                           	ADD	EAX,ESI
   829 0000073D 01 DA                           	ADD	EDX,EBX
   830 0000073F 0F AF 45 0C                     	IMUL	EAX,DWORD [12+EBP]
   831 00000743 01 D0                           	ADD	EAX,EDX
   832 00000745 8B 4D 08                        	MOV	ECX,DWORD [8+EBP]
   833 00000748 8B 55 EC                        	MOV	EDX,DWORD [-20+EBP]
   834 0000074B 43                              	INC	EBX
   835 0000074C 8A 12                           	MOV	DL,BYTE [EDX]
   836 0000074E 88 14 08                        	MOV	BYTE [EAX+ECX*1],DL
   837 00000751 FF 45 EC                        	INC	DWORD [-20+EBP]
   838 00000754 3B 5D 10                        	CMP	EBX,DWORD [16+EBP]
   839 00000757 7C DC                           	JL	L144
   840 00000759                                 L149:
   841 00000759 46                              	INC	ESI
   842 0000075A 03 7D 24                        	ADD	EDI,DWORD [36+EBP]
   843 0000075D 3B 75 14                        	CMP	ESI,DWORD [20+EBP]
   844 00000760 7C C4                           	JL	L145
   845 00000762                                 L147:
   846 00000762 83 C4 0C                        	ADD	ESP,12
   847 00000765 5B                              	POP	EBX
   848 00000766 5E                              	POP	ESI
   849 00000767 5F                              	POP	EDI
   850 00000768 5D                              	POP	EBP
   851 00000769 C3                              	RET
   852 0000076A                                 	GLOBAL	_putfont32
   853 0000076A                                 _putfont32:
   854 0000076A 55                              	PUSH	EBP
   855 0000076B 89 E5                           	MOV	EBP,ESP
   856 0000076D 57                              	PUSH	EDI
   857 0000076E 56                              	PUSH	ESI
   858 0000076F 53                              	PUSH	EBX
   859 00000770 83 EC 10                        	SUB	ESP,16
   860 00000773 8A 45 18                        	MOV	AL,BYTE [24+EBP]
   861 00000776 8B 55 10                        	MOV	EDX,DWORD [16+EBP]
   862 00000779 88 45 F3                        	MOV	BYTE [-13+EBP],AL
   863 0000077C 8B 45 14                        	MOV	EAX,DWORD [20+EBP]
   864 0000077F 0F AF 45 0C                     	IMUL	EAX,DWORD [12+EBP]
   865 00000783 03 45 08                        	ADD	EAX,DWORD [8+EBP]
   866 00000786 C7 45 E8 00000001               	MOV	DWORD [-24+EBP],1
   867 0000078D 8D 3C 02                        	LEA	EDI,DWORD [EDX+EAX*1]
   868 00000790 C7 45 EC 00000000               	MOV	DWORD [-20+EBP],0
   869 00000797                                 L167:
   870 00000797 31 DB                           	XOR	EBX,EBX
   871 00000799                                 L160:
   872 00000799 8B 4D 1C                        	MOV	ECX,DWORD [28+EBP]
   873 0000079C 8B 45 EC                        	MOV	EAX,DWORD [-20+EBP]
   874 0000079F 0F BE 14 08                     	MOVSX	EDX,BYTE [EAX+ECX*1]
   875 000007A3 B8 00000080                     	MOV	EAX,128
   876 000007A8 88 D9                           	MOV	CL,BL
   877 000007AA D3 F8                           	SAR	EAX,CL
   878 000007AC 85 C2                           	TEST	EDX,EAX
   879 000007AE 74 16                           	JE	L157
   880 000007B0 8B 45 EC                        	MOV	EAX,DWORD [-20+EBP]
   881 000007B3 BA 00000002                     	MOV	EDX,2
   882 000007B8 89 D1                           	MOV	ECX,EDX
   883 000007BA 99                              	CDQ
   884 000007BB F7 F9                           	IDIV	ECX
   885 000007BD 8A 45 F3                        	MOV	AL,BYTE [-13+EBP]
   886 000007C0 8D 14 D3                        	LEA	EDX,DWORD [EBX+EDX*8]
   887 000007C3 88 04 3A                        	MOV	BYTE [EDX+EDI*1],AL
   888 000007C6                                 L157:
   889 000007C6 43                              	INC	EBX
   890 000007C7 83 FB 07                        	CMP	EBX,7
   891 000007CA 7E CD                           	JLE	L160
   892 000007CC 31 DB                           	XOR	EBX,EBX
   893 000007CE                                 L165:
   894 000007CE 8B 45 EC                        	MOV	EAX,DWORD [-20+EBP]
   895 000007D1 BA 00000002                     	MOV	EDX,2
   896 000007D6 89 D1                           	MOV	ECX,EDX
   897 000007D8 99                              	CDQ
   898 000007D9 F7 F9                           	IDIV	ECX
   899 000007DB C1 E2 03                        	SAL	EDX,3
   900 000007DE 8D 0C 13                        	LEA	ECX,DWORD [EBX+EDX*1]
   901 000007E1 29 DA                           	SUB	EDX,EBX
   902 000007E3 43                              	INC	EBX
   903 000007E4 0F BE 34 39                     	MOVSX	ESI,BYTE [ECX+EDI*1]
   904 000007E8 8A 44 3A 07                     	MOV	AL,BYTE [7+EDX+EDI*1]
   905 000007EC 83 FB 03                        	CMP	EBX,3
   906 000007EF 88 04 39                        	MOV	BYTE [ECX+EDI*1],AL
   907 000007F2 89 F0                           	MOV	EAX,ESI
   908 000007F4 88 44 3A 07                     	MOV	BYTE [7+EDX+EDI*1],AL
   909 000007F8 7E D4                           	JLE	L165
   910 000007FA F7 45 EC 00000001               	TEST	DWORD [-20+EBP],1
   911 00000801 74 16                           	JE	L153
   912 00000803 8B 45 14                        	MOV	EAX,DWORD [20+EBP]
   913 00000806 8B 55 10                        	MOV	EDX,DWORD [16+EBP]
   914 00000809 03 45 E8                        	ADD	EAX,DWORD [-24+EBP]
   915 0000080C FF 45 E8                        	INC	DWORD [-24+EBP]
   916 0000080F 0F AF 45 0C                     	IMUL	EAX,DWORD [12+EBP]
   917 00000813 03 45 08                        	ADD	EAX,DWORD [8+EBP]
   918 00000816 8D 3C 02                        	LEA	EDI,DWORD [EDX+EAX*1]
   919 00000819                                 L153:
   920 00000819 FF 45 EC                        	INC	DWORD [-20+EBP]
   921 0000081C 83 7D EC 0F                     	CMP	DWORD [-20+EBP],15
   922 00000820 0F 8E FFFFFF71                  	JLE	L167
   923 00000826 C7 45 EC 00000000               	MOV	DWORD [-20+EBP],0
   924 0000082D                                 L184:
   925 0000082D 31 DB                           	XOR	EBX,EBX
   926 0000082F                                 L177:
   927 0000082F 8B 4D 20                        	MOV	ECX,DWORD [32+EBP]
   928 00000832 8B 45 EC                        	MOV	EAX,DWORD [-20+EBP]
   929 00000835 0F BE 14 08                     	MOVSX	EDX,BYTE [EAX+ECX*1]
   930 00000839 B8 00000080                     	MOV	EAX,128
   931 0000083E 88 D9                           	MOV	CL,BL
   932 00000840 D3 F8                           	SAR	EAX,CL
   933 00000842 85 C2                           	TEST	EDX,EAX
   934 00000844 74 16                           	JE	L174
   935 00000846 8B 45 EC                        	MOV	EAX,DWORD [-20+EBP]
   936 00000849 BA 00000002                     	MOV	EDX,2
   937 0000084E 89 D1                           	MOV	ECX,EDX
   938 00000850 99                              	CDQ
   939 00000851 F7 F9                           	IDIV	ECX
   940 00000853 8A 45 F3                        	MOV	AL,BYTE [-13+EBP]
   941 00000856 8D 14 D3                        	LEA	EDX,DWORD [EBX+EDX*8]
   942 00000859 88 04 3A                        	MOV	BYTE [EDX+EDI*1],AL
   943 0000085C                                 L174:
   944 0000085C 43                              	INC	EBX
   945 0000085D 83 FB 07                        	CMP	EBX,7
   946 00000860 7E CD                           	JLE	L177
   947 00000862 31 DB                           	XOR	EBX,EBX
   948 00000864                                 L182:
   949 00000864 8B 45 EC                        	MOV	EAX,DWORD [-20+EBP]
   950 00000867 BA 00000002                     	MOV	EDX,2
   951 0000086C 89 D1                           	MOV	ECX,EDX
   952 0000086E 99                              	CDQ
   953 0000086F F7 F9                           	IDIV	ECX
   954 00000871 C1 E2 03                        	SAL	EDX,3
   955 00000874 8D 0C 13                        	LEA	ECX,DWORD [EBX+EDX*1]
   956 00000877 29 DA                           	SUB	EDX,EBX
   957 00000879 43                              	INC	EBX
   958 0000087A 0F BE 34 39                     	MOVSX	ESI,BYTE [ECX+EDI*1]
   959 0000087E 8A 44 3A 07                     	MOV	AL,BYTE [7+EDX+EDI*1]
   960 00000882 83 FB 03                        	CMP	EBX,3
   961 00000885 88 04 39                        	MOV	BYTE [ECX+EDI*1],AL
   962 00000888 89 F0                           	MOV	EAX,ESI
   963 0000088A 88 44 3A 07                     	MOV	BYTE [7+EDX+EDI*1],AL
   964 0000088E 7E D4                           	JLE	L182
   965 00000890 F7 45 EC 00000001               	TEST	DWORD [-20+EBP],1
   966 00000897 74 16                           	JE	L170
   967 00000899 8B 45 14                        	MOV	EAX,DWORD [20+EBP]
   968 0000089C 8B 55 10                        	MOV	EDX,DWORD [16+EBP]
   969 0000089F 03 45 E8                        	ADD	EAX,DWORD [-24+EBP]
   970 000008A2 FF 45 E8                        	INC	DWORD [-24+EBP]
   971 000008A5 0F AF 45 0C                     	IMUL	EAX,DWORD [12+EBP]
   972 000008A9 03 45 08                        	ADD	EAX,DWORD [8+EBP]
   973 000008AC 8D 3C 02                        	LEA	EDI,DWORD [EDX+EAX*1]
   974 000008AF                                 L170:
   975 000008AF FF 45 EC                        	INC	DWORD [-20+EBP]
   976 000008B2 83 7D EC 0F                     	CMP	DWORD [-20+EBP],15
   977 000008B6 0F 8E FFFFFF71                  	JLE	L184
   978 000008BC 83 C4 10                        	ADD	ESP,16
   979 000008BF 5B                              	POP	EBX
   980 000008C0 5E                              	POP	ESI
   981 000008C1 5F                              	POP	EDI
   982 000008C2 5D                              	POP	EBP
   983 000008C3 C3                              	RET
   984                                          [SECTION .data]
   985 00000130                                 LC1:
   986 00000130 6E 69 68 6F 6E 67 6F 2E 66 6E   	DB	"nihongo.fnt",0x00
       0000013A 74 00 
   987 0000013C                                 LC0:
   988 0000013C 48 5A 4B 31 36 2E 66 6E 74 00   	DB	"HZK16.fnt",0x00
   989                                          [SECTION .text]
   990 000008C4                                 	GLOBAL	_font_init
   991 000008C4                                 _font_init:
   992 000008C4 55                              	PUSH	EBP
   993 000008C5 89 E5                           	MOV	EBP,ESP
   994 000008C7 53                              	PUSH	EBX
   995 000008C8 51                              	PUSH	ECX
   996 000008C9 80 7D 08 03                     	CMP	BYTE [8+EBP],3
   997 000008CD 0F 84 000000C6                  	JE	L232
   998 000008D3 68 00002D00                     	PUSH	11520
   999 000008D8 68 003C0000                     	PUSH	3932160
  1000 000008DD E8 [00000000]                   	CALL	_memman_alloc_4k
  1001 000008E2 68 00100200                     	PUSH	1049088
  1002 000008E7 89 C3                           	MOV	EBX,EAX
  1003 000008E9 50                              	PUSH	EAX
  1004 000008EA E8 [00000000]                   	CALL	_file_readfat
  1005 000008EF 68 000000E0                     	PUSH	224
  1006 000008F4 68 00102600                     	PUSH	1058304
  1007 000008F9 68 [00000130]                   	PUSH	LC1
  1008 000008FE E8 [00000000]                   	CALL	_file_search
  1009 00000903 83 C4 1C                        	ADD	ESP,28
  1010 00000906 89 C2                           	MOV	EDX,EAX
  1011 00000908 85 C0                           	TEST	EAX,EAX
  1012 0000090A 74 38                           	JE	L213
  1013 0000090C                                 L231:
  1014 0000090C 8B 42 1C                        	MOV	EAX,DWORD [28+EDX]
  1015 0000090F 53                              	PUSH	EBX
  1016 00000910 89 45 F8                        	MOV	DWORD [-8+EBP],EAX
  1017 00000913 8D 45 F8                        	LEA	EAX,DWORD [-8+EBP]
  1018 00000916 50                              	PUSH	EAX
  1019 00000917 0F B7 42 1A                     	MOVZX	EAX,WORD [26+EDX]
  1020 0000091B 50                              	PUSH	EAX
  1021 0000091C E8 [00000000]                   	CALL	_file_loadfile2
  1022 00000921 83 C4 0C                        	ADD	ESP,12
  1023 00000924 89 C1                           	MOV	ECX,EAX
  1024 00000926                                 L214:
  1025 00000926 89 0D 00000FE8                  	MOV	DWORD [4072],ECX
  1026 0000092C 68 00002D00                     	PUSH	11520
  1027 00000931 53                              	PUSH	EBX
  1028 00000932 68 003C0000                     	PUSH	3932160
  1029 00000937 E8 [00000000]                   	CALL	_memman_free_4k
  1030 0000093C 8B 5D FC                        	MOV	EBX,DWORD [-4+EBP]
  1031 0000093F 83 C4 0C                        	ADD	ESP,12
  1032 00000942 C9                              	LEAVE
  1033 00000943 C3                              	RET
  1034 00000944                                 L213:
  1035 00000944 68 00023840                     	PUSH	145472
  1036 00000949 68 003C0000                     	PUSH	3932160
  1037 0000094E E8 [00000000]                   	CALL	_memman_alloc_4k
  1038 00000953 89 C1                           	MOV	ECX,EAX
  1039 00000955 58                              	POP	EAX
  1040 00000956 5A                              	POP	EDX
  1041 00000957 31 D2                           	XOR	EDX,EDX
  1042 00000959 C7 45 F8 00000000               	MOV	DWORD [-8+EBP],0
  1043 00000960                                 L219:
  1044 00000960 8A 82 [00000000]                	MOV	AL,BYTE [_hankaku+EDX]
  1045 00000966 88 04 0A                        	MOV	BYTE [EDX+ECX*1],AL
  1046 00000969 8B 45 F8                        	MOV	EAX,DWORD [-8+EBP]
  1047 0000096C 40                              	INC	EAX
  1048 0000096D 89 45 F8                        	MOV	DWORD [-8+EBP],EAX
  1049 00000970 89 C2                           	MOV	EDX,EAX
  1050 00000972 3D 00000FFF                     	CMP	EAX,4095
  1051 00000977 7E E7                           	JLE	L219
  1052 00000979 C7 45 F8 00001000               	MOV	DWORD [-8+EBP],4096
  1053 00000980 B8 00001000                     	MOV	EAX,4096
  1054 00000985                                 L224:
  1055 00000985 C6 04 08 FF                     	MOV	BYTE [EAX+ECX*1],-1
  1056 00000989 8B 45 F8                        	MOV	EAX,DWORD [-8+EBP]
  1057 0000098C 40                              	INC	EAX
  1058 0000098D 89 45 F8                        	MOV	DWORD [-8+EBP],EAX
  1059 00000990 3D 0002383F                     	CMP	EAX,145471
  1060 00000995 7E EE                           	JLE	L224
  1061 00000997 EB 8D                           	JMP	L214
  1062 00000999                                 L232:
  1063 00000999 68 00002D00                     	PUSH	11520
  1064 0000099E 68 003C0000                     	PUSH	3932160
  1065 000009A3 E8 [00000000]                   	CALL	_memman_alloc_4k
  1066 000009A8 68 00100200                     	PUSH	1049088
  1067 000009AD 89 C3                           	MOV	EBX,EAX
  1068 000009AF 50                              	PUSH	EAX
  1069 000009B0 E8 [00000000]                   	CALL	_file_readfat
  1070 000009B5 68 000000E0                     	PUSH	224
  1071 000009BA 68 00102600                     	PUSH	1058304
  1072 000009BF 68 [0000013C]                   	PUSH	LC0
  1073 000009C4 E8 [00000000]                   	CALL	_file_search
  1074 000009C9 83 C4 1C                        	ADD	ESP,28
  1075 000009CC 89 C2                           	MOV	EDX,EAX
  1076 000009CE 85 C0                           	TEST	EAX,EAX
  1077 000009D0 0F 85 FFFFFF36                  	JNE	L231
  1078 000009D6 68 000BABA0                     	PUSH	764832
  1079 000009DB 68 003C0000                     	PUSH	3932160
  1080 000009E0 E8 [00000000]                   	CALL	_memman_alloc_4k
  1081 000009E5 89 C1                           	MOV	ECX,EAX
  1082 000009E7 58                              	POP	EAX
  1083 000009E8 5A                              	POP	EDX
  1084 000009E9 31 D2                           	XOR	EDX,EDX
  1085 000009EB C7 45 F8 00000000               	MOV	DWORD [-8+EBP],0
  1086 000009F2                                 L205:
  1087 000009F2 8A 82 [00000000]                	MOV	AL,BYTE [_hankaku+EDX]
  1088 000009F8 88 04 0A                        	MOV	BYTE [EDX+ECX*1],AL
  1089 000009FB 8B 45 F8                        	MOV	EAX,DWORD [-8+EBP]
  1090 000009FE 40                              	INC	EAX
  1091 000009FF 89 45 F8                        	MOV	DWORD [-8+EBP],EAX
  1092 00000A02 89 C2                           	MOV	EDX,EAX
  1093 00000A04 3D 00000FFF                     	CMP	EAX,4095
  1094 00000A09 7E E7                           	JLE	L205
  1095 00000A0B C7 45 F8 00001000               	MOV	DWORD [-8+EBP],4096
  1096 00000A12 B8 00001000                     	MOV	EAX,4096
  1097 00000A17                                 L210:
  1098 00000A17 C6 04 08 FF                     	MOV	BYTE [EAX+ECX*1],-1
  1099 00000A1B 8B 45 F8                        	MOV	EAX,DWORD [-8+EBP]
  1100 00000A1E 40                              	INC	EAX
  1101 00000A1F 89 45 F8                        	MOV	DWORD [-8+EBP],EAX
  1102 00000A22 3D 000BAB9F                     	CMP	EAX,764831
  1103 00000A27 7E EE                           	JLE	L210
  1104 00000A29 E9 FFFFFEF8                     	JMP	L214
