     1 00000000                                 [FORMAT "WCOFF"]				; 生成对象文件的模式	
     2 00000000                                 [INSTRSET "i486p"]				; 使用 486 兼容模式
     3 00000000                                 [BITS 32]						; 使用 32 位模式机器语言
     4 00000000                                 [FILE "api011.nas"]				; 源文件信息名
     5 00000000                                 
     6 00000000                                     GLOBAL _api_point
     7 00000000                                 
     8                                          [SECTION .text]
     9 00000000                                 _api_point:		; void api_point(int win, int x, int y, int col);
    10 00000000 57                              	PUSH EDI
    11 00000001 56                              	PUSH ESI
    12 00000002 53                              	PUSH EBX
    13 00000003 BA 0000000B                     	MOV	EDX, 11
    14 00000008 8B 5C 24 10                     	MOV	EBX, [ESP + 16]		; win
    15 0000000C 8B 74 24 14                     	MOV	ESI, [ESP + 20]		; x
    16 00000010 8B 7C 24 18                     	MOV	EDI, [ESP + 24]		; y
    17 00000014 8B 44 24 1C                     	MOV	EAX, [ESP + 28]		; col
    18 00000018 CD 40                           	INT	0x40
    19 0000001A 5B                              	POP	EBX
    20 0000001B 5E                              	POP	ESI
    21 0000001C 5F                              	POP	EDI
    22 0000001D C3                              	RET