     1 00000000                                 [FORMAT "WCOFF"]				; 生成对象文件的模式	
     2 00000000                                 [INSTRSET "i486p"]				; 使用 486 兼容模式
     3 00000000                                 [BITS 32]						; 使用 32 位模式机器语言
     4 00000000                                 [FILE "api012.nas"]				; 源文件信息名
     5 00000000                                 
     6 00000000                                     GLOBAL _api_refreshwin
     7 00000000                                 
     8                                          [SECTION .text]
     9 00000000                                 _api_refreshwin:	; void api_refreshwin(int win, int x0, int y0, int x1, int y1);
    10 00000000 57                              	PUSH EDI
    11 00000001 56                              	PUSH ESI
    12 00000002 53                              	PUSH EBX
    13 00000003 BA 0000000C                     	MOV	EDX, 12
    14 00000008 8B 5C 24 10                     	MOV	EBX, [ESP + 16]		; win
    15 0000000C 8B 44 24 14                     	MOV	EAX, [ESP + 20]		; x0
    16 00000010 8B 4C 24 18                     	MOV	ECX, [ESP + 24]		; y0
    17 00000014 8B 74 24 1C                     	MOV	ESI, [ESP + 28]		; x1
    18 00000018 8B 7C 24 20                     	MOV	EDI, [ESP + 32]		; y1
    19 0000001C CD 40                           	INT	0x40
    20 0000001E 5B                              	POP	EBX
    21 0000001F 5E                              	POP	ESI
    22 00000020 5F                              	POP	EDI
    23 00000021 C3                              	RET