     1 00000000                                 [FORMAT "WCOFF"]
     2 00000000                                 [INSTRSET "i486p"]
     3 00000000                                 [OPTIMIZE 1]
     4 00000000                                 [OPTION 1]
     5 00000000                                 [BITS 32]
     6 00000000                                 	EXTERN	_init_gdtidt
     7 00000000                                 	EXTERN	_init_pic
     8 00000000                                 	EXTERN	_io_sti
     9 00000000                                 	EXTERN	_fifo32_init
    10 00000000                                 	EXTERN	_init_pit
    11 00000000                                 	EXTERN	_init_keyboard
    12 00000000                                 	EXTERN	_enable_mouse
    13 00000000                                 	EXTERN	_io_out8
    14 00000000                                 	EXTERN	_memtest
    15 00000000                                 	EXTERN	_memman_init
    16 00000000                                 	EXTERN	_memman_free
    17 00000000                                 	EXTERN	_init_palette
    18 00000000                                 	EXTERN	_shtctl_init
    19 00000000                                 	EXTERN	_task_init
    20 00000000                                 	EXTERN	_task_run
    21 00000000                                 	EXTERN	_sheet_alloc
    22 00000000                                 	EXTERN	_memman_alloc_4k
    23 00000000                                 	EXTERN	_sheet_setbuf
    24 00000000                                 	EXTERN	_init_screen8
    25 00000000                                 	EXTERN	_timer_alloc
    26 00000000                                 	EXTERN	_timer_init
    27 00000000                                 	EXTERN	_timer_settime
    28 00000000                                 	EXTERN	_init_mouse_cursor8
    29 00000000                                 	EXTERN	_sheet_slide
    30 00000000                                 	EXTERN	_sheet_updown
    31 00000000                                 	EXTERN	_fifo32_put
    32 00000000                                 	EXTERN	_font_init
    33 00000000                                 	EXTERN	_sprintf
    34 00000000                                 	EXTERN	_putfonts8_asc_sht
    35 00000000                                 	EXTERN	_fifo32_status
    36 00000000                                 	EXTERN	_io_cli
    37 00000000                                 	EXTERN	_fifo32_get
    38 00000000                                 	EXTERN	_memman_free_4k
    39 00000000                                 	EXTERN	_sheet_free
    40 00000000                                 	EXTERN	_taskctl
    41 00000000                                 	EXTERN	_mouse_decode
    42 00000000                                 	EXTERN	_cons_putstr0
    43 00000000                                 	EXTERN	_asm_end_app
    44 00000000                                 	EXTERN	_keytable0.0
    45 00000000                                 	EXTERN	_wait_KBC_sendready
    46 00000000                                 	EXTERN	_keytable1.1
    47 00000000                                 	EXTERN	_task_sleep
    48 00000000                                 	EXTERN	_change_wtitle8
    49 00000000                                 	EXTERN	_task_alloc
    50 00000000                                 	EXTERN	_console_task
    51 00000000                                 	EXTERN	_make_window8
    52 00000000                                 	EXTERN	_make_textbox8
    53 00000000                                 [FILE "bootpack.c"]
    54                                          [SECTION .data]
    55 00000000                                 _keytable0.0:
    56 00000000 00                              	DB	0
    57 00000001 00                              	DB	0
    58 00000002 31                              	DB	49
    59 00000003 32                              	DB	50
    60 00000004 33                              	DB	51
    61 00000005 34                              	DB	52
    62 00000006 35                              	DB	53
    63 00000007 36                              	DB	54
    64 00000008 37                              	DB	55
    65 00000009 38                              	DB	56
    66 0000000A 39                              	DB	57
    67 0000000B 30                              	DB	48
    68 0000000C 2D                              	DB	45
    69 0000000D 3D                              	DB	61
    70 0000000E 08                              	DB	8
    71 0000000F 00                              	DB	0
    72 00000010 51                              	DB	81
    73 00000011 57                              	DB	87
    74 00000012 45                              	DB	69
    75 00000013 52                              	DB	82
    76 00000014 54                              	DB	84
    77 00000015 59                              	DB	89
    78 00000016 55                              	DB	85
    79 00000017 49                              	DB	73
    80 00000018 4F                              	DB	79
    81 00000019 50                              	DB	80
    82 0000001A 5B                              	DB	91
    83 0000001B 5D                              	DB	93
    84 0000001C 0A                              	DB	10
    85 0000001D 00                              	DB	0
    86 0000001E 41                              	DB	65
    87 0000001F 53                              	DB	83
    88 00000020 44                              	DB	68
    89 00000021 46                              	DB	70
    90 00000022 47                              	DB	71
    91 00000023 48                              	DB	72
    92 00000024 4A                              	DB	74
    93 00000025 4B                              	DB	75
    94 00000026 4C                              	DB	76
    95 00000027 3B                              	DB	59
    96 00000028 27                              	DB	39
    97 00000029 60                              	DB	96
    98 0000002A 00                              	DB	0
    99 0000002B 5C                              	DB	92
   100 0000002C 5A                              	DB	90
   101 0000002D 58                              	DB	88
   102 0000002E 43                              	DB	67
   103 0000002F 56                              	DB	86
   104 00000030 42                              	DB	66
   105 00000031 4E                              	DB	78
   106 00000032 4D                              	DB	77
   107 00000033 2C                              	DB	44
   108 00000034 2E                              	DB	46
   109 00000035 2F                              	DB	47
   110 00000036 00                              	DB	0
   111 00000037 2A                              	DB	42
   112 00000038 00                              	DB	0
   113 00000039 20                              	DB	32
   114 0000003A 00                              	DB	0
   115 0000003B 00                              	DB	0
   116 0000003C 00                              	DB	0
   117 0000003D 00                              	DB	0
   118 0000003E 00                              	DB	0
   119 0000003F 00                              	DB	0
   120 00000040 00                              	DB	0
   121 00000041 00                              	DB	0
   122 00000042 00                              	DB	0
   123 00000043 00                              	DB	0
   124 00000044 00                              	DB	0
   125 00000045 00                              	DB	0
   126 00000046 00                              	DB	0
   127 00000047 37                              	DB	55
   128 00000048 38                              	DB	56
   129 00000049 39                              	DB	57
   130 0000004A 2D                              	DB	45
   131 0000004B 34                              	DB	52
   132 0000004C 35                              	DB	53
   133 0000004D 36                              	DB	54
   134 0000004E 2B                              	DB	43
   135 0000004F 31                              	DB	49
   136 00000050 32                              	DB	50
   137 00000051 33                              	DB	51
   138 00000052 30                              	DB	48
   139 00000053 2E                              	DB	46
   140 00000054 00                              	DB	0
   141 00000055 00                              	DB	0
   142 00000056 00                              	DB	0
   143 00000057 00                              	DB	0
   144 00000058 00                              	DB	0
   145 00000059 00                              	DB	0
   146 0000005A 00                              	DB	0
   147 0000005B 00                              	DB	0
   148 0000005C 00                              	DB	0
   149 0000005D 00                              	DB	0
   150 0000005E 00                              	DB	0
   151 0000005F 00                              	DB	0
   152 00000060 00                              	DB	0
   153 00000061 00                              	DB	0
   154 00000062 00                              	DB	0
   155 00000063 00                              	DB	0
   156 00000064 00                              	DB	0
   157 00000065 00                              	DB	0
   158 00000066 00                              	DB	0
   159 00000067 00                              	DB	0
   160 00000068 00                              	DB	0
   161 00000069 00                              	DB	0
   162 0000006A 00                              	DB	0
   163 0000006B 00                              	DB	0
   164 0000006C 00                              	DB	0
   165 0000006D 00                              	DB	0
   166 0000006E 00                              	DB	0
   167 0000006F 00                              	DB	0
   168 00000070 00                              	DB	0
   169 00000071 00                              	DB	0
   170 00000072 00                              	DB	0
   171 00000073 5C                              	DB	92
   172 00000074 00                              	DB	0
   173 00000075 00                              	DB	0
   174 00000076 00                              	DB	0
   175 00000077 00                              	DB	0
   176 00000078 00                              	DB	0
   177 00000079 00                              	DB	0
   178 0000007A 00                              	DB	0
   179 0000007B 00                              	DB	0
   180 0000007C 00                              	DB	0
   181 0000007D 5C                              	DB	92
   182 0000007E 00                              	DB	0
   183 0000007F 00                              	DB	0
   184 00000080                                 _keytable1.1:
   185 00000080 00                              	DB	0
   186 00000081 00                              	DB	0
   187 00000082 21                              	DB	33
   188 00000083 40                              	DB	64
   189 00000084 23                              	DB	35
   190 00000085 24                              	DB	36
   191 00000086 25                              	DB	37
   192 00000087 5E                              	DB	94
   193 00000088 26                              	DB	38
   194 00000089 2A                              	DB	42
   195 0000008A 28                              	DB	40
   196 0000008B 29                              	DB	41
   197 0000008C 5F                              	DB	95
   198 0000008D 2B                              	DB	43
   199 0000008E 08                              	DB	8
   200 0000008F 00                              	DB	0
   201 00000090 51                              	DB	81
   202 00000091 57                              	DB	87
   203 00000092 45                              	DB	69
   204 00000093 52                              	DB	82
   205 00000094 54                              	DB	84
   206 00000095 59                              	DB	89
   207 00000096 55                              	DB	85
   208 00000097 49                              	DB	73
   209 00000098 4F                              	DB	79
   210 00000099 50                              	DB	80
   211 0000009A 7B                              	DB	123
   212 0000009B 7D                              	DB	125
   213 0000009C 0A                              	DB	10
   214 0000009D 00                              	DB	0
   215 0000009E 41                              	DB	65
   216 0000009F 53                              	DB	83
   217 000000A0 44                              	DB	68
   218 000000A1 46                              	DB	70
   219 000000A2 47                              	DB	71
   220 000000A3 48                              	DB	72
   221 000000A4 4A                              	DB	74
   222 000000A5 4B                              	DB	75
   223 000000A6 4C                              	DB	76
   224 000000A7 3A                              	DB	58
   225 000000A8 22                              	DB	34
   226 000000A9 7E                              	DB	126
   227 000000AA 00                              	DB	0
   228 000000AB 7C                              	DB	124
   229 000000AC 5A                              	DB	90
   230 000000AD 58                              	DB	88
   231 000000AE 43                              	DB	67
   232 000000AF 56                              	DB	86
   233 000000B0 42                              	DB	66
   234 000000B1 4E                              	DB	78
   235 000000B2 4D                              	DB	77
   236 000000B3 3C                              	DB	60
   237 000000B4 3E                              	DB	62
   238 000000B5 3F                              	DB	63
   239 000000B6 00                              	DB	0
   240 000000B7 2A                              	DB	42
   241 000000B8 00                              	DB	0
   242 000000B9 20                              	DB	32
   243 000000BA 00                              	DB	0
   244 000000BB 00                              	DB	0
   245 000000BC 00                              	DB	0
   246 000000BD 00                              	DB	0
   247 000000BE 00                              	DB	0
   248 000000BF 00                              	DB	0
   249 000000C0 00                              	DB	0
   250 000000C1 00                              	DB	0
   251 000000C2 00                              	DB	0
   252 000000C3 00                              	DB	0
   253 000000C4 00                              	DB	0
   254 000000C5 00                              	DB	0
   255 000000C6 00                              	DB	0
   256 000000C7 37                              	DB	55
   257 000000C8 38                              	DB	56
   258 000000C9 39                              	DB	57
   259 000000CA 2D                              	DB	45
   260 000000CB 34                              	DB	52
   261 000000CC 35                              	DB	53
   262 000000CD 36                              	DB	54
   263 000000CE 2B                              	DB	43
   264 000000CF 31                              	DB	49
   265 000000D0 32                              	DB	50
   266 000000D1 33                              	DB	51
   267 000000D2 30                              	DB	48
   268 000000D3 2E                              	DB	46
   269 000000D4 00                              	DB	0
   270 000000D5 00                              	DB	0
   271 000000D6 00                              	DB	0
   272 000000D7 00                              	DB	0
   273 000000D8 00                              	DB	0
   274 000000D9 00                              	DB	0
   275 000000DA 00                              	DB	0
   276 000000DB 00                              	DB	0
   277 000000DC 00                              	DB	0
   278 000000DD 00                              	DB	0
   279 000000DE 00                              	DB	0
   280 000000DF 00                              	DB	0
   281 000000E0 00                              	DB	0
   282 000000E1 00                              	DB	0
   283 000000E2 00                              	DB	0
   284 000000E3 00                              	DB	0
   285 000000E4 00                              	DB	0
   286 000000E5 00                              	DB	0
   287 000000E6 00                              	DB	0
   288 000000E7 00                              	DB	0
   289 000000E8 00                              	DB	0
   290 000000E9 00                              	DB	0
   291 000000EA 00                              	DB	0
   292 000000EB 00                              	DB	0
   293 000000EC 00                              	DB	0
   294 000000ED 00                              	DB	0
   295 000000EE 00                              	DB	0
   296 000000EF 00                              	DB	0
   297 000000F0 00                              	DB	0
   298 000000F1 00                              	DB	0
   299 000000F2 00                              	DB	0
   300 000000F3 5F                              	DB	95
   301 000000F4 00                              	DB	0
   302 000000F5 00                              	DB	0
   303 000000F6 00                              	DB	0
   304 000000F7 00                              	DB	0
   305 000000F8 00                              	DB	0
   306 000000F9 00                              	DB	0
   307 000000FA 00                              	DB	0
   308 000000FB 00                              	DB	0
   309 000000FC 00                              	DB	0
   310 000000FD 7C                              	DB	124
   311 000000FE 00                              	DB	0
   312 000000FF 00                              	DB	0
   313 00000100                                 LC0:
   314 00000100 46 4E 49 58 00                  	DB	"FNIX",0x00
   315 00000105                                 LC1:
   316 00000105 6D 61 64 65 20 62 79 20 B7 C9   	DB	"made by ",0xB7,0xC9,0xEA,0xBB,0xB4,0xF3,0xBD,0xAB,0xBE,0xFC,0x00
       0000010F EA BB B4 F3 BD AB BE FC 00 
   317 00000118                                 LC7:
   318 00000118 0A 42 72 65 61 6B 28 6D 6F 75   	DB	0x0A,"Break(mouse) .",0x0A,0x00
       00000122 73 65 29 20 2E 0A 00 
   319 00000129                                 LC6:
   320 00000129 0A 42 72 65 61 6B 28 6B 65 79   	DB	0x0A,"Break(key) .",0x0A,0x00
       00000133 29 20 2E 0A 00 
   321 00000138                                 LC2:
   322 00000138 25 64 2F 25 64 2F 25 64 20 20   	DB	"%d/%d/%d  %d:%d:0%d",0x00
       00000142 25 64 3A 25 64 3A 30 25 64 00 
   323 0000014C                                 LC3:
   324 0000014C 25 64 2F 25 64 2F 25 64 20 20   	DB	"%d/%d/%d  %d:0%d:%d",0x00
       00000156 25 64 3A 30 25 64 3A 25 64 00 
   325 00000160                                 LC4:
   326 00000160 25 64 2F 25 64 2F 25 64 20 20   	DB	"%d/%d/%d  %d:0%d:0%d",0x00
       0000016A 25 64 3A 30 25 64 3A 30 25 64 
       00000174 00 
   327 00000175                                 LC5:
   328 00000175 25 64 2F 25 64 2F 25 64 20 20   	DB	"%d/%d/%d  %d:%d:%d",0x00
       0000017F 25 64 3A 25 64 3A 25 64 00 
   329                                          [SECTION .text]
   330 00000000                                 	GLOBAL	_HariMain
   331 00000000                                 _HariMain:
   332 00000000 55                              	PUSH	EBP
   333 00000001 89 E5                           	MOV	EBP,ESP
   334 00000003 57                              	PUSH	EDI
   335 00000004 56                              	PUSH	ESI
   336 00000005 53                              	PUSH	EBX
   337 00000006 8D 75 A4                        	LEA	ESI,DWORD [-92+EBP]
   338 00000009 81 EC 0000046C                  	SUB	ESP,1132
   339 0000000F C7 85 FFFFFBE4 FFFFFFFF         	MOV	DWORD [-1052+EBP],-1
   340 00000019 C7 85 FFFFFBE0 00000000         	MOV	DWORD [-1056+EBP],0
   341 00000023 C7 85 FFFFFBDC 7FFFFFFF         	MOV	DWORD [-1060+EBP],2147483647
   342 0000002D C7 85 FFFFFBD8 00000000         	MOV	DWORD [-1064+EBP],0
   343 00000037 C7 85 FFFFFBC4 00000000         	MOV	DWORD [-1084+EBP],0
   344 00000041 A0 00000FF1                     	MOV	AL,BYTE [4081]
   345 00000046 C0 F8 04                        	SAR	AL,4
   346 00000049 89 C2                           	MOV	EDX,EAX
   347 0000004B 83 E2 07                        	AND	EDX,7
   348 0000004E 89 95 FFFFFBC0                  	MOV	DWORD [-1088+EBP],EDX
   349 00000054 C7 85 FFFFFBBC FFFFFFFF         	MOV	DWORD [-1092+EBP],-1
   350 0000005E C7 85 FFFFFBB8 FFFFFFFF         	MOV	DWORD [-1096+EBP],-1
   351 00000068 C7 85 FFFFFBB4 FFFFFFFF         	MOV	DWORD [-1100+EBP],-1
   352 00000072 C7 85 FFFFFBB0 00000000         	MOV	DWORD [-1104+EBP],0
   353 0000007C C7 85 FFFFFBAC 00000000         	MOV	DWORD [-1108+EBP],0
   354 00000086 C7 85 FFFFFBA4 0000000A         	MOV	DWORD [-1116+EBP],10
   355 00000090 C7 85 FFFFFBA0 0000001C         	MOV	DWORD [-1120+EBP],28
   356 0000009A C7 85 FFFFFB9C 00000014         	MOV	DWORD [-1124+EBP],20
   357 000000A4 C7 85 FFFFFB98 00000000         	MOV	DWORD [-1128+EBP],0
   358 000000AE C7 85 FFFFFB94 00000001         	MOV	DWORD [-1132+EBP],1
   359 000000B8 E8 [00000000]                   	CALL	_init_gdtidt
   360 000000BD E8 [00000000]                   	CALL	_init_pic
   361 000000C2 E8 [00000000]                   	CALL	_io_sti
   362 000000C7 8D 85 FFFFFD84                  	LEA	EAX,DWORD [-636+EBP]
   363 000000CD 6A 00                           	PUSH	0
   364 000000CF 50                              	PUSH	EAX
   365 000000D0 68 00000080                     	PUSH	128
   366 000000D5 56                              	PUSH	ESI
   367 000000D6 E8 [00000000]                   	CALL	_fifo32_init
   368 000000DB 89 35 00000FEC                  	MOV	DWORD [4076],ESI
   369 000000E1 E8 [00000000]                   	CALL	_init_pit
   370 000000E6 68 00000100                     	PUSH	256
   371 000000EB 56                              	PUSH	ESI
   372 000000EC E8 [00000000]                   	CALL	_init_keyboard
   373 000000F1 8D 85 FFFFFCF4                  	LEA	EAX,DWORD [-780+EBP]
   374 000000F7 50                              	PUSH	EAX
   375 000000F8 68 00000200                     	PUSH	512
   376 000000FD 56                              	PUSH	ESI
   377 000000FE E8 [00000000]                   	CALL	_enable_mouse
   378 00000103 83 C4 24                        	ADD	ESP,36
   379 00000106 68 000000F8                     	PUSH	248
   380 0000010B 6A 21                           	PUSH	33
   381 0000010D E8 [00000000]                   	CALL	_io_out8
   382 00000112 68 000000EF                     	PUSH	239
   383 00000117 68 000000A1                     	PUSH	161
   384 0000011C E8 [00000000]                   	CALL	_io_out8
   385 00000121 8D 85 FFFFFD04                  	LEA	EAX,DWORD [-764+EBP]
   386 00000127 6A 00                           	PUSH	0
   387 00000129 50                              	PUSH	EAX
   388 0000012A 8D 45 84                        	LEA	EAX,DWORD [-124+EBP]
   389 0000012D 6A 20                           	PUSH	32
   390 0000012F 50                              	PUSH	EAX
   391 00000130 E8 [00000000]                   	CALL	_fifo32_init
   392 00000135 83 C4 20                        	ADD	ESP,32
   393 00000138 68 BFFFFFFF                     	PUSH	-1073741825
   394 0000013D 68 00400000                     	PUSH	4194304
   395 00000142 E8 [00000000]                   	CALL	_memtest
   396 00000147 68 003C0000                     	PUSH	3932160
   397 0000014C 89 85 FFFFFBD4                  	MOV	DWORD [-1068+EBP],EAX
   398 00000152 E8 [00000000]                   	CALL	_memman_init
   399 00000157 68 0009E000                     	PUSH	647168
   400 0000015C 68 00001000                     	PUSH	4096
   401 00000161 68 003C0000                     	PUSH	3932160
   402 00000166 E8 [00000000]                   	CALL	_memman_free
   403 0000016B 8B 85 FFFFFBD4                  	MOV	EAX,DWORD [-1068+EBP]
   404 00000171 2D 00400000                     	SUB	EAX,4194304
   405 00000176 50                              	PUSH	EAX
   406 00000177 68 00400000                     	PUSH	4194304
   407 0000017C 68 003C0000                     	PUSH	3932160
   408 00000181 E8 [00000000]                   	CALL	_memman_free
   409 00000186 83 C4 24                        	ADD	ESP,36
   410 00000189 E8 [00000000]                   	CALL	_init_palette
   411 0000018E 0F BF 05 00000FF6               	MOVSX	EAX,WORD [4086]
   412 00000195 50                              	PUSH	EAX
   413 00000196 0F BF 05 00000FF4               	MOVSX	EAX,WORD [4084]
   414 0000019D 50                              	PUSH	EAX
   415 0000019E FF 35 00000FF8                  	PUSH	DWORD [4088]
   416 000001A4 68 003C0000                     	PUSH	3932160
   417 000001A9 E8 [00000000]                   	CALL	_shtctl_init
   418 000001AE 68 003C0000                     	PUSH	3932160
   419 000001B3 89 85 FFFFFBF0                  	MOV	DWORD [-1040+EBP],EAX
   420 000001B9 E8 [00000000]                   	CALL	_task_init
   421 000001BE 6A 02                           	PUSH	2
   422 000001C0 6A 01                           	PUSH	1
   423 000001C2 89 85 FFFFFBC8                  	MOV	DWORD [-1080+EBP],EAX
   424 000001C8 50                              	PUSH	EAX
   425 000001C9 89 45 BC                        	MOV	DWORD [-68+EBP],EAX
   426 000001CC E8 [00000000]                   	CALL	_task_run
   427 000001D1 83 C4 20                        	ADD	ESP,32
   428 000001D4 8B 85 FFFFFBC8                  	MOV	EAX,DWORD [-1080+EBP]
   429 000001DA 8B 95 FFFFFBF0                  	MOV	EDX,DWORD [-1040+EBP]
   430 000001E0 89 15 00000FE4                  	MOV	DWORD [4068],EDX
   431 000001E6 C6 80 000000BC 03               	MOV	BYTE [188+EAX],3
   432 000001ED 52                              	PUSH	EDX
   433 000001EE E8 [00000000]                   	CALL	_sheet_alloc
   434 000001F3 0F BF 15 00000FF6               	MOVSX	EDX,WORD [4086]
   435 000001FA 89 85 FFFFFBD0                  	MOV	DWORD [-1072+EBP],EAX
   436 00000200 0F BF 05 00000FF4               	MOVSX	EAX,WORD [4084]
   437 00000207 0F AF C2                        	IMUL	EAX,EDX
   438 0000020A 50                              	PUSH	EAX
   439 0000020B 68 003C0000                     	PUSH	3932160
   440 00000210 E8 [00000000]                   	CALL	_memman_alloc_4k
   441 00000215 6A FF                           	PUSH	-1
   442 00000217 89 C3                           	MOV	EBX,EAX
   443 00000219 0F BF 05 00000FF6               	MOVSX	EAX,WORD [4086]
   444 00000220 50                              	PUSH	EAX
   445 00000221 0F BF 05 00000FF4               	MOVSX	EAX,WORD [4084]
   446 00000228 50                              	PUSH	EAX
   447 00000229 53                              	PUSH	EBX
   448 0000022A FF B5 FFFFFBD0                  	PUSH	DWORD [-1072+EBP]
   449 00000230 E8 [00000000]                   	CALL	_sheet_setbuf
   450 00000235 83 C4 20                        	ADD	ESP,32
   451 00000238 0F BF 05 00000FF6               	MOVSX	EAX,WORD [4086]
   452 0000023F 50                              	PUSH	EAX
   453 00000240 0F BF 05 00000FF4               	MOVSX	EAX,WORD [4084]
   454 00000247 50                              	PUSH	EAX
   455 00000248 53                              	PUSH	EBX
   456 00000249 8D 9D FFFFFBF4                  	LEA	EBX,DWORD [-1036+EBP]
   457 0000024F E8 [00000000]                   	CALL	_init_screen8
   458 00000254 FF B5 FFFFFBD4                  	PUSH	DWORD [-1068+EBP]
   459 0000025A FF B5 FFFFFBF0                  	PUSH	DWORD [-1040+EBP]
   460 00000260 E8 00000BDA                     	CALL	_open_console
   461 00000265 89 C7                           	MOV	EDI,EAX
   462 00000267 E8 [00000000]                   	CALL	_timer_alloc
   463 0000026C 6A 64                           	PUSH	100
   464 0000026E 56                              	PUSH	ESI
   465 0000026F 89 85 FFFFFBA8                  	MOV	DWORD [-1112+EBP],EAX
   466 00000275 50                              	PUSH	EAX
   467 00000276 E8 [00000000]                   	CALL	_timer_init
   468 0000027B 83 C4 20                        	ADD	ESP,32
   469 0000027E 6A 64                           	PUSH	100
   470 00000280 FF B5 FFFFFBA8                  	PUSH	DWORD [-1112+EBP]
   471 00000286 E8 [00000000]                   	CALL	_timer_settime
   472 0000028B FF B5 FFFFFBF0                  	PUSH	DWORD [-1040+EBP]
   473 00000291 E8 [00000000]                   	CALL	_sheet_alloc
   474 00000296 6A 63                           	PUSH	99
   475 00000298 6A 10                           	PUSH	16
   476 0000029A 6A 10                           	PUSH	16
   477 0000029C 89 85 FFFFFBCC                  	MOV	DWORD [-1076+EBP],EAX
   478 000002A2 53                              	PUSH	EBX
   479 000002A3 50                              	PUSH	EAX
   480 000002A4 E8 [00000000]                   	CALL	_sheet_setbuf
   481 000002A9 83 C4 20                        	ADD	ESP,32
   482 000002AC 6A 63                           	PUSH	99
   483 000002AE 53                              	PUSH	EBX
   484 000002AF BB 00000002                     	MOV	EBX,2
   485 000002B4 E8 [00000000]                   	CALL	_init_mouse_cursor8
   486 000002B9 0F BF 05 00000FF4               	MOVSX	EAX,WORD [4084]
   487 000002C0 8D 48 F0                        	LEA	ECX,DWORD [-16+EAX]
   488 000002C3 89 C8                           	MOV	EAX,ECX
   489 000002C5 99                              	CDQ
   490 000002C6 F7 FB                           	IDIV	EBX
   491 000002C8 89 85 FFFFFBEC                  	MOV	DWORD [-1044+EBP],EAX
   492 000002CE 0F BF 05 00000FF6               	MOVSX	EAX,WORD [4086]
   493 000002D5 6A 00                           	PUSH	0
   494 000002D7 8D 48 D4                        	LEA	ECX,DWORD [-44+EAX]
   495 000002DA 6A 00                           	PUSH	0
   496 000002DC 89 C8                           	MOV	EAX,ECX
   497 000002DE 99                              	CDQ
   498 000002DF F7 FB                           	IDIV	EBX
   499 000002E1 FF B5 FFFFFBD0                  	PUSH	DWORD [-1072+EBP]
   500 000002E7 89 85 FFFFFBE8                  	MOV	DWORD [-1048+EBP],EAX
   501 000002ED 8D 5D C4                        	LEA	EBX,DWORD [-60+EBP]
   502 000002F0 E8 [00000000]                   	CALL	_sheet_slide
   503 000002F5 6A 5C                           	PUSH	92
   504 000002F7 6A 50                           	PUSH	80
   505 000002F9 57                              	PUSH	EDI
   506 000002FA E8 [00000000]                   	CALL	_sheet_slide
   507 000002FF 83 C4 20                        	ADD	ESP,32
   508 00000302 FF B5 FFFFFBE8                  	PUSH	DWORD [-1048+EBP]
   509 00000308 FF B5 FFFFFBEC                  	PUSH	DWORD [-1044+EBP]
   510 0000030E FF B5 FFFFFBCC                  	PUSH	DWORD [-1076+EBP]
   511 00000314 E8 [00000000]                   	CALL	_sheet_slide
   512 00000319 6A 00                           	PUSH	0
   513 0000031B FF B5 FFFFFBD0                  	PUSH	DWORD [-1072+EBP]
   514 00000321 E8 [00000000]                   	CALL	_sheet_updown
   515 00000326 6A 01                           	PUSH	1
   516 00000328 57                              	PUSH	EDI
   517 00000329 E8 [00000000]                   	CALL	_sheet_updown
   518 0000032E 6A 02                           	PUSH	2
   519 00000330 FF B5 FFFFFBCC                  	PUSH	DWORD [-1076+EBP]
   520 00000336 E8 [00000000]                   	CALL	_sheet_updown
   521 0000033B 83 C4 24                        	ADD	ESP,36
   522 0000033E 57                              	PUSH	EDI
   523 0000033F E8 00000A27                     	CALL	_keywin_on
   524 00000344 8D 55 84                        	LEA	EDX,DWORD [-124+EBP]
   525 00000347 68 000000ED                     	PUSH	237
   526 0000034C 52                              	PUSH	EDX
   527 0000034D E8 [00000000]                   	CALL	_fifo32_put
   528 00000352 8D 45 84                        	LEA	EAX,DWORD [-124+EBP]
   529 00000355 FF B5 FFFFFBC0                  	PUSH	DWORD [-1088+EBP]
   530 0000035B 50                              	PUSH	EAX
   531 0000035C E8 [00000000]                   	CALL	_fifo32_put
   532 00000361 8B 95 FFFFFBC8                  	MOV	EDX,DWORD [-1080+EBP]
   533 00000367 0F B6 82 000000BC               	MOVZX	EAX,BYTE [188+EDX]
   534 0000036E 50                              	PUSH	EAX
   535 0000036F E8 [00000000]                   	CALL	_font_init
   536 00000374 68 [00000100]                   	PUSH	LC0
   537 00000379 53                              	PUSH	EBX
   538 0000037A E8 [00000000]                   	CALL	_sprintf
   539 0000037F 83 C4 20                        	ADD	ESP,32
   540 00000382 6A 08                           	PUSH	8
   541 00000384 53                              	PUSH	EBX
   542 00000385 6A 0D                           	PUSH	13
   543 00000387 6A 01                           	PUSH	1
   544 00000389 6A 30                           	PUSH	48
   545 0000038B 6A 02                           	PUSH	2
   546 0000038D FF B5 FFFFFBD0                  	PUSH	DWORD [-1072+EBP]
   547 00000393 E8 [00000000]                   	CALL	_putfonts8_asc_sht
   548 00000398 68 [00000105]                   	PUSH	LC1
   549 0000039D 53                              	PUSH	EBX
   550 0000039E E8 [00000000]                   	CALL	_sprintf
   551 000003A3 83 C4 24                        	ADD	ESP,36
   552 000003A6 6A 14                           	PUSH	20
   553 000003A8 53                              	PUSH	EBX
   554 000003A9 6A 0D                           	PUSH	13
   555 000003AB 6A 00                           	PUSH	0
   556 000003AD 6A 44                           	PUSH	68
   557 000003AF 6A 08                           	PUSH	8
   558 000003B1 FF B5 FFFFFBD0                  	PUSH	DWORD [-1072+EBP]
   559 000003B7 E8 [00000000]                   	CALL	_putfonts8_asc_sht
   560 000003BC 83 C4 1C                        	ADD	ESP,28
   561 000003BF                                 L2:
   562 000003BF 8D 5D 84                        	LEA	EBX,DWORD [-124+EBP]
   563 000003C2 53                              	PUSH	EBX
   564 000003C3 E8 [00000000]                   	CALL	_fifo32_status
   565 000003C8 59                              	POP	ECX
   566 000003C9 85 C0                           	TEST	EAX,EAX
   567 000003CB 7E 0D                           	JLE	L5
   568 000003CD 83 BD FFFFFBBC 00               	CMP	DWORD [-1092+EBP],0
   569 000003D4 0F 88 0000093D                  	JS	L92
   570 000003DA                                 L5:
   571 000003DA 8D 5D A4                        	LEA	EBX,DWORD [-92+EBP]
   572 000003DD E8 [00000000]                   	CALL	_io_cli
   573 000003E2 53                              	PUSH	EBX
   574 000003E3 E8 [00000000]                   	CALL	_fifo32_status
   575 000003E8 5A                              	POP	EDX
   576 000003E9 85 C0                           	TEST	EAX,EAX
   577 000003EB 0F 84 000008C7                  	JE	L93
   578 000003F1 53                              	PUSH	EBX
   579 000003F2 E8 [00000000]                   	CALL	_fifo32_get
   580 000003F7 89 C6                           	MOV	ESI,EAX
   581 000003F9 E8 [00000000]                   	CALL	_io_sti
   582 000003FE 58                              	POP	EAX
   583 000003FF 85 FF                           	TEST	EDI,EDI
   584 00000401 74 27                           	JE	L12
   585 00000403 83 7F 1C 00                     	CMP	DWORD [28+EDI],0
   586 00000407 75 21                           	JNE	L12
   587 00000409 8B 95 FFFFFBF0                  	MOV	EDX,DWORD [-1040+EBP]
   588 0000040F 31 FF                           	XOR	EDI,EDI
   589 00000411 8B 42 10                        	MOV	EAX,DWORD [16+EDX]
   590 00000414 83 F8 01                        	CMP	EAX,1
   591 00000417 74 11                           	JE	L12
   592 00000419 8B 95 FFFFFBF0                  	MOV	EDX,DWORD [-1040+EBP]
   593 0000041F 8B 7C 82 10                     	MOV	EDI,DWORD [16+EDX+EAX*4]
   594 00000423 57                              	PUSH	EDI
   595 00000424 E8 00000942                     	CALL	_keywin_on
   596 00000429 58                              	POP	EAX
   597 0000042A                                 L12:
   598 0000042A 83 FE 64                        	CMP	ESI,100
   599 0000042D 0F 84 000006E0                  	JE	L94
   600 00000433                                 L15:
   601 00000433 8D 86 FFFFFF00                  	LEA	EAX,DWORD [-256+ESI]
   602 00000439 3D 000000FF                     	CMP	EAX,255
   603 0000043E 0F 86 0000039C                  	JBE	L95
   604 00000444 8D 86 FFFFFE00                  	LEA	EAX,DWORD [-512+ESI]
   605 0000044A 3D 000000FF                     	CMP	EAX,255
   606 0000044F 0F 86 00000093                  	JBE	L96
   607 00000455 8D 86 FFFFFD00                  	LEA	EAX,DWORD [-768+ESI]
   608 0000045B 3D 000000FF                     	CMP	EAX,255
   609 00000460 76 6E                           	JBE	L97
   610 00000462 8D 86 FFFFFC00                  	LEA	EAX,DWORD [-1024+ESI]
   611 00000468 3D 000003E7                     	CMP	EAX,999
   612 0000046D 76 43                           	JBE	L98
   613 0000046F 8D 86 FFFFF818                  	LEA	EAX,DWORD [-2024+ESI]
   614 00000475 3D 000000FF                     	CMP	EAX,255
   615 0000047A 0F 87 FFFFFF3F                  	JA	L2
   616 00000480 6B C6 28                        	IMUL	EAX,ESI,40
   617 00000483 03 85 FFFFFBF0                  	ADD	EAX,DWORD [-1040+EBP]
   618 00000489 68 0000A500                     	PUSH	42240
   619 0000048E FF B0 FFFEC7D4                  	PUSH	DWORD [-79916+EAX]
   620 00000494 68 003C0000                     	PUSH	3932160
   621 00000499 8D 98 FFFEC7D4                  	LEA	EBX,DWORD [-79916+EAX]
   622 0000049F E8 [00000000]                   	CALL	_memman_free_4k
   623 000004A4 53                              	PUSH	EBX
   624 000004A5 E8 [00000000]                   	CALL	_sheet_free
   625 000004AA 83 C4 10                        	ADD	ESP,16
   626 000004AD E9 FFFFFF0D                     	JMP	L2
   627 000004B2                                 L98:
   628 000004B2 69 F6 000000C0                  	IMUL	ESI,ESI,192
   629 000004B8 03 35 [00000000]                	ADD	ESI,DWORD [_taskctl]
   630 000004BE 8D 86 FFFD0FF8                  	LEA	EAX,DWORD [-192520+ESI]
   631 000004C4 50                              	PUSH	EAX
   632 000004C5 E8 000009F4                     	CALL	_close_constask
   633 000004CA                                 L86:
   634 000004CA 58                              	POP	EAX
   635 000004CB E9 FFFFFEEF                     	JMP	L2
   636 000004D0                                 L97:
   637 000004D0 6B C6 28                        	IMUL	EAX,ESI,40
   638 000004D3 8B 95 FFFFFBF0                  	MOV	EDX,DWORD [-1040+EBP]
   639 000004D9 8D 84 10 FFFF8C14               	LEA	EAX,DWORD [-29676+EAX+EDX*1]
   640 000004E0 50                              	PUSH	EAX
   641 000004E1 E8 00000A18                     	CALL	_close_console
   642 000004E6 EB E2                           	JMP	L86
   643 000004E8                                 L96:
   644 000004E8 89 F2                           	MOV	EDX,ESI
   645 000004EA 0F B6 C2                        	MOVZX	EAX,DL
   646 000004ED 50                              	PUSH	EAX
   647 000004EE 8D 85 FFFFFCF4                  	LEA	EAX,DWORD [-780+EBP]
   648 000004F4 50                              	PUSH	EAX
   649 000004F5 E8 [00000000]                   	CALL	_mouse_decode
   650 000004FA 59                              	POP	ECX
   651 000004FB 5B                              	POP	EBX
   652 000004FC 85 C0                           	TEST	EAX,EAX
   653 000004FE 0F 84 FFFFFEBB                  	JE	L2
   654 00000504 8B 85 FFFFFCFC                  	MOV	EAX,DWORD [-772+EBP]
   655 0000050A 8B 95 FFFFFCF8                  	MOV	EDX,DWORD [-776+EBP]
   656 00000510 01 85 FFFFFBE8                  	ADD	DWORD [-1048+EBP],EAX
   657 00000516 01 95 FFFFFBEC                  	ADD	DWORD [-1044+EBP],EDX
   658 0000051C 0F 88 000002AF                  	JS	L99
   659 00000522                                 L55:
   660 00000522 83 BD FFFFFBE8 00               	CMP	DWORD [-1048+EBP],0
   661 00000529 0F 88 00000293                  	JS	L100
   662 0000052F                                 L56:
   663 0000052F 0F BF 05 00000FF4               	MOVSX	EAX,WORD [4084]
   664 00000536 48                              	DEC	EAX
   665 00000537 39 85 FFFFFBEC                  	CMP	DWORD [-1044+EBP],EAX
   666 0000053D 7E 06                           	JLE	L57
   667 0000053F 89 85 FFFFFBEC                  	MOV	DWORD [-1044+EBP],EAX
   668 00000545                                 L57:
   669 00000545 0F BF 05 00000FF6               	MOVSX	EAX,WORD [4086]
   670 0000054C 48                              	DEC	EAX
   671 0000054D 39 85 FFFFFBE8                  	CMP	DWORD [-1048+EBP],EAX
   672 00000553 7E 06                           	JLE	L58
   673 00000555 89 85 FFFFFBE8                  	MOV	DWORD [-1048+EBP],EAX
   674 0000055B                                 L58:
   675 0000055B 8B 85 FFFFFBEC                  	MOV	EAX,DWORD [-1044+EBP]
   676 00000561 8B 95 FFFFFBE8                  	MOV	EDX,DWORD [-1048+EBP]
   677 00000567 89 85 FFFFFBE4                  	MOV	DWORD [-1052+EBP],EAX
   678 0000056D 89 95 FFFFFBE0                  	MOV	DWORD [-1056+EBP],EDX
   679 00000573 F7 85 FFFFFD00 00000001         	TEST	DWORD [-768+EBP],1
   680 0000057D 75 43                           	JNE	L101
   681 0000057F C7 85 FFFFFBB8 FFFFFFFF         	MOV	DWORD [-1096+EBP],-1
   682 00000589 81 BD FFFFFBDC 7FFFFFFF         	CMP	DWORD [-1060+EBP],2147483647
   683 00000593 0F 84 FFFFFE26                  	JE	L2
   684 00000599                                 L87:
   685 00000599 FF B5 FFFFFBD8                  	PUSH	DWORD [-1064+EBP]
   686 0000059F FF B5 FFFFFBDC                  	PUSH	DWORD [-1060+EBP]
   687 000005A5 FF B5 FFFFFBAC                  	PUSH	DWORD [-1108+EBP]
   688 000005AB E8 [00000000]                   	CALL	_sheet_slide
   689 000005B0 C7 85 FFFFFBDC 7FFFFFFF         	MOV	DWORD [-1060+EBP],2147483647
   690 000005BA                                 L88:
   691 000005BA 83 C4 0C                        	ADD	ESP,12
   692 000005BD E9 FFFFFDFD                     	JMP	L2
   693 000005C2                                 L101:
   694 000005C2 83 BD FFFFFBB8 00               	CMP	DWORD [-1096+EBP],0
   695 000005C9 78 46                           	JS	L102
   696 000005CB 8B 9D FFFFFBEC                  	MOV	EBX,DWORD [-1044+EBP]
   697 000005D1 8B 85 FFFFFBB0                  	MOV	EAX,DWORD [-1104+EBP]
   698 000005D7 2B 9D FFFFFBB8                  	SUB	EBX,DWORD [-1096+EBP]
   699 000005DD 8B B5 FFFFFBE8                  	MOV	ESI,DWORD [-1048+EBP]
   700 000005E3 2B B5 FFFFFBB4                  	SUB	ESI,DWORD [-1100+EBP]
   701 000005E9 8B 95 FFFFFBE8                  	MOV	EDX,DWORD [-1048+EBP]
   702 000005EF 8D 5C 03 02                     	LEA	EBX,DWORD [2+EBX+EAX*1]
   703 000005F3 89 95 FFFFFBB4                  	MOV	DWORD [-1100+EBP],EDX
   704 000005F9 89 9D FFFFFBDC                  	MOV	DWORD [-1060+EBP],EBX
   705 000005FF 01 B5 FFFFFBD8                  	ADD	DWORD [-1064+EBP],ESI
   706 00000605 83 A5 FFFFFBDC FC               	AND	DWORD [-1060+EBP],-4
   707 0000060C E9 FFFFFDAE                     	JMP	L2
   708 00000611                                 L102:
   709 00000611 8B 85 FFFFFBF0                  	MOV	EAX,DWORD [-1040+EBP]
   710 00000617 8B 40 10                        	MOV	EAX,DWORD [16+EAX]
   711 0000061A 89 85 FFFFFB8C                  	MOV	DWORD [-1140+EBP],EAX
   712 00000620 89 C1                           	MOV	ECX,EAX
   713 00000622                                 L91:
   714 00000622 49                              	DEC	ECX
   715 00000623 85 C9                           	TEST	ECX,ECX
   716 00000625 0F 8E FFFFFD94                  	JLE	L2
   717 0000062B 8B 95 FFFFFBF0                  	MOV	EDX,DWORD [-1040+EBP]
   718 00000631 8B B5 FFFFFBE8                  	MOV	ESI,DWORD [-1048+EBP]
   719 00000637 8B 9D FFFFFBEC                  	MOV	EBX,DWORD [-1044+EBP]
   720 0000063D 8B 54 8A 14                     	MOV	EDX,DWORD [20+EDX+ECX*4]
   721 00000641 89 95 FFFFFBAC                  	MOV	DWORD [-1108+EBP],EDX
   722 00000647 2B 72 10                        	SUB	ESI,DWORD [16+EDX]
   723 0000064A 2B 5A 0C                        	SUB	EBX,DWORD [12+EDX]
   724 0000064D 78 D3                           	JS	L91
   725 0000064F 8B 42 04                        	MOV	EAX,DWORD [4+EDX]
   726 00000652 39 C3                           	CMP	EBX,EAX
   727 00000654 7D CC                           	JGE	L91
   728 00000656 85 F6                           	TEST	ESI,ESI
   729 00000658 78 C8                           	JS	L91
   730 0000065A 3B 72 08                        	CMP	ESI,DWORD [8+EDX]
   731 0000065D 7D C3                           	JGE	L91
   732 0000065F 0F AF C6                        	IMUL	EAX,ESI
   733 00000662 89 85 FFFFFB88                  	MOV	DWORD [-1144+EBP],EAX
   734 00000668 8B 12                           	MOV	EDX,DWORD [EDX]
   735 0000066A 8B 85 FFFFFB88                  	MOV	EAX,DWORD [-1144+EBP]
   736 00000670 01 D8                           	ADD	EAX,EBX
   737 00000672 0F B6 04 10                     	MOVZX	EAX,BYTE [EAX+EDX*1]
   738 00000676 8B 95 FFFFFBAC                  	MOV	EDX,DWORD [-1108+EBP]
   739 0000067C 3B 42 14                        	CMP	EAX,DWORD [20+EDX]
   740 0000067F 74 A1                           	JE	L91
   741 00000681 8B 85 FFFFFB8C                  	MOV	EAX,DWORD [-1140+EBP]
   742 00000687 48                              	DEC	EAX
   743 00000688 50                              	PUSH	EAX
   744 00000689 52                              	PUSH	EDX
   745 0000068A E8 [00000000]                   	CALL	_sheet_updown
   746 0000068F 39 BD FFFFFBAC                  	CMP	DWORD [-1108+EBP],EDI
   747 00000695 58                              	POP	EAX
   748 00000696 5A                              	POP	EDX
   749 00000697 74 14                           	JE	L67
   750 00000699 57                              	PUSH	EDI
   751 0000069A E8 0000069E                     	CALL	_keywin_off
   752 0000069F 8B BD FFFFFBAC                  	MOV	EDI,DWORD [-1108+EBP]
   753 000006A5 57                              	PUSH	EDI
   754 000006A6 E8 000006C0                     	CALL	_keywin_on
   755 000006AB 5A                              	POP	EDX
   756 000006AC 59                              	POP	ECX
   757 000006AD                                 L67:
   758 000006AD 83 FB 02                        	CMP	EBX,2
   759 000006B0 7E 50                           	JLE	L68
   760 000006B2 8B 95 FFFFFBAC                  	MOV	EDX,DWORD [-1108+EBP]
   761 000006B8 8B 42 04                        	MOV	EAX,DWORD [4+EDX]
   762 000006BB 83 E8 03                        	SUB	EAX,3
   763 000006BE 39 C3                           	CMP	EBX,EAX
   764 000006C0 7D 40                           	JGE	L68
   765 000006C2 83 FE 02                        	CMP	ESI,2
   766 000006C5 7E 3B                           	JLE	L68
   767 000006C7 83 FE 14                        	CMP	ESI,20
   768 000006CA 7F 36                           	JG	L68
   769 000006CC 8B 85 FFFFFBEC                  	MOV	EAX,DWORD [-1044+EBP]
   770 000006D2 8B 95 FFFFFBE8                  	MOV	EDX,DWORD [-1048+EBP]
   771 000006D8 89 85 FFFFFBB8                  	MOV	DWORD [-1096+EBP],EAX
   772 000006DE 89 95 FFFFFBB4                  	MOV	DWORD [-1100+EBP],EDX
   773 000006E4 8B 85 FFFFFBAC                  	MOV	EAX,DWORD [-1108+EBP]
   774 000006EA 8B 95 FFFFFBAC                  	MOV	EDX,DWORD [-1108+EBP]
   775 000006F0 8B 40 0C                        	MOV	EAX,DWORD [12+EAX]
   776 000006F3 8B 52 10                        	MOV	EDX,DWORD [16+EDX]
   777 000006F6 89 85 FFFFFBB0                  	MOV	DWORD [-1104+EBP],EAX
   778 000006FC 89 95 FFFFFBD8                  	MOV	DWORD [-1064+EBP],EDX
   779 00000702                                 L68:
   780 00000702 8B 85 FFFFFBAC                  	MOV	EAX,DWORD [-1108+EBP]
   781 00000708 8B 50 04                        	MOV	EDX,DWORD [4+EAX]
   782 0000070B 8D 42 EB                        	LEA	EAX,DWORD [-21+EDX]
   783 0000070E 39 D8                           	CMP	EAX,EBX
   784 00000710 0F 8F FFFFFCA9                  	JG	L2
   785 00000716 8D 42 FB                        	LEA	EAX,DWORD [-5+EDX]
   786 00000719 39 C3                           	CMP	EBX,EAX
   787 0000071B 0F 8D FFFFFC9E                  	JGE	L2
   788 00000721 83 FE 04                        	CMP	ESI,4
   789 00000724 0F 8E FFFFFC95                  	JLE	L2
   790 0000072A 83 FE 12                        	CMP	ESI,18
   791 0000072D 0F 8F FFFFFC8C                  	JG	L2
   792 00000733 8B 95 FFFFFBAC                  	MOV	EDX,DWORD [-1108+EBP]
   793 00000739 F6 42 1C 10                     	TEST	BYTE [28+EDX],16
   794 0000073D 74 42                           	JE	L103
   795 0000073F 8B 85 FFFFFBAC                  	MOV	EAX,DWORD [-1108+EBP]
   796 00000745 8B 58 24                        	MOV	EBX,DWORD [36+EAX]
   797 00000748 68 [00000118]                   	PUSH	LC7
   798 0000074D FF B3 000000A4                  	PUSH	DWORD [164+EBX]
   799 00000753 E8 [00000000]                   	CALL	_cons_putstr0
   800 00000758 E8 [00000000]                   	CALL	_io_cli
   801 0000075D 8D 43 30                        	LEA	EAX,DWORD [48+EBX]
   802 00000760 89 43 54                        	MOV	DWORD [84+EBX],EAX
   803 00000763 C7 43 4C [00000000]             	MOV	DWORD [76+EBX],_asm_end_app
   804 0000076A E8 [00000000]                   	CALL	_io_sti
   805 0000076F 6A 00                           	PUSH	0
   806 00000771 6A FF                           	PUSH	-1
   807 00000773 53                              	PUSH	EBX
   808 00000774 E8 [00000000]                   	CALL	_task_run
   809 00000779 83 C4 14                        	ADD	ESP,20
   810 0000077C E9 FFFFFC3E                     	JMP	L2
   811 00000781                                 L103:
   812 00000781 8B 5A 24                        	MOV	EBX,DWORD [36+EDX]
   813 00000784 6A FF                           	PUSH	-1
   814 00000786 52                              	PUSH	EDX
   815 00000787 E8 [00000000]                   	CALL	_sheet_updown
   816 0000078C 57                              	PUSH	EDI
   817 0000078D E8 000005AB                     	CALL	_keywin_off
   818 00000792 8B 95 FFFFFBF0                  	MOV	EDX,DWORD [-1040+EBP]
   819 00000798 8B 42 10                        	MOV	EAX,DWORD [16+EDX]
   820 0000079B 8B 7C 82 10                     	MOV	EDI,DWORD [16+EDX+EAX*4]
   821 0000079F 57                              	PUSH	EDI
   822 000007A0 E8 000005C6                     	CALL	_keywin_on
   823 000007A5 E8 [00000000]                   	CALL	_io_cli
   824 000007AA 8D 43 10                        	LEA	EAX,DWORD [16+EBX]
   825 000007AD 6A 04                           	PUSH	4
   826 000007AF 50                              	PUSH	EAX
   827 000007B0 E8 [00000000]                   	CALL	_fifo32_put
   828 000007B5 E8 [00000000]                   	CALL	_io_sti
   829 000007BA 83 C4 18                        	ADD	ESP,24
   830 000007BD E9 FFFFFBFD                     	JMP	L2
   831 000007C2                                 L100:
   832 000007C2 C7 85 FFFFFBE8 00000000         	MOV	DWORD [-1048+EBP],0
   833 000007CC E9 FFFFFD5E                     	JMP	L56
   834 000007D1                                 L99:
   835 000007D1 C7 85 FFFFFBEC 00000000         	MOV	DWORD [-1044+EBP],0
   836 000007DB E9 FFFFFD42                     	JMP	L55
   837 000007E0                                 L95:
   838 000007E0 81 FE 0000017F                  	CMP	ESI,383
   839 000007E6 0F 8F 0000031E                  	JG	L27
   840 000007EC 8B 85 FFFFFBF0                  	MOV	EAX,DWORD [-1040+EBP]
   841 000007F2 83 78 10 01                     	CMP	DWORD [16+EAX],1
   842 000007F6 0F 8E 0000030E                  	JLE	L27
   843 000007FC 83 BD FFFFFBC4 00               	CMP	DWORD [-1084+EBP],0
   844 00000803 0F 85 000002F6                  	JNE	L28
   845 00000809 8A 86 [FFFFFF00]                	MOV	AL,BYTE [_keytable0.0-256+ESI]
   846 0000080F                                 L90:
   847 0000080F 88 45 C4                        	MOV	BYTE [-60+EBP],AL
   848 00000812                                 L30:
   849 00000812 8A 55 C4                        	MOV	DL,BYTE [-60+EBP]
   850 00000815 8D 42 BF                        	LEA	EAX,DWORD [-65+EDX]
   851 00000818 3C 19                           	CMP	AL,25
   852 0000081A 77 29                           	JA	L31
   853 0000081C 8B 85 FFFFFBF0                  	MOV	EAX,DWORD [-1040+EBP]
   854 00000822 83 78 10 01                     	CMP	DWORD [16+EAX],1
   855 00000826 7E 1D                           	JLE	L31
   856 00000828 F7 85 FFFFFBC0 00000004         	TEST	DWORD [-1088+EBP],4
   857 00000832 0F 85 000002B8                  	JNE	L84
   858 00000838 83 BD FFFFFBC4 00               	CMP	DWORD [-1084+EBP],0
   859 0000083F 0F 84 000002A0                  	JE	L33
   860 00000845                                 L31:
   861 00000845 8A 45 C4                        	MOV	AL,BYTE [-60+EBP]
   862 00000848 84 C0                           	TEST	AL,AL
   863 0000084A 74 27                           	JE	L35
   864 0000084C 85 FF                           	TEST	EDI,EDI
   865 0000084E 74 23                           	JE	L35
   866 00000850 8B 95 FFFFFBF0                  	MOV	EDX,DWORD [-1040+EBP]
   867 00000856 83 7A 10 01                     	CMP	DWORD [16+EDX],1
   868 0000085A 7E 17                           	JLE	L35
   869 0000085C 0F BE C0                        	MOVSX	EAX,AL
   870 0000085F 05 00000100                     	ADD	EAX,256
   871 00000864 50                              	PUSH	EAX
   872 00000865 8B 47 24                        	MOV	EAX,DWORD [36+EDI]
   873 00000868 83 C0 10                        	ADD	EAX,16
   874 0000086B 50                              	PUSH	EAX
   875 0000086C E8 [00000000]                   	CALL	_fifo32_put
   876 00000871 58                              	POP	EAX
   877 00000872 5A                              	POP	EDX
   878 00000873                                 L35:
   879 00000873 81 FE 0000010F                  	CMP	ESI,271
   880 00000879 0F 84 00000221                  	JE	L104
   881 0000087F                                 L36:
   882 0000087F 81 FE 0000012A                  	CMP	ESI,298
   883 00000885 0F 84 00000209                  	JE	L105
   884 0000088B                                 L38:
   885 0000088B 81 FE 00000136                  	CMP	ESI,310
   886 00000891 0F 84 000001F1                  	JE	L106
   887 00000897                                 L39:
   888 00000897 81 FE 000001AA                  	CMP	ESI,426
   889 0000089D 0F 84 000001D9                  	JE	L107
   890 000008A3                                 L40:
   891 000008A3 81 FE 000001B6                  	CMP	ESI,438
   892 000008A9 0F 84 000001C1                  	JE	L108
   893 000008AF                                 L41:
   894 000008AF 81 FE 0000013A                  	CMP	ESI,314
   895 000008B5 0F 84 0000018C                  	JE	L109
   896 000008BB                                 L42:
   897 000008BB 81 FE 00000145                  	CMP	ESI,325
   898 000008C1 0F 84 00000157                  	JE	L110
   899 000008C7                                 L43:
   900 000008C7 81 FE 00000146                  	CMP	ESI,326
   901 000008CD 0F 84 00000122                  	JE	L111
   902 000008D3                                 L44:
   903 000008D3 81 FE 0000013B                  	CMP	ESI,315
   904 000008D9 0F 84 000000B3                  	JE	L112
   905 000008DF                                 L45:
   906 000008DF 81 FE 0000013C                  	CMP	ESI,316
   907 000008E5 74 5D                           	JE	L113
   908 000008E7                                 L47:
   909 000008E7 81 FE 0000015B                  	CMP	ESI,347
   910 000008ED 74 39                           	JE	L114
   911 000008EF                                 L49:
   912 000008EF 81 FE 000001FA                  	CMP	ESI,506
   913 000008F5 74 25                           	JE	L115
   914 000008F7                                 L50:
   915 000008F7 81 FE 000001FE                  	CMP	ESI,510
   916 000008FD 0F 85 FFFFFABC                  	JNE	L2
   917 00000903 E8 [00000000]                   	CALL	_wait_KBC_sendready
   918 00000908 FF B5 FFFFFBBC                  	PUSH	DWORD [-1092+EBP]
   919 0000090E 6A 60                           	PUSH	96
   920 00000910 E8 [00000000]                   	CALL	_io_out8
   921 00000915 5E                              	POP	ESI
   922 00000916 58                              	POP	EAX
   923 00000917 E9 FFFFFAA3                     	JMP	L2
   924 0000091C                                 L115:
   925 0000091C C7 85 FFFFFBBC FFFFFFFF         	MOV	DWORD [-1092+EBP],-1
   926 00000926 EB CF                           	JMP	L50
   927 00000928                                 L114:
   928 00000928 8B 95 FFFFFBF0                  	MOV	EDX,DWORD [-1040+EBP]
   929 0000092E 8B 42 10                        	MOV	EAX,DWORD [16+EDX]
   930 00000931 83 F8 02                        	CMP	EAX,2
   931 00000934 7E B9                           	JLE	L49
   932 00000936 48                              	DEC	EAX
   933 00000937 50                              	PUSH	EAX
   934 00000938 FF 72 18                        	PUSH	DWORD [24+EDX]
   935 0000093B E8 [00000000]                   	CALL	_sheet_updown
   936 00000940 58                              	POP	EAX
   937 00000941 5A                              	POP	EDX
   938 00000942 EB AB                           	JMP	L49
   939 00000944                                 L113:
   940 00000944 83 BD FFFFFBC4 00               	CMP	DWORD [-1084+EBP],0
   941 0000094B 74 9A                           	JE	L47
   942 0000094D 85 FF                           	TEST	EDI,EDI
   943 0000094F 74 07                           	JE	L48
   944 00000951 57                              	PUSH	EDI
   945 00000952 E8 000003E6                     	CALL	_keywin_off
   946 00000957 59                              	POP	ECX
   947 00000958                                 L48:
   948 00000958 FF B5 FFFFFBD4                  	PUSH	DWORD [-1068+EBP]
   949 0000095E FF B5 FFFFFBF0                  	PUSH	DWORD [-1040+EBP]
   950 00000964 E8 000004D6                     	CALL	_open_console
   951 00000969 6A 64                           	PUSH	100
   952 0000096B 6A 5C                           	PUSH	92
   953 0000096D 89 C7                           	MOV	EDI,EAX
   954 0000096F 50                              	PUSH	EAX
   955 00000970 E8 [00000000]                   	CALL	_sheet_slide
   956 00000975 8B 95 FFFFFBF0                  	MOV	EDX,DWORD [-1040+EBP]
   957 0000097B FF 72 10                        	PUSH	DWORD [16+EDX]
   958 0000097E 57                              	PUSH	EDI
   959 0000097F E8 [00000000]                   	CALL	_sheet_updown
   960 00000984 57                              	PUSH	EDI
   961 00000985 E8 000003E1                     	CALL	_keywin_on
   962 0000098A 83 C4 20                        	ADD	ESP,32
   963 0000098D E9 FFFFFF55                     	JMP	L47
   964 00000992                                 L112:
   965 00000992 83 BD FFFFFBC4 00               	CMP	DWORD [-1084+EBP],0
   966 00000999 0F 84 FFFFFF40                  	JE	L45
   967 0000099F 85 FF                           	TEST	EDI,EDI
   968 000009A1 0F 84 FFFFFF38                  	JE	L45
   969 000009A7 8B 5F 24                        	MOV	EBX,DWORD [36+EDI]
   970 000009AA 85 DB                           	TEST	EBX,EBX
   971 000009AC 0F 84 FFFFFF2D                  	JE	L45
   972 000009B2 83 7B 34 00                     	CMP	DWORD [52+EBX],0
   973 000009B6 0F 84 FFFFFF23                  	JE	L45
   974 000009BC 68 [00000129]                   	PUSH	LC6
   975 000009C1 FF B3 000000A4                  	PUSH	DWORD [164+EBX]
   976 000009C7 E8 [00000000]                   	CALL	_cons_putstr0
   977 000009CC E8 [00000000]                   	CALL	_io_cli
   978 000009D1 8D 43 30                        	LEA	EAX,DWORD [48+EBX]
   979 000009D4 89 43 54                        	MOV	DWORD [84+EBX],EAX
   980 000009D7 C7 43 4C [00000000]             	MOV	DWORD [76+EBX],_asm_end_app
   981 000009DE E8 [00000000]                   	CALL	_io_sti
   982 000009E3 6A 00                           	PUSH	0
   983 000009E5 6A FF                           	PUSH	-1
   984 000009E7 53                              	PUSH	EBX
   985 000009E8 E8 [00000000]                   	CALL	_task_run
   986 000009ED 83 C4 14                        	ADD	ESP,20
   987 000009F0 E9 FFFFFEEA                     	JMP	L45
   988 000009F5                                 L111:
   989 000009F5 68 000000ED                     	PUSH	237
   990 000009FA 8D 5D 84                        	LEA	EBX,DWORD [-124+EBP]
   991 000009FD 53                              	PUSH	EBX
   992 000009FE 83 B5 FFFFFBC0 01               	XOR	DWORD [-1088+EBP],1
   993 00000A05 E8 [00000000]                   	CALL	_fifo32_put
   994 00000A0A FF B5 FFFFFBC0                  	PUSH	DWORD [-1088+EBP]
   995 00000A10 53                              	PUSH	EBX
   996 00000A11 E8 [00000000]                   	CALL	_fifo32_put
   997 00000A16 83 C4 10                        	ADD	ESP,16
   998 00000A19 E9 FFFFFEB5                     	JMP	L44
   999 00000A1E                                 L110:
  1000 00000A1E 68 000000ED                     	PUSH	237
  1001 00000A23 8D 5D 84                        	LEA	EBX,DWORD [-124+EBP]
  1002 00000A26 53                              	PUSH	EBX
  1003 00000A27 83 B5 FFFFFBC0 02               	XOR	DWORD [-1088+EBP],2
  1004 00000A2E E8 [00000000]                   	CALL	_fifo32_put
  1005 00000A33 FF B5 FFFFFBC0                  	PUSH	DWORD [-1088+EBP]
  1006 00000A39 53                              	PUSH	EBX
  1007 00000A3A E8 [00000000]                   	CALL	_fifo32_put
  1008 00000A3F 83 C4 10                        	ADD	ESP,16
  1009 00000A42 E9 FFFFFE80                     	JMP	L43
  1010 00000A47                                 L109:
  1011 00000A47 68 000000ED                     	PUSH	237
  1012 00000A4C 8D 5D 84                        	LEA	EBX,DWORD [-124+EBP]
  1013 00000A4F 53                              	PUSH	EBX
  1014 00000A50 83 B5 FFFFFBC0 04               	XOR	DWORD [-1088+EBP],4
  1015 00000A57 E8 [00000000]                   	CALL	_fifo32_put
  1016 00000A5C FF B5 FFFFFBC0                  	PUSH	DWORD [-1088+EBP]
  1017 00000A62 53                              	PUSH	EBX
  1018 00000A63 E8 [00000000]                   	CALL	_fifo32_put
  1019 00000A68 83 C4 10                        	ADD	ESP,16
  1020 00000A6B E9 FFFFFE4B                     	JMP	L42
  1021 00000A70                                 L108:
  1022 00000A70 83 A5 FFFFFBC4 FD               	AND	DWORD [-1084+EBP],-3
  1023 00000A77 E9 FFFFFE33                     	JMP	L41
  1024 00000A7C                                 L107:
  1025 00000A7C 83 A5 FFFFFBC4 FE               	AND	DWORD [-1084+EBP],-2
  1026 00000A83 E9 FFFFFE1B                     	JMP	L40
  1027 00000A88                                 L106:
  1028 00000A88 83 8D FFFFFBC4 02               	OR	DWORD [-1084+EBP],2
  1029 00000A8F E9 FFFFFE03                     	JMP	L39
  1030 00000A94                                 L105:
  1031 00000A94 83 8D FFFFFBC4 01               	OR	DWORD [-1084+EBP],1
  1032 00000A9B E9 FFFFFDEB                     	JMP	L38
  1033 00000AA0                                 L104:
  1034 00000AA0 85 FF                           	TEST	EDI,EDI
  1035 00000AA2 0F 84 FFFFFDD7                  	JE	L36
  1036 00000AA8 8B 85 FFFFFBF0                  	MOV	EAX,DWORD [-1040+EBP]
  1037 00000AAE 83 78 10 01                     	CMP	DWORD [16+EAX],1
  1038 00000AB2 0F 8E FFFFFDC7                  	JLE	L36
  1039 00000AB8 57                              	PUSH	EDI
  1040 00000AB9 E8 0000027F                     	CALL	_keywin_off
  1041 00000ABE 8B 4F 18                        	MOV	ECX,DWORD [24+EDI]
  1042 00000AC1 49                              	DEC	ECX
  1043 00000AC2 58                              	POP	EAX
  1044 00000AC3 75 0A                           	JNE	L37
  1045 00000AC5 8B 95 FFFFFBF0                  	MOV	EDX,DWORD [-1040+EBP]
  1046 00000ACB 8B 4A 10                        	MOV	ECX,DWORD [16+EDX]
  1047 00000ACE 49                              	DEC	ECX
  1048 00000ACF                                 L37:
  1049 00000ACF 8B 85 FFFFFBF0                  	MOV	EAX,DWORD [-1040+EBP]
  1050 00000AD5 8B 7C 88 14                     	MOV	EDI,DWORD [20+EAX+ECX*4]
  1051 00000AD9 57                              	PUSH	EDI
  1052 00000ADA E8 0000028C                     	CALL	_keywin_on
  1053 00000ADF 5B                              	POP	EBX
  1054 00000AE0 E9 FFFFFD9A                     	JMP	L36
  1055 00000AE5                                 L33:
  1056 00000AE5 8D 42 20                        	LEA	EAX,DWORD [32+EDX]
  1057 00000AE8 88 45 C4                        	MOV	BYTE [-60+EBP],AL
  1058 00000AEB E9 FFFFFD55                     	JMP	L31
  1059 00000AF0                                 L84:
  1060 00000AF0 83 BD FFFFFBC4 00               	CMP	DWORD [-1084+EBP],0
  1061 00000AF7 0F 84 FFFFFD48                  	JE	L31
  1062 00000AFD EB E6                           	JMP	L33
  1063 00000AFF                                 L28:
  1064 00000AFF 8A 86 [FFFFFF80]                	MOV	AL,BYTE [_keytable1.1-256+ESI]
  1065 00000B05 E9 FFFFFD05                     	JMP	L90
  1066 00000B0A                                 L27:
  1067 00000B0A C6 45 C4 00                     	MOV	BYTE [-60+EBP],0
  1068 00000B0E E9 FFFFFCFF                     	JMP	L30
  1069 00000B13                                 L94:
  1070 00000B13 6A 64                           	PUSH	100
  1071 00000B15 8D 45 A4                        	LEA	EAX,DWORD [-92+EBP]
  1072 00000B18 50                              	PUSH	EAX
  1073 00000B19 FF B5 FFFFFBA8                  	PUSH	DWORD [-1112+EBP]
  1074 00000B1F E8 [00000000]                   	CALL	_timer_init
  1075 00000B24 83 C4 0C                        	ADD	ESP,12
  1076 00000B27 83 BD FFFFFB94 09               	CMP	DWORD [-1132+EBP],9
  1077 00000B2E 0F 8F 00000176                  	JG	L16
  1078 00000B34 83 BD FFFFFB98 09               	CMP	DWORD [-1128+EBP],9
  1079 00000B3B 0F 8E 000000D0                  	JLE	L83
  1080 00000B41 FF B5 FFFFFB94                  	PUSH	DWORD [-1132+EBP]
  1081 00000B47 FF B5 FFFFFB98                  	PUSH	DWORD [-1128+EBP]
  1082 00000B4D FF B5 FFFFFB9C                  	PUSH	DWORD [-1124+EBP]
  1083 00000B53 FF B5 FFFFFBA0                  	PUSH	DWORD [-1120+EBP]
  1084 00000B59 FF B5 FFFFFBA4                  	PUSH	DWORD [-1116+EBP]
  1085 00000B5F 68 000007E8                     	PUSH	2024
  1086 00000B64 68 [00000138]                   	PUSH	LC2
  1087 00000B69                                 L89:
  1088 00000B69 8D 45 C4                        	LEA	EAX,DWORD [-60+EBP]
  1089 00000B6C 50                              	PUSH	EAX
  1090 00000B6D E8 [00000000]                   	CALL	_sprintf
  1091 00000B72 8D 45 C4                        	LEA	EAX,DWORD [-60+EBP]
  1092 00000B75 83 C4 20                        	ADD	ESP,32
  1093 00000B78 6A 14                           	PUSH	20
  1094 00000B7A 50                              	PUSH	EAX
  1095 00000B7B 6A 0D                           	PUSH	13
  1096 00000B7D 6A 07                           	PUSH	7
  1097 00000B7F 6A 10                           	PUSH	16
  1098 00000B81 6A 00                           	PUSH	0
  1099 00000B83 FF B5 FFFFFBD0                  	PUSH	DWORD [-1072+EBP]
  1100 00000B89 E8 [00000000]                   	CALL	_putfonts8_asc_sht
  1101 00000B8E 83 C4 1C                        	ADD	ESP,28
  1102 00000B91 FF 85 FFFFFB94                  	INC	DWORD [-1132+EBP]
  1103 00000B97 83 BD FFFFFB94 3C               	CMP	DWORD [-1132+EBP],60
  1104 00000B9E 74 14                           	JE	L116
  1105 00000BA0                                 L22:
  1106 00000BA0 6A 64                           	PUSH	100
  1107 00000BA2 FF B5 FFFFFBA8                  	PUSH	DWORD [-1112+EBP]
  1108 00000BA8 E8 [00000000]                   	CALL	_timer_settime
  1109 00000BAD 59                              	POP	ECX
  1110 00000BAE 5B                              	POP	EBX
  1111 00000BAF E9 FFFFF87F                     	JMP	L15
  1112 00000BB4                                 L116:
  1113 00000BB4 FF 85 FFFFFB98                  	INC	DWORD [-1128+EBP]
  1114 00000BBA C7 85 FFFFFB94 00000000         	MOV	DWORD [-1132+EBP],0
  1115 00000BC4 83 BD FFFFFB98 3C               	CMP	DWORD [-1128+EBP],60
  1116 00000BCB 75 D3                           	JNE	L22
  1117 00000BCD FF 85 FFFFFB9C                  	INC	DWORD [-1124+EBP]
  1118 00000BD3 C7 85 FFFFFB98 00000000         	MOV	DWORD [-1128+EBP],0
  1119 00000BDD 83 BD FFFFFB9C 18               	CMP	DWORD [-1124+EBP],24
  1120 00000BE4 75 BA                           	JNE	L22
  1121 00000BE6 FF 85 FFFFFBA0                  	INC	DWORD [-1120+EBP]
  1122 00000BEC C7 85 FFFFFB9C 00000000         	MOV	DWORD [-1124+EBP],0
  1123 00000BF6 83 BD FFFFFBA0 20               	CMP	DWORD [-1120+EBP],32
  1124 00000BFD 75 A1                           	JNE	L22
  1125 00000BFF C7 85 FFFFFBA0 00000001         	MOV	DWORD [-1120+EBP],1
  1126 00000C09 FF 85 FFFFFBA4                  	INC	DWORD [-1116+EBP]
  1127 00000C0F EB 8F                           	JMP	L22
  1128 00000C11                                 L83:
  1129 00000C11 83 BD FFFFFB94 09               	CMP	DWORD [-1132+EBP],9
  1130 00000C18 7E 2D                           	JLE	L18
  1131 00000C1A FF B5 FFFFFB94                  	PUSH	DWORD [-1132+EBP]
  1132 00000C20 FF B5 FFFFFB98                  	PUSH	DWORD [-1128+EBP]
  1133 00000C26 FF B5 FFFFFB9C                  	PUSH	DWORD [-1124+EBP]
  1134 00000C2C FF B5 FFFFFBA0                  	PUSH	DWORD [-1120+EBP]
  1135 00000C32 FF B5 FFFFFBA4                  	PUSH	DWORD [-1116+EBP]
  1136 00000C38 68 000007E8                     	PUSH	2024
  1137 00000C3D 68 [0000014C]                   	PUSH	LC3
  1138 00000C42 E9 FFFFFF22                     	JMP	L89
  1139 00000C47                                 L18:
  1140 00000C47 83 BD FFFFFB98 09               	CMP	DWORD [-1128+EBP],9
  1141 00000C4E 7F 2D                           	JG	L20
  1142 00000C50 FF B5 FFFFFB94                  	PUSH	DWORD [-1132+EBP]
  1143 00000C56 FF B5 FFFFFB98                  	PUSH	DWORD [-1128+EBP]
  1144 00000C5C FF B5 FFFFFB9C                  	PUSH	DWORD [-1124+EBP]
  1145 00000C62 FF B5 FFFFFBA0                  	PUSH	DWORD [-1120+EBP]
  1146 00000C68 FF B5 FFFFFBA4                  	PUSH	DWORD [-1116+EBP]
  1147 00000C6E 68 000007E8                     	PUSH	2024
  1148 00000C73 68 [00000160]                   	PUSH	LC4
  1149 00000C78 E9 FFFFFEEC                     	JMP	L89
  1150 00000C7D                                 L20:
  1151 00000C7D FF B5 FFFFFB94                  	PUSH	DWORD [-1132+EBP]
  1152 00000C83 FF B5 FFFFFB98                  	PUSH	DWORD [-1128+EBP]
  1153 00000C89 FF B5 FFFFFB9C                  	PUSH	DWORD [-1124+EBP]
  1154 00000C8F FF B5 FFFFFBA0                  	PUSH	DWORD [-1120+EBP]
  1155 00000C95 FF B5 FFFFFBA4                  	PUSH	DWORD [-1116+EBP]
  1156 00000C9B 68 000007E8                     	PUSH	2024
  1157 00000CA0 68 [00000175]                   	PUSH	LC5
  1158 00000CA5 E9 FFFFFEBF                     	JMP	L89
  1159 00000CAA                                 L16:
  1160 00000CAA 83 BD FFFFFB98 09               	CMP	DWORD [-1128+EBP],9
  1161 00000CB1 7F CA                           	JG	L20
  1162 00000CB3 E9 FFFFFF59                     	JMP	L83
  1163 00000CB8                                 L93:
  1164 00000CB8 83 BD FFFFFBE4 00               	CMP	DWORD [-1052+EBP],0
  1165 00000CBF 79 2B                           	JNS	L117
  1166 00000CC1 81 BD FFFFFBDC 7FFFFFFF         	CMP	DWORD [-1060+EBP],2147483647
  1167 00000CCB 75 15                           	JNE	L118
  1168 00000CCD FF B5 FFFFFBC8                  	PUSH	DWORD [-1080+EBP]
  1169 00000CD3 E8 [00000000]                   	CALL	_task_sleep
  1170 00000CD8 E8 [00000000]                   	CALL	_io_sti
  1171 00000CDD E9 FFFFF7E8                     	JMP	L86
  1172 00000CE2                                 L118:
  1173 00000CE2 E8 [00000000]                   	CALL	_io_sti
  1174 00000CE7 E9 FFFFF8AD                     	JMP	L87
  1175 00000CEC                                 L117:
  1176 00000CEC E8 [00000000]                   	CALL	_io_sti
  1177 00000CF1 FF B5 FFFFFBE0                  	PUSH	DWORD [-1056+EBP]
  1178 00000CF7 FF B5 FFFFFBE4                  	PUSH	DWORD [-1052+EBP]
  1179 00000CFD FF B5 FFFFFBCC                  	PUSH	DWORD [-1076+EBP]
  1180 00000D03 E8 [00000000]                   	CALL	_sheet_slide
  1181 00000D08 C7 85 FFFFFBE4 FFFFFFFF         	MOV	DWORD [-1052+EBP],-1
  1182 00000D12 E9 FFFFF8A3                     	JMP	L88
  1183 00000D17                                 L92:
  1184 00000D17 53                              	PUSH	EBX
  1185 00000D18 E8 [00000000]                   	CALL	_fifo32_get
  1186 00000D1D 89 85 FFFFFBBC                  	MOV	DWORD [-1092+EBP],EAX
  1187 00000D23 E8 [00000000]                   	CALL	_wait_KBC_sendready
  1188 00000D28 FF B5 FFFFFBBC                  	PUSH	DWORD [-1092+EBP]
  1189 00000D2E 6A 60                           	PUSH	96
  1190 00000D30 E8 [00000000]                   	CALL	_io_out8
  1191 00000D35 83 C4 0C                        	ADD	ESP,12
  1192 00000D38 E9 FFFFF69D                     	JMP	L5
  1193 00000D3D                                 	GLOBAL	_keywin_off
  1194 00000D3D                                 _keywin_off:
  1195 00000D3D 55                              	PUSH	EBP
  1196 00000D3E 89 E5                           	MOV	EBP,ESP
  1197 00000D40 53                              	PUSH	EBX
  1198 00000D41 6A 00                           	PUSH	0
  1199 00000D43 8B 5D 08                        	MOV	EBX,DWORD [8+EBP]
  1200 00000D46 53                              	PUSH	EBX
  1201 00000D47 E8 [00000000]                   	CALL	_change_wtitle8
  1202 00000D4C F6 43 1C 20                     	TEST	BYTE [28+EBX],32
  1203 00000D50 58                              	POP	EAX
  1204 00000D51 5A                              	POP	EDX
  1205 00000D52 75 05                           	JNE	L121
  1206 00000D54                                 L119:
  1207 00000D54 8B 5D FC                        	MOV	EBX,DWORD [-4+EBP]
  1208 00000D57 C9                              	LEAVE
  1209 00000D58 C3                              	RET
  1210 00000D59                                 L121:
  1211 00000D59 6A 03                           	PUSH	3
  1212 00000D5B 8B 43 24                        	MOV	EAX,DWORD [36+EBX]
  1213 00000D5E 83 C0 10                        	ADD	EAX,16
  1214 00000D61 50                              	PUSH	EAX
  1215 00000D62 E8 [00000000]                   	CALL	_fifo32_put
  1216 00000D67 5B                              	POP	EBX
  1217 00000D68 58                              	POP	EAX
  1218 00000D69 EB E9                           	JMP	L119
  1219 00000D6B                                 	GLOBAL	_keywin_on
  1220 00000D6B                                 _keywin_on:
  1221 00000D6B 55                              	PUSH	EBP
  1222 00000D6C 89 E5                           	MOV	EBP,ESP
  1223 00000D6E 53                              	PUSH	EBX
  1224 00000D6F 6A 01                           	PUSH	1
  1225 00000D71 8B 5D 08                        	MOV	EBX,DWORD [8+EBP]
  1226 00000D74 53                              	PUSH	EBX
  1227 00000D75 E8 [00000000]                   	CALL	_change_wtitle8
  1228 00000D7A F6 43 1C 20                     	TEST	BYTE [28+EBX],32
  1229 00000D7E 58                              	POP	EAX
  1230 00000D7F 5A                              	POP	EDX
  1231 00000D80 75 05                           	JNE	L124
  1232 00000D82                                 L122:
  1233 00000D82 8B 5D FC                        	MOV	EBX,DWORD [-4+EBP]
  1234 00000D85 C9                              	LEAVE
  1235 00000D86 C3                              	RET
  1236 00000D87                                 L124:
  1237 00000D87 6A 02                           	PUSH	2
  1238 00000D89 8B 43 24                        	MOV	EAX,DWORD [36+EBX]
  1239 00000D8C 83 C0 10                        	ADD	EAX,16
  1240 00000D8F 50                              	PUSH	EAX
  1241 00000D90 E8 [00000000]                   	CALL	_fifo32_put
  1242 00000D95 59                              	POP	ECX
  1243 00000D96 5B                              	POP	EBX
  1244 00000D97 EB E9                           	JMP	L122
  1245 00000D99                                 	GLOBAL	_open_constask
  1246 00000D99                                 _open_constask:
  1247 00000D99 55                              	PUSH	EBP
  1248 00000D9A 89 E5                           	MOV	EBP,ESP
  1249 00000D9C 56                              	PUSH	ESI
  1250 00000D9D 53                              	PUSH	EBX
  1251 00000D9E E8 [00000000]                   	CALL	_task_alloc
  1252 00000DA3 68 00000200                     	PUSH	512
  1253 00000DA8 68 003C0000                     	PUSH	3932160
  1254 00000DAD 89 C3                           	MOV	EBX,EAX
  1255 00000DAF E8 [00000000]                   	CALL	_memman_alloc_4k
  1256 00000DB4 68 00010000                     	PUSH	65536
  1257 00000DB9 68 003C0000                     	PUSH	3932160
  1258 00000DBE 89 C6                           	MOV	ESI,EAX
  1259 00000DC0 E8 [00000000]                   	CALL	_memman_alloc_4k
  1260 00000DC5 8B 55 08                        	MOV	EDX,DWORD [8+EBP]
  1261 00000DC8 C7 43 4C [00000000]             	MOV	DWORD [76+EBX],_console_task
  1262 00000DCF 89 83 000000AC                  	MOV	DWORD [172+EBX],EAX
  1263 00000DD5 05 0000FFF4                     	ADD	EAX,65524
  1264 00000DDA 89 43 64                        	MOV	DWORD [100+EBX],EAX
  1265 00000DDD C7 43 74 00000008               	MOV	DWORD [116+EBX],8
  1266 00000DE4 C7 43 78 00000010               	MOV	DWORD [120+EBX],16
  1267 00000DEB C7 43 7C 00000008               	MOV	DWORD [124+EBX],8
  1268 00000DF2 C7 83 00000080 00000008         	MOV	DWORD [128+EBX],8
  1269 00000DFC C7 83 00000084 00000008         	MOV	DWORD [132+EBX],8
  1270 00000E06 C7 83 00000088 00000008         	MOV	DWORD [136+EBX],8
  1271 00000E10 89 50 04                        	MOV	DWORD [4+EAX],EDX
  1272 00000E13 8B 53 64                        	MOV	EDX,DWORD [100+EBX]
  1273 00000E16 8B 45 0C                        	MOV	EAX,DWORD [12+EBP]
  1274 00000E19 89 42 08                        	MOV	DWORD [8+EDX],EAX
  1275 00000E1C 6A 02                           	PUSH	2
  1276 00000E1E 6A 02                           	PUSH	2
  1277 00000E20 53                              	PUSH	EBX
  1278 00000E21 E8 [00000000]                   	CALL	_task_run
  1279 00000E26 8D 43 10                        	LEA	EAX,DWORD [16+EBX]
  1280 00000E29 53                              	PUSH	EBX
  1281 00000E2A 56                              	PUSH	ESI
  1282 00000E2B 68 00000080                     	PUSH	128
  1283 00000E30 50                              	PUSH	EAX
  1284 00000E31 E8 [00000000]                   	CALL	_fifo32_init
  1285 00000E36 8D 65 F8                        	LEA	ESP,DWORD [-8+EBP]
  1286 00000E39 89 D8                           	MOV	EAX,EBX
  1287 00000E3B 5B                              	POP	EBX
  1288 00000E3C 5E                              	POP	ESI
  1289 00000E3D 5D                              	POP	EBP
  1290 00000E3E C3                              	RET
  1291                                          [SECTION .data]
  1292 00000188                                 LC8:
  1293 00000188 63 6F 6E 73 6F 6C 65 00         	DB	"console",0x00
  1294                                          [SECTION .text]
  1295 00000E3F                                 	GLOBAL	_open_console
  1296 00000E3F                                 _open_console:
  1297 00000E3F 55                              	PUSH	EBP
  1298 00000E40 89 E5                           	MOV	EBP,ESP
  1299 00000E42 56                              	PUSH	ESI
  1300 00000E43 53                              	PUSH	EBX
  1301 00000E44 FF 75 08                        	PUSH	DWORD [8+EBP]
  1302 00000E47 E8 [00000000]                   	CALL	_sheet_alloc
  1303 00000E4C 68 0004B000                     	PUSH	307200
  1304 00000E51 68 003C0000                     	PUSH	3932160
  1305 00000E56 89 C3                           	MOV	EBX,EAX
  1306 00000E58 E8 [00000000]                   	CALL	_memman_alloc_4k
  1307 00000E5D 6A FF                           	PUSH	-1
  1308 00000E5F 68 000001E0                     	PUSH	480
  1309 00000E64 89 C6                           	MOV	ESI,EAX
  1310 00000E66 68 00000280                     	PUSH	640
  1311 00000E6B 50                              	PUSH	EAX
  1312 00000E6C 53                              	PUSH	EBX
  1313 00000E6D E8 [00000000]                   	CALL	_sheet_setbuf
  1314 00000E72 83 C4 20                        	ADD	ESP,32
  1315 00000E75 6A 00                           	PUSH	0
  1316 00000E77 68 [00000188]                   	PUSH	LC8
  1317 00000E7C 68 000001E0                     	PUSH	480
  1318 00000E81 68 00000280                     	PUSH	640
  1319 00000E86 56                              	PUSH	ESI
  1320 00000E87 E8 [00000000]                   	CALL	_make_window8
  1321 00000E8C 6A 00                           	PUSH	0
  1322 00000E8E 68 000001BA                     	PUSH	442
  1323 00000E93 68 00000270                     	PUSH	624
  1324 00000E98 6A 1C                           	PUSH	28
  1325 00000E9A 6A 08                           	PUSH	8
  1326 00000E9C 53                              	PUSH	EBX
  1327 00000E9D E8 [00000000]                   	CALL	_make_textbox8
  1328 00000EA2 83 C4 2C                        	ADD	ESP,44
  1329 00000EA5 FF 75 0C                        	PUSH	DWORD [12+EBP]
  1330 00000EA8 53                              	PUSH	EBX
  1331 00000EA9 E8 FFFFFEEB                     	CALL	_open_constask
  1332 00000EAE 83 4B 1C 20                     	OR	DWORD [28+EBX],32
  1333 00000EB2 89 43 24                        	MOV	DWORD [36+EBX],EAX
  1334 00000EB5 8D 65 F8                        	LEA	ESP,DWORD [-8+EBP]
  1335 00000EB8 89 D8                           	MOV	EAX,EBX
  1336 00000EBA 5B                              	POP	EBX
  1337 00000EBB 5E                              	POP	ESI
  1338 00000EBC 5D                              	POP	EBP
  1339 00000EBD C3                              	RET
  1340 00000EBE                                 	GLOBAL	_close_constask
  1341 00000EBE                                 _close_constask:
  1342 00000EBE 55                              	PUSH	EBP
  1343 00000EBF 89 E5                           	MOV	EBP,ESP
  1344 00000EC1 53                              	PUSH	EBX
  1345 00000EC2 8B 5D 08                        	MOV	EBX,DWORD [8+EBP]
  1346 00000EC5 53                              	PUSH	EBX
  1347 00000EC6 E8 [00000000]                   	CALL	_task_sleep
  1348 00000ECB 68 00010000                     	PUSH	65536
  1349 00000ED0 FF B3 000000AC                  	PUSH	DWORD [172+EBX]
  1350 00000ED6 68 003C0000                     	PUSH	3932160
  1351 00000EDB E8 [00000000]                   	CALL	_memman_free_4k
  1352 00000EE0 68 00000200                     	PUSH	512
  1353 00000EE5 FF 73 10                        	PUSH	DWORD [16+EBX]
  1354 00000EE8 68 003C0000                     	PUSH	3932160
  1355 00000EED E8 [00000000]                   	CALL	_memman_free_4k
  1356 00000EF2 C7 43 04 00000000               	MOV	DWORD [4+EBX],0
  1357 00000EF9 8B 5D FC                        	MOV	EBX,DWORD [-4+EBP]
  1358 00000EFC C9                              	LEAVE
  1359 00000EFD C3                              	RET
  1360 00000EFE                                 	GLOBAL	_close_console
  1361 00000EFE                                 _close_console:
  1362 00000EFE 55                              	PUSH	EBP
  1363 00000EFF 89 E5                           	MOV	EBP,ESP
  1364 00000F01 56                              	PUSH	ESI
  1365 00000F02 53                              	PUSH	EBX
  1366 00000F03 8B 5D 08                        	MOV	EBX,DWORD [8+EBP]
  1367 00000F06 8B 73 24                        	MOV	ESI,DWORD [36+EBX]
  1368 00000F09 68 0004B000                     	PUSH	307200
  1369 00000F0E FF 33                           	PUSH	DWORD [EBX]
  1370 00000F10 68 003C0000                     	PUSH	3932160
  1371 00000F15 E8 [00000000]                   	CALL	_memman_free_4k
  1372 00000F1A 53                              	PUSH	EBX
  1373 00000F1B E8 [00000000]                   	CALL	_sheet_free
  1374 00000F20 89 75 08                        	MOV	DWORD [8+EBP],ESI
  1375 00000F23 83 C4 10                        	ADD	ESP,16
  1376 00000F26 8D 65 F8                        	LEA	ESP,DWORD [-8+EBP]
  1377 00000F29 5B                              	POP	EBX
  1378 00000F2A 5E                              	POP	ESI
  1379 00000F2B 5D                              	POP	EBP
  1380 00000F2C EB 90                           	JMP	_close_constask
