     1 00000000                                 [FORMAT "WCOFF"]
     2 00000000                                 [INSTRSET "i486p"]
     3 00000000                                 [OPTIMIZE 1]
     4 00000000                                 [OPTION 1]
     5 00000000                                 [BITS 32]
     6 00000000                                 	EXTERN	_init_gdtidt
     7 00000000                                 	EXTERN	_init_pic
     8 00000000                                 	EXTERN	_io_sti
     9 00000000                                 	EXTERN	_fifo32_init
    10 00000000                                 	EXTERN	_init_pit
    11 00000000                                 	EXTERN	_init_keyboard
    12 00000000                                 	EXTERN	_enable_mouse
    13 00000000                                 	EXTERN	_io_out8
    14 00000000                                 	EXTERN	_memtest
    15 00000000                                 	EXTERN	_memman_init
    16 00000000                                 	EXTERN	_memman_free
    17 00000000                                 	EXTERN	_init_palette
    18 00000000                                 	EXTERN	_shtctl_init
    19 00000000                                 	EXTERN	_task_init
    20 00000000                                 	EXTERN	_task_run
    21 00000000                                 	EXTERN	_sheet_alloc
    22 00000000                                 	EXTERN	_memman_alloc_4k
    23 00000000                                 	EXTERN	_sheet_setbuf
    24 00000000                                 	EXTERN	_init_screen8
    25 00000000                                 	EXTERN	_init_mouse_cursor8
    26 00000000                                 	EXTERN	_sheet_slide
    27 00000000                                 	EXTERN	_sheet_updown
    28 00000000                                 	EXTERN	_fifo32_put
    29 00000000                                 	EXTERN	_fifo32_status
    30 00000000                                 	EXTERN	_io_cli
    31 00000000                                 	EXTERN	_fifo32_get
    32 00000000                                 	EXTERN	_taskctl
    33 00000000                                 	EXTERN	_mouse_decode
    34 00000000                                 	EXTERN	_cons_putstr0
    35 00000000                                 	EXTERN	_asm_end_app
    36 00000000                                 	EXTERN	_keytable0.0
    37 00000000                                 	EXTERN	_wait_KBC_sendready
    38 00000000                                 	EXTERN	_keytable1.1
    39 00000000                                 	EXTERN	_task_sleep
    40 00000000                                 	EXTERN	_change_wtitle8
    41 00000000                                 	EXTERN	_task_alloc
    42 00000000                                 	EXTERN	_console_task
    43 00000000                                 	EXTERN	_make_window8
    44 00000000                                 	EXTERN	_make_textbox8
    45 00000000                                 	EXTERN	_memman_free_4k
    46 00000000                                 	EXTERN	_sheet_free
    47 00000000                                 [FILE "bootpack.c"]
    48                                          [SECTION .data]
    49 00000000                                 _keytable0.0:
    50 00000000 00                              	DB	0
    51 00000001 00                              	DB	0
    52 00000002 31                              	DB	49
    53 00000003 32                              	DB	50
    54 00000004 33                              	DB	51
    55 00000005 34                              	DB	52
    56 00000006 35                              	DB	53
    57 00000007 36                              	DB	54
    58 00000008 37                              	DB	55
    59 00000009 38                              	DB	56
    60 0000000A 39                              	DB	57
    61 0000000B 30                              	DB	48
    62 0000000C 2D                              	DB	45
    63 0000000D 3D                              	DB	61
    64 0000000E 08                              	DB	8
    65 0000000F 00                              	DB	0
    66 00000010 51                              	DB	81
    67 00000011 57                              	DB	87
    68 00000012 45                              	DB	69
    69 00000013 52                              	DB	82
    70 00000014 54                              	DB	84
    71 00000015 59                              	DB	89
    72 00000016 55                              	DB	85
    73 00000017 49                              	DB	73
    74 00000018 4F                              	DB	79
    75 00000019 50                              	DB	80
    76 0000001A 5B                              	DB	91
    77 0000001B 5D                              	DB	93
    78 0000001C 0A                              	DB	10
    79 0000001D 00                              	DB	0
    80 0000001E 41                              	DB	65
    81 0000001F 53                              	DB	83
    82 00000020 44                              	DB	68
    83 00000021 46                              	DB	70
    84 00000022 47                              	DB	71
    85 00000023 48                              	DB	72
    86 00000024 4A                              	DB	74
    87 00000025 4B                              	DB	75
    88 00000026 4C                              	DB	76
    89 00000027 3B                              	DB	59
    90 00000028 27                              	DB	39
    91 00000029 60                              	DB	96
    92 0000002A 00                              	DB	0
    93 0000002B 5C                              	DB	92
    94 0000002C 5A                              	DB	90
    95 0000002D 58                              	DB	88
    96 0000002E 43                              	DB	67
    97 0000002F 56                              	DB	86
    98 00000030 42                              	DB	66
    99 00000031 4E                              	DB	78
   100 00000032 4D                              	DB	77
   101 00000033 2C                              	DB	44
   102 00000034 2E                              	DB	46
   103 00000035 2F                              	DB	47
   104 00000036 00                              	DB	0
   105 00000037 2A                              	DB	42
   106 00000038 00                              	DB	0
   107 00000039 20                              	DB	32
   108 0000003A 00                              	DB	0
   109 0000003B 00                              	DB	0
   110 0000003C 00                              	DB	0
   111 0000003D 00                              	DB	0
   112 0000003E 00                              	DB	0
   113 0000003F 00                              	DB	0
   114 00000040 00                              	DB	0
   115 00000041 00                              	DB	0
   116 00000042 00                              	DB	0
   117 00000043 00                              	DB	0
   118 00000044 00                              	DB	0
   119 00000045 00                              	DB	0
   120 00000046 00                              	DB	0
   121 00000047 37                              	DB	55
   122 00000048 38                              	DB	56
   123 00000049 39                              	DB	57
   124 0000004A 2D                              	DB	45
   125 0000004B 34                              	DB	52
   126 0000004C 35                              	DB	53
   127 0000004D 36                              	DB	54
   128 0000004E 2B                              	DB	43
   129 0000004F 31                              	DB	49
   130 00000050 32                              	DB	50
   131 00000051 33                              	DB	51
   132 00000052 30                              	DB	48
   133 00000053 2E                              	DB	46
   134 00000054 00                              	DB	0
   135 00000055 00                              	DB	0
   136 00000056 00                              	DB	0
   137 00000057 00                              	DB	0
   138 00000058 00                              	DB	0
   139 00000059 00                              	DB	0
   140 0000005A 00                              	DB	0
   141 0000005B 00                              	DB	0
   142 0000005C 00                              	DB	0
   143 0000005D 00                              	DB	0
   144 0000005E 00                              	DB	0
   145 0000005F 00                              	DB	0
   146 00000060 00                              	DB	0
   147 00000061 00                              	DB	0
   148 00000062 00                              	DB	0
   149 00000063 00                              	DB	0
   150 00000064 00                              	DB	0
   151 00000065 00                              	DB	0
   152 00000066 00                              	DB	0
   153 00000067 00                              	DB	0
   154 00000068 00                              	DB	0
   155 00000069 00                              	DB	0
   156 0000006A 00                              	DB	0
   157 0000006B 00                              	DB	0
   158 0000006C 00                              	DB	0
   159 0000006D 00                              	DB	0
   160 0000006E 00                              	DB	0
   161 0000006F 00                              	DB	0
   162 00000070 00                              	DB	0
   163 00000071 00                              	DB	0
   164 00000072 00                              	DB	0
   165 00000073 5C                              	DB	92
   166 00000074 00                              	DB	0
   167 00000075 00                              	DB	0
   168 00000076 00                              	DB	0
   169 00000077 00                              	DB	0
   170 00000078 00                              	DB	0
   171 00000079 00                              	DB	0
   172 0000007A 00                              	DB	0
   173 0000007B 00                              	DB	0
   174 0000007C 00                              	DB	0
   175 0000007D 5C                              	DB	92
   176 0000007E 00                              	DB	0
   177 0000007F 00                              	DB	0
   178 00000080                                 _keytable1.1:
   179 00000080 00                              	DB	0
   180 00000081 00                              	DB	0
   181 00000082 21                              	DB	33
   182 00000083 40                              	DB	64
   183 00000084 23                              	DB	35
   184 00000085 24                              	DB	36
   185 00000086 25                              	DB	37
   186 00000087 5E                              	DB	94
   187 00000088 26                              	DB	38
   188 00000089 2A                              	DB	42
   189 0000008A 28                              	DB	40
   190 0000008B 29                              	DB	41
   191 0000008C 5F                              	DB	95
   192 0000008D 2B                              	DB	43
   193 0000008E 08                              	DB	8
   194 0000008F 00                              	DB	0
   195 00000090 51                              	DB	81
   196 00000091 57                              	DB	87
   197 00000092 45                              	DB	69
   198 00000093 52                              	DB	82
   199 00000094 54                              	DB	84
   200 00000095 59                              	DB	89
   201 00000096 55                              	DB	85
   202 00000097 49                              	DB	73
   203 00000098 4F                              	DB	79
   204 00000099 50                              	DB	80
   205 0000009A 7B                              	DB	123
   206 0000009B 7D                              	DB	125
   207 0000009C 0A                              	DB	10
   208 0000009D 00                              	DB	0
   209 0000009E 41                              	DB	65
   210 0000009F 53                              	DB	83
   211 000000A0 44                              	DB	68
   212 000000A1 46                              	DB	70
   213 000000A2 47                              	DB	71
   214 000000A3 48                              	DB	72
   215 000000A4 4A                              	DB	74
   216 000000A5 4B                              	DB	75
   217 000000A6 4C                              	DB	76
   218 000000A7 3A                              	DB	58
   219 000000A8 22                              	DB	34
   220 000000A9 7E                              	DB	126
   221 000000AA 00                              	DB	0
   222 000000AB 7C                              	DB	124
   223 000000AC 5A                              	DB	90
   224 000000AD 58                              	DB	88
   225 000000AE 43                              	DB	67
   226 000000AF 56                              	DB	86
   227 000000B0 42                              	DB	66
   228 000000B1 4E                              	DB	78
   229 000000B2 4D                              	DB	77
   230 000000B3 3C                              	DB	60
   231 000000B4 3E                              	DB	62
   232 000000B5 3F                              	DB	63
   233 000000B6 00                              	DB	0
   234 000000B7 2A                              	DB	42
   235 000000B8 00                              	DB	0
   236 000000B9 20                              	DB	32
   237 000000BA 00                              	DB	0
   238 000000BB 00                              	DB	0
   239 000000BC 00                              	DB	0
   240 000000BD 00                              	DB	0
   241 000000BE 00                              	DB	0
   242 000000BF 00                              	DB	0
   243 000000C0 00                              	DB	0
   244 000000C1 00                              	DB	0
   245 000000C2 00                              	DB	0
   246 000000C3 00                              	DB	0
   247 000000C4 00                              	DB	0
   248 000000C5 00                              	DB	0
   249 000000C6 00                              	DB	0
   250 000000C7 37                              	DB	55
   251 000000C8 38                              	DB	56
   252 000000C9 39                              	DB	57
   253 000000CA 2D                              	DB	45
   254 000000CB 34                              	DB	52
   255 000000CC 35                              	DB	53
   256 000000CD 36                              	DB	54
   257 000000CE 2B                              	DB	43
   258 000000CF 31                              	DB	49
   259 000000D0 32                              	DB	50
   260 000000D1 33                              	DB	51
   261 000000D2 30                              	DB	48
   262 000000D3 2E                              	DB	46
   263 000000D4 00                              	DB	0
   264 000000D5 00                              	DB	0
   265 000000D6 00                              	DB	0
   266 000000D7 00                              	DB	0
   267 000000D8 00                              	DB	0
   268 000000D9 00                              	DB	0
   269 000000DA 00                              	DB	0
   270 000000DB 00                              	DB	0
   271 000000DC 00                              	DB	0
   272 000000DD 00                              	DB	0
   273 000000DE 00                              	DB	0
   274 000000DF 00                              	DB	0
   275 000000E0 00                              	DB	0
   276 000000E1 00                              	DB	0
   277 000000E2 00                              	DB	0
   278 000000E3 00                              	DB	0
   279 000000E4 00                              	DB	0
   280 000000E5 00                              	DB	0
   281 000000E6 00                              	DB	0
   282 000000E7 00                              	DB	0
   283 000000E8 00                              	DB	0
   284 000000E9 00                              	DB	0
   285 000000EA 00                              	DB	0
   286 000000EB 00                              	DB	0
   287 000000EC 00                              	DB	0
   288 000000ED 00                              	DB	0
   289 000000EE 00                              	DB	0
   290 000000EF 00                              	DB	0
   291 000000F0 00                              	DB	0
   292 000000F1 00                              	DB	0
   293 000000F2 00                              	DB	0
   294 000000F3 5F                              	DB	95
   295 000000F4 00                              	DB	0
   296 000000F5 00                              	DB	0
   297 000000F6 00                              	DB	0
   298 000000F7 00                              	DB	0
   299 000000F8 00                              	DB	0
   300 000000F9 00                              	DB	0
   301 000000FA 00                              	DB	0
   302 000000FB 00                              	DB	0
   303 000000FC 00                              	DB	0
   304 000000FD 7C                              	DB	124
   305 000000FE 00                              	DB	0
   306 000000FF 00                              	DB	0
   307 00000100                                 LC1:
   308 00000100 0A 42 72 65 61 6B 28 6D 6F 75   	DB	0x0A,"Break(mouse) . ",0x0A,0x00
       0000010A 73 65 29 20 2E 20 0A 00 
   309 00000112                                 LC0:
   310 00000112 0A 42 72 65 61 6B 28 6B 65 79   	DB	0x0A,"Break(key).",0x0A,0x00
       0000011C 29 2E 0A 00 
   311                                          [SECTION .text]
   312 00000000                                 	GLOBAL	_HariMain
   313 00000000                                 _HariMain:
   314 00000000 55                              	PUSH	EBP
   315 00000001 89 E5                           	MOV	EBP,ESP
   316 00000003 57                              	PUSH	EDI
   317 00000004 56                              	PUSH	ESI
   318 00000005 53                              	PUSH	EBX
   319 00000006 8D 5D D4                        	LEA	EBX,DWORD [-44+EBP]
   320 00000009 81 EC 00000450                  	SUB	ESP,1104
   321 0000000F C7 85 FFFFFBE8 FFFFFFFF         	MOV	DWORD [-1048+EBP],-1
   322 00000019 C7 85 FFFFFBE4 FFFFFFFF         	MOV	DWORD [-1052+EBP],-1
   323 00000023 C7 85 FFFFFBE0 00000000         	MOV	DWORD [-1056+EBP],0
   324 0000002D C7 85 FFFFFBDC FFFFFFFF         	MOV	DWORD [-1060+EBP],-1
   325 00000037 C7 85 FFFFFBD8 00000000         	MOV	DWORD [-1064+EBP],0
   326 00000041 C7 85 FFFFFBD4 7FFFFFFF         	MOV	DWORD [-1068+EBP],2147483647
   327 0000004B C7 85 FFFFFBD0 00000000         	MOV	DWORD [-1072+EBP],0
   328 00000055 C7 85 FFFFFBC4 00000000         	MOV	DWORD [-1084+EBP],0
   329 0000005F C7 85 FFFFFBB8 00000000         	MOV	DWORD [-1096+EBP],0
   330 00000069 A0 00000FF1                     	MOV	AL,BYTE [4081]
   331 0000006E C0 F8 04                        	SAR	AL,4
   332 00000071 89 C2                           	MOV	EDX,EAX
   333 00000073 83 E2 07                        	AND	EDX,7
   334 00000076 89 95 FFFFFBB4                  	MOV	DWORD [-1100+EBP],EDX
   335 0000007C C7 85 FFFFFBB0 FFFFFFFF         	MOV	DWORD [-1104+EBP],-1
   336 00000086 E8 [00000000]                   	CALL	_init_gdtidt
   337 0000008B E8 [00000000]                   	CALL	_init_pic
   338 00000090 E8 [00000000]                   	CALL	_io_sti
   339 00000095 8D 85 FFFFFD74                  	LEA	EAX,DWORD [-652+EBP]
   340 0000009B 6A 00                           	PUSH	0
   341 0000009D 50                              	PUSH	EAX
   342 0000009E 68 00000080                     	PUSH	128
   343 000000A3 53                              	PUSH	EBX
   344 000000A4 E8 [00000000]                   	CALL	_fifo32_init
   345 000000A9 89 1D 00000FEC                  	MOV	DWORD [4076],EBX
   346 000000AF E8 [00000000]                   	CALL	_init_pit
   347 000000B4 68 00000100                     	PUSH	256
   348 000000B9 53                              	PUSH	EBX
   349 000000BA E8 [00000000]                   	CALL	_init_keyboard
   350 000000BF 8D 45 A4                        	LEA	EAX,DWORD [-92+EBP]
   351 000000C2 50                              	PUSH	EAX
   352 000000C3 68 00000200                     	PUSH	512
   353 000000C8 53                              	PUSH	EBX
   354 000000C9 E8 [00000000]                   	CALL	_enable_mouse
   355 000000CE 83 C4 24                        	ADD	ESP,36
   356 000000D1 68 000000F8                     	PUSH	248
   357 000000D6 6A 21                           	PUSH	33
   358 000000D8 E8 [00000000]                   	CALL	_io_out8
   359 000000DD 68 000000EF                     	PUSH	239
   360 000000E2 68 000000A1                     	PUSH	161
   361 000000E7 E8 [00000000]                   	CALL	_io_out8
   362 000000EC 8D 85 FFFFFCF4                  	LEA	EAX,DWORD [-780+EBP]
   363 000000F2 6A 00                           	PUSH	0
   364 000000F4 50                              	PUSH	EAX
   365 000000F5 8D 45 B4                        	LEA	EAX,DWORD [-76+EBP]
   366 000000F8 6A 20                           	PUSH	32
   367 000000FA 50                              	PUSH	EAX
   368 000000FB E8 [00000000]                   	CALL	_fifo32_init
   369 00000100 83 C4 20                        	ADD	ESP,32
   370 00000103 68 BFFFFFFF                     	PUSH	-1073741825
   371 00000108 68 00400000                     	PUSH	4194304
   372 0000010D E8 [00000000]                   	CALL	_memtest
   373 00000112 68 003C0000                     	PUSH	3932160
   374 00000117 89 85 FFFFFBCC                  	MOV	DWORD [-1076+EBP],EAX
   375 0000011D E8 [00000000]                   	CALL	_memman_init
   376 00000122 68 0009E000                     	PUSH	647168
   377 00000127 68 00001000                     	PUSH	4096
   378 0000012C 68 003C0000                     	PUSH	3932160
   379 00000131 E8 [00000000]                   	CALL	_memman_free
   380 00000136 8B 85 FFFFFBCC                  	MOV	EAX,DWORD [-1076+EBP]
   381 0000013C 2D 00400000                     	SUB	EAX,4194304
   382 00000141 50                              	PUSH	EAX
   383 00000142 68 00400000                     	PUSH	4194304
   384 00000147 68 003C0000                     	PUSH	3932160
   385 0000014C E8 [00000000]                   	CALL	_memman_free
   386 00000151 83 C4 24                        	ADD	ESP,36
   387 00000154 E8 [00000000]                   	CALL	_init_palette
   388 00000159 0F BF 05 00000FF6               	MOVSX	EAX,WORD [4086]
   389 00000160 50                              	PUSH	EAX
   390 00000161 0F BF 05 00000FF4               	MOVSX	EAX,WORD [4084]
   391 00000168 50                              	PUSH	EAX
   392 00000169 FF 35 00000FF8                  	PUSH	DWORD [4088]
   393 0000016F 68 003C0000                     	PUSH	3932160
   394 00000174 E8 [00000000]                   	CALL	_shtctl_init
   395 00000179 68 003C0000                     	PUSH	3932160
   396 0000017E 89 85 FFFFFBC8                  	MOV	DWORD [-1080+EBP],EAX
   397 00000184 E8 [00000000]                   	CALL	_task_init
   398 00000189 6A 02                           	PUSH	2
   399 0000018B 6A 01                           	PUSH	1
   400 0000018D 89 85 FFFFFBBC                  	MOV	DWORD [-1092+EBP],EAX
   401 00000193 50                              	PUSH	EAX
   402 00000194 89 45 EC                        	MOV	DWORD [-20+EBP],EAX
   403 00000197 E8 [00000000]                   	CALL	_task_run
   404 0000019C 83 C4 20                        	ADD	ESP,32
   405 0000019F 8B 95 FFFFFBC8                  	MOV	EDX,DWORD [-1080+EBP]
   406 000001A5 89 15 00000FE4                  	MOV	DWORD [4068],EDX
   407 000001AB 52                              	PUSH	EDX
   408 000001AC E8 [00000000]                   	CALL	_sheet_alloc
   409 000001B1 89 C6                           	MOV	ESI,EAX
   410 000001B3 0F BF 15 00000FF6               	MOVSX	EDX,WORD [4086]
   411 000001BA 0F BF 05 00000FF4               	MOVSX	EAX,WORD [4084]
   412 000001C1 0F AF C2                        	IMUL	EAX,EDX
   413 000001C4 50                              	PUSH	EAX
   414 000001C5 68 003C0000                     	PUSH	3932160
   415 000001CA E8 [00000000]                   	CALL	_memman_alloc_4k
   416 000001CF 6A FF                           	PUSH	-1
   417 000001D1 89 C3                           	MOV	EBX,EAX
   418 000001D3 0F BF 05 00000FF6               	MOVSX	EAX,WORD [4086]
   419 000001DA 50                              	PUSH	EAX
   420 000001DB 0F BF 05 00000FF4               	MOVSX	EAX,WORD [4084]
   421 000001E2 50                              	PUSH	EAX
   422 000001E3 53                              	PUSH	EBX
   423 000001E4 56                              	PUSH	ESI
   424 000001E5 E8 [00000000]                   	CALL	_sheet_setbuf
   425 000001EA 83 C4 20                        	ADD	ESP,32
   426 000001ED 0F BF 05 00000FF6               	MOVSX	EAX,WORD [4086]
   427 000001F4 50                              	PUSH	EAX
   428 000001F5 0F BF 05 00000FF4               	MOVSX	EAX,WORD [4084]
   429 000001FC 50                              	PUSH	EAX
   430 000001FD 53                              	PUSH	EBX
   431 000001FE 8D 9D FFFFFBF4                  	LEA	EBX,DWORD [-1036+EBP]
   432 00000204 E8 [00000000]                   	CALL	_init_screen8
   433 00000209 FF B5 FFFFFBCC                  	PUSH	DWORD [-1076+EBP]
   434 0000020F FF B5 FFFFFBC8                  	PUSH	DWORD [-1080+EBP]
   435 00000215 E8 00000917                     	CALL	_open_console
   436 0000021A FF B5 FFFFFBC8                  	PUSH	DWORD [-1080+EBP]
   437 00000220 89 C7                           	MOV	EDI,EAX
   438 00000222 E8 [00000000]                   	CALL	_sheet_alloc
   439 00000227 6A 63                           	PUSH	99
   440 00000229 6A 10                           	PUSH	16
   441 0000022B 89 85 FFFFFBC0                  	MOV	DWORD [-1088+EBP],EAX
   442 00000231 6A 10                           	PUSH	16
   443 00000233 53                              	PUSH	EBX
   444 00000234 50                              	PUSH	EAX
   445 00000235 E8 [00000000]                   	CALL	_sheet_setbuf
   446 0000023A 83 C4 2C                        	ADD	ESP,44
   447 0000023D 6A 63                           	PUSH	99
   448 0000023F 53                              	PUSH	EBX
   449 00000240 BB 00000002                     	MOV	EBX,2
   450 00000245 E8 [00000000]                   	CALL	_init_mouse_cursor8
   451 0000024A 0F BF 05 00000FF4               	MOVSX	EAX,WORD [4084]
   452 00000251 8D 48 F0                        	LEA	ECX,DWORD [-16+EAX]
   453 00000254 89 C8                           	MOV	EAX,ECX
   454 00000256 99                              	CDQ
   455 00000257 F7 FB                           	IDIV	EBX
   456 00000259 89 85 FFFFFBF0                  	MOV	DWORD [-1040+EBP],EAX
   457 0000025F 0F BF 05 00000FF6               	MOVSX	EAX,WORD [4086]
   458 00000266 6A 00                           	PUSH	0
   459 00000268 8D 48 D4                        	LEA	ECX,DWORD [-44+EAX]
   460 0000026B 6A 00                           	PUSH	0
   461 0000026D 89 C8                           	MOV	EAX,ECX
   462 0000026F 56                              	PUSH	ESI
   463 00000270 99                              	CDQ
   464 00000271 F7 FB                           	IDIV	EBX
   465 00000273 89 85 FFFFFBEC                  	MOV	DWORD [-1044+EBP],EAX
   466 00000279 E8 [00000000]                   	CALL	_sheet_slide
   467 0000027E 6A 5C                           	PUSH	92
   468 00000280 6A 50                           	PUSH	80
   469 00000282 57                              	PUSH	EDI
   470 00000283 E8 [00000000]                   	CALL	_sheet_slide
   471 00000288 83 C4 20                        	ADD	ESP,32
   472 0000028B FF B5 FFFFFBEC                  	PUSH	DWORD [-1044+EBP]
   473 00000291 FF B5 FFFFFBF0                  	PUSH	DWORD [-1040+EBP]
   474 00000297 FF B5 FFFFFBC0                  	PUSH	DWORD [-1088+EBP]
   475 0000029D E8 [00000000]                   	CALL	_sheet_slide
   476 000002A2 6A 00                           	PUSH	0
   477 000002A4 56                              	PUSH	ESI
   478 000002A5 E8 [00000000]                   	CALL	_sheet_updown
   479 000002AA 6A 01                           	PUSH	1
   480 000002AC 57                              	PUSH	EDI
   481 000002AD E8 [00000000]                   	CALL	_sheet_updown
   482 000002B2 6A 02                           	PUSH	2
   483 000002B4 FF B5 FFFFFBC0                  	PUSH	DWORD [-1088+EBP]
   484 000002BA E8 [00000000]                   	CALL	_sheet_updown
   485 000002BF 83 C4 24                        	ADD	ESP,36
   486 000002C2 57                              	PUSH	EDI
   487 000002C3 E8 00000795                     	CALL	_keywin_on
   488 000002C8 8D 55 B4                        	LEA	EDX,DWORD [-76+EBP]
   489 000002CB 68 000000ED                     	PUSH	237
   490 000002D0 52                              	PUSH	EDX
   491 000002D1 E8 [00000000]                   	CALL	_fifo32_put
   492 000002D6 8D 45 B4                        	LEA	EAX,DWORD [-76+EBP]
   493 000002D9 FF B5 FFFFFBB4                  	PUSH	DWORD [-1100+EBP]
   494 000002DF 50                              	PUSH	EAX
   495 000002E0 E8 [00000000]                   	CALL	_fifo32_put
   496 000002E5 83 C4 14                        	ADD	ESP,20
   497 000002E8                                 L2:
   498 000002E8 8D 5D B4                        	LEA	EBX,DWORD [-76+EBP]
   499 000002EB 53                              	PUSH	EBX
   500 000002EC E8 [00000000]                   	CALL	_fifo32_status
   501 000002F1 5A                              	POP	EDX
   502 000002F2 85 C0                           	TEST	EAX,EAX
   503 000002F4 7E 0D                           	JLE	L5
   504 000002F6 83 BD FFFFFBB0 00               	CMP	DWORD [-1104+EBP],0
   505 000002FD 0F 88 00000706                  	JS	L79
   506 00000303                                 L5:
   507 00000303 8D 5D D4                        	LEA	EBX,DWORD [-44+EBP]
   508 00000306 E8 [00000000]                   	CALL	_io_cli
   509 0000030B 53                              	PUSH	EBX
   510 0000030C E8 [00000000]                   	CALL	_fifo32_status
   511 00000311 5E                              	POP	ESI
   512 00000312 85 C0                           	TEST	EAX,EAX
   513 00000314 0F 84 00000690                  	JE	L80
   514 0000031A 53                              	PUSH	EBX
   515 0000031B E8 [00000000]                   	CALL	_fifo32_get
   516 00000320 89 C6                           	MOV	ESI,EAX
   517 00000322 E8 [00000000]                   	CALL	_io_sti
   518 00000327 5B                              	POP	EBX
   519 00000328 83 7F 1C 00                     	CMP	DWORD [28+EDI],0
   520 0000032C 75 25                           	JNE	L12
   521 0000032E 85 FF                           	TEST	EDI,EDI
   522 00000330 74 21                           	JE	L12
   523 00000332 8B 95 FFFFFBC8                  	MOV	EDX,DWORD [-1080+EBP]
   524 00000338 31 FF                           	XOR	EDI,EDI
   525 0000033A 8B 42 10                        	MOV	EAX,DWORD [16+EDX]
   526 0000033D 83 F8 01                        	CMP	EAX,1
   527 00000340 74 11                           	JE	L12
   528 00000342 8B 95 FFFFFBC8                  	MOV	EDX,DWORD [-1080+EBP]
   529 00000348 8B 7C 82 10                     	MOV	EDI,DWORD [16+EDX+EAX*4]
   530 0000034C 57                              	PUSH	EDI
   531 0000034D E8 0000070B                     	CALL	_keywin_on
   532 00000352 59                              	POP	ECX
   533 00000353                                 L12:
   534 00000353 8D 86 FFFFFF00                  	LEA	EAX,DWORD [-256+ESI]
   535 00000359 3D 000000FF                     	CMP	EAX,255
   536 0000035E 0F 86 00000330                  	JBE	L81
   537 00000364 8D 86 FFFFFE00                  	LEA	EAX,DWORD [-512+ESI]
   538 0000036A 3D 000000FF                     	CMP	EAX,255
   539 0000036F 76 54                           	JBE	L82
   540 00000371 8D 86 FFFFFD00                  	LEA	EAX,DWORD [-768+ESI]
   541 00000377 3D 000000FF                     	CMP	EAX,255
   542 0000037C 76 2F                           	JBE	L83
   543 0000037E 8D 86 FFFFFC00                  	LEA	EAX,DWORD [-1024+ESI]
   544 00000384 3D 000003E7                     	CMP	EAX,999
   545 00000389 0F 87 FFFFFF59                  	JA	L2
   546 0000038F 69 F6 000000A0                  	IMUL	ESI,ESI,160
   547 00000395 03 35 [00000000]                	ADD	ESI,DWORD [_taskctl]
   548 0000039B 8D 86 FFFD8FF8                  	LEA	EAX,DWORD [-159752+ESI]
   549 000003A1 50                              	PUSH	EAX
   550 000003A2 E8 0000081D                     	CALL	_close_constask
   551 000003A7                                 L72:
   552 000003A7 58                              	POP	EAX
   553 000003A8 E9 FFFFFF3B                     	JMP	L2
   554 000003AD                                 L83:
   555 000003AD 6B C6 28                        	IMUL	EAX,ESI,40
   556 000003B0 8B 95 FFFFFBC8                  	MOV	EDX,DWORD [-1080+EBP]
   557 000003B6 8D 84 10 FFFF8C14               	LEA	EAX,DWORD [-29676+EAX+EDX*1]
   558 000003BD 50                              	PUSH	EAX
   559 000003BE E8 00000841                     	CALL	_close_console
   560 000003C3 EB E2                           	JMP	L72
   561 000003C5                                 L82:
   562 000003C5 89 F2                           	MOV	EDX,ESI
   563 000003C7 0F B6 C2                        	MOVZX	EAX,DL
   564 000003CA 50                              	PUSH	EAX
   565 000003CB 8D 45 A4                        	LEA	EAX,DWORD [-92+EBP]
   566 000003CE 50                              	PUSH	EAX
   567 000003CF E8 [00000000]                   	CALL	_mouse_decode
   568 000003D4 5A                              	POP	EDX
   569 000003D5 59                              	POP	ECX
   570 000003D6 85 C0                           	TEST	EAX,EAX
   571 000003D8 0F 84 FFFFFF0A                  	JE	L2
   572 000003DE 8B 45 AC                        	MOV	EAX,DWORD [-84+EBP]
   573 000003E1 8B 55 A8                        	MOV	EDX,DWORD [-88+EBP]
   574 000003E4 01 85 FFFFFBEC                  	ADD	DWORD [-1044+EBP],EAX
   575 000003EA 01 95 FFFFFBF0                  	ADD	DWORD [-1040+EBP],EDX
   576 000003F0 0F 88 0000028F                  	JS	L84
   577 000003F6                                 L44:
   578 000003F6 83 BD FFFFFBEC 00               	CMP	DWORD [-1044+EBP],0
   579 000003FD 0F 88 00000273                  	JS	L85
   580 00000403                                 L45:
   581 00000403 0F BF 05 00000FF4               	MOVSX	EAX,WORD [4084]
   582 0000040A 48                              	DEC	EAX
   583 0000040B 39 85 FFFFFBF0                  	CMP	DWORD [-1040+EBP],EAX
   584 00000411 7E 06                           	JLE	L46
   585 00000413 89 85 FFFFFBF0                  	MOV	DWORD [-1040+EBP],EAX
   586 00000419                                 L46:
   587 00000419 0F BF 05 00000FF6               	MOVSX	EAX,WORD [4086]
   588 00000420 48                              	DEC	EAX
   589 00000421 39 85 FFFFFBEC                  	CMP	DWORD [-1044+EBP],EAX
   590 00000427 7E 06                           	JLE	L47
   591 00000429 89 85 FFFFFBEC                  	MOV	DWORD [-1044+EBP],EAX
   592 0000042F                                 L47:
   593 0000042F FF B5 FFFFFBEC                  	PUSH	DWORD [-1044+EBP]
   594 00000435 FF B5 FFFFFBF0                  	PUSH	DWORD [-1040+EBP]
   595 0000043B FF B5 FFFFFBC0                  	PUSH	DWORD [-1088+EBP]
   596 00000441 E8 [00000000]                   	CALL	_sheet_slide
   597 00000446 83 C4 0C                        	ADD	ESP,12
   598 00000449 8B 85 FFFFFBF0                  	MOV	EAX,DWORD [-1040+EBP]
   599 0000044F 8B 95 FFFFFBEC                  	MOV	EDX,DWORD [-1044+EBP]
   600 00000455 89 85 FFFFFBDC                  	MOV	DWORD [-1060+EBP],EAX
   601 0000045B 89 95 FFFFFBD8                  	MOV	DWORD [-1064+EBP],EDX
   602 00000461 F7 45 B0 00000001               	TEST	DWORD [-80+EBP],1
   603 00000468 75 43                           	JNE	L86
   604 0000046A C7 85 FFFFFBE8 FFFFFFFF         	MOV	DWORD [-1048+EBP],-1
   605 00000474 81 BD FFFFFBD4 7FFFFFFF         	CMP	DWORD [-1068+EBP],2147483647
   606 0000047E 0F 84 FFFFFE64                  	JE	L2
   607 00000484                                 L74:
   608 00000484 FF B5 FFFFFBD0                  	PUSH	DWORD [-1072+EBP]
   609 0000048A FF B5 FFFFFBD4                  	PUSH	DWORD [-1068+EBP]
   610 00000490 FF B5 FFFFFBC4                  	PUSH	DWORD [-1084+EBP]
   611 00000496 E8 [00000000]                   	CALL	_sheet_slide
   612 0000049B C7 85 FFFFFBD4 7FFFFFFF         	MOV	DWORD [-1068+EBP],2147483647
   613 000004A5                                 L75:
   614 000004A5 83 C4 0C                        	ADD	ESP,12
   615 000004A8 E9 FFFFFE3B                     	JMP	L2
   616 000004AD                                 L86:
   617 000004AD 83 BD FFFFFBE8 00               	CMP	DWORD [-1048+EBP],0
   618 000004B4 78 46                           	JS	L87
   619 000004B6 8B 9D FFFFFBF0                  	MOV	EBX,DWORD [-1040+EBP]
   620 000004BC 8B 85 FFFFFBE0                  	MOV	EAX,DWORD [-1056+EBP]
   621 000004C2 2B 9D FFFFFBE8                  	SUB	EBX,DWORD [-1048+EBP]
   622 000004C8 8B B5 FFFFFBEC                  	MOV	ESI,DWORD [-1044+EBP]
   623 000004CE 2B B5 FFFFFBE4                  	SUB	ESI,DWORD [-1052+EBP]
   624 000004D4 8B 95 FFFFFBEC                  	MOV	EDX,DWORD [-1044+EBP]
   625 000004DA 8D 5C 03 02                     	LEA	EBX,DWORD [2+EBX+EAX*1]
   626 000004DE 89 95 FFFFFBE4                  	MOV	DWORD [-1052+EBP],EDX
   627 000004E4 89 9D FFFFFBD4                  	MOV	DWORD [-1068+EBP],EBX
   628 000004EA 01 B5 FFFFFBD0                  	ADD	DWORD [-1072+EBP],ESI
   629 000004F0 83 A5 FFFFFBD4 FC               	AND	DWORD [-1068+EBP],-4
   630 000004F7 E9 FFFFFDEC                     	JMP	L2
   631 000004FC                                 L87:
   632 000004FC 8B 85 FFFFFBC8                  	MOV	EAX,DWORD [-1080+EBP]
   633 00000502 8B 40 10                        	MOV	EAX,DWORD [16+EAX]
   634 00000505 89 85 FFFFFBA8                  	MOV	DWORD [-1112+EBP],EAX
   635 0000050B 89 C1                           	MOV	ECX,EAX
   636 0000050D                                 L77:
   637 0000050D 49                              	DEC	ECX
   638 0000050E 85 C9                           	TEST	ECX,ECX
   639 00000510 0F 8E FFFFFDD2                  	JLE	L2
   640 00000516 8B 95 FFFFFBC8                  	MOV	EDX,DWORD [-1080+EBP]
   641 0000051C 8B B5 FFFFFBEC                  	MOV	ESI,DWORD [-1044+EBP]
   642 00000522 8B 9D FFFFFBF0                  	MOV	EBX,DWORD [-1040+EBP]
   643 00000528 8B 54 8A 14                     	MOV	EDX,DWORD [20+EDX+ECX*4]
   644 0000052C 89 95 FFFFFBC4                  	MOV	DWORD [-1084+EBP],EDX
   645 00000532 2B 72 10                        	SUB	ESI,DWORD [16+EDX]
   646 00000535 2B 5A 0C                        	SUB	EBX,DWORD [12+EDX]
   647 00000538 78 D3                           	JS	L77
   648 0000053A 8B 42 04                        	MOV	EAX,DWORD [4+EDX]
   649 0000053D 39 C3                           	CMP	EBX,EAX
   650 0000053F 7D CC                           	JGE	L77
   651 00000541 85 F6                           	TEST	ESI,ESI
   652 00000543 78 C8                           	JS	L77
   653 00000545 3B 72 08                        	CMP	ESI,DWORD [8+EDX]
   654 00000548 7D C3                           	JGE	L77
   655 0000054A 0F AF C6                        	IMUL	EAX,ESI
   656 0000054D 89 85 FFFFFBA4                  	MOV	DWORD [-1116+EBP],EAX
   657 00000553 8B 12                           	MOV	EDX,DWORD [EDX]
   658 00000555 8B 85 FFFFFBA4                  	MOV	EAX,DWORD [-1116+EBP]
   659 0000055B 01 D8                           	ADD	EAX,EBX
   660 0000055D 0F B6 04 10                     	MOVZX	EAX,BYTE [EAX+EDX*1]
   661 00000561 8B 95 FFFFFBC4                  	MOV	EDX,DWORD [-1084+EBP]
   662 00000567 3B 42 14                        	CMP	EAX,DWORD [20+EDX]
   663 0000056A 74 A1                           	JE	L77
   664 0000056C 8B 85 FFFFFBA8                  	MOV	EAX,DWORD [-1112+EBP]
   665 00000572 48                              	DEC	EAX
   666 00000573 50                              	PUSH	EAX
   667 00000574 52                              	PUSH	EDX
   668 00000575 E8 [00000000]                   	CALL	_sheet_updown
   669 0000057A 39 BD FFFFFBC4                  	CMP	DWORD [-1084+EBP],EDI
   670 00000580 59                              	POP	ECX
   671 00000581 58                              	POP	EAX
   672 00000582 74 14                           	JE	L56
   673 00000584 57                              	PUSH	EDI
   674 00000585 E8 000004A5                     	CALL	_keywin_off
   675 0000058A 8B BD FFFFFBC4                  	MOV	EDI,DWORD [-1084+EBP]
   676 00000590 57                              	PUSH	EDI
   677 00000591 E8 000004C7                     	CALL	_keywin_on
   678 00000596 58                              	POP	EAX
   679 00000597 5A                              	POP	EDX
   680 00000598                                 L56:
   681 00000598 83 FB 02                        	CMP	EBX,2
   682 0000059B 7E 50                           	JLE	L57
   683 0000059D 8B 95 FFFFFBC4                  	MOV	EDX,DWORD [-1084+EBP]
   684 000005A3 8B 42 04                        	MOV	EAX,DWORD [4+EDX]
   685 000005A6 83 E8 03                        	SUB	EAX,3
   686 000005A9 39 C3                           	CMP	EBX,EAX
   687 000005AB 7D 40                           	JGE	L57
   688 000005AD 83 FE 02                        	CMP	ESI,2
   689 000005B0 7E 3B                           	JLE	L57
   690 000005B2 83 FE 14                        	CMP	ESI,20
   691 000005B5 7F 36                           	JG	L57
   692 000005B7 8B 85 FFFFFBF0                  	MOV	EAX,DWORD [-1040+EBP]
   693 000005BD 8B 95 FFFFFBEC                  	MOV	EDX,DWORD [-1044+EBP]
   694 000005C3 89 85 FFFFFBE8                  	MOV	DWORD [-1048+EBP],EAX
   695 000005C9 89 95 FFFFFBE4                  	MOV	DWORD [-1052+EBP],EDX
   696 000005CF 8B 85 FFFFFBC4                  	MOV	EAX,DWORD [-1084+EBP]
   697 000005D5 8B 95 FFFFFBC4                  	MOV	EDX,DWORD [-1084+EBP]
   698 000005DB 8B 40 0C                        	MOV	EAX,DWORD [12+EAX]
   699 000005DE 8B 52 10                        	MOV	EDX,DWORD [16+EDX]
   700 000005E1 89 85 FFFFFBE0                  	MOV	DWORD [-1056+EBP],EAX
   701 000005E7 89 95 FFFFFBD0                  	MOV	DWORD [-1072+EBP],EDX
   702 000005ED                                 L57:
   703 000005ED 8B 85 FFFFFBC4                  	MOV	EAX,DWORD [-1084+EBP]
   704 000005F3 8B 50 04                        	MOV	EDX,DWORD [4+EAX]
   705 000005F6 8D 42 EB                        	LEA	EAX,DWORD [-21+EDX]
   706 000005F9 39 D8                           	CMP	EAX,EBX
   707 000005FB 0F 8F FFFFFCE7                  	JG	L2
   708 00000601 8D 42 FB                        	LEA	EAX,DWORD [-5+EDX]
   709 00000604 39 C3                           	CMP	EBX,EAX
   710 00000606 0F 8D FFFFFCDC                  	JGE	L2
   711 0000060C 83 FE 04                        	CMP	ESI,4
   712 0000060F 0F 8E FFFFFCD3                  	JLE	L2
   713 00000615 83 FE 12                        	CMP	ESI,18
   714 00000618 0F 8F FFFFFCCA                  	JG	L2
   715 0000061E 8B 95 FFFFFBC4                  	MOV	EDX,DWORD [-1084+EBP]
   716 00000624 F6 42 1C 10                     	TEST	BYTE [28+EDX],16
   717 00000628 74 37                           	JE	L88
   718 0000062A 8B 95 FFFFFBC4                  	MOV	EDX,DWORD [-1084+EBP]
   719 00000630 8B 5A 24                        	MOV	EBX,DWORD [36+EDX]
   720 00000633 68 [00000100]                   	PUSH	LC1
   721 00000638 FF B3 00000094                  	PUSH	DWORD [148+EBX]
   722 0000063E E8 [00000000]                   	CALL	_cons_putstr0
   723 00000643 E8 [00000000]                   	CALL	_io_cli
   724 00000648 8D 43 30                        	LEA	EAX,DWORD [48+EBX]
   725 0000064B 89 43 54                        	MOV	DWORD [84+EBX],EAX
   726 0000064E C7 43 4C [00000000]             	MOV	DWORD [76+EBX],_asm_end_app
   727 00000655                                 L78:
   728 00000655 E8 [00000000]                   	CALL	_io_sti
   729 0000065A                                 L73:
   730 0000065A 5A                              	POP	EDX
   731 0000065B 59                              	POP	ECX
   732 0000065C E9 FFFFFC87                     	JMP	L2
   733 00000661                                 L88:
   734 00000661 8B 5A 24                        	MOV	EBX,DWORD [36+EDX]
   735 00000664 E8 [00000000]                   	CALL	_io_cli
   736 00000669 6A 04                           	PUSH	4
   737 0000066B 8D 43 10                        	LEA	EAX,DWORD [16+EBX]
   738 0000066E 50                              	PUSH	EAX
   739 0000066F E8 [00000000]                   	CALL	_fifo32_put
   740 00000674 EB DF                           	JMP	L78
   741 00000676                                 L85:
   742 00000676 C7 85 FFFFFBEC 00000000         	MOV	DWORD [-1044+EBP],0
   743 00000680 E9 FFFFFD7E                     	JMP	L45
   744 00000685                                 L84:
   745 00000685 C7 85 FFFFFBF0 00000000         	MOV	DWORD [-1040+EBP],0
   746 0000068F E9 FFFFFD62                     	JMP	L44
   747 00000694                                 L81:
   748 00000694 81 FE 0000017F                  	CMP	ESI,383
   749 0000069A 0F 8F 000002FE                  	JG	L16
   750 000006A0 83 BD FFFFFBB8 00               	CMP	DWORD [-1096+EBP],0
   751 000006A7 0F 85 000002E6                  	JNE	L17
   752 000006AD 8A 86 [FFFFFF00]                	MOV	AL,BYTE [_keytable0.0-256+ESI]
   753 000006B3                                 L76:
   754 000006B3 88 85 FFFFFF74                  	MOV	BYTE [-140+EBP],AL
   755 000006B9                                 L19:
   756 000006B9 8A 95 FFFFFF74                  	MOV	DL,BYTE [-140+EBP]
   757 000006BF 8D 42 BF                        	LEA	EAX,DWORD [-65+EDX]
   758 000006C2 3C 19                           	CMP	AL,25
   759 000006C4 77 1D                           	JA	L20
   760 000006C6 F7 85 FFFFFBB4 00000004         	TEST	DWORD [-1100+EBP],4
   761 000006D0 0F 85 000002AE                  	JNE	L70
   762 000006D6 83 BD FFFFFBB8 00               	CMP	DWORD [-1096+EBP],0
   763 000006DD 0F 84 00000293                  	JE	L22
   764 000006E3                                 L20:
   765 000006E3 8A 85 FFFFFF74                  	MOV	AL,BYTE [-140+EBP]
   766 000006E9 84 C0                           	TEST	AL,AL
   767 000006EB 74 1B                           	JE	L24
   768 000006ED 85 FF                           	TEST	EDI,EDI
   769 000006EF 74 17                           	JE	L24
   770 000006F1 0F BE C0                        	MOVSX	EAX,AL
   771 000006F4 05 00000100                     	ADD	EAX,256
   772 000006F9 50                              	PUSH	EAX
   773 000006FA 8B 47 24                        	MOV	EAX,DWORD [36+EDI]
   774 000006FD 83 C0 10                        	ADD	EAX,16
   775 00000700 50                              	PUSH	EAX
   776 00000701 E8 [00000000]                   	CALL	_fifo32_put
   777 00000706 58                              	POP	EAX
   778 00000707 5A                              	POP	EDX
   779 00000708                                 L24:
   780 00000708 81 FE 0000010F                  	CMP	ESI,271
   781 0000070E 0F 84 0000022D                  	JE	L89
   782 00000714                                 L25:
   783 00000714 81 FE 0000012A                  	CMP	ESI,298
   784 0000071A 0F 84 00000215                  	JE	L90
   785 00000720                                 L27:
   786 00000720 81 FE 00000136                  	CMP	ESI,310
   787 00000726 0F 84 000001FD                  	JE	L91
   788 0000072C                                 L28:
   789 0000072C 81 FE 000001AA                  	CMP	ESI,426
   790 00000732 0F 84 000001E5                  	JE	L92
   791 00000738                                 L29:
   792 00000738 81 FE 000001B6                  	CMP	ESI,438
   793 0000073E 0F 84 000001CD                  	JE	L93
   794 00000744                                 L30:
   795 00000744 81 FE 0000013A                  	CMP	ESI,314
   796 0000074A 0F 84 00000198                  	JE	L94
   797 00000750                                 L31:
   798 00000750 81 FE 00000145                  	CMP	ESI,325
   799 00000756 0F 84 00000163                  	JE	L95
   800 0000075C                                 L32:
   801 0000075C 81 FE 00000146                  	CMP	ESI,326
   802 00000762 0F 84 0000012E                  	JE	L96
   803 00000768                                 L33:
   804 00000768 81 FE 000001FA                  	CMP	ESI,506
   805 0000076E 0F 84 00000113                  	JE	L97
   806 00000774                                 L34:
   807 00000774 81 FE 000001FE                  	CMP	ESI,510
   808 0000077A 0F 84 000000EE                  	JE	L98
   809 00000780                                 L35:
   810 00000780 81 FE 0000013B                  	CMP	ESI,315
   811 00000786 0F 84 0000008A                  	JE	L99
   812 0000078C                                 L36:
   813 0000078C 81 FE 0000013C                  	CMP	ESI,316
   814 00000792 74 2D                           	JE	L100
   815 00000794                                 L38:
   816 00000794 81 FE 0000015B                  	CMP	ESI,347
   817 0000079A 0F 85 FFFFFB48                  	JNE	L2
   818 000007A0 8B 95 FFFFFBC8                  	MOV	EDX,DWORD [-1080+EBP]
   819 000007A6 8B 42 10                        	MOV	EAX,DWORD [16+EDX]
   820 000007A9 83 F8 02                        	CMP	EAX,2
   821 000007AC 0F 8E FFFFFB36                  	JLE	L2
   822 000007B2 48                              	DEC	EAX
   823 000007B3 50                              	PUSH	EAX
   824 000007B4 FF 72 18                        	PUSH	DWORD [24+EDX]
   825 000007B7 E8 [00000000]                   	CALL	_sheet_updown
   826 000007BC E9 FFFFFE99                     	JMP	L73
   827 000007C1                                 L100:
   828 000007C1 83 BD FFFFFBB8 00               	CMP	DWORD [-1096+EBP],0
   829 000007C8 74 CA                           	JE	L38
   830 000007CA 85 FF                           	TEST	EDI,EDI
   831 000007CC 74 07                           	JE	L39
   832 000007CE 57                              	PUSH	EDI
   833 000007CF E8 0000025B                     	CALL	_keywin_off
   834 000007D4 58                              	POP	EAX
   835 000007D5                                 L39:
   836 000007D5 57                              	PUSH	EDI
   837 000007D6 E8 00000254                     	CALL	_keywin_off
   838 000007DB FF B5 FFFFFBCC                  	PUSH	DWORD [-1076+EBP]
   839 000007E1 FF B5 FFFFFBC8                  	PUSH	DWORD [-1080+EBP]
   840 000007E7 E8 00000345                     	CALL	_open_console
   841 000007EC 6A 64                           	PUSH	100
   842 000007EE 6A 5C                           	PUSH	92
   843 000007F0 89 C7                           	MOV	EDI,EAX
   844 000007F2 50                              	PUSH	EAX
   845 000007F3 E8 [00000000]                   	CALL	_sheet_slide
   846 000007F8 8B 85 FFFFFBC8                  	MOV	EAX,DWORD [-1080+EBP]
   847 000007FE FF 70 10                        	PUSH	DWORD [16+EAX]
   848 00000801 57                              	PUSH	EDI
   849 00000802 E8 [00000000]                   	CALL	_sheet_updown
   850 00000807 83 C4 20                        	ADD	ESP,32
   851 0000080A 57                              	PUSH	EDI
   852 0000080B E8 0000024D                     	CALL	_keywin_on
   853 00000810 5B                              	POP	EBX
   854 00000811 E9 FFFFFF7E                     	JMP	L38
   855 00000816                                 L99:
   856 00000816 83 BD FFFFFBB8 00               	CMP	DWORD [-1096+EBP],0
   857 0000081D 0F 84 FFFFFF69                  	JE	L36
   858 00000823 85 FF                           	TEST	EDI,EDI
   859 00000825 0F 84 FFFFFF61                  	JE	L36
   860 0000082B 8B 5F 24                        	MOV	EBX,DWORD [36+EDI]
   861 0000082E 85 DB                           	TEST	EBX,EBX
   862 00000830 0F 84 FFFFFF56                  	JE	L36
   863 00000836 83 7B 34 00                     	CMP	DWORD [52+EBX],0
   864 0000083A 0F 84 FFFFFF4C                  	JE	L36
   865 00000840 68 [00000112]                   	PUSH	LC0
   866 00000845 FF B3 00000094                  	PUSH	DWORD [148+EBX]
   867 0000084B E8 [00000000]                   	CALL	_cons_putstr0
   868 00000850 E8 [00000000]                   	CALL	_io_cli
   869 00000855 8D 43 30                        	LEA	EAX,DWORD [48+EBX]
   870 00000858 89 43 54                        	MOV	DWORD [84+EBX],EAX
   871 0000085B C7 43 4C [00000000]             	MOV	DWORD [76+EBX],_asm_end_app
   872 00000862 E8 [00000000]                   	CALL	_io_sti
   873 00000867 58                              	POP	EAX
   874 00000868 5A                              	POP	EDX
   875 00000869 E9 FFFFFF1E                     	JMP	L36
   876 0000086E                                 L98:
   877 0000086E E8 [00000000]                   	CALL	_wait_KBC_sendready
   878 00000873 FF B5 FFFFFBB0                  	PUSH	DWORD [-1104+EBP]
   879 00000879 6A 60                           	PUSH	96
   880 0000087B E8 [00000000]                   	CALL	_io_out8
   881 00000880 59                              	POP	ECX
   882 00000881 5B                              	POP	EBX
   883 00000882 E9 FFFFFEF9                     	JMP	L35
   884 00000887                                 L97:
   885 00000887 C7 85 FFFFFBB0 FFFFFFFF         	MOV	DWORD [-1104+EBP],-1
   886 00000891 E9 FFFFFEDE                     	JMP	L34
   887 00000896                                 L96:
   888 00000896 68 000000ED                     	PUSH	237
   889 0000089B 8D 5D B4                        	LEA	EBX,DWORD [-76+EBP]
   890 0000089E 53                              	PUSH	EBX
   891 0000089F 83 B5 FFFFFBB4 01               	XOR	DWORD [-1100+EBP],1
   892 000008A6 E8 [00000000]                   	CALL	_fifo32_put
   893 000008AB FF B5 FFFFFBB4                  	PUSH	DWORD [-1100+EBP]
   894 000008B1 53                              	PUSH	EBX
   895 000008B2 E8 [00000000]                   	CALL	_fifo32_put
   896 000008B7 83 C4 10                        	ADD	ESP,16
   897 000008BA E9 FFFFFEA9                     	JMP	L33
   898 000008BF                                 L95:
   899 000008BF 68 000000ED                     	PUSH	237
   900 000008C4 8D 5D B4                        	LEA	EBX,DWORD [-76+EBP]
   901 000008C7 53                              	PUSH	EBX
   902 000008C8 83 B5 FFFFFBB4 02               	XOR	DWORD [-1100+EBP],2
   903 000008CF E8 [00000000]                   	CALL	_fifo32_put
   904 000008D4 FF B5 FFFFFBB4                  	PUSH	DWORD [-1100+EBP]
   905 000008DA 53                              	PUSH	EBX
   906 000008DB E8 [00000000]                   	CALL	_fifo32_put
   907 000008E0 83 C4 10                        	ADD	ESP,16
   908 000008E3 E9 FFFFFE74                     	JMP	L32
   909 000008E8                                 L94:
   910 000008E8 68 000000ED                     	PUSH	237
   911 000008ED 8D 5D B4                        	LEA	EBX,DWORD [-76+EBP]
   912 000008F0 53                              	PUSH	EBX
   913 000008F1 83 B5 FFFFFBB4 04               	XOR	DWORD [-1100+EBP],4
   914 000008F8 E8 [00000000]                   	CALL	_fifo32_put
   915 000008FD FF B5 FFFFFBB4                  	PUSH	DWORD [-1100+EBP]
   916 00000903 53                              	PUSH	EBX
   917 00000904 E8 [00000000]                   	CALL	_fifo32_put
   918 00000909 83 C4 10                        	ADD	ESP,16
   919 0000090C E9 FFFFFE3F                     	JMP	L31
   920 00000911                                 L93:
   921 00000911 83 A5 FFFFFBB8 FD               	AND	DWORD [-1096+EBP],-3
   922 00000918 E9 FFFFFE27                     	JMP	L30
   923 0000091D                                 L92:
   924 0000091D 83 A5 FFFFFBB8 FE               	AND	DWORD [-1096+EBP],-2
   925 00000924 E9 FFFFFE0F                     	JMP	L29
   926 00000929                                 L91:
   927 00000929 83 8D FFFFFBB8 02               	OR	DWORD [-1096+EBP],2
   928 00000930 E9 FFFFFDF7                     	JMP	L28
   929 00000935                                 L90:
   930 00000935 83 8D FFFFFBB8 01               	OR	DWORD [-1096+EBP],1
   931 0000093C E9 FFFFFDDF                     	JMP	L27
   932 00000941                                 L89:
   933 00000941 85 FF                           	TEST	EDI,EDI
   934 00000943 0F 84 FFFFFDCB                  	JE	L25
   935 00000949 57                              	PUSH	EDI
   936 0000094A E8 000000E0                     	CALL	_keywin_off
   937 0000094F 8B 4F 18                        	MOV	ECX,DWORD [24+EDI]
   938 00000952 49                              	DEC	ECX
   939 00000953 58                              	POP	EAX
   940 00000954 75 0A                           	JNE	L26
   941 00000956 8B 85 FFFFFBC8                  	MOV	EAX,DWORD [-1080+EBP]
   942 0000095C 8B 48 10                        	MOV	ECX,DWORD [16+EAX]
   943 0000095F 49                              	DEC	ECX
   944 00000960                                 L26:
   945 00000960 8B 95 FFFFFBC8                  	MOV	EDX,DWORD [-1080+EBP]
   946 00000966 8B 7C 8A 14                     	MOV	EDI,DWORD [20+EDX+ECX*4]
   947 0000096A 57                              	PUSH	EDI
   948 0000096B E8 000000ED                     	CALL	_keywin_on
   949 00000970 58                              	POP	EAX
   950 00000971 E9 FFFFFD9E                     	JMP	L25
   951 00000976                                 L22:
   952 00000976 8D 42 20                        	LEA	EAX,DWORD [32+EDX]
   953 00000979 88 85 FFFFFF74                  	MOV	BYTE [-140+EBP],AL
   954 0000097F E9 FFFFFD5F                     	JMP	L20
   955 00000984                                 L70:
   956 00000984 83 BD FFFFFBB8 00               	CMP	DWORD [-1096+EBP],0
   957 0000098B 0F 84 FFFFFD52                  	JE	L20
   958 00000991 EB E3                           	JMP	L22
   959 00000993                                 L17:
   960 00000993 8A 86 [FFFFFF80]                	MOV	AL,BYTE [_keytable1.1-256+ESI]
   961 00000999 E9 FFFFFD15                     	JMP	L76
   962 0000099E                                 L16:
   963 0000099E C6 85 FFFFFF74 00               	MOV	BYTE [-140+EBP],0
   964 000009A5 E9 FFFFFD0F                     	JMP	L19
   965 000009AA                                 L80:
   966 000009AA 83 BD FFFFFBDC 00               	CMP	DWORD [-1060+EBP],0
   967 000009B1 79 2B                           	JNS	L101
   968 000009B3 81 BD FFFFFBD4 7FFFFFFF         	CMP	DWORD [-1068+EBP],2147483647
   969 000009BD 75 15                           	JNE	L102
   970 000009BF FF B5 FFFFFBBC                  	PUSH	DWORD [-1092+EBP]
   971 000009C5 E8 [00000000]                   	CALL	_task_sleep
   972 000009CA E8 [00000000]                   	CALL	_io_sti
   973 000009CF E9 FFFFF9D3                     	JMP	L72
   974 000009D4                                 L102:
   975 000009D4 E8 [00000000]                   	CALL	_io_sti
   976 000009D9 E9 FFFFFAA6                     	JMP	L74
   977 000009DE                                 L101:
   978 000009DE E8 [00000000]                   	CALL	_io_sti
   979 000009E3 FF B5 FFFFFBD8                  	PUSH	DWORD [-1064+EBP]
   980 000009E9 FF B5 FFFFFBDC                  	PUSH	DWORD [-1060+EBP]
   981 000009EF FF B5 FFFFFBC0                  	PUSH	DWORD [-1088+EBP]
   982 000009F5 E8 [00000000]                   	CALL	_sheet_slide
   983 000009FA C7 85 FFFFFBDC FFFFFFFF         	MOV	DWORD [-1060+EBP],-1
   984 00000A04 E9 FFFFFA9C                     	JMP	L75
   985 00000A09                                 L79:
   986 00000A09 53                              	PUSH	EBX
   987 00000A0A E8 [00000000]                   	CALL	_fifo32_get
   988 00000A0F 89 85 FFFFFBB0                  	MOV	DWORD [-1104+EBP],EAX
   989 00000A15 E8 [00000000]                   	CALL	_wait_KBC_sendready
   990 00000A1A FF B5 FFFFFBB0                  	PUSH	DWORD [-1104+EBP]
   991 00000A20 6A 60                           	PUSH	96
   992 00000A22 E8 [00000000]                   	CALL	_io_out8
   993 00000A27 83 C4 0C                        	ADD	ESP,12
   994 00000A2A E9 FFFFF8D4                     	JMP	L5
   995 00000A2F                                 	GLOBAL	_keywin_off
   996 00000A2F                                 _keywin_off:
   997 00000A2F 55                              	PUSH	EBP
   998 00000A30 89 E5                           	MOV	EBP,ESP
   999 00000A32 53                              	PUSH	EBX
  1000 00000A33 6A 00                           	PUSH	0
  1001 00000A35 8B 5D 08                        	MOV	EBX,DWORD [8+EBP]
  1002 00000A38 53                              	PUSH	EBX
  1003 00000A39 E8 [00000000]                   	CALL	_change_wtitle8
  1004 00000A3E F6 43 1C 20                     	TEST	BYTE [28+EBX],32
  1005 00000A42 58                              	POP	EAX
  1006 00000A43 5A                              	POP	EDX
  1007 00000A44 75 05                           	JNE	L105
  1008 00000A46                                 L103:
  1009 00000A46 8B 5D FC                        	MOV	EBX,DWORD [-4+EBP]
  1010 00000A49 C9                              	LEAVE
  1011 00000A4A C3                              	RET
  1012 00000A4B                                 L105:
  1013 00000A4B 6A 03                           	PUSH	3
  1014 00000A4D 8B 43 24                        	MOV	EAX,DWORD [36+EBX]
  1015 00000A50 83 C0 10                        	ADD	EAX,16
  1016 00000A53 50                              	PUSH	EAX
  1017 00000A54 E8 [00000000]                   	CALL	_fifo32_put
  1018 00000A59 59                              	POP	ECX
  1019 00000A5A 5B                              	POP	EBX
  1020 00000A5B EB E9                           	JMP	L103
  1021 00000A5D                                 	GLOBAL	_keywin_on
  1022 00000A5D                                 _keywin_on:
  1023 00000A5D 55                              	PUSH	EBP
  1024 00000A5E 89 E5                           	MOV	EBP,ESP
  1025 00000A60 53                              	PUSH	EBX
  1026 00000A61 6A 01                           	PUSH	1
  1027 00000A63 8B 5D 08                        	MOV	EBX,DWORD [8+EBP]
  1028 00000A66 53                              	PUSH	EBX
  1029 00000A67 E8 [00000000]                   	CALL	_change_wtitle8
  1030 00000A6C F6 43 1C 20                     	TEST	BYTE [28+EBX],32
  1031 00000A70 58                              	POP	EAX
  1032 00000A71 5A                              	POP	EDX
  1033 00000A72 75 05                           	JNE	L108
  1034 00000A74                                 L106:
  1035 00000A74 8B 5D FC                        	MOV	EBX,DWORD [-4+EBP]
  1036 00000A77 C9                              	LEAVE
  1037 00000A78 C3                              	RET
  1038 00000A79                                 L108:
  1039 00000A79 6A 02                           	PUSH	2
  1040 00000A7B 8B 43 24                        	MOV	EAX,DWORD [36+EBX]
  1041 00000A7E 83 C0 10                        	ADD	EAX,16
  1042 00000A81 50                              	PUSH	EAX
  1043 00000A82 E8 [00000000]                   	CALL	_fifo32_put
  1044 00000A87 59                              	POP	ECX
  1045 00000A88 5B                              	POP	EBX
  1046 00000A89 EB E9                           	JMP	L106
  1047 00000A8B                                 	GLOBAL	_open_constask
  1048 00000A8B                                 _open_constask:
  1049 00000A8B 55                              	PUSH	EBP
  1050 00000A8C 89 E5                           	MOV	EBP,ESP
  1051 00000A8E 56                              	PUSH	ESI
  1052 00000A8F 53                              	PUSH	EBX
  1053 00000A90 E8 [00000000]                   	CALL	_task_alloc
  1054 00000A95 68 00000200                     	PUSH	512
  1055 00000A9A 68 003C0000                     	PUSH	3932160
  1056 00000A9F 89 C3                           	MOV	EBX,EAX
  1057 00000AA1 E8 [00000000]                   	CALL	_memman_alloc_4k
  1058 00000AA6 68 00010000                     	PUSH	65536
  1059 00000AAB 68 003C0000                     	PUSH	3932160
  1060 00000AB0 89 C6                           	MOV	ESI,EAX
  1061 00000AB2 E8 [00000000]                   	CALL	_memman_alloc_4k
  1062 00000AB7 8B 55 08                        	MOV	EDX,DWORD [8+EBP]
  1063 00000ABA C7 43 4C [00000000]             	MOV	DWORD [76+EBX],_console_task
  1064 00000AC1 89 83 0000009C                  	MOV	DWORD [156+EBX],EAX
  1065 00000AC7 05 0000FFF4                     	ADD	EAX,65524
  1066 00000ACC 89 43 64                        	MOV	DWORD [100+EBX],EAX
  1067 00000ACF C7 43 74 00000008               	MOV	DWORD [116+EBX],8
  1068 00000AD6 C7 43 78 00000010               	MOV	DWORD [120+EBX],16
  1069 00000ADD C7 43 7C 00000008               	MOV	DWORD [124+EBX],8
  1070 00000AE4 C7 83 00000080 00000008         	MOV	DWORD [128+EBX],8
  1071 00000AEE C7 83 00000084 00000008         	MOV	DWORD [132+EBX],8
  1072 00000AF8 C7 83 00000088 00000008         	MOV	DWORD [136+EBX],8
  1073 00000B02 89 50 04                        	MOV	DWORD [4+EAX],EDX
  1074 00000B05 8B 53 64                        	MOV	EDX,DWORD [100+EBX]
  1075 00000B08 8B 45 0C                        	MOV	EAX,DWORD [12+EBP]
  1076 00000B0B 89 42 08                        	MOV	DWORD [8+EDX],EAX
  1077 00000B0E 6A 02                           	PUSH	2
  1078 00000B10 6A 02                           	PUSH	2
  1079 00000B12 53                              	PUSH	EBX
  1080 00000B13 E8 [00000000]                   	CALL	_task_run
  1081 00000B18 8D 43 10                        	LEA	EAX,DWORD [16+EBX]
  1082 00000B1B 53                              	PUSH	EBX
  1083 00000B1C 56                              	PUSH	ESI
  1084 00000B1D 68 00000080                     	PUSH	128
  1085 00000B22 50                              	PUSH	EAX
  1086 00000B23 E8 [00000000]                   	CALL	_fifo32_init
  1087 00000B28 8D 65 F8                        	LEA	ESP,DWORD [-8+EBP]
  1088 00000B2B 89 D8                           	MOV	EAX,EBX
  1089 00000B2D 5B                              	POP	EBX
  1090 00000B2E 5E                              	POP	ESI
  1091 00000B2F 5D                              	POP	EBP
  1092 00000B30 C3                              	RET
  1093                                          [SECTION .data]
  1094 00000120                                 LC2:
  1095 00000120 63 6F 6E 73 6F 6C 65 00         	DB	"console",0x00
  1096                                          [SECTION .text]
  1097 00000B31                                 	GLOBAL	_open_console
  1098 00000B31                                 _open_console:
  1099 00000B31 55                              	PUSH	EBP
  1100 00000B32 89 E5                           	MOV	EBP,ESP
  1101 00000B34 56                              	PUSH	ESI
  1102 00000B35 53                              	PUSH	EBX
  1103 00000B36 FF 75 08                        	PUSH	DWORD [8+EBP]
  1104 00000B39 E8 [00000000]                   	CALL	_sheet_alloc
  1105 00000B3E 68 00069000                     	PUSH	430080
  1106 00000B43 68 003C0000                     	PUSH	3932160
  1107 00000B48 89 C3                           	MOV	EBX,EAX
  1108 00000B4A E8 [00000000]                   	CALL	_memman_alloc_4k
  1109 00000B4F 89 C6                           	MOV	ESI,EAX
  1110 00000B51 E8 [00000000]                   	CALL	_task_alloc
  1111 00000B56 68 00000200                     	PUSH	512
  1112 00000B5B 68 003C0000                     	PUSH	3932160
  1113 00000B60 E8 [00000000]                   	CALL	_memman_alloc_4k
  1114 00000B65 6A FF                           	PUSH	-1
  1115 00000B67 68 00000230                     	PUSH	560
  1116 00000B6C 68 00000300                     	PUSH	768
  1117 00000B71 56                              	PUSH	ESI
  1118 00000B72 53                              	PUSH	EBX
  1119 00000B73 E8 [00000000]                   	CALL	_sheet_setbuf
  1120 00000B78 83 C4 28                        	ADD	ESP,40
  1121 00000B7B 6A 00                           	PUSH	0
  1122 00000B7D 68 [00000120]                   	PUSH	LC2
  1123 00000B82 68 00000230                     	PUSH	560
  1124 00000B87 68 00000300                     	PUSH	768
  1125 00000B8C 56                              	PUSH	ESI
  1126 00000B8D E8 [00000000]                   	CALL	_make_window8
  1127 00000B92 6A 00                           	PUSH	0
  1128 00000B94 68 00000208                     	PUSH	520
  1129 00000B99 68 000002F0                     	PUSH	752
  1130 00000B9E 6A 1C                           	PUSH	28
  1131 00000BA0 6A 08                           	PUSH	8
  1132 00000BA2 53                              	PUSH	EBX
  1133 00000BA3 E8 [00000000]                   	CALL	_make_textbox8
  1134 00000BA8 83 C4 2C                        	ADD	ESP,44
  1135 00000BAB FF 75 0C                        	PUSH	DWORD [12+EBP]
  1136 00000BAE 53                              	PUSH	EBX
  1137 00000BAF E8 FFFFFED7                     	CALL	_open_constask
  1138 00000BB4 83 4B 1C 20                     	OR	DWORD [28+EBX],32
  1139 00000BB8 89 43 24                        	MOV	DWORD [36+EBX],EAX
  1140 00000BBB 8D 65 F8                        	LEA	ESP,DWORD [-8+EBP]
  1141 00000BBE 89 D8                           	MOV	EAX,EBX
  1142 00000BC0 5B                              	POP	EBX
  1143 00000BC1 5E                              	POP	ESI
  1144 00000BC2 5D                              	POP	EBP
  1145 00000BC3 C3                              	RET
  1146 00000BC4                                 	GLOBAL	_close_constask
  1147 00000BC4                                 _close_constask:
  1148 00000BC4 55                              	PUSH	EBP
  1149 00000BC5 89 E5                           	MOV	EBP,ESP
  1150 00000BC7 53                              	PUSH	EBX
  1151 00000BC8 8B 5D 08                        	MOV	EBX,DWORD [8+EBP]
  1152 00000BCB 53                              	PUSH	EBX
  1153 00000BCC E8 [00000000]                   	CALL	_task_sleep
  1154 00000BD1 68 00010000                     	PUSH	65536
  1155 00000BD6 FF B3 0000009C                  	PUSH	DWORD [156+EBX]
  1156 00000BDC 68 003C0000                     	PUSH	3932160
  1157 00000BE1 E8 [00000000]                   	CALL	_memman_free_4k
  1158 00000BE6 68 00000200                     	PUSH	512
  1159 00000BEB FF 73 10                        	PUSH	DWORD [16+EBX]
  1160 00000BEE 68 003C0000                     	PUSH	3932160
  1161 00000BF3 E8 [00000000]                   	CALL	_memman_free_4k
  1162 00000BF8 C7 43 04 00000000               	MOV	DWORD [4+EBX],0
  1163 00000BFF 8B 5D FC                        	MOV	EBX,DWORD [-4+EBP]
  1164 00000C02 C9                              	LEAVE
  1165 00000C03 C3                              	RET
  1166 00000C04                                 	GLOBAL	_close_console
  1167 00000C04                                 _close_console:
  1168 00000C04 55                              	PUSH	EBP
  1169 00000C05 89 E5                           	MOV	EBP,ESP
  1170 00000C07 56                              	PUSH	ESI
  1171 00000C08 53                              	PUSH	EBX
  1172 00000C09 8B 5D 08                        	MOV	EBX,DWORD [8+EBP]
  1173 00000C0C 8B 73 24                        	MOV	ESI,DWORD [36+EBX]
  1174 00000C0F 68 00069000                     	PUSH	430080
  1175 00000C14 FF 33                           	PUSH	DWORD [EBX]
  1176 00000C16 68 003C0000                     	PUSH	3932160
  1177 00000C1B E8 [00000000]                   	CALL	_memman_free_4k
  1178 00000C20 53                              	PUSH	EBX
  1179 00000C21 E8 [00000000]                   	CALL	_sheet_free
  1180 00000C26 89 75 08                        	MOV	DWORD [8+EBP],ESI
  1181 00000C29 83 C4 10                        	ADD	ESP,16
  1182 00000C2C 8D 65 F8                        	LEA	ESP,DWORD [-8+EBP]
  1183 00000C2F 5B                              	POP	EBX
  1184 00000C30 5E                              	POP	ESI
  1185 00000C31 5D                              	POP	EBP
  1186 00000C32 EB 90                           	JMP	_close_constask
