     1 00000000                                 [FORMAT "WCOFF"]
     2 00000000                                 [INSTRSET "i486p"]
     3 00000000                                 [OPTIMIZE 1]
     4 00000000                                 [OPTION 1]
     5 00000000                                 [BITS 32]
     6 00000000                                 	EXTERN	_api_initmalloc
     7 00000000                                 	EXTERN	_api_malloc
     8 00000000                                 	EXTERN	_api_openwin
     9 00000000                                 	EXTERN	_api_alloctimer
    10 00000000                                 	EXTERN	_api_inittimer
    11 00000000                                 	EXTERN	_sprintf
    12 00000000                                 	EXTERN	_api_boxfilwin
    13 00000000                                 	EXTERN	_api_putstrwin
    14 00000000                                 	EXTERN	_api_settimer
    15 00000000                                 	EXTERN	_api_getkey
    16 00000000                                 	EXTERN	_api_end
    17 00000000                                 [FILE "noodle.c"]
    18                                          [SECTION .data]
    19 00000000                                 LC0:
    20 00000000 6E 6F 6F 64 6C 65 00            	DB	"noodle",0x00
    21 00000007                                 LC1:
    22 00000007 25 35 64 3A 25 30 32 64 3A 25   	DB	"%5d:%02d:%02d",0x00
       00000011 30 32 64 00 
    23                                          [SECTION .text]
    24 00000000                                 	GLOBAL	_HariMain
    25 00000000                                 _HariMain:
    26 00000000 55                              	PUSH	EBP
    27 00000001 89 E5                           	MOV	EBP,ESP
    28 00000003 57                              	PUSH	EDI
    29 00000004 56                              	PUSH	ESI
    30 00000005 31 FF                           	XOR	EDI,EDI
    31 00000007 53                              	PUSH	EBX
    32 00000008 31 F6                           	XOR	ESI,ESI
    33 0000000A 83 EC 1C                        	SUB	ESP,28
    34 0000000D C7 45 D8 00000000               	MOV	DWORD [-40+EBP],0
    35 00000014 E8 [00000000]                   	CALL	_api_initmalloc
    36 00000019 68 00001D4C                     	PUSH	7500
    37 0000001E E8 [00000000]                   	CALL	_api_malloc
    38 00000023 68 [00000000]                   	PUSH	LC0
    39 00000028 6A FF                           	PUSH	-1
    40 0000002A 6A 32                           	PUSH	50
    41 0000002C 68 00000096                     	PUSH	150
    42 00000031 50                              	PUSH	EAX
    43 00000032 E8 [00000000]                   	CALL	_api_openwin
    44 00000037 89 45 E0                        	MOV	DWORD [-32+EBP],EAX
    45 0000003A E8 [00000000]                   	CALL	_api_alloctimer
    46 0000003F 68 0000018D                     	PUSH	397
    47 00000044 50                              	PUSH	EAX
    48 00000045 89 45 DC                        	MOV	DWORD [-36+EBP],EAX
    49 00000048 E8 [00000000]                   	CALL	_api_inittimer
    50 0000004D 83 C4 20                        	ADD	ESP,32
    51 00000050                                 L2:
    52 00000050 57                              	PUSH	EDI
    53 00000051 8D 5D E4                        	LEA	EBX,DWORD [-28+EBP]
    54 00000054 56                              	PUSH	ESI
    55 00000055 FF 75 D8                        	PUSH	DWORD [-40+EBP]
    56 00000058 68 [00000007]                   	PUSH	LC1
    57 0000005D 53                              	PUSH	EBX
    58 0000005E E8 [00000000]                   	CALL	_sprintf
    59 00000063 6A 07                           	PUSH	7
    60 00000065 6A 29                           	PUSH	41
    61 00000067 68 00000082                     	PUSH	130
    62 0000006C 6A 1B                           	PUSH	27
    63 0000006E 6A 1C                           	PUSH	28
    64 00000070 FF 75 E0                        	PUSH	DWORD [-32+EBP]
    65 00000073 E8 [00000000]                   	CALL	_api_boxfilwin
    66 00000078 83 C4 2C                        	ADD	ESP,44
    67 0000007B 53                              	PUSH	EBX
    68 0000007C 6A 0B                           	PUSH	11
    69 0000007E 6A 00                           	PUSH	0
    70 00000080 6A 1B                           	PUSH	27
    71 00000082 6A 1C                           	PUSH	28
    72 00000084 FF 75 E0                        	PUSH	DWORD [-32+EBP]
    73 00000087 E8 [00000000]                   	CALL	_api_putstrwin
    74 0000008C 6A 64                           	PUSH	100
    75 0000008E FF 75 DC                        	PUSH	DWORD [-36+EBP]
    76 00000091 E8 [00000000]                   	CALL	_api_settimer
    77 00000096 83 C4 20                        	ADD	ESP,32
    78 00000099 6A 01                           	PUSH	1
    79 0000009B E8 [00000000]                   	CALL	_api_getkey
    80 000000A0 5A                              	POP	EDX
    81 000000A1 3D 0000018D                     	CMP	EAX,397
    82 000000A6 75 15                           	JNE	L3
    83 000000A8 47                              	INC	EDI
    84 000000A9 83 FF 3C                        	CMP	EDI,60
    85 000000AC 75 A2                           	JNE	L2
    86 000000AE 46                              	INC	ESI
    87 000000AF 31 FF                           	XOR	EDI,EDI
    88 000000B1 83 FE 3C                        	CMP	ESI,60
    89 000000B4 75 9A                           	JNE	L2
    90 000000B6 31 F6                           	XOR	ESI,ESI
    91 000000B8 FF 45 D8                        	INC	DWORD [-40+EBP]
    92 000000BB EB 93                           	JMP	L2
    93 000000BD                                 L3:
    94 000000BD E8 [00000000]                   	CALL	_api_end
    95 000000C2 8D 65 F4                        	LEA	ESP,DWORD [-12+EBP]
    96 000000C5 5B                              	POP	EBX
    97 000000C6 5E                              	POP	ESI
    98 000000C7 5F                              	POP	EDI
    99 000000C8 5D                              	POP	EBP
   100 000000C9 C3                              	RET
