     1 00000000                                 [FORMAT "WCOFF"]
     2 00000000                                 [INSTRSET "i486p"]
     3 00000000                                 [OPTIMIZE 1]
     4 00000000                                 [OPTION 1]
     5 00000000                                 [BITS 32]
     6 00000000                                 	EXTERN	_init_gdtidt
     7 00000000                                 	EXTERN	_init_pic
     8 00000000                                 	EXTERN	_io_sti
     9 00000000                                 	EXTERN	_fifo32_init
    10 00000000                                 	EXTERN	_init_pit
    11 00000000                                 	EXTERN	_init_keyboard
    12 00000000                                 	EXTERN	_enable_mouse
    13 00000000                                 	EXTERN	_io_out8
    14 00000000                                 	EXTERN	_memtest
    15 00000000                                 	EXTERN	_memman_init
    16 00000000                                 	EXTERN	_memman_free
    17 00000000                                 	EXTERN	_init_palette
    18 00000000                                 	EXTERN	_shtctl_init
    19 00000000                                 	EXTERN	_task_init
    20 00000000                                 	EXTERN	_task_run
    21 00000000                                 	EXTERN	_sheet_alloc
    22 00000000                                 	EXTERN	_memman_alloc_4k
    23 00000000                                 	EXTERN	_sheet_setbuf
    24 00000000                                 	EXTERN	_init_screen8
    25 00000000                                 	EXTERN	_make_window8
    26 00000000                                 	EXTERN	_make_textbox8
    27 00000000                                 	EXTERN	_task_alloc
    28 00000000                                 	EXTERN	_console_task
    29 00000000                                 	EXTERN	_timer_alloc
    30 00000000                                 	EXTERN	_timer_init
    31 00000000                                 	EXTERN	_timer_settime
    32 00000000                                 	EXTERN	_init_mouse_cursor8
    33 00000000                                 	EXTERN	_sheet_slide
    34 00000000                                 	EXTERN	_sheet_updown
    35 00000000                                 	EXTERN	_fifo32_put
    36 00000000                                 	EXTERN	_fifo32_status
    37 00000000                                 	EXTERN	_io_cli
    38 00000000                                 	EXTERN	_fifo32_get
    39 00000000                                 	EXTERN	_boxfill8
    40 00000000                                 	EXTERN	_sheet_refresh
    41 00000000                                 	EXTERN	_mouse_decode
    42 00000000                                 	EXTERN	_keytable0
    43 00000000                                 	EXTERN	_putfonts8_asc_sht
    44 00000000                                 	EXTERN	_wait_KBC_sendready
    45 00000000                                 	EXTERN	_make_wtitle8
    46 00000000                                 	EXTERN	_keytable1
    47 00000000                                 	EXTERN	_task_sleep
    48 00000000                                 [FILE "bootpack.c"]
    49                                          [SECTION .data]
    50 00000000                                 _keytable0:
    51 00000000 00                              	DB	0
    52 00000001 00                              	DB	0
    53 00000002 31                              	DB	49
    54 00000003 32                              	DB	50
    55 00000004 33                              	DB	51
    56 00000005 34                              	DB	52
    57 00000006 35                              	DB	53
    58 00000007 36                              	DB	54
    59 00000008 37                              	DB	55
    60 00000009 38                              	DB	56
    61 0000000A 39                              	DB	57
    62 0000000B 30                              	DB	48
    63 0000000C 2D                              	DB	45
    64 0000000D 3D                              	DB	61
    65 0000000E 00                              	DB	0
    66 0000000F 00                              	DB	0
    67 00000010 51                              	DB	81
    68 00000011 57                              	DB	87
    69 00000012 45                              	DB	69
    70 00000013 52                              	DB	82
    71 00000014 54                              	DB	84
    72 00000015 59                              	DB	89
    73 00000016 55                              	DB	85
    74 00000017 49                              	DB	73
    75 00000018 4F                              	DB	79
    76 00000019 50                              	DB	80
    77 0000001A 5B                              	DB	91
    78 0000001B 5D                              	DB	93
    79 0000001C 00                              	DB	0
    80 0000001D 00                              	DB	0
    81 0000001E 41                              	DB	65
    82 0000001F 53                              	DB	83
    83 00000020 44                              	DB	68
    84 00000021 46                              	DB	70
    85 00000022 47                              	DB	71
    86 00000023 48                              	DB	72
    87 00000024 4A                              	DB	74
    88 00000025 4B                              	DB	75
    89 00000026 4C                              	DB	76
    90 00000027 3B                              	DB	59
    91 00000028 27                              	DB	39
    92 00000029 60                              	DB	96
    93 0000002A 00                              	DB	0
    94 0000002B 5C                              	DB	92
    95 0000002C 5A                              	DB	90
    96 0000002D 58                              	DB	88
    97 0000002E 43                              	DB	67
    98 0000002F 56                              	DB	86
    99 00000030 42                              	DB	66
   100 00000031 4E                              	DB	78
   101 00000032 4D                              	DB	77
   102 00000033 2C                              	DB	44
   103 00000034 2E                              	DB	46
   104 00000035 2F                              	DB	47
   105 00000036 00                              	DB	0
   106 00000037 2A                              	DB	42
   107 00000038 00                              	DB	0
   108 00000039 20                              	DB	32
   109 0000003A 00                              	DB	0
   110 0000003B 00                              	DB	0
   111 0000003C 00                              	DB	0
   112 0000003D 00                              	DB	0
   113 0000003E 00                              	DB	0
   114 0000003F 00                              	DB	0
   115 00000040 00                              	DB	0
   116 00000041 00                              	DB	0
   117 00000042 00                              	DB	0
   118 00000043 00                              	DB	0
   119 00000044 00                              	DB	0
   120 00000045 00                              	DB	0
   121 00000046 00                              	DB	0
   122 00000047 37                              	DB	55
   123 00000048 38                              	DB	56
   124 00000049 39                              	DB	57
   125 0000004A 2D                              	DB	45
   126 0000004B 34                              	DB	52
   127 0000004C 35                              	DB	53
   128 0000004D 36                              	DB	54
   129 0000004E 2B                              	DB	43
   130 0000004F 31                              	DB	49
   131 00000050 32                              	DB	50
   132 00000051 33                              	DB	51
   133 00000052 30                              	DB	48
   134 00000053 2E                              	DB	46
   135 00000054 00                              	DB	0
   136 00000055 00                              	DB	0
   137 00000056 00                              	DB	0
   138 00000057 00                              	DB	0
   139 00000058 00                              	DB	0
   140 00000059 00                              	DB	0
   141 0000005A 00                              	DB	0
   142 0000005B 00                              	DB	0
   143 0000005C 00                              	DB	0
   144 0000005D 00                              	DB	0
   145 0000005E 00                              	DB	0
   146 0000005F 00                              	DB	0
   147 00000060 00                              	DB	0
   148 00000061 00                              	DB	0
   149 00000062 00                              	DB	0
   150 00000063 00                              	DB	0
   151 00000064 00                              	DB	0
   152 00000065 00                              	DB	0
   153 00000066 00                              	DB	0
   154 00000067 00                              	DB	0
   155 00000068 00                              	DB	0
   156 00000069 00                              	DB	0
   157 0000006A 00                              	DB	0
   158 0000006B 00                              	DB	0
   159 0000006C 00                              	DB	0
   160 0000006D 00                              	DB	0
   161 0000006E 00                              	DB	0
   162 0000006F 00                              	DB	0
   163 00000070 00                              	DB	0
   164 00000071 00                              	DB	0
   165 00000072 00                              	DB	0
   166 00000073 5C                              	DB	92
   167 00000074 00                              	DB	0
   168 00000075 00                              	DB	0
   169 00000076 00                              	DB	0
   170 00000077 00                              	DB	0
   171 00000078 00                              	DB	0
   172 00000079 00                              	DB	0
   173 0000007A 00                              	DB	0
   174 0000007B 00                              	DB	0
   175 0000007C 00                              	DB	0
   176 0000007D 5C                              	DB	92
   177 0000007E 00                              	DB	0
   178 0000007F 00                              	DB	0
   179 00000080                                 _keytable1:
   180 00000080 00                              	DB	0
   181 00000081 00                              	DB	0
   182 00000082 21                              	DB	33
   183 00000083 40                              	DB	64
   184 00000084 23                              	DB	35
   185 00000085 24                              	DB	36
   186 00000086 25                              	DB	37
   187 00000087 5E                              	DB	94
   188 00000088 26                              	DB	38
   189 00000089 2A                              	DB	42
   190 0000008A 28                              	DB	40
   191 0000008B 29                              	DB	41
   192 0000008C 5F                              	DB	95
   193 0000008D 2B                              	DB	43
   194 0000008E 00                              	DB	0
   195 0000008F 00                              	DB	0
   196 00000090 51                              	DB	81
   197 00000091 57                              	DB	87
   198 00000092 45                              	DB	69
   199 00000093 52                              	DB	82
   200 00000094 54                              	DB	84
   201 00000095 59                              	DB	89
   202 00000096 55                              	DB	85
   203 00000097 49                              	DB	73
   204 00000098 4F                              	DB	79
   205 00000099 50                              	DB	80
   206 0000009A 7B                              	DB	123
   207 0000009B 7D                              	DB	125
   208 0000009C 00                              	DB	0
   209 0000009D 00                              	DB	0
   210 0000009E 41                              	DB	65
   211 0000009F 53                              	DB	83
   212 000000A0 44                              	DB	68
   213 000000A1 46                              	DB	70
   214 000000A2 47                              	DB	71
   215 000000A3 48                              	DB	72
   216 000000A4 4A                              	DB	74
   217 000000A5 4B                              	DB	75
   218 000000A6 4C                              	DB	76
   219 000000A7 3A                              	DB	58
   220 000000A8 22                              	DB	34
   221 000000A9 7E                              	DB	126
   222 000000AA 00                              	DB	0
   223 000000AB 7C                              	DB	124
   224 000000AC 5A                              	DB	90
   225 000000AD 58                              	DB	88
   226 000000AE 43                              	DB	67
   227 000000AF 56                              	DB	86
   228 000000B0 42                              	DB	66
   229 000000B1 4E                              	DB	78
   230 000000B2 4D                              	DB	77
   231 000000B3 3C                              	DB	60
   232 000000B4 3E                              	DB	62
   233 000000B5 3F                              	DB	63
   234 000000B6 00                              	DB	0
   235 000000B7 2A                              	DB	42
   236 000000B8 00                              	DB	0
   237 000000B9 20                              	DB	32
   238 000000BA 00                              	DB	0
   239 000000BB 00                              	DB	0
   240 000000BC 00                              	DB	0
   241 000000BD 00                              	DB	0
   242 000000BE 00                              	DB	0
   243 000000BF 00                              	DB	0
   244 000000C0 00                              	DB	0
   245 000000C1 00                              	DB	0
   246 000000C2 00                              	DB	0
   247 000000C3 00                              	DB	0
   248 000000C4 00                              	DB	0
   249 000000C5 00                              	DB	0
   250 000000C6 00                              	DB	0
   251 000000C7 37                              	DB	55
   252 000000C8 38                              	DB	56
   253 000000C9 39                              	DB	57
   254 000000CA 2D                              	DB	45
   255 000000CB 34                              	DB	52
   256 000000CC 35                              	DB	53
   257 000000CD 36                              	DB	54
   258 000000CE 2B                              	DB	43
   259 000000CF 31                              	DB	49
   260 000000D0 32                              	DB	50
   261 000000D1 33                              	DB	51
   262 000000D2 30                              	DB	48
   263 000000D3 2E                              	DB	46
   264 000000D4 00                              	DB	0
   265 000000D5 00                              	DB	0
   266 000000D6 00                              	DB	0
   267 000000D7 00                              	DB	0
   268 000000D8 00                              	DB	0
   269 000000D9 00                              	DB	0
   270 000000DA 00                              	DB	0
   271 000000DB 00                              	DB	0
   272 000000DC 00                              	DB	0
   273 000000DD 00                              	DB	0
   274 000000DE 00                              	DB	0
   275 000000DF 00                              	DB	0
   276 000000E0 00                              	DB	0
   277 000000E1 00                              	DB	0
   278 000000E2 00                              	DB	0
   279 000000E3 00                              	DB	0
   280 000000E4 00                              	DB	0
   281 000000E5 00                              	DB	0
   282 000000E6 00                              	DB	0
   283 000000E7 00                              	DB	0
   284 000000E8 00                              	DB	0
   285 000000E9 00                              	DB	0
   286 000000EA 00                              	DB	0
   287 000000EB 00                              	DB	0
   288 000000EC 00                              	DB	0
   289 000000ED 00                              	DB	0
   290 000000EE 00                              	DB	0
   291 000000EF 00                              	DB	0
   292 000000F0 00                              	DB	0
   293 000000F1 00                              	DB	0
   294 000000F2 00                              	DB	0
   295 000000F3 5F                              	DB	95
   296 000000F4 00                              	DB	0
   297 000000F5 00                              	DB	0
   298 000000F6 00                              	DB	0
   299 000000F7 00                              	DB	0
   300 000000F8 00                              	DB	0
   301 000000F9 00                              	DB	0
   302 000000FA 00                              	DB	0
   303 000000FB 00                              	DB	0
   304 000000FC 00                              	DB	0
   305 000000FD 7C                              	DB	124
   306 000000FE 00                              	DB	0
   307 000000FF 00                              	DB	0
   308 00000100                                 LC0:
   309 00000100 63 6F 6E 73 6F 6C 65 00         	DB	"console",0x00
   310 00000108                                 LC1:
   311 00000108 74 61 73 6B 5F 61 00            	DB	"task_a",0x00
   312 0000010F                                 LC2:
   313 0000010F 20 00                           	DB	" ",0x00
   314                                          [SECTION .text]
   315 00000000                                 	GLOBAL	_HariMain
   316 00000000                                 _HariMain:
   317 00000000 55                              	PUSH	EBP
   318 00000001 89 E5                           	MOV	EBP,ESP
   319 00000003 57                              	PUSH	EDI
   320 00000004 56                              	PUSH	ESI
   321 00000005 53                              	PUSH	EBX
   322 00000006 81 EC 00000448                  	SUB	ESP,1096
   323 0000000C C7 85 FFFFFBBC 00000000         	MOV	DWORD [-1092+EBP],0
   324 00000016 C7 85 FFFFFBB8 00000000         	MOV	DWORD [-1096+EBP],0
   325 00000020 A0 00000FF1                     	MOV	AL,BYTE [4081]
   326 00000025 C0 F8 04                        	SAR	AL,4
   327 00000028 89 C2                           	MOV	EDX,EAX
   328 0000002A 83 E2 07                        	AND	EDX,7
   329 0000002D 89 95 FFFFFBB4                  	MOV	DWORD [-1100+EBP],EDX
   330 00000033 C7 85 FFFFFBB0 FFFFFFFF         	MOV	DWORD [-1104+EBP],-1
   331 0000003D E8 [00000000]                   	CALL	_init_gdtidt
   332 00000042 E8 [00000000]                   	CALL	_init_pic
   333 00000047 E8 [00000000]                   	CALL	_io_sti
   334 0000004C 8D 85 FFFFFD74                  	LEA	EAX,DWORD [-652+EBP]
   335 00000052 6A 00                           	PUSH	0
   336 00000054 50                              	PUSH	EAX
   337 00000055 8D 45 D4                        	LEA	EAX,DWORD [-44+EBP]
   338 00000058 68 00000080                     	PUSH	128
   339 0000005D 50                              	PUSH	EAX
   340 0000005E E8 [00000000]                   	CALL	_fifo32_init
   341 00000063 E8 [00000000]                   	CALL	_init_pit
   342 00000068 8D 55 D4                        	LEA	EDX,DWORD [-44+EBP]
   343 0000006B 68 00000100                     	PUSH	256
   344 00000070 52                              	PUSH	EDX
   345 00000071 E8 [00000000]                   	CALL	_init_keyboard
   346 00000076 8D 45 A4                        	LEA	EAX,DWORD [-92+EBP]
   347 00000079 50                              	PUSH	EAX
   348 0000007A 8D 45 D4                        	LEA	EAX,DWORD [-44+EBP]
   349 0000007D 68 00000200                     	PUSH	512
   350 00000082 50                              	PUSH	EAX
   351 00000083 E8 [00000000]                   	CALL	_enable_mouse
   352 00000088 83 C4 24                        	ADD	ESP,36
   353 0000008B 68 000000F8                     	PUSH	248
   354 00000090 6A 21                           	PUSH	33
   355 00000092 E8 [00000000]                   	CALL	_io_out8
   356 00000097 68 000000EF                     	PUSH	239
   357 0000009C 68 000000A1                     	PUSH	161
   358 000000A1 E8 [00000000]                   	CALL	_io_out8
   359 000000A6 8D 55 B4                        	LEA	EDX,DWORD [-76+EBP]
   360 000000A9 6A 00                           	PUSH	0
   361 000000AB 8D 85 FFFFFCF4                  	LEA	EAX,DWORD [-780+EBP]
   362 000000B1 50                              	PUSH	EAX
   363 000000B2 6A 20                           	PUSH	32
   364 000000B4 52                              	PUSH	EDX
   365 000000B5 E8 [00000000]                   	CALL	_fifo32_init
   366 000000BA 83 C4 20                        	ADD	ESP,32
   367 000000BD 68 BFFFFFFF                     	PUSH	-1073741825
   368 000000C2 68 00400000                     	PUSH	4194304
   369 000000C7 E8 [00000000]                   	CALL	_memtest
   370 000000CC 68 003C0000                     	PUSH	3932160
   371 000000D1 89 85 FFFFFBDC                  	MOV	DWORD [-1060+EBP],EAX
   372 000000D7 E8 [00000000]                   	CALL	_memman_init
   373 000000DC 68 0009E000                     	PUSH	647168
   374 000000E1 68 00001000                     	PUSH	4096
   375 000000E6 68 003C0000                     	PUSH	3932160
   376 000000EB E8 [00000000]                   	CALL	_memman_free
   377 000000F0 8B 85 FFFFFBDC                  	MOV	EAX,DWORD [-1060+EBP]
   378 000000F6 2D 00400000                     	SUB	EAX,4194304
   379 000000FB 50                              	PUSH	EAX
   380 000000FC 68 00400000                     	PUSH	4194304
   381 00000101 68 003C0000                     	PUSH	3932160
   382 00000106 E8 [00000000]                   	CALL	_memman_free
   383 0000010B 83 C4 24                        	ADD	ESP,36
   384 0000010E E8 [00000000]                   	CALL	_init_palette
   385 00000113 0F BF 05 00000FF6               	MOVSX	EAX,WORD [4086]
   386 0000011A 50                              	PUSH	EAX
   387 0000011B 0F BF 05 00000FF4               	MOVSX	EAX,WORD [4084]
   388 00000122 50                              	PUSH	EAX
   389 00000123 FF 35 00000FF8                  	PUSH	DWORD [4088]
   390 00000129 68 003C0000                     	PUSH	3932160
   391 0000012E E8 [00000000]                   	CALL	_shtctl_init
   392 00000133 68 003C0000                     	PUSH	3932160
   393 00000138 89 C6                           	MOV	ESI,EAX
   394 0000013A E8 [00000000]                   	CALL	_task_init
   395 0000013F 6A 02                           	PUSH	2
   396 00000141 6A 01                           	PUSH	1
   397 00000143 89 85 FFFFFBC4                  	MOV	DWORD [-1084+EBP],EAX
   398 00000149 50                              	PUSH	EAX
   399 0000014A 89 45 EC                        	MOV	DWORD [-20+EBP],EAX
   400 0000014D E8 [00000000]                   	CALL	_task_run
   401 00000152 83 C4 20                        	ADD	ESP,32
   402 00000155 56                              	PUSH	ESI
   403 00000156 E8 [00000000]                   	CALL	_sheet_alloc
   404 0000015B 0F BF 15 00000FF6               	MOVSX	EDX,WORD [4086]
   405 00000162 89 85 FFFFFBD8                  	MOV	DWORD [-1064+EBP],EAX
   406 00000168 0F BF 05 00000FF4               	MOVSX	EAX,WORD [4084]
   407 0000016F 0F AF C2                        	IMUL	EAX,EDX
   408 00000172 50                              	PUSH	EAX
   409 00000173 68 003C0000                     	PUSH	3932160
   410 00000178 E8 [00000000]                   	CALL	_memman_alloc_4k
   411 0000017D 6A FF                           	PUSH	-1
   412 0000017F 89 C3                           	MOV	EBX,EAX
   413 00000181 0F BF 05 00000FF6               	MOVSX	EAX,WORD [4086]
   414 00000188 50                              	PUSH	EAX
   415 00000189 0F BF 05 00000FF4               	MOVSX	EAX,WORD [4084]
   416 00000190 50                              	PUSH	EAX
   417 00000191 53                              	PUSH	EBX
   418 00000192 FF B5 FFFFFBD8                  	PUSH	DWORD [-1064+EBP]
   419 00000198 E8 [00000000]                   	CALL	_sheet_setbuf
   420 0000019D 83 C4 20                        	ADD	ESP,32
   421 000001A0 0F BF 05 00000FF6               	MOVSX	EAX,WORD [4086]
   422 000001A7 50                              	PUSH	EAX
   423 000001A8 0F BF 05 00000FF4               	MOVSX	EAX,WORD [4084]
   424 000001AF 50                              	PUSH	EAX
   425 000001B0 53                              	PUSH	EBX
   426 000001B1 8D 9D FFFFFBF4                  	LEA	EBX,DWORD [-1036+EBP]
   427 000001B7 E8 [00000000]                   	CALL	_init_screen8
   428 000001BC 56                              	PUSH	ESI
   429 000001BD E8 [00000000]                   	CALL	_sheet_alloc
   430 000001C2 68 00069000                     	PUSH	430080
   431 000001C7 68 003C0000                     	PUSH	3932160
   432 000001CC 89 85 FFFFFBD0                  	MOV	DWORD [-1072+EBP],EAX
   433 000001D2 E8 [00000000]                   	CALL	_memman_alloc_4k
   434 000001D7 6A FF                           	PUSH	-1
   435 000001D9 68 00000230                     	PUSH	560
   436 000001DE 89 85 FFFFFBC8                  	MOV	DWORD [-1080+EBP],EAX
   437 000001E4 68 00000300                     	PUSH	768
   438 000001E9 50                              	PUSH	EAX
   439 000001EA FF B5 FFFFFBD0                  	PUSH	DWORD [-1072+EBP]
   440 000001F0 E8 [00000000]                   	CALL	_sheet_setbuf
   441 000001F5 83 C4 2C                        	ADD	ESP,44
   442 000001F8 6A 00                           	PUSH	0
   443 000001FA 68 [00000100]                   	PUSH	LC0
   444 000001FF 68 00000230                     	PUSH	560
   445 00000204 68 00000300                     	PUSH	768
   446 00000209 FF B5 FFFFFBC8                  	PUSH	DWORD [-1080+EBP]
   447 0000020F E8 [00000000]                   	CALL	_make_window8
   448 00000214 6A 00                           	PUSH	0
   449 00000216 68 00000208                     	PUSH	520
   450 0000021B 68 000002F0                     	PUSH	752
   451 00000220 6A 1C                           	PUSH	28
   452 00000222 6A 08                           	PUSH	8
   453 00000224 FF B5 FFFFFBD0                  	PUSH	DWORD [-1072+EBP]
   454 0000022A E8 [00000000]                   	CALL	_make_textbox8
   455 0000022F 83 C4 2C                        	ADD	ESP,44
   456 00000232 E8 [00000000]                   	CALL	_task_alloc
   457 00000237 68 00010000                     	PUSH	65536
   458 0000023C 68 003C0000                     	PUSH	3932160
   459 00000241 89 85 FFFFFBC0                  	MOV	DWORD [-1088+EBP],EAX
   460 00000247 E8 [00000000]                   	CALL	_memman_alloc_4k
   461 0000024C 8B 95 FFFFFBC0                  	MOV	EDX,DWORD [-1088+EBP]
   462 00000252 05 0000FFF4                     	ADD	EAX,65524
   463 00000257 89 42 64                        	MOV	DWORD [100+EDX],EAX
   464 0000025A C7 42 4C [00000000]             	MOV	DWORD [76+EDX],_console_task
   465 00000261 C7 42 74 00000008               	MOV	DWORD [116+EDX],8
   466 00000268 C7 42 78 00000010               	MOV	DWORD [120+EDX],16
   467 0000026F C7 42 7C 00000008               	MOV	DWORD [124+EDX],8
   468 00000276 C7 82 00000080 00000008         	MOV	DWORD [128+EDX],8
   469 00000280 C7 82 00000084 00000008         	MOV	DWORD [132+EDX],8
   470 0000028A C7 82 00000088 00000008         	MOV	DWORD [136+EDX],8
   471 00000294 8B 95 FFFFFBD0                  	MOV	EDX,DWORD [-1072+EBP]
   472 0000029A 89 50 04                        	MOV	DWORD [4+EAX],EDX
   473 0000029D 8B 95 FFFFFBC0                  	MOV	EDX,DWORD [-1088+EBP]
   474 000002A3 8B 42 64                        	MOV	EAX,DWORD [100+EDX]
   475 000002A6 8B 95 FFFFFBDC                  	MOV	EDX,DWORD [-1060+EBP]
   476 000002AC 89 50 08                        	MOV	DWORD [8+EAX],EDX
   477 000002AF 6A 02                           	PUSH	2
   478 000002B1 6A 02                           	PUSH	2
   479 000002B3 FF B5 FFFFFBC0                  	PUSH	DWORD [-1088+EBP]
   480 000002B9 E8 [00000000]                   	CALL	_task_run
   481 000002BE 56                              	PUSH	ESI
   482 000002BF E8 [00000000]                   	CALL	_sheet_alloc
   483 000002C4 68 00002080                     	PUSH	8320
   484 000002C9 68 003C0000                     	PUSH	3932160
   485 000002CE 89 C7                           	MOV	EDI,EAX
   486 000002D0 E8 [00000000]                   	CALL	_memman_alloc_4k
   487 000002D5 83 C4 20                        	ADD	ESP,32
   488 000002D8 6A FF                           	PUSH	-1
   489 000002DA 89 85 FFFFFBCC                  	MOV	DWORD [-1076+EBP],EAX
   490 000002E0 6A 34                           	PUSH	52
   491 000002E2 68 00000090                     	PUSH	144
   492 000002E7 50                              	PUSH	EAX
   493 000002E8 57                              	PUSH	EDI
   494 000002E9 E8 [00000000]                   	CALL	_sheet_setbuf
   495 000002EE 6A 01                           	PUSH	1
   496 000002F0 68 [00000108]                   	PUSH	LC1
   497 000002F5 6A 34                           	PUSH	52
   498 000002F7 68 00000090                     	PUSH	144
   499 000002FC FF B5 FFFFFBCC                  	PUSH	DWORD [-1076+EBP]
   500 00000302 E8 [00000000]                   	CALL	_make_window8
   501 00000307 83 C4 28                        	ADD	ESP,40
   502 0000030A 6A 07                           	PUSH	7
   503 0000030C 6A 10                           	PUSH	16
   504 0000030E 68 00000080                     	PUSH	128
   505 00000313 6A 1C                           	PUSH	28
   506 00000315 6A 08                           	PUSH	8
   507 00000317 57                              	PUSH	EDI
   508 00000318 E8 [00000000]                   	CALL	_make_textbox8
   509 0000031D C7 85 FFFFFBE4 00000008         	MOV	DWORD [-1052+EBP],8
   510 00000327 C7 85 FFFFFBE0 00000007         	MOV	DWORD [-1056+EBP],7
   511 00000331 E8 [00000000]                   	CALL	_timer_alloc
   512 00000336 6A 01                           	PUSH	1
   513 00000338 89 85 FFFFFBF0                  	MOV	DWORD [-1040+EBP],EAX
   514 0000033E 8D 45 D4                        	LEA	EAX,DWORD [-44+EBP]
   515 00000341 50                              	PUSH	EAX
   516 00000342 FF B5 FFFFFBF0                  	PUSH	DWORD [-1040+EBP]
   517 00000348 E8 [00000000]                   	CALL	_timer_init
   518 0000034D 83 C4 24                        	ADD	ESP,36
   519 00000350 6A 32                           	PUSH	50
   520 00000352 FF B5 FFFFFBF0                  	PUSH	DWORD [-1040+EBP]
   521 00000358 E8 [00000000]                   	CALL	_timer_settime
   522 0000035D 56                              	PUSH	ESI
   523 0000035E E8 [00000000]                   	CALL	_sheet_alloc
   524 00000363 6A 63                           	PUSH	99
   525 00000365 6A 10                           	PUSH	16
   526 00000367 6A 10                           	PUSH	16
   527 00000369 89 85 FFFFFBD4                  	MOV	DWORD [-1068+EBP],EAX
   528 0000036F 53                              	PUSH	EBX
   529 00000370 50                              	PUSH	EAX
   530 00000371 E8 [00000000]                   	CALL	_sheet_setbuf
   531 00000376 83 C4 20                        	ADD	ESP,32
   532 00000379 6A 63                           	PUSH	99
   533 0000037B 53                              	PUSH	EBX
   534 0000037C BB 00000002                     	MOV	EBX,2
   535 00000381 E8 [00000000]                   	CALL	_init_mouse_cursor8
   536 00000386 0F BF 05 00000FF4               	MOVSX	EAX,WORD [4084]
   537 0000038D 8D 48 F0                        	LEA	ECX,DWORD [-16+EAX]
   538 00000390 89 C8                           	MOV	EAX,ECX
   539 00000392 99                              	CDQ
   540 00000393 F7 FB                           	IDIV	EBX
   541 00000395 89 85 FFFFFBEC                  	MOV	DWORD [-1044+EBP],EAX
   542 0000039B 0F BF 05 00000FF6               	MOVSX	EAX,WORD [4086]
   543 000003A2 6A 00                           	PUSH	0
   544 000003A4 8D 48 D4                        	LEA	ECX,DWORD [-44+EAX]
   545 000003A7 6A 00                           	PUSH	0
   546 000003A9 89 C8                           	MOV	EAX,ECX
   547 000003AB 99                              	CDQ
   548 000003AC F7 FB                           	IDIV	EBX
   549 000003AE FF B5 FFFFFBD8                  	PUSH	DWORD [-1064+EBP]
   550 000003B4 89 85 FFFFFBE8                  	MOV	DWORD [-1048+EBP],EAX
   551 000003BA E8 [00000000]                   	CALL	_sheet_slide
   552 000003BF 6A 04                           	PUSH	4
   553 000003C1 6A 20                           	PUSH	32
   554 000003C3 FF B5 FFFFFBD0                  	PUSH	DWORD [-1072+EBP]
   555 000003C9 E8 [00000000]                   	CALL	_sheet_slide
   556 000003CE 83 C4 20                        	ADD	ESP,32
   557 000003D1 6A 38                           	PUSH	56
   558 000003D3 6A 40                           	PUSH	64
   559 000003D5 57                              	PUSH	EDI
   560 000003D6 E8 [00000000]                   	CALL	_sheet_slide
   561 000003DB FF B5 FFFFFBE8                  	PUSH	DWORD [-1048+EBP]
   562 000003E1 FF B5 FFFFFBEC                  	PUSH	DWORD [-1044+EBP]
   563 000003E7 FF B5 FFFFFBD4                  	PUSH	DWORD [-1068+EBP]
   564 000003ED E8 [00000000]                   	CALL	_sheet_slide
   565 000003F2 6A 00                           	PUSH	0
   566 000003F4 FF B5 FFFFFBD8                  	PUSH	DWORD [-1064+EBP]
   567 000003FA E8 [00000000]                   	CALL	_sheet_updown
   568 000003FF 83 C4 20                        	ADD	ESP,32
   569 00000402 6A 01                           	PUSH	1
   570 00000404 FF B5 FFFFFBD0                  	PUSH	DWORD [-1072+EBP]
   571 0000040A E8 [00000000]                   	CALL	_sheet_updown
   572 0000040F 6A 02                           	PUSH	2
   573 00000411 57                              	PUSH	EDI
   574 00000412 E8 [00000000]                   	CALL	_sheet_updown
   575 00000417 6A 03                           	PUSH	3
   576 00000419 FF B5 FFFFFBD4                  	PUSH	DWORD [-1068+EBP]
   577 0000041F E8 [00000000]                   	CALL	_sheet_updown
   578 00000424 8D 55 B4                        	LEA	EDX,DWORD [-76+EBP]
   579 00000427 68 000000ED                     	PUSH	237
   580 0000042C 52                              	PUSH	EDX
   581 0000042D E8 [00000000]                   	CALL	_fifo32_put
   582 00000432 8D 45 B4                        	LEA	EAX,DWORD [-76+EBP]
   583 00000435 83 C4 20                        	ADD	ESP,32
   584 00000438 FF B5 FFFFFBB4                  	PUSH	DWORD [-1100+EBP]
   585 0000043E 50                              	PUSH	EAX
   586 0000043F E8 [00000000]                   	CALL	_fifo32_put
   587 00000444 59                              	POP	ECX
   588 00000445 5B                              	POP	EBX
   589 00000446                                 L2:
   590 00000446 8D 5D B4                        	LEA	EBX,DWORD [-76+EBP]
   591 00000449 53                              	PUSH	EBX
   592 0000044A E8 [00000000]                   	CALL	_fifo32_status
   593 0000044F 5A                              	POP	EDX
   594 00000450 85 C0                           	TEST	EAX,EAX
   595 00000452 7E 0D                           	JLE	L5
   596 00000454 83 BD FFFFFBB0 00               	CMP	DWORD [-1104+EBP],0
   597 0000045B 0F 88 00000646                  	JS	L60
   598 00000461                                 L5:
   599 00000461 8D 5D D4                        	LEA	EBX,DWORD [-44+EBP]
   600 00000464 E8 [00000000]                   	CALL	_io_cli
   601 00000469 53                              	PUSH	EBX
   602 0000046A E8 [00000000]                   	CALL	_fifo32_status
   603 0000046F 5E                              	POP	ESI
   604 00000470 85 C0                           	TEST	EAX,EAX
   605 00000472 0F 84 00000619                  	JE	L61
   606 00000478 53                              	PUSH	EBX
   607 00000479 E8 [00000000]                   	CALL	_fifo32_get
   608 0000047E 89 C6                           	MOV	ESI,EAX
   609 00000480 E8 [00000000]                   	CALL	_io_sti
   610 00000485 5A                              	POP	EDX
   611 00000486 8D 86 FFFFFF00                  	LEA	EAX,DWORD [-256+ESI]
   612 0000048C 3D 000000FF                     	CMP	EAX,255
   613 00000491 0F 86 000001C9                  	JBE	L62
   614 00000497 8D 86 FFFFFE00                  	LEA	EAX,DWORD [-512+ESI]
   615 0000049D 3D 000000FF                     	CMP	EAX,255
   616 000004A2 0F 86 000000C2                  	JBE	L63
   617 000004A8 83 FE 01                        	CMP	ESI,1
   618 000004AB 7F 99                           	JG	L2
   619 000004AD 85 F6                           	TEST	ESI,ESI
   620 000004AF 0F 84 00000088                  	JE	L52
   621 000004B5 6A 00                           	PUSH	0
   622 000004B7 53                              	PUSH	EBX
   623 000004B8 FF B5 FFFFFBF0                  	PUSH	DWORD [-1040+EBP]
   624 000004BE E8 [00000000]                   	CALL	_timer_init
   625 000004C3 83 C4 0C                        	ADD	ESP,12
   626 000004C6 83 BD FFFFFBE0 00               	CMP	DWORD [-1056+EBP],0
   627 000004CD 78 0A                           	JS	L54
   628 000004CF C7 85 FFFFFBE0 00000000         	MOV	DWORD [-1056+EBP],0
   629 000004D9                                 L54:
   630 000004D9 6A 32                           	PUSH	50
   631 000004DB FF B5 FFFFFBF0                  	PUSH	DWORD [-1040+EBP]
   632 000004E1 E8 [00000000]                   	CALL	_timer_settime
   633 000004E6 58                              	POP	EAX
   634 000004E7 5A                              	POP	EDX
   635 000004E8 83 BD FFFFFBE0 00               	CMP	DWORD [-1056+EBP],0
   636 000004EF 0F 88 FFFFFF51                  	JS	L2
   637 000004F5 8B 85 FFFFFBE4                  	MOV	EAX,DWORD [-1052+EBP]
   638 000004FB 6A 2B                           	PUSH	43
   639 000004FD 83 C0 07                        	ADD	EAX,7
   640 00000500 50                              	PUSH	EAX
   641 00000501 6A 1C                           	PUSH	28
   642 00000503 FF B5 FFFFFBE4                  	PUSH	DWORD [-1052+EBP]
   643 00000509 0F B6 85 FFFFFBE0               	MOVZX	EAX,BYTE [-1056+EBP]
   644 00000510 50                              	PUSH	EAX
   645 00000511 FF 77 04                        	PUSH	DWORD [4+EDI]
   646 00000514 FF 37                           	PUSH	DWORD [EDI]
   647 00000516 E8 [00000000]                   	CALL	_boxfill8
   648 0000051B 8B 85 FFFFFBE4                  	MOV	EAX,DWORD [-1052+EBP]
   649 00000521 6A 2C                           	PUSH	44
   650 00000523 83 C0 08                        	ADD	EAX,8
   651 00000526 50                              	PUSH	EAX
   652 00000527 6A 1C                           	PUSH	28
   653 00000529 FF B5 FFFFFBE4                  	PUSH	DWORD [-1052+EBP]
   654 0000052F 57                              	PUSH	EDI
   655 00000530 E8 [00000000]                   	CALL	_sheet_refresh
   656 00000535 83 C4 30                        	ADD	ESP,48
   657 00000538 E9 FFFFFF09                     	JMP	L2
   658 0000053D                                 L52:
   659 0000053D 6A 01                           	PUSH	1
   660 0000053F 53                              	PUSH	EBX
   661 00000540 FF B5 FFFFFBF0                  	PUSH	DWORD [-1040+EBP]
   662 00000546 E8 [00000000]                   	CALL	_timer_init
   663 0000054B 83 C4 0C                        	ADD	ESP,12
   664 0000054E 83 BD FFFFFBE0 00               	CMP	DWORD [-1056+EBP],0
   665 00000555 0F 88 FFFFFF7E                  	JS	L54
   666 0000055B C7 85 FFFFFBE0 00000007         	MOV	DWORD [-1056+EBP],7
   667 00000565 E9 FFFFFF6F                     	JMP	L54
   668 0000056A                                 L63:
   669 0000056A 89 F2                           	MOV	EDX,ESI
   670 0000056C 0F B6 C2                        	MOVZX	EAX,DL
   671 0000056F 50                              	PUSH	EAX
   672 00000570 8D 45 A4                        	LEA	EAX,DWORD [-92+EBP]
   673 00000573 50                              	PUSH	EAX
   674 00000574 E8 [00000000]                   	CALL	_mouse_decode
   675 00000579 59                              	POP	ECX
   676 0000057A 5B                              	POP	EBX
   677 0000057B 85 C0                           	TEST	EAX,EAX
   678 0000057D 0F 84 FFFFFEC3                  	JE	L2
   679 00000583 8B 45 AC                        	MOV	EAX,DWORD [-84+EBP]
   680 00000586 8B 55 A8                        	MOV	EDX,DWORD [-88+EBP]
   681 00000589 01 85 FFFFFBE8                  	ADD	DWORD [-1048+EBP],EAX
   682 0000058F 01 95 FFFFFBEC                  	ADD	DWORD [-1044+EBP],EDX
   683 00000595 0F 88 000000B6                  	JS	L64
   684 0000059B                                 L43:
   685 0000059B 83 BD FFFFFBE8 00               	CMP	DWORD [-1048+EBP],0
   686 000005A2 0F 88 0000009A                  	JS	L65
   687 000005A8                                 L44:
   688 000005A8 0F BF 05 00000FF4               	MOVSX	EAX,WORD [4084]
   689 000005AF 48                              	DEC	EAX
   690 000005B0 39 85 FFFFFBEC                  	CMP	DWORD [-1044+EBP],EAX
   691 000005B6 7E 06                           	JLE	L45
   692 000005B8 89 85 FFFFFBEC                  	MOV	DWORD [-1044+EBP],EAX
   693 000005BE                                 L45:
   694 000005BE 0F BF 05 00000FF6               	MOVSX	EAX,WORD [4086]
   695 000005C5 48                              	DEC	EAX
   696 000005C6 39 85 FFFFFBE8                  	CMP	DWORD [-1048+EBP],EAX
   697 000005CC 7E 06                           	JLE	L46
   698 000005CE 89 85 FFFFFBE8                  	MOV	DWORD [-1048+EBP],EAX
   699 000005D4                                 L46:
   700 000005D4 FF B5 FFFFFBE8                  	PUSH	DWORD [-1048+EBP]
   701 000005DA FF B5 FFFFFBEC                  	PUSH	DWORD [-1044+EBP]
   702 000005E0 FF B5 FFFFFBD4                  	PUSH	DWORD [-1068+EBP]
   703 000005E6 E8 [00000000]                   	CALL	_sheet_slide
   704 000005EB 83 C4 0C                        	ADD	ESP,12
   705 000005EE F7 45 B0 00000001               	TEST	DWORD [-80+EBP],1
   706 000005F5 0F 84 FFFFFE4B                  	JE	L2
   707 000005FB 83 BD FFFFFBBC 00               	CMP	DWORD [-1092+EBP],0
   708 00000602 74 27                           	JE	L66
   709 00000604 8B 85 FFFFFBE8                  	MOV	EAX,DWORD [-1048+EBP]
   710 0000060A 83 E8 08                        	SUB	EAX,8
   711 0000060D 50                              	PUSH	EAX
   712 0000060E 8B 85 FFFFFBEC                  	MOV	EAX,DWORD [-1044+EBP]
   713 00000614 83 E8 50                        	SUB	EAX,80
   714 00000617 50                              	PUSH	EAX
   715 00000618 FF B5 FFFFFBD0                  	PUSH	DWORD [-1072+EBP]
   716 0000061E                                 L58:
   717 0000061E E8 [00000000]                   	CALL	_sheet_slide
   718 00000623 83 C4 0C                        	ADD	ESP,12
   719 00000626 E9 FFFFFE1B                     	JMP	L2
   720 0000062B                                 L66:
   721 0000062B 8B 85 FFFFFBE8                  	MOV	EAX,DWORD [-1048+EBP]
   722 00000631 83 E8 08                        	SUB	EAX,8
   723 00000634 50                              	PUSH	EAX
   724 00000635 8B 85 FFFFFBEC                  	MOV	EAX,DWORD [-1044+EBP]
   725 0000063B 83 E8 50                        	SUB	EAX,80
   726 0000063E 50                              	PUSH	EAX
   727 0000063F 57                              	PUSH	EDI
   728 00000640 EB DC                           	JMP	L58
   729 00000642                                 L65:
   730 00000642 C7 85 FFFFFBE8 00000000         	MOV	DWORD [-1048+EBP],0
   731 0000064C E9 FFFFFF57                     	JMP	L44
   732 00000651                                 L64:
   733 00000651 C7 85 FFFFFBEC 00000000         	MOV	DWORD [-1044+EBP],0
   734 0000065B E9 FFFFFF3B                     	JMP	L43
   735 00000660                                 L62:
   736 00000660 81 FE 0000017F                  	CMP	ESI,383
   737 00000666 0F 8F 00000419                  	JG	L9
   738 0000066C 83 BD FFFFFBB8 00               	CMP	DWORD [-1096+EBP],0
   739 00000673 0F 85 00000401                  	JNE	L10
   740 00000679 8A 86 [FFFFFF00]                	MOV	AL,BYTE [_keytable0-256+ESI]
   741 0000067F                                 L59:
   742 0000067F 88 85 FFFFFF74                  	MOV	BYTE [-140+EBP],AL
   743 00000685                                 L12:
   744 00000685 8A 95 FFFFFF74                  	MOV	DL,BYTE [-140+EBP]
   745 0000068B 8D 42 BF                        	LEA	EAX,DWORD [-65+EDX]
   746 0000068E 3C 19                           	CMP	AL,25
   747 00000690 77 1D                           	JA	L13
   748 00000692 F7 85 FFFFFBB4 00000004         	TEST	DWORD [-1100+EBP],4
   749 0000069C 0F 85 000003C9                  	JNE	L57
   750 000006A2 83 BD FFFFFBB8 00               	CMP	DWORD [-1096+EBP],0
   751 000006A9 0F 84 000003AE                  	JE	L15
   752 000006AF                                 L13:
   753 000006AF 8A 85 FFFFFF74                  	MOV	AL,BYTE [-140+EBP]
   754 000006B5 84 C0                           	TEST	AL,AL
   755 000006B7 74 45                           	JE	L17
   756 000006B9 83 BD FFFFFBBC 00               	CMP	DWORD [-1092+EBP],0
   757 000006C0 0F 85 00000378                  	JNE	L18
   758 000006C6 81 BD FFFFFBE4 00000207         	CMP	DWORD [-1052+EBP],519
   759 000006D0 7F 2C                           	JG	L17
   760 000006D2 6A 01                           	PUSH	1
   761 000006D4 8D 85 FFFFFF74                  	LEA	EAX,DWORD [-140+EBP]
   762 000006DA 50                              	PUSH	EAX
   763 000006DB 6A 08                           	PUSH	8
   764 000006DD 6A 00                           	PUSH	0
   765 000006DF 6A 1C                           	PUSH	28
   766 000006E1 FF B5 FFFFFBE4                  	PUSH	DWORD [-1052+EBP]
   767 000006E7 57                              	PUSH	EDI
   768 000006E8 C6 85 FFFFFF75 00               	MOV	BYTE [-139+EBP],0
   769 000006EF E8 [00000000]                   	CALL	_putfonts8_asc_sht
   770 000006F4 83 C4 1C                        	ADD	ESP,28
   771 000006F7 83 85 FFFFFBE4 08               	ADD	DWORD [-1052+EBP],8
   772 000006FE                                 L17:
   773 000006FE 81 FE 0000010E                  	CMP	ESI,270
   774 00000704 0F 84 000002DB                  	JE	L67
   775 0000070A                                 L21:
   776 0000070A 81 FE 0000010F                  	CMP	ESI,271
   777 00000710 0F 84 000001BC                  	JE	L68
   778 00000716                                 L25:
   779 00000716 81 FE 0000011C                  	CMP	ESI,284
   780 0000071C 0F 84 00000188                  	JE	L69
   781 00000722                                 L28:
   782 00000722 81 FE 0000012A                  	CMP	ESI,298
   783 00000728 0F 84 00000170                  	JE	L70
   784 0000072E                                 L30:
   785 0000072E 81 FE 00000136                  	CMP	ESI,310
   786 00000734 0F 84 00000158                  	JE	L71
   787 0000073A                                 L31:
   788 0000073A 81 FE 000001AA                  	CMP	ESI,426
   789 00000740 0F 84 00000140                  	JE	L72
   790 00000746                                 L32:
   791 00000746 81 FE 000001B6                  	CMP	ESI,438
   792 0000074C 0F 84 00000128                  	JE	L73
   793 00000752                                 L33:
   794 00000752 81 FE 0000013A                  	CMP	ESI,314
   795 00000758 0F 84 000000F3                  	JE	L74
   796 0000075E                                 L34:
   797 0000075E 81 FE 00000145                  	CMP	ESI,325
   798 00000764 0F 84 000000BE                  	JE	L75
   799 0000076A                                 L35:
   800 0000076A 81 FE 00000146                  	CMP	ESI,326
   801 00000770 0F 84 00000089                  	JE	L76
   802 00000776                                 L36:
   803 00000776 81 FE 000001FA                  	CMP	ESI,506
   804 0000077C 74 72                           	JE	L77
   805 0000077E                                 L37:
   806 0000077E 81 FE 000001FE                  	CMP	ESI,510
   807 00000784 74 54                           	JE	L78
   808 00000786                                 L38:
   809 00000786 83 BD FFFFFBE0 00               	CMP	DWORD [-1056+EBP],0
   810 0000078D 78 29                           	JS	L39
   811 0000078F 8B 85 FFFFFBE4                  	MOV	EAX,DWORD [-1052+EBP]
   812 00000795 6A 2B                           	PUSH	43
   813 00000797 83 C0 07                        	ADD	EAX,7
   814 0000079A 50                              	PUSH	EAX
   815 0000079B 6A 1C                           	PUSH	28
   816 0000079D FF B5 FFFFFBE4                  	PUSH	DWORD [-1052+EBP]
   817 000007A3 0F B6 85 FFFFFBE0               	MOVZX	EAX,BYTE [-1056+EBP]
   818 000007AA 50                              	PUSH	EAX
   819 000007AB FF 77 04                        	PUSH	DWORD [4+EDI]
   820 000007AE FF 37                           	PUSH	DWORD [EDI]
   821 000007B0 E8 [00000000]                   	CALL	_boxfill8
   822 000007B5 83 C4 1C                        	ADD	ESP,28
   823 000007B8                                 L39:
   824 000007B8 8B 85 FFFFFBE4                  	MOV	EAX,DWORD [-1052+EBP]
   825 000007BE 6A 2C                           	PUSH	44
   826 000007C0 83 C0 08                        	ADD	EAX,8
   827 000007C3 50                              	PUSH	EAX
   828 000007C4 6A 1C                           	PUSH	28
   829 000007C6 FF B5 FFFFFBE4                  	PUSH	DWORD [-1052+EBP]
   830 000007CC 57                              	PUSH	EDI
   831 000007CD E8 [00000000]                   	CALL	_sheet_refresh
   832 000007D2 83 C4 14                        	ADD	ESP,20
   833 000007D5 E9 FFFFFC6C                     	JMP	L2
   834 000007DA                                 L78:
   835 000007DA E8 [00000000]                   	CALL	_wait_KBC_sendready
   836 000007DF FF B5 FFFFFBB0                  	PUSH	DWORD [-1104+EBP]
   837 000007E5 6A 60                           	PUSH	96
   838 000007E7 E8 [00000000]                   	CALL	_io_out8
   839 000007EC 5E                              	POP	ESI
   840 000007ED 58                              	POP	EAX
   841 000007EE EB 96                           	JMP	L38
   842 000007F0                                 L77:
   843 000007F0 C7 85 FFFFFBB0 FFFFFFFF         	MOV	DWORD [-1104+EBP],-1
   844 000007FA E9 FFFFFF7F                     	JMP	L37
   845 000007FF                                 L76:
   846 000007FF 68 000000ED                     	PUSH	237
   847 00000804 8D 5D B4                        	LEA	EBX,DWORD [-76+EBP]
   848 00000807 53                              	PUSH	EBX
   849 00000808 83 B5 FFFFFBB4 01               	XOR	DWORD [-1100+EBP],1
   850 0000080F E8 [00000000]                   	CALL	_fifo32_put
   851 00000814 FF B5 FFFFFBB4                  	PUSH	DWORD [-1100+EBP]
   852 0000081A 53                              	PUSH	EBX
   853 0000081B E8 [00000000]                   	CALL	_fifo32_put
   854 00000820 83 C4 10                        	ADD	ESP,16
   855 00000823 E9 FFFFFF4E                     	JMP	L36
   856 00000828                                 L75:
   857 00000828 68 000000ED                     	PUSH	237
   858 0000082D 8D 5D B4                        	LEA	EBX,DWORD [-76+EBP]
   859 00000830 53                              	PUSH	EBX
   860 00000831 83 B5 FFFFFBB4 02               	XOR	DWORD [-1100+EBP],2
   861 00000838 E8 [00000000]                   	CALL	_fifo32_put
   862 0000083D FF B5 FFFFFBB4                  	PUSH	DWORD [-1100+EBP]
   863 00000843 53                              	PUSH	EBX
   864 00000844 E8 [00000000]                   	CALL	_fifo32_put
   865 00000849 83 C4 10                        	ADD	ESP,16
   866 0000084C E9 FFFFFF19                     	JMP	L35
   867 00000851                                 L74:
   868 00000851 68 000000ED                     	PUSH	237
   869 00000856 8D 5D B4                        	LEA	EBX,DWORD [-76+EBP]
   870 00000859 53                              	PUSH	EBX
   871 0000085A 83 B5 FFFFFBB4 04               	XOR	DWORD [-1100+EBP],4
   872 00000861 E8 [00000000]                   	CALL	_fifo32_put
   873 00000866 FF B5 FFFFFBB4                  	PUSH	DWORD [-1100+EBP]
   874 0000086C 53                              	PUSH	EBX
   875 0000086D E8 [00000000]                   	CALL	_fifo32_put
   876 00000872 83 C4 10                        	ADD	ESP,16
   877 00000875 E9 FFFFFEE4                     	JMP	L34
   878 0000087A                                 L73:
   879 0000087A 83 A5 FFFFFBB8 FD               	AND	DWORD [-1096+EBP],-3
   880 00000881 E9 FFFFFECC                     	JMP	L33
   881 00000886                                 L72:
   882 00000886 83 A5 FFFFFBB8 FE               	AND	DWORD [-1096+EBP],-2
   883 0000088D E9 FFFFFEB4                     	JMP	L32
   884 00000892                                 L71:
   885 00000892 83 8D FFFFFBB8 02               	OR	DWORD [-1096+EBP],2
   886 00000899 E9 FFFFFE9C                     	JMP	L31
   887 0000089E                                 L70:
   888 0000089E 83 8D FFFFFBB8 01               	OR	DWORD [-1096+EBP],1
   889 000008A5 E9 FFFFFE84                     	JMP	L30
   890 000008AA                                 L69:
   891 000008AA 83 BD FFFFFBBC 00               	CMP	DWORD [-1092+EBP],0
   892 000008B1 0F 84 FFFFFE6B                  	JE	L28
   893 000008B7 8B 85 FFFFFBC0                  	MOV	EAX,DWORD [-1088+EBP]
   894 000008BD 68 0000010A                     	PUSH	266
   895 000008C2 83 C0 10                        	ADD	EAX,16
   896 000008C5 50                              	PUSH	EAX
   897 000008C6 E8 [00000000]                   	CALL	_fifo32_put
   898 000008CB 58                              	POP	EAX
   899 000008CC 5A                              	POP	EDX
   900 000008CD E9 FFFFFE50                     	JMP	L28
   901 000008D2                                 L68:
   902 000008D2 83 BD FFFFFBBC 00               	CMP	DWORD [-1092+EBP],0
   903 000008D9 0F 85 000000A7                  	JNE	L26
   904 000008DF 6A 00                           	PUSH	0
   905 000008E1 68 [00000108]                   	PUSH	LC1
   906 000008E6 FF 77 04                        	PUSH	DWORD [4+EDI]
   907 000008E9 FF B5 FFFFFBCC                  	PUSH	DWORD [-1076+EBP]
   908 000008EF C7 85 FFFFFBBC 00000001         	MOV	DWORD [-1092+EBP],1
   909 000008F9 E8 [00000000]                   	CALL	_make_wtitle8
   910 000008FE 8B 95 FFFFFBD0                  	MOV	EDX,DWORD [-1072+EBP]
   911 00000904 6A 01                           	PUSH	1
   912 00000906 68 [00000100]                   	PUSH	LC0
   913 0000090B FF 72 04                        	PUSH	DWORD [4+EDX]
   914 0000090E FF B5 FFFFFBC8                  	PUSH	DWORD [-1080+EBP]
   915 00000914 E8 [00000000]                   	CALL	_make_wtitle8
   916 00000919 8B 85 FFFFFBE4                  	MOV	EAX,DWORD [-1052+EBP]
   917 0000091F 83 C4 20                        	ADD	ESP,32
   918 00000922 83 C0 07                        	ADD	EAX,7
   919 00000925 C7 85 FFFFFBE0 FFFFFFFF         	MOV	DWORD [-1056+EBP],-1
   920 0000092F 6A 2B                           	PUSH	43
   921 00000931 50                              	PUSH	EAX
   922 00000932 6A 1C                           	PUSH	28
   923 00000934 FF B5 FFFFFBE4                  	PUSH	DWORD [-1052+EBP]
   924 0000093A 6A 07                           	PUSH	7
   925 0000093C FF 77 04                        	PUSH	DWORD [4+EDI]
   926 0000093F FF 37                           	PUSH	DWORD [EDI]
   927 00000941 E8 [00000000]                   	CALL	_boxfill8
   928 00000946 8B 85 FFFFFBC0                  	MOV	EAX,DWORD [-1088+EBP]
   929 0000094C 6A 02                           	PUSH	2
   930 0000094E 83 C0 10                        	ADD	EAX,16
   931 00000951 50                              	PUSH	EAX
   932 00000952 E8 [00000000]                   	CALL	_fifo32_put
   933 00000957 83 C4 24                        	ADD	ESP,36
   934 0000095A                                 L27:
   935 0000095A 6A 15                           	PUSH	21
   936 0000095C FF 77 04                        	PUSH	DWORD [4+EDI]
   937 0000095F 6A 00                           	PUSH	0
   938 00000961 6A 00                           	PUSH	0
   939 00000963 57                              	PUSH	EDI
   940 00000964 E8 [00000000]                   	CALL	_sheet_refresh
   941 00000969 8B 95 FFFFFBD0                  	MOV	EDX,DWORD [-1072+EBP]
   942 0000096F 6A 15                           	PUSH	21
   943 00000971 FF 72 04                        	PUSH	DWORD [4+EDX]
   944 00000974 6A 00                           	PUSH	0
   945 00000976 6A 00                           	PUSH	0
   946 00000978 52                              	PUSH	EDX
   947 00000979 E8 [00000000]                   	CALL	_sheet_refresh
   948 0000097E 83 C4 28                        	ADD	ESP,40
   949 00000981 E9 FFFFFD90                     	JMP	L25
   950 00000986                                 L26:
   951 00000986 6A 01                           	PUSH	1
   952 00000988 68 [00000108]                   	PUSH	LC1
   953 0000098D FF 77 04                        	PUSH	DWORD [4+EDI]
   954 00000990 FF B5 FFFFFBCC                  	PUSH	DWORD [-1076+EBP]
   955 00000996 C7 85 FFFFFBBC 00000000         	MOV	DWORD [-1092+EBP],0
   956 000009A0 E8 [00000000]                   	CALL	_make_wtitle8
   957 000009A5 8B 85 FFFFFBD0                  	MOV	EAX,DWORD [-1072+EBP]
   958 000009AB 6A 00                           	PUSH	0
   959 000009AD 68 [00000100]                   	PUSH	LC0
   960 000009B2 FF 70 04                        	PUSH	DWORD [4+EAX]
   961 000009B5 FF B5 FFFFFBC8                  	PUSH	DWORD [-1080+EBP]
   962 000009BB E8 [00000000]                   	CALL	_make_wtitle8
   963 000009C0 8B 85 FFFFFBC0                  	MOV	EAX,DWORD [-1088+EBP]
   964 000009C6 83 C4 20                        	ADD	ESP,32
   965 000009C9 83 C0 10                        	ADD	EAX,16
   966 000009CC C7 85 FFFFFBE0 00000000         	MOV	DWORD [-1056+EBP],0
   967 000009D6 6A 03                           	PUSH	3
   968 000009D8 50                              	PUSH	EAX
   969 000009D9 E8 [00000000]                   	CALL	_fifo32_put
   970 000009DE 59                              	POP	ECX
   971 000009DF 5B                              	POP	EBX
   972 000009E0 E9 FFFFFF75                     	JMP	L27
   973 000009E5                                 L67:
   974 000009E5 83 BD FFFFFBBC 00               	CMP	DWORD [-1092+EBP],0
   975 000009EC 75 35                           	JNE	L22
   976 000009EE 83 BD FFFFFBE4 08               	CMP	DWORD [-1052+EBP],8
   977 000009F5 0F 8E FFFFFD0F                  	JLE	L21
   978 000009FB 6A 01                           	PUSH	1
   979 000009FD 68 [0000010F]                   	PUSH	LC2
   980 00000A02 6A 07                           	PUSH	7
   981 00000A04 6A 00                           	PUSH	0
   982 00000A06 6A 1C                           	PUSH	28
   983 00000A08 FF B5 FFFFFBE4                  	PUSH	DWORD [-1052+EBP]
   984 00000A0E 57                              	PUSH	EDI
   985 00000A0F E8 [00000000]                   	CALL	_putfonts8_asc_sht
   986 00000A14 83 C4 1C                        	ADD	ESP,28
   987 00000A17 83 AD FFFFFBE4 08               	SUB	DWORD [-1052+EBP],8
   988 00000A1E E9 FFFFFCE7                     	JMP	L21
   989 00000A23                                 L22:
   990 00000A23 8B 85 FFFFFBC0                  	MOV	EAX,DWORD [-1088+EBP]
   991 00000A29 68 00000108                     	PUSH	264
   992 00000A2E 83 C0 10                        	ADD	EAX,16
   993 00000A31 50                              	PUSH	EAX
   994 00000A32 E8 [00000000]                   	CALL	_fifo32_put
   995 00000A37 58                              	POP	EAX
   996 00000A38 5A                              	POP	EDX
   997 00000A39 E9 FFFFFCCC                     	JMP	L21
   998 00000A3E                                 L18:
   999 00000A3E 0F BE C0                        	MOVSX	EAX,AL
  1000 00000A41 05 00000100                     	ADD	EAX,256
  1001 00000A46 50                              	PUSH	EAX
  1002 00000A47 8B 85 FFFFFBC0                  	MOV	EAX,DWORD [-1088+EBP]
  1003 00000A4D 83 C0 10                        	ADD	EAX,16
  1004 00000A50 50                              	PUSH	EAX
  1005 00000A51 E8 [00000000]                   	CALL	_fifo32_put
  1006 00000A56 59                              	POP	ECX
  1007 00000A57 5B                              	POP	EBX
  1008 00000A58 E9 FFFFFCA1                     	JMP	L17
  1009 00000A5D                                 L15:
  1010 00000A5D 8D 42 20                        	LEA	EAX,DWORD [32+EDX]
  1011 00000A60 88 85 FFFFFF74                  	MOV	BYTE [-140+EBP],AL
  1012 00000A66 E9 FFFFFC44                     	JMP	L13
  1013 00000A6B                                 L57:
  1014 00000A6B 83 BD FFFFFBB8 00               	CMP	DWORD [-1096+EBP],0
  1015 00000A72 0F 84 FFFFFC37                  	JE	L13
  1016 00000A78 EB E3                           	JMP	L15
  1017 00000A7A                                 L10:
  1018 00000A7A 8A 86 [FFFFFF80]                	MOV	AL,BYTE [_keytable1-256+ESI]
  1019 00000A80 E9 FFFFFBFA                     	JMP	L59
  1020 00000A85                                 L9:
  1021 00000A85 C6 85 FFFFFF74 00               	MOV	BYTE [-140+EBP],0
  1022 00000A8C E9 FFFFFBF4                     	JMP	L12
  1023 00000A91                                 L61:
  1024 00000A91 FF B5 FFFFFBC4                  	PUSH	DWORD [-1084+EBP]
  1025 00000A97 E8 [00000000]                   	CALL	_task_sleep
  1026 00000A9C E8 [00000000]                   	CALL	_io_sti
  1027 00000AA1 59                              	POP	ECX
  1028 00000AA2 E9 FFFFF99F                     	JMP	L2
  1029 00000AA7                                 L60:
  1030 00000AA7 53                              	PUSH	EBX
  1031 00000AA8 E8 [00000000]                   	CALL	_fifo32_get
  1032 00000AAD 89 85 FFFFFBB0                  	MOV	DWORD [-1104+EBP],EAX
  1033 00000AB3 E8 [00000000]                   	CALL	_wait_KBC_sendready
  1034 00000AB8 FF B5 FFFFFBB0                  	PUSH	DWORD [-1104+EBP]
  1035 00000ABE 6A 60                           	PUSH	96
  1036 00000AC0 E8 [00000000]                   	CALL	_io_out8
  1037 00000AC5 83 C4 0C                        	ADD	ESP,12
  1038 00000AC8 E9 FFFFF994                     	JMP	L5
