     1 00000000                                 [FORMAT "WCOFF"]
     2 00000000                                 [INSTRSET "i486p"]
     3 00000000                                 [OPTIMIZE 1]
     4 00000000                                 [OPTION 1]
     5 00000000                                 [BITS 32]
     6 00000000                                 	EXTERN	__alloca
     7 00000000                                 	EXTERN	_api_openwin
     8 00000000                                 	EXTERN	_api_boxfilwin
     9 00000000                                 	EXTERN	_api_alloctimer
    10 00000000                                 	EXTERN	_api_inittimer
    11 00000000                                 	EXTERN	_invstr0.0
    12 00000000                                 	EXTERN	_sprintf
    13 00000000                                 	EXTERN	_charset
    14 00000000                                 	EXTERN	_api_putstrwin
    15 00000000                                 	EXTERN	_api_refreshwin
    16 00000000                                 	EXTERN	_api_settimer
    17 00000000                                 	EXTERN	_api_getkey
    18 00000000                                 [FILE "invader.c"]
    19                                          [SECTION .data]
    20 00000000                                 _charset:
    21 00000000 00                              	DB	0
    22 00000001 00                              	DB	0
    23 00000002 00                              	DB	0
    24 00000003 43                              	DB	67
    25 00000004 5F                              	DB	95
    26 00000005 5F                              	DB	95
    27 00000006 5F                              	DB	95
    28 00000007 7F                              	DB	127
    29 00000008 1F                              	DB	31
    30 00000009 1F                              	DB	31
    31 0000000A 1F                              	DB	31
    32 0000000B 1F                              	DB	31
    33 0000000C 00                              	DB	0
    34 0000000D 20                              	DB	32
    35 0000000E 3F                              	DB	63
    36 0000000F 00                              	DB	0
    37 00000010 00                              	DB	0
    38 00000011 0F                              	DB	15
    39 00000012 7F                              	DB	127
    40 00000013 FF                              	DB	-1
    41 00000014 CF                              	DB	-49
    42 00000015 CF                              	DB	-49
    43 00000016 CF                              	DB	-49
    44 00000017 FF                              	DB	-1
    45 00000018 FF                              	DB	-1
    46 00000019 E0                              	DB	-32
    47 0000001A FF                              	DB	-1
    48 0000001B FF                              	DB	-1
    49 0000001C C0                              	DB	-64
    50 0000001D C0                              	DB	-64
    51 0000001E C0                              	DB	-64
    52 0000001F 00                              	DB	0
    53 00000020 00                              	DB	0
    54 00000021 F0                              	DB	-16
    55 00000022 FE                              	DB	-2
    56 00000023 FF                              	DB	-1
    57 00000024 F3                              	DB	-13
    58 00000025 F3                              	DB	-13
    59 00000026 F3                              	DB	-13
    60 00000027 FF                              	DB	-1
    61 00000028 FF                              	DB	-1
    62 00000029 07                              	DB	7
    63 0000002A FF                              	DB	-1
    64 0000002B FF                              	DB	-1
    65 0000002C 03                              	DB	3
    66 0000002D 03                              	DB	3
    67 0000002E 03                              	DB	3
    68 0000002F 00                              	DB	0
    69 00000030 00                              	DB	0
    70 00000031 00                              	DB	0
    71 00000032 00                              	DB	0
    72 00000033 C2                              	DB	-62
    73 00000034 FA                              	DB	-6
    74 00000035 FA                              	DB	-6
    75 00000036 FA                              	DB	-6
    76 00000037 FE                              	DB	-2
    77 00000038 F8                              	DB	-8
    78 00000039 F8                              	DB	-8
    79 0000003A F8                              	DB	-8
    80 0000003B F8                              	DB	-8
    81 0000003C 00                              	DB	0
    82 0000003D 04                              	DB	4
    83 0000003E FC                              	DB	-4
    84 0000003F 00                              	DB	0
    85 00000040 00                              	DB	0
    86 00000041 00                              	DB	0
    87 00000042 01                              	DB	1
    88 00000043 01                              	DB	1
    89 00000044 01                              	DB	1
    90 00000045 01                              	DB	1
    91 00000046 01                              	DB	1
    92 00000047 01                              	DB	1
    93 00000048 01                              	DB	1
    94 00000049 43                              	DB	67
    95 0000004A 47                              	DB	71
    96 0000004B 4F                              	DB	79
    97 0000004C 5F                              	DB	95
    98 0000004D 7F                              	DB	127
    99 0000004E 7F                              	DB	127
   100 0000004F 00                              	DB	0
   101 00000050 18                              	DB	24
   102 00000051 7E                              	DB	126
   103 00000052 FF                              	DB	-1
   104 00000053 C3                              	DB	-61
   105 00000054 C3                              	DB	-61
   106 00000055 C3                              	DB	-61
   107 00000056 C3                              	DB	-61
   108 00000057 FF                              	DB	-1
   109 00000058 FF                              	DB	-1
   110 00000059 FF                              	DB	-1
   111 0000005A E7                              	DB	-25
   112 0000005B E7                              	DB	-25
   113 0000005C E7                              	DB	-25
   114 0000005D E7                              	DB	-25
   115 0000005E FF                              	DB	-1
   116 0000005F 00                              	DB	0
   117 00000060 00                              	DB	0
   118 00000061 00                              	DB	0
   119 00000062 80                              	DB	-128
   120 00000063 80                              	DB	-128
   121 00000064 80                              	DB	-128
   122 00000065 80                              	DB	-128
   123 00000066 80                              	DB	-128
   124 00000067 80                              	DB	-128
   125 00000068 80                              	DB	-128
   126 00000069 C2                              	DB	-62
   127 0000006A E2                              	DB	-30
   128 0000006B F2                              	DB	-14
   129 0000006C FA                              	DB	-6
   130 0000006D FE                              	DB	-2
   131 0000006E FE                              	DB	-2
   132 0000006F 00                              	DB	0
   133 00000070 00                              	DB	0
   134 00000071 18                              	DB	24
   135 00000072 18                              	DB	24
   136 00000073 18                              	DB	24
   137 00000074 18                              	DB	24
   138 00000075 18                              	DB	24
   139 00000076 18                              	DB	24
   140 00000077 18                              	DB	24
   141 00000078 18                              	DB	24
   142 00000079 18                              	DB	24
   143 0000007A 18                              	DB	24
   144 0000007B 18                              	DB	24
   145 0000007C 18                              	DB	24
   146 0000007D 18                              	DB	24
   147 0000007E 18                              	DB	24
   148 0000007F 00                              	DB	0
   149 00000080                                 _invstr0.0:
   150 00000080 20 61 62 63 64 20 61 62 63 64   	DB	" abcd abcd abcd abcd abcd ",0x00
       0000008A 20 61 62 63 64 20 61 62 63 64 
       00000094 20 61 62 63 64 20 00 
   151 0000009B 00 00 00 00 00                  	RESB	5
   152 000000A0                                 LC0:
   153 000000A0 69 6E 76 61 64 65 72 00         	DB	"invader",0x00
   154 000000A8                                 LC1:
   155 000000A8 48 49 47 48 3A 30 30 30 30 30   	DB	"HIGH:00000000",0x00
       000000B2 30 30 30 00 
   156 000000B6                                 LC2:
   157 000000B6 53 43 4F 52 45 3A 30 30 30 30   	DB	"SCORE:00000000",0x00
       000000C0 30 30 30 30 00 
   158 000000C5                                 LC3:
   159 000000C5 65 66 67 00                     	DB	"efg",0x00
   160 000000C9                                 LC4:
   161 000000C9 65 66 67 20 00                  	DB	"efg ",0x00
   162 000000CE                                 LC5:
   163 000000CE 20 65 66 67 00                  	DB	" efg",0x00
   164 000000D3                                 LC8:
   165 000000D3 68 00                           	DB	"h",0x00
   166 000000D5                                 LC9:
   167 000000D5 25 30 38 64 00                  	DB	"%08d",0x00
   168 000000DA                                 LC7:
   169 000000DA 20 00                           	DB	" ",0x00
   170 000000DC                                 LC6:
   171 000000DC 20 20 20 20 20 20 20 20 20 20   	DB	"                         ",0x00
       000000E6 20 20 20 20 20 20 20 20 20 20 
       000000F0 20 20 20 20 20 00 
   172 000000F6                                 LC10:
   173 000000F6 47 41 4D 45 20 4F 56 45 52 00   	DB	"GAME OVER",0x00
   174 00000100                                 LC11:
   175 00000100 20 20 20 20 20 20 20 20 20 20   	DB	"                                        ",0x00
       0000010A 20 20 20 20 20 20 20 20 20 20 
       00000114 20 20 20 20 20 20 20 20 20 20 
       0000011E 20 20 20 20 20 20 20 20 20 20 
       00000128 00 
   176                                          [SECTION .text]
   177 00000000                                 	GLOBAL	_HariMain
   178 00000000                                 _HariMain:
   179 00000000 55                              	PUSH	EBP
   180 00000001 B8 0001579C                     	MOV	EAX,87964
   181 00000006 89 E5                           	MOV	EBP,ESP
   182 00000008 57                              	PUSH	EDI
   183 00000009 56                              	PUSH	ESI
   184 0000000A 53                              	PUSH	EBX
   185 0000000B 8D 9D FFFEA964                  	LEA	EBX,DWORD [-87708+EBP]
   186 00000011 E8 [00000000]                   	CALL	__alloca
   187 00000016 68 [000000A0]                   	PUSH	LC0
   188 0000001B 6A FF                           	PUSH	-1
   189 0000001D 68 00000105                     	PUSH	261
   190 00000022 68 00000150                     	PUSH	336
   191 00000027 53                              	PUSH	EBX
   192 00000028 C7 85 FFFEA880 00000000         	MOV	DWORD [-87936+EBP],0
   193 00000032 E8 [00000000]                   	CALL	_api_openwin
   194 00000037 6A 00                           	PUSH	0
   195 00000039 68 000000FE                     	PUSH	254
   196 0000003E 89 C7                           	MOV	EDI,EAX
   197 00000040 68 00000149                     	PUSH	329
   198 00000045 6A 1B                           	PUSH	27
   199 00000047 6A 06                           	PUSH	6
   200 00000049 50                              	PUSH	EAX
   201 0000004A E8 [00000000]                   	CALL	_api_boxfilwin
   202 0000004F 83 C4 2C                        	ADD	ESP,44
   203 00000052 E8 [00000000]                   	CALL	_api_alloctimer
   204 00000057 68 00000080                     	PUSH	128
   205 0000005C 50                              	PUSH	EAX
   206 0000005D 89 85 FFFEA88C                  	MOV	DWORD [-87924+EBP],EAX
   207 00000063 E8 [00000000]                   	CALL	_api_inittimer
   208 00000068 68 [000000A8]                   	PUSH	LC1
   209 0000006D 6A 07                           	PUSH	7
   210 0000006F 6A 00                           	PUSH	0
   211 00000071 6A 16                           	PUSH	22
   212 00000073 53                              	PUSH	EBX
   213 00000074 57                              	PUSH	EDI
   214 00000075 C7 85 FFFEA85C 00000000         	MOV	DWORD [-87972+EBP],0
   215 0000007F E8 000005DD                     	CALL	_putstr
   216 00000084 83 C4 20                        	ADD	ESP,32
   217 00000087                                 L2:
   218 00000087 68 [000000B6]                   	PUSH	LC2
   219 0000008C 8D 9D FFFEA964                  	LEA	EBX,DWORD [-87708+EBP]
   220 00000092 6A 07                           	PUSH	7
   221 00000094 6A 00                           	PUSH	0
   222 00000096 6A 04                           	PUSH	4
   223 00000098 53                              	PUSH	EBX
   224 00000099 57                              	PUSH	EDI
   225 0000009A C7 85 FFFEA860 00000000         	MOV	DWORD [-87968+EBP],0
   226 000000A4 C7 85 FFFEA858 00000001         	MOV	DWORD [-87976+EBP],1
   227 000000AE E8 000005AE                     	CALL	_putstr
   228 000000B3 68 [000000C5]                   	PUSH	LC3
   229 000000B8 6A 06                           	PUSH	6
   230 000000BA 6A 0D                           	PUSH	13
   231 000000BC 6A 12                           	PUSH	18
   232 000000BE 53                              	PUSH	EBX
   233 000000BF 57                              	PUSH	EDI
   234 000000C0 C7 85 FFFEA870 00000014         	MOV	DWORD [-87952+EBP],20
   235 000000CA C7 85 FFFEA888 00000012         	MOV	DWORD [-87928+EBP],18
   236 000000D4 E8 00000588                     	CALL	_putstr
   237 000000D9 8D 85 FFFEA890                  	LEA	EAX,DWORD [-87920+EBP]
   238 000000DF 83 C4 30                        	ADD	ESP,48
   239 000000E2 50                              	PUSH	EAX
   240 000000E3 FF B5 FFFEA88C                  	PUSH	DWORD [-87924+EBP]
   241 000000E9 6A 64                           	PUSH	100
   242 000000EB E8 000006DD                     	CALL	_wait
   243 000000F0 83 C4 0C                        	ADD	ESP,12
   244 000000F3                                 L3:
   245 000000F3 8D 85 FFFEA890                  	LEA	EAX,DWORD [-87920+EBP]
   246 000000F9 31 F6                           	XOR	ESI,ESI
   247 000000FB 50                              	PUSH	EAX
   248 000000FC FF B5 FFFEA88C                  	PUSH	DWORD [-87924+EBP]
   249 00000102 6A 64                           	PUSH	100
   250 00000104 E8 000006C4                     	CALL	_wait
   251 00000109 83 C4 0C                        	ADD	ESP,12
   252 0000010C C7 85 FFFEA878 00000007         	MOV	DWORD [-87944+EBP],7
   253 00000116 C7 85 FFFEA874 00000001         	MOV	DWORD [-87948+EBP],1
   254 00000120 C7 85 FFFEA864 00000006         	MOV	DWORD [-87964+EBP],6
   255 0000012A                                 L13:
   256 0000012A 31 C9                           	XOR	ECX,ECX
   257 0000012C                                 L12:
   258 0000012C 89 F3                           	MOV	EBX,ESI
   259 0000012E 8D 45 F4                        	LEA	EAX,DWORD [-12+EBP]
   260 00000131 C1 E3 05                        	SAL	EBX,5
   261 00000134 8D 14 18                        	LEA	EDX,DWORD [EAX+EBX*1]
   262 00000137 8A 81 [00000080]                	MOV	AL,BYTE [_invstr0.0+ECX]
   263 0000013D 88 84 11 FFFEA8B0               	MOV	BYTE [-87888+ECX+EDX*1],AL
   264 00000144 41                              	INC	ECX
   265 00000145 83 F9 1A                        	CMP	ECX,26
   266 00000148 7E E2                           	JLE	L12
   267 0000014A 8D 84 2B FFFEA8A4               	LEA	EAX,DWORD [-87900+EBX+EBP*1]
   268 00000151 8D 5E 01                        	LEA	EBX,DWORD [1+ESI]
   269 00000154 50                              	PUSH	EAX
   270 00000155 89 DE                           	MOV	ESI,EBX
   271 00000157 6A 02                           	PUSH	2
   272 00000159 8D 85 FFFEA964                  	LEA	EAX,DWORD [-87708+EBP]
   273 0000015F 53                              	PUSH	EBX
   274 00000160 6A 07                           	PUSH	7
   275 00000162 50                              	PUSH	EAX
   276 00000163 57                              	PUSH	EDI
   277 00000164 E8 000004F8                     	CALL	_putstr
   278 00000169 83 C4 18                        	ADD	ESP,24
   279 0000016C 83 FB 05                        	CMP	EBX,5
   280 0000016F 7E B9                           	JLE	L13
   281 00000171 8D 85 FFFEA890                  	LEA	EAX,DWORD [-87920+EBP]
   282 00000177 8B 9D FFFEA870                  	MOV	EBX,DWORD [-87952+EBP]
   283 0000017D 50                              	PUSH	EAX
   284 0000017E 89 9D FFFEA86C                  	MOV	DWORD [-87956+EBP],EBX
   285 00000184 FF B5 FFFEA88C                  	PUSH	DWORD [-87924+EBP]
   286 0000018A 6A 64                           	PUSH	100
   287 0000018C C6 85 FFFEA890 00               	MOV	BYTE [-87920+EBP],0
   288 00000193 C6 85 FFFEA891 00               	MOV	BYTE [-87919+EBP],0
   289 0000019A C6 85 FFFEA892 00               	MOV	BYTE [-87918+EBP],0
   290 000001A1 C7 85 FFFEA87C 00000000         	MOV	DWORD [-87940+EBP],0
   291 000001AB C7 85 FFFEA884 00000000         	MOV	DWORD [-87932+EBP],0
   292 000001B5 C7 85 FFFEA868 00000001         	MOV	DWORD [-87960+EBP],1
   293 000001BF E8 00000609                     	CALL	_wait
   294 000001C4 83 C4 0C                        	ADD	ESP,12
   295 000001C7                                 L14:
   296 000001C7 83 BD FFFEA884 00               	CMP	DWORD [-87932+EBP],0
   297 000001CE 74 0D                           	JE	L17
   298 000001D0 FF 8D FFFEA884                  	DEC	DWORD [-87932+EBP]
   299 000001D6 C6 85 FFFEA892 00               	MOV	BYTE [-87918+EBP],0
   300 000001DD                                 L17:
   301 000001DD 8D 9D FFFEA890                  	LEA	EBX,DWORD [-87920+EBP]
   302 000001E3 53                              	PUSH	EBX
   303 000001E4 FF B5 FFFEA88C                  	PUSH	DWORD [-87924+EBP]
   304 000001EA 6A 04                           	PUSH	4
   305 000001EC E8 000005DC                     	CALL	_wait
   306 000001F1 83 C4 0C                        	ADD	ESP,12
   307 000001F4 80 BD FFFEA890 00               	CMP	BYTE [-87920+EBP],0
   308 000001FB 74 35                           	JE	L18
   309 000001FD 83 BD FFFEA888 00               	CMP	DWORD [-87928+EBP],0
   310 00000204 7E 2C                           	JLE	L18
   311 00000206 68 [000000C9]                   	PUSH	LC4
   312 0000020B FF 8D FFFEA888                  	DEC	DWORD [-87928+EBP]
   313 00000211 6A 06                           	PUSH	6
   314 00000213 8D 85 FFFEA964                  	LEA	EAX,DWORD [-87708+EBP]
   315 00000219 6A 0D                           	PUSH	13
   316 0000021B FF B5 FFFEA888                  	PUSH	DWORD [-87928+EBP]
   317 00000221 50                              	PUSH	EAX
   318 00000222 57                              	PUSH	EDI
   319 00000223 E8 00000439                     	CALL	_putstr
   320 00000228 83 C4 18                        	ADD	ESP,24
   321 0000022B C6 85 FFFEA890 00               	MOV	BYTE [-87920+EBP],0
   322 00000232                                 L18:
   323 00000232 80 7B 01 00                     	CMP	BYTE [1+EBX],0
   324 00000236 74 32                           	JE	L19
   325 00000238 83 BD FFFEA888 24               	CMP	DWORD [-87928+EBP],36
   326 0000023F 7F 29                           	JG	L19
   327 00000241 68 [000000CE]                   	PUSH	LC5
   328 00000246 8D 85 FFFEA964                  	LEA	EAX,DWORD [-87708+EBP]
   329 0000024C 6A 06                           	PUSH	6
   330 0000024E 6A 0D                           	PUSH	13
   331 00000250 FF B5 FFFEA888                  	PUSH	DWORD [-87928+EBP]
   332 00000256 50                              	PUSH	EAX
   333 00000257 57                              	PUSH	EDI
   334 00000258 E8 00000404                     	CALL	_putstr
   335 0000025D 83 C4 18                        	ADD	ESP,24
   336 00000260 FF 85 FFFEA888                  	INC	DWORD [-87928+EBP]
   337 00000266 C6 43 01 00                     	MOV	BYTE [1+EBX],0
   338 0000026A                                 L19:
   339 0000026A 80 7B 02 00                     	CMP	BYTE [2+EBX],0
   340 0000026E 74 2A                           	JE	L20
   341 00000270 83 BD FFFEA884 00               	CMP	DWORD [-87932+EBP],0
   342 00000277 75 21                           	JNE	L20
   343 00000279 8B 85 FFFEA888                  	MOV	EAX,DWORD [-87928+EBP]
   344 0000027F 40                              	INC	EAX
   345 00000280 C7 85 FFFEA884 0000000F         	MOV	DWORD [-87932+EBP],15
   346 0000028A 89 85 FFFEA880                  	MOV	DWORD [-87936+EBP],EAX
   347 00000290 C7 85 FFFEA87C 0000000D         	MOV	DWORD [-87940+EBP],13
   348 0000029A                                 L20:
   349 0000029A 83 BD FFFEA86C 00               	CMP	DWORD [-87956+EBP],0
   350 000002A1 0F 84 000002AF                  	JE	L21
   351 000002A7 FF 8D FFFEA86C                  	DEC	DWORD [-87956+EBP]
   352 000002AD                                 L22:
   353 000002AD 83 BD FFFEA87C 00               	CMP	DWORD [-87940+EBP],0
   354 000002B4 0F 8E FFFFFF0D                  	JLE	L14
   355 000002BA 83 BD FFFEA87C 0C               	CMP	DWORD [-87940+EBP],12
   356 000002C1 0F 8F 00000082                  	JG	L32
   357 000002C7 8B 9D FFFEA880                  	MOV	EBX,DWORD [-87936+EBP]
   358 000002CD 39 9D FFFEA878                  	CMP	DWORD [-87944+EBP],EBX
   359 000002D3 0F 8D 00000265                  	JGE	L33
   360 000002D9 8B 85 FFFEA878                  	MOV	EAX,DWORD [-87944+EBP]
   361 000002DF 83 C0 19                        	ADD	EAX,25
   362 000002E2 39 C3                           	CMP	EBX,EAX
   363 000002E4 0F 8D 00000254                  	JGE	L33
   364 000002EA 8B 85 FFFEA87C                  	MOV	EAX,DWORD [-87940+EBP]
   365 000002F0 39 85 FFFEA874                  	CMP	DWORD [-87948+EBP],EAX
   366 000002F6 0F 8F 00000242                  	JG	L33
   367 000002FC 8B 85 FFFEA874                  	MOV	EAX,DWORD [-87948+EBP]
   368 00000302 03 85 FFFEA864                  	ADD	EAX,DWORD [-87964+EBP]
   369 00000308 39 85 FFFEA87C                  	CMP	DWORD [-87940+EBP],EAX
   370 0000030E 0F 8D 0000022A                  	JGE	L33
   371 00000314 8B 85 FFFEA87C                  	MOV	EAX,DWORD [-87940+EBP]
   372 0000031A 2B 85 FFFEA874                  	SUB	EAX,DWORD [-87948+EBP]
   373 00000320 C1 E0 05                        	SAL	EAX,5
   374 00000323 8D 84 28 FFFEA8A4               	LEA	EAX,DWORD [-87900+EAX+EBP*1]
   375 0000032A 50                              	PUSH	EAX
   376 0000032B 6A 02                           	PUSH	2
   377 0000032D FF B5 FFFEA87C                  	PUSH	DWORD [-87940+EBP]
   378 00000333 FF B5 FFFEA878                  	PUSH	DWORD [-87944+EBP]
   379 00000339                                 L82:
   380 00000339 8D 85 FFFEA964                  	LEA	EAX,DWORD [-87708+EBP]
   381 0000033F 50                              	PUSH	EAX
   382 00000340 57                              	PUSH	EDI
   383 00000341 E8 0000031B                     	CALL	_putstr
   384 00000346 83 C4 18                        	ADD	ESP,24
   385 00000349                                 L32:
   386 00000349 FF 8D FFFEA87C                  	DEC	DWORD [-87940+EBP]
   387 0000034F 83 BD FFFEA87C 00               	CMP	DWORD [-87940+EBP],0
   388 00000356 0F 8E 000001BF                  	JLE	L35
   389 0000035C 68 [000000D3]                   	PUSH	LC8
   390 00000361 8D 85 FFFEA964                  	LEA	EAX,DWORD [-87708+EBP]
   391 00000367 6A 03                           	PUSH	3
   392 00000369 FF B5 FFFEA87C                  	PUSH	DWORD [-87940+EBP]
   393 0000036F FF B5 FFFEA880                  	PUSH	DWORD [-87936+EBP]
   394 00000375 50                              	PUSH	EAX
   395 00000376 57                              	PUSH	EDI
   396 00000377 E8 000002E5                     	CALL	_putstr
   397 0000037C 83 C4 18                        	ADD	ESP,24
   398 0000037F                                 L36:
   399 0000037F 8B 9D FFFEA880                  	MOV	EBX,DWORD [-87936+EBP]
   400 00000385 39 9D FFFEA878                  	CMP	DWORD [-87944+EBP],EBX
   401 0000038B 0F 8D FFFFFE36                  	JGE	L14
   402 00000391 8B 85 FFFEA878                  	MOV	EAX,DWORD [-87944+EBP]
   403 00000397 83 C0 19                        	ADD	EAX,25
   404 0000039A 39 C3                           	CMP	EBX,EAX
   405 0000039C 0F 8D FFFFFE25                  	JGE	L14
   406 000003A2 8B 85 FFFEA87C                  	MOV	EAX,DWORD [-87940+EBP]
   407 000003A8 39 85 FFFEA874                  	CMP	DWORD [-87948+EBP],EAX
   408 000003AE 0F 8F FFFFFE13                  	JG	L14
   409 000003B4 8B 85 FFFEA874                  	MOV	EAX,DWORD [-87948+EBP]
   410 000003BA 03 85 FFFEA864                  	ADD	EAX,DWORD [-87964+EBP]
   411 000003C0 39 85 FFFEA87C                  	CMP	DWORD [-87940+EBP],EAX
   412 000003C6 0F 8D FFFFFDFB                  	JGE	L14
   413 000003CC 8B 85 FFFEA87C                  	MOV	EAX,DWORD [-87940+EBP]
   414 000003D2 2B 85 FFFEA874                  	SUB	EAX,DWORD [-87948+EBP]
   415 000003D8 C1 E0 05                        	SAL	EAX,5
   416 000003DB 8D 94 28 FFFEA8A4               	LEA	EDX,DWORD [-87900+EAX+EBP*1]
   417 000003E2 89 D8                           	MOV	EAX,EBX
   418 000003E4 2B 85 FFFEA878                  	SUB	EAX,DWORD [-87944+EBP]
   419 000003EA 8D 1C 10                        	LEA	EBX,DWORD [EAX+EDX*1]
   420 000003ED 80 3B 20                        	CMP	BYTE [EBX],32
   421 000003F0 0F 84 FFFFFDD1                  	JE	L14
   422 000003F6 8B 85 FFFEA858                  	MOV	EAX,DWORD [-87976+EBP]
   423 000003FC 8D B5 FFFEA894                  	LEA	ESI,DWORD [-87916+EBP]
   424 00000402 01 85 FFFEA860                  	ADD	DWORD [-87968+EBP],EAX
   425 00000408 40                              	INC	EAX
   426 00000409 89 85 FFFEA858                  	MOV	DWORD [-87976+EBP],EAX
   427 0000040F FF B5 FFFEA860                  	PUSH	DWORD [-87968+EBP]
   428 00000415 68 [000000D5]                   	PUSH	LC9
   429 0000041A 56                              	PUSH	ESI
   430 0000041B E8 [00000000]                   	CALL	_sprintf
   431 00000420 8D 85 FFFEA964                  	LEA	EAX,DWORD [-87708+EBP]
   432 00000426 56                              	PUSH	ESI
   433 00000427 6A 07                           	PUSH	7
   434 00000429 6A 00                           	PUSH	0
   435 0000042B 6A 0A                           	PUSH	10
   436 0000042D 50                              	PUSH	EAX
   437 0000042E 57                              	PUSH	EDI
   438 0000042F E8 0000022D                     	CALL	_putstr
   439 00000434 8B 85 FFFEA860                  	MOV	EAX,DWORD [-87968+EBP]
   440 0000043A 83 C4 24                        	ADD	ESP,36
   441 0000043D 39 85 FFFEA85C                  	CMP	DWORD [-87972+EBP],EAX
   442 00000443 7D 1D                           	JGE	L40
   443 00000445 56                              	PUSH	ESI
   444 00000446 89 85 FFFEA85C                  	MOV	DWORD [-87972+EBP],EAX
   445 0000044C 6A 07                           	PUSH	7
   446 0000044E 8D 85 FFFEA964                  	LEA	EAX,DWORD [-87708+EBP]
   447 00000454 6A 00                           	PUSH	0
   448 00000456 6A 1B                           	PUSH	27
   449 00000458 50                              	PUSH	EAX
   450 00000459 57                              	PUSH	EDI
   451 0000045A E8 00000202                     	CALL	_putstr
   452 0000045F 83 C4 18                        	ADD	ESP,24
   453 00000462                                 L40:
   454 00000462 4B                              	DEC	EBX
   455 00000463 80 3B 20                        	CMP	BYTE [EBX],32
   456 00000466 74 06                           	JE	L74
   457 00000468                                 L45:
   458 00000468 4B                              	DEC	EBX
   459 00000469 80 3B 20                        	CMP	BYTE [EBX],32
   460 0000046C 75 FA                           	JNE	L45
   461 0000046E                                 L74:
   462 0000046E BE 00000001                     	MOV	ESI,1
   463 00000473                                 L50:
   464 00000473 C6 04 1E 20                     	MOV	BYTE [ESI+EBX*1],32
   465 00000477 46                              	INC	ESI
   466 00000478 83 FE 04                        	CMP	ESI,4
   467 0000047B 7E F6                           	JLE	L50
   468 0000047D 8B 85 FFFEA87C                  	MOV	EAX,DWORD [-87940+EBP]
   469 00000483 2B 85 FFFEA874                  	SUB	EAX,DWORD [-87948+EBP]
   470 00000489 C1 E0 05                        	SAL	EAX,5
   471 0000048C 8D 84 28 FFFEA8A4               	LEA	EAX,DWORD [-87900+EAX+EBP*1]
   472 00000493 50                              	PUSH	EAX
   473 00000494 8D 85 FFFEA964                  	LEA	EAX,DWORD [-87708+EBP]
   474 0000049A 6A 02                           	PUSH	2
   475 0000049C FF B5 FFFEA87C                  	PUSH	DWORD [-87940+EBP]
   476 000004A2 FF B5 FFFEA878                  	PUSH	DWORD [-87944+EBP]
   477 000004A8 50                              	PUSH	EAX
   478 000004A9 57                              	PUSH	EDI
   479 000004AA E8 000001B2                     	CALL	_putstr
   480 000004AF 83 C4 18                        	ADD	ESP,24
   481 000004B2 83 BD FFFEA864 00               	CMP	DWORD [-87964+EBP],0
   482 000004B9 7E 36                           	JLE	L78
   483 000004BB 8B 95 FFFEA864                  	MOV	EDX,DWORD [-87964+EBP]
   484 000004C1 C1 E2 05                        	SAL	EDX,5
   485 000004C4                                 L62:
   486 000004C4 8D 84 2A FFFEA8A4               	LEA	EAX,DWORD [-87900+EDX+EBP*1]
   487 000004CB 8D 58 E0                        	LEA	EBX,DWORD [-32+EAX]
   488 000004CE 80 78 E0 00                     	CMP	BYTE [-32+EAX],0
   489 000004D2 74 0B                           	JE	L80
   490 000004D4                                 L61:
   491 000004D4 80 3B 20                        	CMP	BYTE [EBX],32
   492 000004D7 75 33                           	JNE	L60
   493 000004D9 43                              	INC	EBX
   494 000004DA 80 3B 00                        	CMP	BYTE [EBX],0
   495 000004DD 75 F5                           	JNE	L61
   496 000004DF                                 L80:
   497 000004DF FF 8D FFFEA864                  	DEC	DWORD [-87964+EBP]
   498 000004E5 83 EA 20                        	SUB	EDX,32
   499 000004E8 83 BD FFFEA864 00               	CMP	DWORD [-87964+EBP],0
   500 000004EF 7F D3                           	JG	L62
   501 000004F1                                 L78:
   502 000004F1 8B 85 FFFEA870                  	MOV	EAX,DWORD [-87952+EBP]
   503 000004F7 BA 00000003                     	MOV	EDX,3
   504 000004FC 89 D3                           	MOV	EBX,EDX
   505 000004FE 99                              	CDQ
   506 000004FF F7 FB                           	IDIV	EBX
   507 00000501 29 85 FFFEA870                  	SUB	DWORD [-87952+EBP],EAX
   508 00000507 E9 FFFFFBE7                     	JMP	L3
   509 0000050C                                 L60:
   510 0000050C C7 85 FFFEA87C 00000000         	MOV	DWORD [-87940+EBP],0
   511 00000516 E9 FFFFFCAC                     	JMP	L14
   512 0000051B                                 L35:
   513 0000051B 83 AD FFFEA858 0A               	SUB	DWORD [-87976+EBP],10
   514 00000522 83 BD FFFEA858 00               	CMP	DWORD [-87976+EBP],0
   515 00000529 0F 8F FFFFFE50                  	JG	L36
   516 0000052F C7 85 FFFEA858 00000001         	MOV	DWORD [-87976+EBP],1
   517 00000539 E9 FFFFFE41                     	JMP	L36
   518 0000053E                                 L33:
   519 0000053E 68 [000000DA]                   	PUSH	LC7
   520 00000543 6A 00                           	PUSH	0
   521 00000545 FF B5 FFFEA87C                  	PUSH	DWORD [-87940+EBP]
   522 0000054B FF B5 FFFEA880                  	PUSH	DWORD [-87936+EBP]
   523 00000551 E9 FFFFFDE3                     	JMP	L82
   524 00000556                                 L21:
   525 00000556 8B 85 FFFEA870                  	MOV	EAX,DWORD [-87952+EBP]
   526 0000055C 89 85 FFFEA86C                  	MOV	DWORD [-87956+EBP],EAX
   527 00000562 8B 85 FFFEA878                  	MOV	EAX,DWORD [-87944+EBP]
   528 00000568 03 85 FFFEA868                  	ADD	EAX,DWORD [-87960+EBP]
   529 0000056E 83 F8 0E                        	CMP	EAX,14
   530 00000571 0F 86 000000DF                  	JBE	L23
   531 00000577 8B 85 FFFEA874                  	MOV	EAX,DWORD [-87948+EBP]
   532 0000057D 03 85 FFFEA864                  	ADD	EAX,DWORD [-87964+EBP]
   533 00000583 83 F8 0D                        	CMP	EAX,13
   534 00000586 74 7B                           	JE	L15
   535 00000588 68 [000000DC]                   	PUSH	LC6
   536 0000058D 8B 85 FFFEA878                  	MOV	EAX,DWORD [-87944+EBP]
   537 00000593 6A 00                           	PUSH	0
   538 00000595 40                              	INC	EAX
   539 00000596 FF B5 FFFEA874                  	PUSH	DWORD [-87948+EBP]
   540 0000059C 50                              	PUSH	EAX
   541 0000059D 8D 85 FFFEA964                  	LEA	EAX,DWORD [-87708+EBP]
   542 000005A3 50                              	PUSH	EAX
   543 000005A4 F7 9D FFFEA868                  	NEG	DWORD [-87960+EBP]
   544 000005AA 57                              	PUSH	EDI
   545 000005AB E8 000000B1                     	CALL	_putstr
   546 000005B0 83 C4 18                        	ADD	ESP,24
   547 000005B3 FF 85 FFFEA874                  	INC	DWORD [-87948+EBP]
   548 000005B9                                 L25:
   549 000005B9 31 F6                           	XOR	ESI,ESI
   550 000005BB 3B B5 FFFEA864                  	CMP	ESI,DWORD [-87964+EBP]
   551 000005C1 0F 8D FFFFFCE6                  	JGE	L22
   552 000005C7 31 DB                           	XOR	EBX,EBX
   553 000005C9                                 L30:
   554 000005C9 8D 84 2B FFFEA8A4               	LEA	EAX,DWORD [-87900+EBX+EBP*1]
   555 000005D0 83 C3 20                        	ADD	EBX,32
   556 000005D3 50                              	PUSH	EAX
   557 000005D4 8B 85 FFFEA874                  	MOV	EAX,DWORD [-87948+EBP]
   558 000005DA 6A 02                           	PUSH	2
   559 000005DC 01 F0                           	ADD	EAX,ESI
   560 000005DE 50                              	PUSH	EAX
   561 000005DF 46                              	INC	ESI
   562 000005E0 FF B5 FFFEA878                  	PUSH	DWORD [-87944+EBP]
   563 000005E6 8D 85 FFFEA964                  	LEA	EAX,DWORD [-87708+EBP]
   564 000005EC 50                              	PUSH	EAX
   565 000005ED 57                              	PUSH	EDI
   566 000005EE E8 0000006E                     	CALL	_putstr
   567 000005F3 83 C4 18                        	ADD	ESP,24
   568 000005F6 3B B5 FFFEA864                  	CMP	ESI,DWORD [-87964+EBP]
   569 000005FC 7C CB                           	JL	L30
   570 000005FE E9 FFFFFCAA                     	JMP	L22
   571 00000603                                 L15:
   572 00000603 68 [000000F6]                   	PUSH	LC10
   573 00000608 8D 85 FFFEA964                  	LEA	EAX,DWORD [-87708+EBP]
   574 0000060E 6A 01                           	PUSH	1
   575 00000610 BE 00000001                     	MOV	ESI,1
   576 00000615 6A 06                           	PUSH	6
   577 00000617 6A 0F                           	PUSH	15
   578 00000619 50                              	PUSH	EAX
   579 0000061A 57                              	PUSH	EDI
   580 0000061B E8 00000041                     	CALL	_putstr
   581 00000620 53                              	PUSH	EBX
   582 00000621 FF B5 FFFEA88C                  	PUSH	DWORD [-87924+EBP]
   583 00000627 6A 00                           	PUSH	0
   584 00000629 E8 0000019F                     	CALL	_wait
   585 0000062E 83 C4 24                        	ADD	ESP,36
   586 00000631                                 L67:
   587 00000631 68 [00000100]                   	PUSH	LC11
   588 00000636 8D 85 FFFEA964                  	LEA	EAX,DWORD [-87708+EBP]
   589 0000063C 6A 00                           	PUSH	0
   590 0000063E 56                              	PUSH	ESI
   591 0000063F 46                              	INC	ESI
   592 00000640 6A 00                           	PUSH	0
   593 00000642 50                              	PUSH	EAX
   594 00000643 57                              	PUSH	EDI
   595 00000644 E8 00000018                     	CALL	_putstr
   596 00000649 83 C4 18                        	ADD	ESP,24
   597 0000064C 83 FE 0D                        	CMP	ESI,13
   598 0000064F 7E E0                           	JLE	L67
   599 00000651 E9 FFFFFA31                     	JMP	L2
   600 00000656                                 L23:
   601 00000656 89 85 FFFEA878                  	MOV	DWORD [-87944+EBP],EAX
   602 0000065C E9 FFFFFF58                     	JMP	L25
   603 00000661                                 	GLOBAL	_putstr
   604 00000661                                 _putstr:
   605 00000661 55                              	PUSH	EBP
   606 00000662 83 C9 FF                        	OR	ECX,-1
   607 00000665 89 E5                           	MOV	EBP,ESP
   608 00000667 57                              	PUSH	EDI
   609 00000668 56                              	PUSH	ESI
   610 00000669 53                              	PUSH	EBX
   611 0000066A 83 EC 0C                        	SUB	ESP,12
   612 0000066D 8B 55 14                        	MOV	EDX,DWORD [20+EBP]
   613 00000670 8B 75 10                        	MOV	ESI,DWORD [16+EBP]
   614 00000673 C1 E2 04                        	SAL	EDX,4
   615 00000676 8B 7D 1C                        	MOV	EDI,DWORD [28+EBP]
   616 00000679 8D 34 F5 00000008               	LEA	ESI,DWORD [8+ESI*8]
   617 00000680 8D 42 1D                        	LEA	EAX,DWORD [29+EDX]
   618 00000683 89 75 E8                        	MOV	DWORD [-24+EBP],ESI
   619 00000686 FC                              	CLD
   620 00000687 89 45 EC                        	MOV	DWORD [-20+EBP],EAX
   621 0000068A 83 C2 2C                        	ADD	EDX,44
   622 0000068D 31 C0                           	XOR	EAX,EAX
   623 0000068F F2                              	REPNE
   624 00000690 AE                              	SCASB
   625 00000691 F7 D1                           	NOT	ECX
   626 00000693 6A 00                           	PUSH	0
   627 00000695 8B 45 08                        	MOV	EAX,DWORD [8+EBP]
   628 00000698 52                              	PUSH	EDX
   629 00000699 8D 4C CE F7                     	LEA	ECX,DWORD [-9+ESI+ECX*8]
   630 0000069D 51                              	PUSH	ECX
   631 0000069E 40                              	INC	EAX
   632 0000069F FF 75 EC                        	PUSH	DWORD [-20+EBP]
   633 000006A2 56                              	PUSH	ESI
   634 000006A3 8D 7D F2                        	LEA	EDI,DWORD [-14+EBP]
   635 000006A6 50                              	PUSH	EAX
   636 000006A7 E8 [00000000]                   	CALL	_api_boxfilwin
   637 000006AC 83 C4 18                        	ADD	ESP,24
   638 000006AF 8B 45 EC                        	MOV	EAX,DWORD [-20+EBP]
   639 000006B2 8B 5D 0C                        	MOV	EBX,DWORD [12+EBP]
   640 000006B5 69 C0 00000150                  	IMUL	EAX,EAX,336
   641 000006BB C6 45 F3 00                     	MOV	BYTE [-13+EBP],0
   642 000006BF 01 C3                           	ADD	EBX,EAX
   643 000006C1                                 L84:
   644 000006C1 8B 45 1C                        	MOV	EAX,DWORD [28+EBP]
   645 000006C4 8A 08                           	MOV	CL,BYTE [EAX]
   646 000006C6 0F B6 D1                        	MOVZX	EDX,CL
   647 000006C9 85 D2                           	TEST	EDX,EDX
   648 000006CB 0F 84 000000DE                  	JE	L85
   649 000006D1 83 FA 20                        	CMP	EDX,32
   650 000006D4 0F 84 000000AE                  	JE	L88
   651 000006DA 8D 42 9F                        	LEA	EAX,DWORD [-97+EDX]
   652 000006DD 83 F8 07                        	CMP	EAX,7
   653 000006E0 0F 87 000000AD                  	JA	L89
   654 000006E6 C1 E2 04                        	SAL	EDX,4
   655 000006E9 01 F3                           	ADD	EBX,ESI
   656 000006EB 81 C2 [FFFFF9F0]                	ADD	EDX,_charset-1552
   657 000006F1 31 C9                           	XOR	ECX,ECX
   658 000006F3                                 L102:
   659 000006F3 80 3C 11 00                     	CMP	BYTE [ECX+EDX*1],0
   660 000006F7 79 05                           	JNS	L94
   661 000006F9 8A 45 18                        	MOV	AL,BYTE [24+EBP]
   662 000006FC 88 03                           	MOV	BYTE [EBX],AL
   663 000006FE                                 L94:
   664 000006FE 8A 04 11                        	MOV	AL,BYTE [ECX+EDX*1]
   665 00000701 83 E0 40                        	AND	EAX,64
   666 00000704 84 C0                           	TEST	AL,AL
   667 00000706 74 06                           	JE	L95
   668 00000708 8A 45 18                        	MOV	AL,BYTE [24+EBP]
   669 0000070B 88 43 01                        	MOV	BYTE [1+EBX],AL
   670 0000070E                                 L95:
   671 0000070E 8A 04 11                        	MOV	AL,BYTE [ECX+EDX*1]
   672 00000711 83 E0 20                        	AND	EAX,32
   673 00000714 84 C0                           	TEST	AL,AL
   674 00000716 74 06                           	JE	L96
   675 00000718 8A 45 18                        	MOV	AL,BYTE [24+EBP]
   676 0000071B 88 43 02                        	MOV	BYTE [2+EBX],AL
   677 0000071E                                 L96:
   678 0000071E 8A 04 11                        	MOV	AL,BYTE [ECX+EDX*1]
   679 00000721 83 E0 10                        	AND	EAX,16
   680 00000724 84 C0                           	TEST	AL,AL
   681 00000726 74 06                           	JE	L97
   682 00000728 8A 45 18                        	MOV	AL,BYTE [24+EBP]
   683 0000072B 88 43 03                        	MOV	BYTE [3+EBX],AL
   684 0000072E                                 L97:
   685 0000072E 8A 04 11                        	MOV	AL,BYTE [ECX+EDX*1]
   686 00000731 83 E0 08                        	AND	EAX,8
   687 00000734 84 C0                           	TEST	AL,AL
   688 00000736 74 06                           	JE	L98
   689 00000738 8A 45 18                        	MOV	AL,BYTE [24+EBP]
   690 0000073B 88 43 04                        	MOV	BYTE [4+EBX],AL
   691 0000073E                                 L98:
   692 0000073E 8A 04 11                        	MOV	AL,BYTE [ECX+EDX*1]
   693 00000741 83 E0 04                        	AND	EAX,4
   694 00000744 84 C0                           	TEST	AL,AL
   695 00000746 74 06                           	JE	L99
   696 00000748 8A 45 18                        	MOV	AL,BYTE [24+EBP]
   697 0000074B 88 43 05                        	MOV	BYTE [5+EBX],AL
   698 0000074E                                 L99:
   699 0000074E 8A 04 11                        	MOV	AL,BYTE [ECX+EDX*1]
   700 00000751 83 E0 02                        	AND	EAX,2
   701 00000754 84 C0                           	TEST	AL,AL
   702 00000756 74 06                           	JE	L100
   703 00000758 8A 45 18                        	MOV	AL,BYTE [24+EBP]
   704 0000075B 88 43 06                        	MOV	BYTE [6+EBX],AL
   705 0000075E                                 L100:
   706 0000075E 8A 04 11                        	MOV	AL,BYTE [ECX+EDX*1]
   707 00000761 83 E0 01                        	AND	EAX,1
   708 00000764 84 C0                           	TEST	AL,AL
   709 00000766 74 06                           	JE	L101
   710 00000768 8A 45 18                        	MOV	AL,BYTE [24+EBP]
   711 0000076B 88 43 07                        	MOV	BYTE [7+EBX],AL
   712 0000076E                                 L101:
   713 0000076E 41                              	INC	ECX
   714 0000076F 81 C3 00000150                  	ADD	EBX,336
   715 00000775 83 F9 0F                        	CMP	ECX,15
   716 00000778 0F 8E FFFFFF75                  	JLE	L102
   717 0000077E 89 D8                           	MOV	EAX,EBX
   718 00000780 29 F0                           	SUB	EAX,ESI
   719 00000782 8D 98 FFFFEB00                  	LEA	EBX,DWORD [-5376+EAX]
   720 00000788                                 L88:
   721 00000788 FF 45 1C                        	INC	DWORD [28+EBP]
   722 0000078B 83 C6 08                        	ADD	ESI,8
   723 0000078E E9 FFFFFF2E                     	JMP	L84
   724 00000793                                 L89:
   725 00000793 57                              	PUSH	EDI
   726 00000794 8B 45 08                        	MOV	EAX,DWORD [8+EBP]
   727 00000797 6A 01                           	PUSH	1
   728 00000799 40                              	INC	EAX
   729 0000079A FF 75 18                        	PUSH	DWORD [24+EBP]
   730 0000079D FF 75 EC                        	PUSH	DWORD [-20+EBP]
   731 000007A0 56                              	PUSH	ESI
   732 000007A1 88 4D F2                        	MOV	BYTE [-14+EBP],CL
   733 000007A4 50                              	PUSH	EAX
   734 000007A5 E8 [00000000]                   	CALL	_api_putstrwin
   735 000007AA 83 C4 18                        	ADD	ESP,24
   736 000007AD EB D9                           	JMP	L88
   737 000007AF                                 L85:
   738 000007AF 8B 45 EC                        	MOV	EAX,DWORD [-20+EBP]
   739 000007B2 83 C0 10                        	ADD	EAX,16
   740 000007B5 50                              	PUSH	EAX
   741 000007B6 56                              	PUSH	ESI
   742 000007B7 FF 75 EC                        	PUSH	DWORD [-20+EBP]
   743 000007BA FF 75 E8                        	PUSH	DWORD [-24+EBP]
   744 000007BD FF 75 08                        	PUSH	DWORD [8+EBP]
   745 000007C0 E8 [00000000]                   	CALL	_api_refreshwin
   746 000007C5 8D 65 F4                        	LEA	ESP,DWORD [-12+EBP]
   747 000007C8 5B                              	POP	EBX
   748 000007C9 5E                              	POP	ESI
   749 000007CA 5F                              	POP	EDI
   750 000007CB 5D                              	POP	EBP
   751 000007CC C3                              	RET
   752 000007CD                                 	GLOBAL	_wait
   753 000007CD                                 _wait:
   754 000007CD 55                              	PUSH	EBP
   755 000007CE 89 E5                           	MOV	EBP,ESP
   756 000007D0 56                              	PUSH	ESI
   757 000007D1 53                              	PUSH	EBX
   758 000007D2 8B 5D 08                        	MOV	EBX,DWORD [8+EBP]
   759 000007D5 8B 75 10                        	MOV	ESI,DWORD [16+EBP]
   760 000007D8 85 DB                           	TEST	EBX,EBX
   761 000007DA 7E 43                           	JLE	L107
   762 000007DC 53                              	PUSH	EBX
   763 000007DD BB 00000080                     	MOV	EBX,128
   764 000007E2 FF 75 0C                        	PUSH	DWORD [12+EBP]
   765 000007E5 E8 [00000000]                   	CALL	_api_settimer
   766 000007EA 59                              	POP	ECX
   767 000007EB 58                              	POP	EAX
   768 000007EC                                 L109:
   769 000007EC 6A 01                           	PUSH	1
   770 000007EE E8 [00000000]                   	CALL	_api_getkey
   771 000007F3 5A                              	POP	EDX
   772 000007F4 39 C3                           	CMP	EBX,EAX
   773 000007F6 74 20                           	JE	L106
   774 000007F8 83 F8 34                        	CMP	EAX,52
   775 000007FB 74 16                           	JE	L116
   776 000007FD                                 L113:
   777 000007FD 83 F8 36                        	CMP	EAX,54
   778 00000800 74 0B                           	JE	L117
   779 00000802                                 L114:
   780 00000802 83 F8 20                        	CMP	EAX,32
   781 00000805 75 E5                           	JNE	L109
   782 00000807 C6 46 02 01                     	MOV	BYTE [2+ESI],1
   783 0000080B EB DF                           	JMP	L109
   784 0000080D                                 L117:
   785 0000080D C6 46 01 01                     	MOV	BYTE [1+ESI],1
   786 00000811 EB EF                           	JMP	L114
   787 00000813                                 L116:
   788 00000813 C6 06 01                        	MOV	BYTE [ESI],1
   789 00000816 EB E5                           	JMP	L113
   790 00000818                                 L106:
   791 00000818 8D 65 F8                        	LEA	ESP,DWORD [-8+EBP]
   792 0000081B 5B                              	POP	EBX
   793 0000081C 5E                              	POP	ESI
   794 0000081D 5D                              	POP	EBP
   795 0000081E C3                              	RET
   796 0000081F                                 L107:
   797 0000081F BB 0000000A                     	MOV	EBX,10
   798 00000824 EB C6                           	JMP	L109
