     1 00000000                                 [FORMAT "WCOFF"]
     2 00000000                                 [INSTRSET "i486p"]
     3 00000000                                 [OPTIMIZE 1]
     4 00000000                                 [OPTION 1]
     5 00000000                                 [BITS 32]
     6 00000000                                 	EXTERN	_memman_alloc_4k
     7 00000000                                 	EXTERN	_set_segmdesc
     8 00000000                                 	EXTERN	_load_tr
     9 00000000                                 	EXTERN	_timer_alloc
    10 00000000                                 	EXTERN	_timer_settime
    11 00000000                                 	EXTERN	_farjmp
    12 00000000                                 	EXTERN	_io_hlt
    13 00000000                                 [FILE "mtask.c"]
    14                                          [SECTION .text]
    15 00000000                                 	GLOBAL	_task_init
    16 00000000                                 _task_init:
    17 00000000 55                              	PUSH	EBP
    18 00000001 89 E5                           	MOV	EBP,ESP
    19 00000003 57                              	PUSH	EDI
    20 00000004 56                              	PUSH	ESI
    21 00000005 31 FF                           	XOR	EDI,EDI
    22 00000007 53                              	PUSH	EBX
    23 00000008 31 F6                           	XOR	ESI,ESI
    24 0000000A 68 00025218                     	PUSH	152088
    25 0000000F BB 000003E7                     	MOV	EBX,999
    26 00000014 FF 75 08                        	PUSH	DWORD [8+EBP]
    27 00000017 E8 [00000000]                   	CALL	_memman_alloc_4k
    28 0000001C A3 [00000004]                   	MOV	DWORD [_taskctl],EAX
    29 00000021 58                              	POP	EAX
    30 00000022 5A                              	POP	EDX
    31 00000023                                 L6:
    32 00000023 89 F8                           	MOV	EAX,EDI
    33 00000025 8D 56 18                        	LEA	EDX,DWORD [24+ESI]
    34 00000028 03 05 [00000004]                	ADD	EAX,DWORD [_taskctl]
    35 0000002E 81 C7 00000094                  	ADD	EDI,148
    36 00000034 C7 80 00000FFC 00000000         	MOV	DWORD [4092+EAX],0
    37 0000003E 89 90 00000FF8                  	MOV	DWORD [4088+EAX],EDX
    38 00000044 05 00001024                     	ADD	EAX,4132
    39 00000049 68 00000089                     	PUSH	137
    40 0000004E 50                              	PUSH	EAX
    41 0000004F 8D 86 00270018                  	LEA	EAX,DWORD [2555928+ESI]
    42 00000055 6A 67                           	PUSH	103
    43 00000057 83 C6 08                        	ADD	ESI,8
    44 0000005A 50                              	PUSH	EAX
    45 0000005B E8 [00000000]                   	CALL	_set_segmdesc
    46 00000060 83 C4 10                        	ADD	ESP,16
    47 00000063 4B                              	DEC	EBX
    48 00000064 79 BD                           	JNS	L6
    49 00000066 8B 0D [00000004]                	MOV	ECX,DWORD [_taskctl]
    50 0000006C 31 D2                           	XOR	EDX,EDX
    51 0000006E BB 00000009                     	MOV	EBX,9
    52 00000073                                 L11:
    53 00000073 8D 04 11                        	LEA	EAX,DWORD [ECX+EDX*1]
    54 00000076 81 C2 00000198                  	ADD	EDX,408
    55 0000007C 4B                              	DEC	EBX
    56 0000007D C7 40 08 00000000               	MOV	DWORD [8+EAX],0
    57 00000084 C7 40 0C 00000000               	MOV	DWORD [12+EAX],0
    58 0000008B 79 E6                           	JNS	L11
    59 0000008D E8 000000A6                     	CALL	_task_alloc
    60 00000092 89 C6                           	MOV	ESI,EAX
    61 00000094 C7 40 04 00000002               	MOV	DWORD [4+EAX],2
    62 0000009B C7 40 0C 00000002               	MOV	DWORD [12+EAX],2
    63 000000A2 C7 40 08 00000000               	MOV	DWORD [8+EAX],0
    64 000000A9 50                              	PUSH	EAX
    65 000000AA E8 00000261                     	CALL	_task_add
    66 000000AF E8 000002E8                     	CALL	_task_switchsub
    67 000000B4 FF 36                           	PUSH	DWORD [ESI]
    68 000000B6 E8 [00000000]                   	CALL	_load_tr
    69 000000BB E8 [00000000]                   	CALL	_timer_alloc
    70 000000C0 FF 76 0C                        	PUSH	DWORD [12+ESI]
    71 000000C3 50                              	PUSH	EAX
    72 000000C4 A3 [00000000]                   	MOV	DWORD [_task_timer],EAX
    73 000000C9 E8 [00000000]                   	CALL	_timer_settime
    74 000000CE E8 00000065                     	CALL	_task_alloc
    75 000000D3 68 00010000                     	PUSH	65536
    76 000000D8 FF 75 08                        	PUSH	DWORD [8+EBP]
    77 000000DB 89 C3                           	MOV	EBX,EAX
    78 000000DD E8 [00000000]                   	CALL	_memman_alloc_4k
    79 000000E2 05 00010000                     	ADD	EAX,65536
    80 000000E7 89 43 64                        	MOV	DWORD [100+EBX],EAX
    81 000000EA C7 43 4C [000003C3]             	MOV	DWORD [76+EBX],_task_idle
    82 000000F1 C7 43 74 00000008               	MOV	DWORD [116+EBX],8
    83 000000F8 C7 43 78 00000010               	MOV	DWORD [120+EBX],16
    84 000000FF C7 43 7C 00000008               	MOV	DWORD [124+EBX],8
    85 00000106 C7 83 00000080 00000008         	MOV	DWORD [128+EBX],8
    86 00000110 C7 83 00000084 00000008         	MOV	DWORD [132+EBX],8
    87 0000011A C7 83 00000088 00000008         	MOV	DWORD [136+EBX],8
    88 00000124 6A 01                           	PUSH	1
    89 00000126 6A 09                           	PUSH	9
    90 00000128 53                              	PUSH	EBX
    91 00000129 E8 000000B7                     	CALL	_task_run
    92 0000012E 8D 65 F4                        	LEA	ESP,DWORD [-12+EBP]
    93 00000131 5B                              	POP	EBX
    94 00000132 89 F0                           	MOV	EAX,ESI
    95 00000134 5E                              	POP	ESI
    96 00000135 5F                              	POP	EDI
    97 00000136 5D                              	POP	EBP
    98 00000137 C3                              	RET
    99 00000138                                 	GLOBAL	_task_alloc
   100 00000138                                 _task_alloc:
   101 00000138 55                              	PUSH	EBP
   102 00000139 31 C9                           	XOR	ECX,ECX
   103 0000013B 89 E5                           	MOV	EBP,ESP
   104 0000013D 31 D2                           	XOR	EDX,EDX
   105 0000013F                                 L22:
   106 0000013F 89 D0                           	MOV	EAX,EDX
   107 00000141 03 05 [00000004]                	ADD	EAX,DWORD [_taskctl]
   108 00000147 83 B8 00000FFC 00               	CMP	DWORD [4092+EAX],0
   109 0000014E 74 13                           	JE	L25
   110 00000150 41                              	INC	ECX
   111 00000151 81 C2 00000094                  	ADD	EDX,148
   112 00000157 81 F9 000003E7                  	CMP	ECX,999
   113 0000015D 7E E0                           	JLE	L22
   114 0000015F 31 C0                           	XOR	EAX,EAX
   115 00000161                                 L16:
   116 00000161 5D                              	POP	EBP
   117 00000162 C3                              	RET
   118 00000163                                 L25:
   119 00000163 05 00000FF8                     	ADD	EAX,4088
   120 00000168 C7 40 04 00000001               	MOV	DWORD [4+EAX],1
   121 0000016F C7 40 50 00000202               	MOV	DWORD [80+EAX],514
   122 00000176 C7 40 54 00000000               	MOV	DWORD [84+EAX],0
   123 0000017D C7 40 58 00000000               	MOV	DWORD [88+EAX],0
   124 00000184 C7 40 5C 00000000               	MOV	DWORD [92+EAX],0
   125 0000018B C7 40 60 00000000               	MOV	DWORD [96+EAX],0
   126 00000192 C7 40 68 00000000               	MOV	DWORD [104+EAX],0
   127 00000199 C7 40 6C 00000000               	MOV	DWORD [108+EAX],0
   128 000001A0 C7 40 70 00000000               	MOV	DWORD [112+EAX],0
   129 000001A7 C7 40 74 00000000               	MOV	DWORD [116+EAX],0
   130 000001AE C7 80 00000080 00000000         	MOV	DWORD [128+EAX],0
   131 000001B8 C7 80 00000084 00000000         	MOV	DWORD [132+EAX],0
   132 000001C2 C7 80 00000088 00000000         	MOV	DWORD [136+EAX],0
   133 000001CC C7 80 0000008C 00000000         	MOV	DWORD [140+EAX],0
   134 000001D6 C7 80 00000090 40000000         	MOV	DWORD [144+EAX],1073741824
   135 000001E0 E9 FFFFFF7C                     	JMP	L16
   136 000001E5                                 	GLOBAL	_task_run
   137 000001E5                                 _task_run:
   138 000001E5 55                              	PUSH	EBP
   139 000001E6 89 E5                           	MOV	EBP,ESP
   140 000001E8 56                              	PUSH	ESI
   141 000001E9 53                              	PUSH	EBX
   142 000001EA 8B 75 0C                        	MOV	ESI,DWORD [12+EBP]
   143 000001ED 8B 45 10                        	MOV	EAX,DWORD [16+EBP]
   144 000001F0 8B 5D 08                        	MOV	EBX,DWORD [8+EBP]
   145 000001F3 85 F6                           	TEST	ESI,ESI
   146 000001F5 78 3B                           	JS	L31
   147 000001F7                                 L27:
   148 000001F7 85 C0                           	TEST	EAX,EAX
   149 000001F9 7E 03                           	JLE	L28
   150 000001FB 89 43 0C                        	MOV	DWORD [12+EBX],EAX
   151 000001FE                                 L28:
   152 000001FE 83 7B 04 02                     	CMP	DWORD [4+EBX],2
   153 00000202 74 20                           	JE	L32
   154 00000204                                 L29:
   155 00000204 83 7B 04 02                     	CMP	DWORD [4+EBX],2
   156 00000208 74 0A                           	JE	L30
   157 0000020A 89 73 08                        	MOV	DWORD [8+EBX],ESI
   158 0000020D 53                              	PUSH	EBX
   159 0000020E E8 000000FD                     	CALL	_task_add
   160 00000213 59                              	POP	ECX
   161 00000214                                 L30:
   162 00000214 A1 [00000004]                   	MOV	EAX,DWORD [_taskctl]
   163 00000219 C6 40 04 01                     	MOV	BYTE [4+EAX],1
   164 0000021D 8D 65 F8                        	LEA	ESP,DWORD [-8+EBP]
   165 00000220 5B                              	POP	EBX
   166 00000221 5E                              	POP	ESI
   167 00000222 5D                              	POP	EBP
   168 00000223 C3                              	RET
   169 00000224                                 L32:
   170 00000224 39 73 08                        	CMP	DWORD [8+EBX],ESI
   171 00000227 74 DB                           	JE	L29
   172 00000229 53                              	PUSH	EBX
   173 0000022A E8 0000010A                     	CALL	_task_remove
   174 0000022F 58                              	POP	EAX
   175 00000230 EB D2                           	JMP	L29
   176 00000232                                 L31:
   177 00000232 8B 73 08                        	MOV	ESI,DWORD [8+EBX]
   178 00000235 EB C0                           	JMP	L27
   179 00000237                                 	GLOBAL	_task_switch
   180 00000237                                 _task_switch:
   181 00000237 55                              	PUSH	EBP
   182 00000238 89 E5                           	MOV	EBP,ESP
   183 0000023A 56                              	PUSH	ESI
   184 0000023B 53                              	PUSH	EBX
   185 0000023C 8B 1D [00000004]                	MOV	EBX,DWORD [_taskctl]
   186 00000242 8B 13                           	MOV	EDX,DWORD [EBX]
   187 00000244 69 D2 00000198                  	IMUL	EDX,EDX,408
   188 0000024A 8D 14 1A                        	LEA	EDX,DWORD [EDX+EBX*1]
   189 0000024D 8D 4A 08                        	LEA	ECX,DWORD [8+EDX]
   190 00000250 8B 41 04                        	MOV	EAX,DWORD [4+ECX]
   191 00000253 8B 74 81 08                     	MOV	ESI,DWORD [8+ECX+EAX*4]
   192 00000257 40                              	INC	EAX
   193 00000258 89 41 04                        	MOV	DWORD [4+ECX],EAX
   194 0000025B 3B 42 08                        	CMP	EAX,DWORD [8+EDX]
   195 0000025E 74 4C                           	JE	L37
   196 00000260                                 L34:
   197 00000260 80 7B 04 00                     	CMP	BYTE [4+EBX],0
   198 00000264 75 2D                           	JNE	L38
   199 00000266                                 L35:
   200 00000266 8B 41 04                        	MOV	EAX,DWORD [4+ECX]
   201 00000269 8B 5C 81 08                     	MOV	EBX,DWORD [8+ECX+EAX*4]
   202 0000026D FF 73 0C                        	PUSH	DWORD [12+EBX]
   203 00000270 FF 35 [00000000]                	PUSH	DWORD [_task_timer]
   204 00000276 E8 [00000000]                   	CALL	_timer_settime
   205 0000027B 39 F3                           	CMP	EBX,ESI
   206 0000027D 59                              	POP	ECX
   207 0000027E 58                              	POP	EAX
   208 0000027F 74 0B                           	JE	L33
   209 00000281 FF 33                           	PUSH	DWORD [EBX]
   210 00000283 6A 00                           	PUSH	0
   211 00000285 E8 [00000000]                   	CALL	_farjmp
   212 0000028A 58                              	POP	EAX
   213 0000028B 5A                              	POP	EDX
   214 0000028C                                 L33:
   215 0000028C 8D 65 F8                        	LEA	ESP,DWORD [-8+EBP]
   216 0000028F 5B                              	POP	EBX
   217 00000290 5E                              	POP	ESI
   218 00000291 5D                              	POP	EBP
   219 00000292 C3                              	RET
   220 00000293                                 L38:
   221 00000293 E8 00000104                     	CALL	_task_switchsub
   222 00000298 8B 15 [00000004]                	MOV	EDX,DWORD [_taskctl]
   223 0000029E 8B 02                           	MOV	EAX,DWORD [EDX]
   224 000002A0 69 C0 00000198                  	IMUL	EAX,EAX,408
   225 000002A6 8D 4C 10 08                     	LEA	ECX,DWORD [8+EAX+EDX*1]
   226 000002AA EB BA                           	JMP	L35
   227 000002AC                                 L37:
   228 000002AC C7 41 04 00000000               	MOV	DWORD [4+ECX],0
   229 000002B3 EB AB                           	JMP	L34
   230 000002B5                                 	GLOBAL	_task_sleep
   231 000002B5                                 _task_sleep:
   232 000002B5 55                              	PUSH	EBP
   233 000002B6 89 E5                           	MOV	EBP,ESP
   234 000002B8 56                              	PUSH	ESI
   235 000002B9 53                              	PUSH	EBX
   236 000002BA 8B 75 08                        	MOV	ESI,DWORD [8+EBP]
   237 000002BD 83 7E 04 02                     	CMP	DWORD [4+ESI],2
   238 000002C1 74 07                           	JE	L42
   239 000002C3                                 L39:
   240 000002C3 8D 65 F8                        	LEA	ESP,DWORD [-8+EBP]
   241 000002C6 5B                              	POP	EBX
   242 000002C7 5E                              	POP	ESI
   243 000002C8 5D                              	POP	EBP
   244 000002C9 C3                              	RET
   245 000002CA                                 L42:
   246 000002CA E8 00000024                     	CALL	_task_now
   247 000002CF 56                              	PUSH	ESI
   248 000002D0 89 C3                           	MOV	EBX,EAX
   249 000002D2 E8 00000062                     	CALL	_task_remove
   250 000002D7 59                              	POP	ECX
   251 000002D8 39 DE                           	CMP	ESI,EBX
   252 000002DA 75 E7                           	JNE	L39
   253 000002DC E8 000000BB                     	CALL	_task_switchsub
   254 000002E1 E8 0000000D                     	CALL	_task_now
   255 000002E6 FF 30                           	PUSH	DWORD [EAX]
   256 000002E8 6A 00                           	PUSH	0
   257 000002EA E8 [00000000]                   	CALL	_farjmp
   258 000002EF 58                              	POP	EAX
   259 000002F0 5A                              	POP	EDX
   260 000002F1 EB D0                           	JMP	L39
   261 000002F3                                 	GLOBAL	_task_now
   262 000002F3                                 _task_now:
   263 000002F3 A1 [00000004]                   	MOV	EAX,DWORD [_taskctl]
   264 000002F8 55                              	PUSH	EBP
   265 000002F9 89 E5                           	MOV	EBP,ESP
   266 000002FB 5D                              	POP	EBP
   267 000002FC 8B 10                           	MOV	EDX,DWORD [EAX]
   268 000002FE 69 D2 00000198                  	IMUL	EDX,EDX,408
   269 00000304 8D 44 02 08                     	LEA	EAX,DWORD [8+EDX+EAX*1]
   270 00000308 8B 50 04                        	MOV	EDX,DWORD [4+EAX]
   271 0000030B 8B 44 90 08                     	MOV	EAX,DWORD [8+EAX+EDX*4]
   272 0000030F C3                              	RET
   273 00000310                                 	GLOBAL	_task_add
   274 00000310                                 _task_add:
   275 00000310 55                              	PUSH	EBP
   276 00000311 89 E5                           	MOV	EBP,ESP
   277 00000313 8B 4D 08                        	MOV	ECX,DWORD [8+EBP]
   278 00000316 8B 51 08                        	MOV	EDX,DWORD [8+ECX]
   279 00000319 69 D2 00000198                  	IMUL	EDX,EDX,408
   280 0000031F 03 15 [00000004]                	ADD	EDX,DWORD [_taskctl]
   281 00000325 8B 42 08                        	MOV	EAX,DWORD [8+EDX]
   282 00000328 89 4C 82 10                     	MOV	DWORD [16+EDX+EAX*4],ECX
   283 0000032C 40                              	INC	EAX
   284 0000032D 89 42 08                        	MOV	DWORD [8+EDX],EAX
   285 00000330 C7 41 04 00000002               	MOV	DWORD [4+ECX],2
   286 00000337 5D                              	POP	EBP
   287 00000338 C3                              	RET
   288 00000339                                 	GLOBAL	_task_remove
   289 00000339                                 _task_remove:
   290 00000339 55                              	PUSH	EBP
   291 0000033A 31 C9                           	XOR	ECX,ECX
   292 0000033C 89 E5                           	MOV	EBP,ESP
   293 0000033E 53                              	PUSH	EBX
   294 0000033F 8B 5D 08                        	MOV	EBX,DWORD [8+EBP]
   295 00000342 8B 43 08                        	MOV	EAX,DWORD [8+EBX]
   296 00000345 69 C0 00000198                  	IMUL	EAX,EAX,408
   297 0000034B 03 05 [00000004]                	ADD	EAX,DWORD [_taskctl]
   298 00000351 8D 50 08                        	LEA	EDX,DWORD [8+EAX]
   299 00000354 3B 48 08                        	CMP	ECX,DWORD [8+EAX]
   300 00000357 7D 0B                           	JGE	L47
   301 00000359                                 L51:
   302 00000359 39 5C 8A 08                     	CMP	DWORD [8+EDX+ECX*4],EBX
   303 0000035D 74 05                           	JE	L47
   304 0000035F 41                              	INC	ECX
   305 00000360 3B 0A                           	CMP	ECX,DWORD [EDX]
   306 00000362 7C F5                           	JL	L51
   307 00000364                                 L47:
   308 00000364 8B 42 04                        	MOV	EAX,DWORD [4+EDX]
   309 00000367 FF 0A                           	DEC	DWORD [EDX]
   310 00000369 39 C1                           	CMP	ECX,EAX
   311 0000036B 7D 04                           	JGE	L52
   312 0000036D 48                              	DEC	EAX
   313 0000036E 89 42 04                        	MOV	DWORD [4+EDX],EAX
   314 00000371                                 L52:
   315 00000371 8B 02                           	MOV	EAX,DWORD [EDX]
   316 00000373 39 42 04                        	CMP	DWORD [4+EDX],EAX
   317 00000376 7C 07                           	JL	L53
   318 00000378 C7 42 04 00000000               	MOV	DWORD [4+EDX],0
   319 0000037F                                 L53:
   320 0000037F C7 43 04 00000001               	MOV	DWORD [4+EBX],1
   321 00000386 8B 1A                           	MOV	EBX,DWORD [EDX]
   322 00000388 39 D9                           	CMP	ECX,EBX
   323 0000038A 7D 0D                           	JGE	L61
   324 0000038C                                 L58:
   325 0000038C 8B 44 8A 0C                     	MOV	EAX,DWORD [12+EDX+ECX*4]
   326 00000390 89 44 8A 08                     	MOV	DWORD [8+EDX+ECX*4],EAX
   327 00000394 41                              	INC	ECX
   328 00000395 39 D9                           	CMP	ECX,EBX
   329 00000397 7C F3                           	JL	L58
   330 00000399                                 L61:
   331 00000399 5B                              	POP	EBX
   332 0000039A 5D                              	POP	EBP
   333 0000039B C3                              	RET
   334 0000039C                                 	GLOBAL	_task_switchsub
   335 0000039C                                 _task_switchsub:
   336 0000039C 55                              	PUSH	EBP
   337 0000039D 31 C9                           	XOR	ECX,ECX
   338 0000039F 89 E5                           	MOV	EBP,ESP
   339 000003A1 A1 [00000004]                   	MOV	EAX,DWORD [_taskctl]
   340 000003A6 31 D2                           	XOR	EDX,EDX
   341 000003A8                                 L68:
   342 000003A8 83 7C 10 08 00                  	CMP	DWORD [8+EAX+EDX*1],0
   343 000003AD 7F 0C                           	JG	L64
   344 000003AF 41                              	INC	ECX
   345 000003B0 81 C2 00000198                  	ADD	EDX,408
   346 000003B6 83 F9 09                        	CMP	ECX,9
   347 000003B9 7E ED                           	JLE	L68
   348 000003BB                                 L64:
   349 000003BB 89 08                           	MOV	DWORD [EAX],ECX
   350 000003BD C6 40 04 00                     	MOV	BYTE [4+EAX],0
   351 000003C1 5D                              	POP	EBP
   352 000003C2 C3                              	RET
   353 000003C3                                 	GLOBAL	_task_idle
   354 000003C3                                 _task_idle:
   355 000003C3 55                              	PUSH	EBP
   356 000003C4 89 E5                           	MOV	EBP,ESP
   357 000003C6                                 L71:
   358 000003C6 E8 [00000000]                   	CALL	_io_hlt
   359 000003CB EB F9                           	JMP	L71
   360 000003CD                                 	GLOBAL	_task_timer
   361                                          [SECTION .data]
   362 00000000                                 	ALIGNB	4
   363 00000000                                 _task_timer:
   364 00000000 00 00 00 00                     	RESB	4
   365 00000004                                 	GLOBAL	_taskctl
   366                                          [SECTION .data]
   367 00000004                                 	ALIGNB	4
   368 00000004                                 _taskctl:
   369 00000004 00 00 00 00                     	RESB	4
