     1 00000000                                 [FORMAT "WCOFF"]
     2 00000000                                 [INSTRSET "i486p"]
     3 00000000                                 [OPTIMIZE 1]
     4 00000000                                 [OPTION 1]
     5 00000000                                 [BITS 32]
     6 00000000                                 	EXTERN	_init_gdtidt
     7 00000000                                 	EXTERN	_init_pic
     8 00000000                                 	EXTERN	_io_sti
     9 00000000                                 	EXTERN	_fifo32_init
    10 00000000                                 	EXTERN	_init_pit
    11 00000000                                 	EXTERN	_init_keyboard
    12 00000000                                 	EXTERN	_enable_mouse
    13 00000000                                 	EXTERN	_io_out8
    14 00000000                                 	EXTERN	_timer_alloc
    15 00000000                                 	EXTERN	_timer_init
    16 00000000                                 	EXTERN	_timer_settime
    17 00000000                                 	EXTERN	_memtest
    18 00000000                                 	EXTERN	_memman_init
    19 00000000                                 	EXTERN	_memman_free
    20 00000000                                 	EXTERN	_init_palette
    21 00000000                                 	EXTERN	_shtctl_init
    22 00000000                                 	EXTERN	_sheet_alloc
    23 00000000                                 	EXTERN	_memman_alloc_4k
    24 00000000                                 	EXTERN	_sheet_setbuf
    25 00000000                                 	EXTERN	_init_screen8
    26 00000000                                 	EXTERN	_init_mouse_cursor8
    27 00000000                                 	EXTERN	_sheet_slide
    28 00000000                                 	EXTERN	_sheet_updown
    29 00000000                                 	EXTERN	_sprintf
    30 00000000                                 	EXTERN	_memman_total
    31 00000000                                 	EXTERN	_set_segmdesc
    32 00000000                                 	EXTERN	_load_tr
    33 00000000                                 	EXTERN	_mt_init
    34 00000000                                 	EXTERN	_io_cli
    35 00000000                                 	EXTERN	_fifo32_status
    36 00000000                                 	EXTERN	_fifo32_get
    37 00000000                                 	EXTERN	_boxfill8
    38 00000000                                 	EXTERN	_sheet_refresh
    39 00000000                                 	EXTERN	_mouse_decode
    40 00000000                                 	EXTERN	_keytable
    41 00000000                                 	EXTERN	_farjmp
    42 00000000                                 	EXTERN	_io_stihlt
    43 00000000                                 	EXTERN	_putfonts8_asc
    44 00000000                                 [FILE "bootpack.c"]
    45                                          [SECTION .data]
    46 00000000                                 _keytable:
    47 00000000 00                              	DB	0
    48 00000001 00                              	DB	0
    49 00000002 31                              	DB	49
    50 00000003 32                              	DB	50
    51 00000004 33                              	DB	51
    52 00000005 34                              	DB	52
    53 00000006 35                              	DB	53
    54 00000007 36                              	DB	54
    55 00000008 37                              	DB	55
    56 00000009 38                              	DB	56
    57 0000000A 39                              	DB	57
    58 0000000B 30                              	DB	48
    59 0000000C 2D                              	DB	45
    60 0000000D 5E                              	DB	94
    61 0000000E 00                              	DB	0
    62 0000000F 00                              	DB	0
    63 00000010 51                              	DB	81
    64 00000011 57                              	DB	87
    65 00000012 45                              	DB	69
    66 00000013 52                              	DB	82
    67 00000014 54                              	DB	84
    68 00000015 59                              	DB	89
    69 00000016 55                              	DB	85
    70 00000017 49                              	DB	73
    71 00000018 4F                              	DB	79
    72 00000019 50                              	DB	80
    73 0000001A 40                              	DB	64
    74 0000001B 5B                              	DB	91
    75 0000001C 00                              	DB	0
    76 0000001D 00                              	DB	0
    77 0000001E 41                              	DB	65
    78 0000001F 53                              	DB	83
    79 00000020 44                              	DB	68
    80 00000021 46                              	DB	70
    81 00000022 47                              	DB	71
    82 00000023 48                              	DB	72
    83 00000024 4A                              	DB	74
    84 00000025 4B                              	DB	75
    85 00000026 4C                              	DB	76
    86 00000027 3B                              	DB	59
    87 00000028 3A                              	DB	58
    88 00000029 00                              	DB	0
    89 0000002A 00                              	DB	0
    90 0000002B 5D                              	DB	93
    91 0000002C 5A                              	DB	90
    92 0000002D 58                              	DB	88
    93 0000002E 43                              	DB	67
    94 0000002F 56                              	DB	86
    95 00000030 42                              	DB	66
    96 00000031 4E                              	DB	78
    97 00000032 4D                              	DB	77
    98 00000033 2C                              	DB	44
    99 00000034 2E                              	DB	46
   100 00000035 2F                              	DB	47
   101 00000036 00                              	DB	0
   102 00000037 2A                              	DB	42
   103 00000038 00                              	DB	0
   104 00000039 20                              	DB	32
   105 0000003A 00                              	DB	0
   106 0000003B 00                              	DB	0
   107 0000003C 00                              	DB	0
   108 0000003D 00                              	DB	0
   109 0000003E 00                              	DB	0
   110 0000003F 00                              	DB	0
   111 00000040 00                              	DB	0
   112 00000041 00                              	DB	0
   113 00000042 00                              	DB	0
   114 00000043 00                              	DB	0
   115 00000044 00                              	DB	0
   116 00000045 00                              	DB	0
   117 00000046 00                              	DB	0
   118 00000047 37                              	DB	55
   119 00000048 38                              	DB	56
   120 00000049 39                              	DB	57
   121 0000004A 2D                              	DB	45
   122 0000004B 34                              	DB	52
   123 0000004C 35                              	DB	53
   124 0000004D 36                              	DB	54
   125 0000004E 2B                              	DB	43
   126 0000004F 31                              	DB	49
   127 00000050 32                              	DB	50
   128 00000051 33                              	DB	51
   129 00000052 30                              	DB	48
   130 00000053 2E                              	DB	46
   131 00000054                                 LC0:
   132 00000054 77 69 6E 64 6F 77 00            	DB	"window",0x00
   133 0000005B                                 LC1:
   134 0000005B 28 25 33 64 2C 20 25 33 64 29   	DB	"(%3d, %3d)",0x00
       00000065 00 
   135 00000066                                 LC2:
   136 00000066 6D 65 6D 6F 72 79 20 25 64 4D   	DB	"memory %dMB   free : %dKB",0x00
       00000070 42 20 20 20 66 72 65 65 20 3A 
       0000007A 20 25 64 4B 42 00 
   137 00000080                                 LC7:
   138 00000080 33 5B 73 65 63 5D 00            	DB	"3[sec]",0x00
   139 00000087                                 LC6:
   140 00000087 31 30 5B 73 65 63 5D 00         	DB	"10[sec]",0x00
   141 0000008F                                 LC5:
   142 0000008F 5B 6C 63 72 20 25 34 64 20 25   	DB	"[lcr %4d %4d]",0x00
       00000099 34 64 5D 00 
   143 0000009D                                 LC3:
   144 0000009D 25 30 32 58 00                  	DB	"%02X",0x00
   145 000000A2                                 LC4:
   146 000000A2 20 00                           	DB	" ",0x00
   147                                          [SECTION .text]
   148 00000000                                 	GLOBAL	_HariMain
   149 00000000                                 _HariMain:
   150 00000000 55                              	PUSH	EBP
   151 00000001 89 E5                           	MOV	EBP,ESP
   152 00000003 57                              	PUSH	EDI
   153 00000004 56                              	PUSH	ESI
   154 00000005 53                              	PUSH	EBX
   155 00000006 8D 75 D4                        	LEA	ESI,DWORD [-44+EBP]
   156 00000009 81 EC 0000046C                  	SUB	ESP,1132
   157 0000000F E8 [00000000]                   	CALL	_init_gdtidt
   158 00000014 E8 [00000000]                   	CALL	_init_pic
   159 00000019 E8 [00000000]                   	CALL	_io_sti
   160 0000001E 8D 85 FFFFFD94                  	LEA	EAX,DWORD [-620+EBP]
   161 00000024 50                              	PUSH	EAX
   162 00000025 68 00000080                     	PUSH	128
   163 0000002A 56                              	PUSH	ESI
   164 0000002B E8 [00000000]                   	CALL	_fifo32_init
   165 00000030 E8 [00000000]                   	CALL	_init_pit
   166 00000035 68 00000100                     	PUSH	256
   167 0000003A 56                              	PUSH	ESI
   168 0000003B E8 [00000000]                   	CALL	_init_keyboard
   169 00000040 8D 45 C4                        	LEA	EAX,DWORD [-60+EBP]
   170 00000043 50                              	PUSH	EAX
   171 00000044 68 00000200                     	PUSH	512
   172 00000049 56                              	PUSH	ESI
   173 0000004A E8 [00000000]                   	CALL	_enable_mouse
   174 0000004F 83 C4 20                        	ADD	ESP,32
   175 00000052 68 000000F8                     	PUSH	248
   176 00000057 6A 21                           	PUSH	33
   177 00000059 E8 [00000000]                   	CALL	_io_out8
   178 0000005E 68 000000EF                     	PUSH	239
   179 00000063 68 000000A1                     	PUSH	161
   180 00000068 E8 [00000000]                   	CALL	_io_out8
   181 0000006D E8 [00000000]                   	CALL	_timer_alloc
   182 00000072 6A 0A                           	PUSH	10
   183 00000074 56                              	PUSH	ESI
   184 00000075 89 C3                           	MOV	EBX,EAX
   185 00000077 50                              	PUSH	EAX
   186 00000078 E8 [00000000]                   	CALL	_timer_init
   187 0000007D 68 000003E8                     	PUSH	1000
   188 00000082 53                              	PUSH	EBX
   189 00000083 E8 [00000000]                   	CALL	_timer_settime
   190 00000088 83 C4 24                        	ADD	ESP,36
   191 0000008B E8 [00000000]                   	CALL	_timer_alloc
   192 00000090 6A 03                           	PUSH	3
   193 00000092 89 C3                           	MOV	EBX,EAX
   194 00000094 56                              	PUSH	ESI
   195 00000095 50                              	PUSH	EAX
   196 00000096 E8 [00000000]                   	CALL	_timer_init
   197 0000009B 68 0000012C                     	PUSH	300
   198 000000A0 53                              	PUSH	EBX
   199 000000A1 E8 [00000000]                   	CALL	_timer_settime
   200 000000A6 E8 [00000000]                   	CALL	_timer_alloc
   201 000000AB 6A 01                           	PUSH	1
   202 000000AD 56                              	PUSH	ESI
   203 000000AE 50                              	PUSH	EAX
   204 000000AF 89 85 FFFFFBB0                  	MOV	DWORD [-1104+EBP],EAX
   205 000000B5 E8 [00000000]                   	CALL	_timer_init
   206 000000BA 83 C4 20                        	ADD	ESP,32
   207 000000BD 6A 32                           	PUSH	50
   208 000000BF FF B5 FFFFFBB0                  	PUSH	DWORD [-1104+EBP]
   209 000000C5 E8 [00000000]                   	CALL	_timer_settime
   210 000000CA 68 BFFFFFFF                     	PUSH	-1073741825
   211 000000CF 68 00400000                     	PUSH	4194304
   212 000000D4 E8 [00000000]                   	CALL	_memtest
   213 000000D9 68 003C0000                     	PUSH	3932160
   214 000000DE 89 85 FFFFFB9C                  	MOV	DWORD [-1124+EBP],EAX
   215 000000E4 E8 [00000000]                   	CALL	_memman_init
   216 000000E9 68 0009E000                     	PUSH	647168
   217 000000EE 68 00001000                     	PUSH	4096
   218 000000F3 68 003C0000                     	PUSH	3932160
   219 000000F8 E8 [00000000]                   	CALL	_memman_free
   220 000000FD 8B 85 FFFFFB9C                  	MOV	EAX,DWORD [-1124+EBP]
   221 00000103 83 C4 20                        	ADD	ESP,32
   222 00000106 2D 00400000                     	SUB	EAX,4194304
   223 0000010B 50                              	PUSH	EAX
   224 0000010C 68 00400000                     	PUSH	4194304
   225 00000111 68 003C0000                     	PUSH	3932160
   226 00000116 E8 [00000000]                   	CALL	_memman_free
   227 0000011B E8 [00000000]                   	CALL	_init_palette
   228 00000120 0F BF 05 00000FF6               	MOVSX	EAX,WORD [4086]
   229 00000127 50                              	PUSH	EAX
   230 00000128 0F BF 05 00000FF4               	MOVSX	EAX,WORD [4084]
   231 0000012F 50                              	PUSH	EAX
   232 00000130 FF 35 00000FF8                  	PUSH	DWORD [4088]
   233 00000136 68 003C0000                     	PUSH	3932160
   234 0000013B E8 [00000000]                   	CALL	_shtctl_init
   235 00000140 89 C3                           	MOV	EBX,EAX
   236 00000142 50                              	PUSH	EAX
   237 00000143 E8 [00000000]                   	CALL	_sheet_alloc
   238 00000148 83 C4 20                        	ADD	ESP,32
   239 0000014B 53                              	PUSH	EBX
   240 0000014C 89 85 FFFFFB98                  	MOV	DWORD [-1128+EBP],EAX
   241 00000152 E8 [00000000]                   	CALL	_sheet_alloc
   242 00000157 53                              	PUSH	EBX
   243 00000158 8D 9D FFFFFC94                  	LEA	EBX,DWORD [-876+EBP]
   244 0000015E 89 85 FFFFFB94                  	MOV	DWORD [-1132+EBP],EAX
   245 00000164 E8 [00000000]                   	CALL	_sheet_alloc
   246 00000169 0F BF 15 00000FF6               	MOVSX	EDX,WORD [4086]
   247 00000170 89 85 FFFFFB90                  	MOV	DWORD [-1136+EBP],EAX
   248 00000176 0F BF 05 00000FF4               	MOVSX	EAX,WORD [4084]
   249 0000017D 0F AF C2                        	IMUL	EAX,EDX
   250 00000180 50                              	PUSH	EAX
   251 00000181 68 003C0000                     	PUSH	3932160
   252 00000186 E8 [00000000]                   	CALL	_memman_alloc_4k
   253 0000018B 68 00002080                     	PUSH	8320
   254 00000190 68 003C0000                     	PUSH	3932160
   255 00000195 89 C6                           	MOV	ESI,EAX
   256 00000197 E8 [00000000]                   	CALL	_memman_alloc_4k
   257 0000019C 6A FF                           	PUSH	-1
   258 0000019E 89 C7                           	MOV	EDI,EAX
   259 000001A0 0F BF 05 00000FF6               	MOVSX	EAX,WORD [4086]
   260 000001A7 50                              	PUSH	EAX
   261 000001A8 0F BF 05 00000FF4               	MOVSX	EAX,WORD [4084]
   262 000001AF 50                              	PUSH	EAX
   263 000001B0 56                              	PUSH	ESI
   264 000001B1 FF B5 FFFFFB98                  	PUSH	DWORD [-1128+EBP]
   265 000001B7 E8 [00000000]                   	CALL	_sheet_setbuf
   266 000001BC 83 C4 2C                        	ADD	ESP,44
   267 000001BF 6A 63                           	PUSH	99
   268 000001C1 6A 10                           	PUSH	16
   269 000001C3 6A 10                           	PUSH	16
   270 000001C5 53                              	PUSH	EBX
   271 000001C6 FF B5 FFFFFB94                  	PUSH	DWORD [-1132+EBP]
   272 000001CC E8 [00000000]                   	CALL	_sheet_setbuf
   273 000001D1 6A FF                           	PUSH	-1
   274 000001D3 6A 34                           	PUSH	52
   275 000001D5 68 000000A0                     	PUSH	160
   276 000001DA 57                              	PUSH	EDI
   277 000001DB FF B5 FFFFFB90                  	PUSH	DWORD [-1136+EBP]
   278 000001E1 E8 [00000000]                   	CALL	_sheet_setbuf
   279 000001E6 83 C4 28                        	ADD	ESP,40
   280 000001E9 0F BF 05 00000FF6               	MOVSX	EAX,WORD [4086]
   281 000001F0 50                              	PUSH	EAX
   282 000001F1 0F BF 05 00000FF4               	MOVSX	EAX,WORD [4084]
   283 000001F8 50                              	PUSH	EAX
   284 000001F9 56                              	PUSH	ESI
   285 000001FA E8 [00000000]                   	CALL	_init_screen8
   286 000001FF 6A 63                           	PUSH	99
   287 00000201 53                              	PUSH	EBX
   288 00000202 BB 00000002                     	MOV	EBX,2
   289 00000207 E8 [00000000]                   	CALL	_init_mouse_cursor8
   290 0000020C 68 [00000054]                   	PUSH	LC0
   291 00000211 6A 34                           	PUSH	52
   292 00000213 68 000000A0                     	PUSH	160
   293 00000218 57                              	PUSH	EDI
   294 00000219 E8 000005C1                     	CALL	_make_window8
   295 0000021E 83 C4 24                        	ADD	ESP,36
   296 00000221 6A 07                           	PUSH	7
   297 00000223 6A 10                           	PUSH	16
   298 00000225 68 00000090                     	PUSH	144
   299 0000022A 6A 1C                           	PUSH	28
   300 0000022C 6A 08                           	PUSH	8
   301 0000022E FF B5 FFFFFB90                  	PUSH	DWORD [-1136+EBP]
   302 00000234 E8 00000799                     	CALL	_make_textbox8
   303 00000239 6A 00                           	PUSH	0
   304 0000023B 6A 00                           	PUSH	0
   305 0000023D FF B5 FFFFFB98                  	PUSH	DWORD [-1128+EBP]
   306 00000243 C7 85 FFFFFBA4 00000008         	MOV	DWORD [-1116+EBP],8
   307 0000024D C7 85 FFFFFBA0 00000007         	MOV	DWORD [-1120+EBP],7
   308 00000257 E8 [00000000]                   	CALL	_sheet_slide
   309 0000025C 83 C4 24                        	ADD	ESP,36
   310 0000025F 0F BF 05 00000FF4               	MOVSX	EAX,WORD [4084]
   311 00000266 8D 48 F0                        	LEA	ECX,DWORD [-16+EAX]
   312 00000269 89 C8                           	MOV	EAX,ECX
   313 0000026B 99                              	CDQ
   314 0000026C F7 FB                           	IDIV	EBX
   315 0000026E 89 85 FFFFFBA8                  	MOV	DWORD [-1112+EBP],EAX
   316 00000274 0F BF 05 00000FF6               	MOVSX	EAX,WORD [4086]
   317 0000027B 8D 48 D4                        	LEA	ECX,DWORD [-44+EAX]
   318 0000027E 89 C8                           	MOV	EAX,ECX
   319 00000280 99                              	CDQ
   320 00000281 F7 FB                           	IDIV	EBX
   321 00000283 50                              	PUSH	EAX
   322 00000284 89 C7                           	MOV	EDI,EAX
   323 00000286 FF B5 FFFFFBA8                  	PUSH	DWORD [-1112+EBP]
   324 0000028C FF B5 FFFFFB94                  	PUSH	DWORD [-1132+EBP]
   325 00000292 8D 5D 94                        	LEA	EBX,DWORD [-108+EBP]
   326 00000295 E8 [00000000]                   	CALL	_sheet_slide
   327 0000029A 6A 48                           	PUSH	72
   328 0000029C 6A 50                           	PUSH	80
   329 0000029E FF B5 FFFFFB90                  	PUSH	DWORD [-1136+EBP]
   330 000002A4 E8 [00000000]                   	CALL	_sheet_slide
   331 000002A9 6A 00                           	PUSH	0
   332 000002AB FF B5 FFFFFB98                  	PUSH	DWORD [-1128+EBP]
   333 000002B1 E8 [00000000]                   	CALL	_sheet_updown
   334 000002B6 83 C4 20                        	ADD	ESP,32
   335 000002B9 6A 01                           	PUSH	1
   336 000002BB FF B5 FFFFFB90                  	PUSH	DWORD [-1136+EBP]
   337 000002C1 E8 [00000000]                   	CALL	_sheet_updown
   338 000002C6 6A 02                           	PUSH	2
   339 000002C8 FF B5 FFFFFB94                  	PUSH	DWORD [-1132+EBP]
   340 000002CE E8 [00000000]                   	CALL	_sheet_updown
   341 000002D3 57                              	PUSH	EDI
   342 000002D4 FF B5 FFFFFBA8                  	PUSH	DWORD [-1112+EBP]
   343 000002DA 68 [0000005B]                   	PUSH	LC1
   344 000002DF 53                              	PUSH	EBX
   345 000002E0 E8 [00000000]                   	CALL	_sprintf
   346 000002E5 83 C4 20                        	ADD	ESP,32
   347 000002E8 6A 0A                           	PUSH	10
   348 000002EA 53                              	PUSH	EBX
   349 000002EB 6A 0D                           	PUSH	13
   350 000002ED 6A 07                           	PUSH	7
   351 000002EF 6A 00                           	PUSH	0
   352 000002F1 6A 00                           	PUSH	0
   353 000002F3 FF B5 FFFFFB98                  	PUSH	DWORD [-1128+EBP]
   354 000002F9 E8 0000064D                     	CALL	_putfonts8_asc_sht
   355 000002FE 68 003C0000                     	PUSH	3932160
   356 00000303 E8 [00000000]                   	CALL	_memman_total
   357 00000308 C1 AD FFFFFB9C 14               	SHR	DWORD [-1124+EBP],20
   358 0000030F C1 E8 0A                        	SHR	EAX,10
   359 00000312 89 04 24                        	MOV	DWORD [ESP],EAX
   360 00000315 FF B5 FFFFFB9C                  	PUSH	DWORD [-1124+EBP]
   361 0000031B 68 [00000066]                   	PUSH	LC2
   362 00000320 53                              	PUSH	EBX
   363 00000321 E8 [00000000]                   	CALL	_sprintf
   364 00000326 83 C4 2C                        	ADD	ESP,44
   365 00000329 6A 28                           	PUSH	40
   366 0000032B 53                              	PUSH	EBX
   367 0000032C 6A 0D                           	PUSH	13
   368 0000032E 6A 07                           	PUSH	7
   369 00000330 6A 20                           	PUSH	32
   370 00000332 6A 00                           	PUSH	0
   371 00000334 FF B5 FFFFFB98                  	PUSH	DWORD [-1128+EBP]
   372 0000033A E8 0000060C                     	CALL	_putfonts8_asc_sht
   373 0000033F 8D 85 FFFFFC24                  	LEA	EAX,DWORD [-988+EBP]
   374 00000345 68 00000089                     	PUSH	137
   375 0000034A 50                              	PUSH	EAX
   376 0000034B 6A 67                           	PUSH	103
   377 0000034D 68 00270018                     	PUSH	2555928
   378 00000352 C7 85 FFFFFC84 00000000         	MOV	DWORD [-892+EBP],0
   379 0000035C C7 85 FFFFFC88 40000000         	MOV	DWORD [-888+EBP],1073741824
   380 00000366 C7 85 FFFFFC14 00000000         	MOV	DWORD [-1004+EBP],0
   381 00000370 C7 85 FFFFFC18 40000000         	MOV	DWORD [-1000+EBP],1073741824
   382 0000037A E8 [00000000]                   	CALL	_set_segmdesc
   383 0000037F 8D 85 FFFFFBB4                  	LEA	EAX,DWORD [-1100+EBP]
   384 00000385 83 C4 2C                        	ADD	ESP,44
   385 00000388 68 00000089                     	PUSH	137
   386 0000038D 50                              	PUSH	EAX
   387 0000038E 6A 67                           	PUSH	103
   388 00000390 68 00270020                     	PUSH	2555936
   389 00000395 E8 [00000000]                   	CALL	_set_segmdesc
   390 0000039A 6A 18                           	PUSH	24
   391 0000039C E8 [00000000]                   	CALL	_load_tr
   392 000003A1 68 00010000                     	PUSH	65536
   393 000003A6 68 003C0000                     	PUSH	3932160
   394 000003AB E8 [00000000]                   	CALL	_memman_alloc_4k
   395 000003B0 8B 9D FFFFFB98                  	MOV	EBX,DWORD [-1128+EBP]
   396 000003B6 05 0000FFF8                     	ADD	EAX,65528
   397 000003BB C7 85 FFFFFBD4 [00000B08]       	MOV	DWORD [-1068+EBP],_task_b_main
   398 000003C5 C7 85 FFFFFBD8 00000202         	MOV	DWORD [-1064+EBP],514
   399 000003CF C7 85 FFFFFBDC 00000000         	MOV	DWORD [-1060+EBP],0
   400 000003D9 C7 85 FFFFFBE0 00000000         	MOV	DWORD [-1056+EBP],0
   401 000003E3 C7 85 FFFFFBE4 00000000         	MOV	DWORD [-1052+EBP],0
   402 000003ED C7 85 FFFFFBE8 00000000         	MOV	DWORD [-1048+EBP],0
   403 000003F7 89 85 FFFFFBEC                  	MOV	DWORD [-1044+EBP],EAX
   404 000003FD C7 85 FFFFFBF0 00000000         	MOV	DWORD [-1040+EBP],0
   405 00000407 C7 85 FFFFFBF4 00000000         	MOV	DWORD [-1036+EBP],0
   406 00000411 C7 85 FFFFFBF8 00000000         	MOV	DWORD [-1032+EBP],0
   407 0000041B C7 85 FFFFFBFC 00000008         	MOV	DWORD [-1028+EBP],8
   408 00000425 C7 85 FFFFFC00 00000010         	MOV	DWORD [-1024+EBP],16
   409 0000042F C7 85 FFFFFC04 00000008         	MOV	DWORD [-1020+EBP],8
   410 00000439 C7 85 FFFFFC08 00000008         	MOV	DWORD [-1016+EBP],8
   411 00000443 C7 85 FFFFFC0C 00000008         	MOV	DWORD [-1012+EBP],8
   412 0000044D C7 85 FFFFFC10 00000008         	MOV	DWORD [-1008+EBP],8
   413 00000457 89 58 04                        	MOV	DWORD [4+EAX],EBX
   414 0000045A E8 [00000000]                   	CALL	_mt_init
   415 0000045F                                 L32:
   416 0000045F 83 C4 1C                        	ADD	ESP,28
   417 00000462                                 L2:
   418 00000462 8D 75 D4                        	LEA	ESI,DWORD [-44+EBP]
   419 00000465 E8 [00000000]                   	CALL	_io_cli
   420 0000046A 56                              	PUSH	ESI
   421 0000046B E8 [00000000]                   	CALL	_fifo32_status
   422 00000470 5A                              	POP	EDX
   423 00000471 85 C0                           	TEST	EAX,EAX
   424 00000473 0F 84 0000035C                  	JE	L35
   425 00000479 56                              	PUSH	ESI
   426 0000047A E8 [00000000]                   	CALL	_fifo32_get
   427 0000047F 89 C3                           	MOV	EBX,EAX
   428 00000481 E8 [00000000]                   	CALL	_io_sti
   429 00000486 58                              	POP	EAX
   430 00000487 83 FB 02                        	CMP	EBX,2
   431 0000048A 0F 84 00000327                  	JE	L36
   432 00000490 8D 83 FFFFFF00                  	LEA	EAX,DWORD [-256+EBX]
   433 00000496 3D 000000FF                     	CMP	EAX,255
   434 0000049B 0F 86 00000216                  	JBE	L37
   435 000004A1 8D 83 FFFFFE00                  	LEA	EAX,DWORD [-512+EBX]
   436 000004A7 3D 000000FF                     	CMP	EAX,255
   437 000004AC 0F 86 000000DA                  	JBE	L38
   438 000004B2 83 FB 0A                        	CMP	EBX,10
   439 000004B5 0F 84 000000C2                  	JE	L39
   440 000004BB 83 FB 03                        	CMP	EBX,3
   441 000004BE 0F 84 0000009A                  	JE	L40
   442 000004C4 83 FB 01                        	CMP	EBX,1
   443 000004C7 7F 99                           	JG	L2
   444 000004C9 85 DB                           	TEST	EBX,EBX
   445 000004CB 74 77                           	JE	L30
   446 000004CD 6A 00                           	PUSH	0
   447 000004CF 56                              	PUSH	ESI
   448 000004D0 FF B5 FFFFFBB0                  	PUSH	DWORD [-1104+EBP]
   449 000004D6 E8 [00000000]                   	CALL	_timer_init
   450 000004DB C7 85 FFFFFBA0 00000000         	MOV	DWORD [-1120+EBP],0
   451 000004E5                                 L34:
   452 000004E5 83 C4 0C                        	ADD	ESP,12
   453 000004E8 6A 32                           	PUSH	50
   454 000004EA FF B5 FFFFFBB0                  	PUSH	DWORD [-1104+EBP]
   455 000004F0 E8 [00000000]                   	CALL	_timer_settime
   456 000004F5 8B 9D FFFFFB90                  	MOV	EBX,DWORD [-1136+EBP]
   457 000004FB 8B 85 FFFFFBA4                  	MOV	EAX,DWORD [-1116+EBP]
   458 00000501 6A 2B                           	PUSH	43
   459 00000503 83 C0 07                        	ADD	EAX,7
   460 00000506 50                              	PUSH	EAX
   461 00000507 6A 1C                           	PUSH	28
   462 00000509 FF B5 FFFFFBA4                  	PUSH	DWORD [-1116+EBP]
   463 0000050F FF B5 FFFFFBA0                  	PUSH	DWORD [-1120+EBP]
   464 00000515 FF 73 04                        	PUSH	DWORD [4+EBX]
   465 00000518 FF 33                           	PUSH	DWORD [EBX]
   466 0000051A E8 [00000000]                   	CALL	_boxfill8
   467 0000051F 8B 85 FFFFFBA4                  	MOV	EAX,DWORD [-1116+EBP]
   468 00000525 83 C4 24                        	ADD	ESP,36
   469 00000528 83 C0 08                        	ADD	EAX,8
   470 0000052B 6A 2C                           	PUSH	44
   471 0000052D 50                              	PUSH	EAX
   472 0000052E 6A 1C                           	PUSH	28
   473 00000530 FF B5 FFFFFBA4                  	PUSH	DWORD [-1116+EBP]
   474 00000536 53                              	PUSH	EBX
   475 00000537 E8 [00000000]                   	CALL	_sheet_refresh
   476 0000053C 83 C4 14                        	ADD	ESP,20
   477 0000053F E9 FFFFFF1E                     	JMP	L2
   478 00000544                                 L30:
   479 00000544 6A 01                           	PUSH	1
   480 00000546 56                              	PUSH	ESI
   481 00000547 FF B5 FFFFFBB0                  	PUSH	DWORD [-1104+EBP]
   482 0000054D E8 [00000000]                   	CALL	_timer_init
   483 00000552 C7 85 FFFFFBA0 00000007         	MOV	DWORD [-1120+EBP],7
   484 0000055C EB 87                           	JMP	L34
   485 0000055E                                 L40:
   486 0000055E 6A 06                           	PUSH	6
   487 00000560 68 [00000080]                   	PUSH	LC7
   488 00000565 6A 0D                           	PUSH	13
   489 00000567 6A 07                           	PUSH	7
   490 00000569 6A 50                           	PUSH	80
   491 0000056B                                 L33:
   492 0000056B 6A 00                           	PUSH	0
   493 0000056D FF B5 FFFFFB98                  	PUSH	DWORD [-1128+EBP]
   494 00000573 E8 000003D3                     	CALL	_putfonts8_asc_sht
   495 00000578 E9 FFFFFEE2                     	JMP	L32
   496 0000057D                                 L39:
   497 0000057D 6A 07                           	PUSH	7
   498 0000057F 68 [00000087]                   	PUSH	LC6
   499 00000584 6A 0D                           	PUSH	13
   500 00000586 6A 07                           	PUSH	7
   501 00000588 6A 40                           	PUSH	64
   502 0000058A EB DF                           	JMP	L33
   503 0000058C                                 L38:
   504 0000058C 0F B6 C3                        	MOVZX	EAX,BL
   505 0000058F 50                              	PUSH	EAX
   506 00000590 8D 45 C4                        	LEA	EAX,DWORD [-60+EBP]
   507 00000593 50                              	PUSH	EAX
   508 00000594 E8 [00000000]                   	CALL	_mouse_decode
   509 00000599 5A                              	POP	EDX
   510 0000059A 59                              	POP	ECX
   511 0000059B 85 C0                           	TEST	EAX,EAX
   512 0000059D 0F 84 FFFFFEBF                  	JE	L2
   513 000005A3 FF 75 CC                        	PUSH	DWORD [-52+EBP]
   514 000005A6 FF 75 C8                        	PUSH	DWORD [-56+EBP]
   515 000005A9 68 [0000008F]                   	PUSH	LC5
   516 000005AE 8D 5D 94                        	LEA	EBX,DWORD [-108+EBP]
   517 000005B1 53                              	PUSH	EBX
   518 000005B2 E8 [00000000]                   	CALL	_sprintf
   519 000005B7 83 C4 10                        	ADD	ESP,16
   520 000005BA 8B 45 D0                        	MOV	EAX,DWORD [-48+EBP]
   521 000005BD A9 00000001                     	TEST	EAX,1
   522 000005C2 74 04                           	JE	L16
   523 000005C4 C6 45 95 4C                     	MOV	BYTE [-107+EBP],76
   524 000005C8                                 L16:
   525 000005C8 A9 00000002                     	TEST	EAX,2
   526 000005CD 74 04                           	JE	L17
   527 000005CF C6 45 97 52                     	MOV	BYTE [-105+EBP],82
   528 000005D3                                 L17:
   529 000005D3 83 E0 04                        	AND	EAX,4
   530 000005D6 74 04                           	JE	L18
   531 000005D8 C6 45 96 43                     	MOV	BYTE [-106+EBP],67
   532 000005DC                                 L18:
   533 000005DC 6A 0F                           	PUSH	15
   534 000005DE 53                              	PUSH	EBX
   535 000005DF 6A 0D                           	PUSH	13
   536 000005E1 6A 07                           	PUSH	7
   537 000005E3 6A 10                           	PUSH	16
   538 000005E5 6A 20                           	PUSH	32
   539 000005E7 FF B5 FFFFFB98                  	PUSH	DWORD [-1128+EBP]
   540 000005ED E8 00000359                     	CALL	_putfonts8_asc_sht
   541 000005F2 8B 55 C8                        	MOV	EDX,DWORD [-56+EBP]
   542 000005F5 03 7D CC                        	ADD	EDI,DWORD [-52+EBP]
   543 000005F8 83 C4 1C                        	ADD	ESP,28
   544 000005FB 01 95 FFFFFBA8                  	ADD	DWORD [-1112+EBP],EDX
   545 00000601 0F 88 000000A1                  	JS	L41
   546 00000607                                 L19:
   547 00000607 85 FF                           	TEST	EDI,EDI
   548 00000609 0F 88 00000092                  	JS	L42
   549 0000060F                                 L20:
   550 0000060F 0F BF 05 00000FF4               	MOVSX	EAX,WORD [4084]
   551 00000616 48                              	DEC	EAX
   552 00000617 39 85 FFFFFBA8                  	CMP	DWORD [-1112+EBP],EAX
   553 0000061D 7E 06                           	JLE	L21
   554 0000061F 89 85 FFFFFBA8                  	MOV	DWORD [-1112+EBP],EAX
   555 00000625                                 L21:
   556 00000625 0F BF 05 00000FF6               	MOVSX	EAX,WORD [4086]
   557 0000062C 48                              	DEC	EAX
   558 0000062D 39 C7                           	CMP	EDI,EAX
   559 0000062F 7E 02                           	JLE	L22
   560 00000631 89 C7                           	MOV	EDI,EAX
   561 00000633                                 L22:
   562 00000633 57                              	PUSH	EDI
   563 00000634 FF B5 FFFFFBA8                  	PUSH	DWORD [-1112+EBP]
   564 0000063A 68 [0000005B]                   	PUSH	LC1
   565 0000063F 53                              	PUSH	EBX
   566 00000640 E8 [00000000]                   	CALL	_sprintf
   567 00000645 6A 0A                           	PUSH	10
   568 00000647 53                              	PUSH	EBX
   569 00000648 6A 0D                           	PUSH	13
   570 0000064A 6A 07                           	PUSH	7
   571 0000064C 6A 00                           	PUSH	0
   572 0000064E 6A 00                           	PUSH	0
   573 00000650 FF B5 FFFFFB98                  	PUSH	DWORD [-1128+EBP]
   574 00000656 E8 000002F0                     	CALL	_putfonts8_asc_sht
   575 0000065B 83 C4 2C                        	ADD	ESP,44
   576 0000065E 57                              	PUSH	EDI
   577 0000065F FF B5 FFFFFBA8                  	PUSH	DWORD [-1112+EBP]
   578 00000665 FF B5 FFFFFB94                  	PUSH	DWORD [-1132+EBP]
   579 0000066B E8 [00000000]                   	CALL	_sheet_slide
   580 00000670 83 C4 0C                        	ADD	ESP,12
   581 00000673 F7 45 D0 00000001               	TEST	DWORD [-48+EBP],1
   582 0000067A 0F 84 FFFFFDE2                  	JE	L2
   583 00000680 8D 47 F8                        	LEA	EAX,DWORD [-8+EDI]
   584 00000683 50                              	PUSH	EAX
   585 00000684 8B 85 FFFFFBA8                  	MOV	EAX,DWORD [-1112+EBP]
   586 0000068A 83 E8 50                        	SUB	EAX,80
   587 0000068D 50                              	PUSH	EAX
   588 0000068E FF B5 FFFFFB90                  	PUSH	DWORD [-1136+EBP]
   589 00000694 E8 [00000000]                   	CALL	_sheet_slide
   590 00000699 83 C4 0C                        	ADD	ESP,12
   591 0000069C E9 FFFFFDC1                     	JMP	L2
   592 000006A1                                 L42:
   593 000006A1 31 FF                           	XOR	EDI,EDI
   594 000006A3 E9 FFFFFF67                     	JMP	L20
   595 000006A8                                 L41:
   596 000006A8 C7 85 FFFFFBA8 00000000         	MOV	DWORD [-1112+EBP],0
   597 000006B2 E9 FFFFFF50                     	JMP	L19
   598 000006B7                                 L37:
   599 000006B7 50                              	PUSH	EAX
   600 000006B8 8D 75 94                        	LEA	ESI,DWORD [-108+EBP]
   601 000006BB 68 [0000009D]                   	PUSH	LC3
   602 000006C0 56                              	PUSH	ESI
   603 000006C1 E8 [00000000]                   	CALL	_sprintf
   604 000006C6 6A 02                           	PUSH	2
   605 000006C8 56                              	PUSH	ESI
   606 000006C9 6A 0D                           	PUSH	13
   607 000006CB 6A 07                           	PUSH	7
   608 000006CD 6A 10                           	PUSH	16
   609 000006CF 6A 00                           	PUSH	0
   610 000006D1 FF B5 FFFFFB98                  	PUSH	DWORD [-1128+EBP]
   611 000006D7 E8 0000026F                     	CALL	_putfonts8_asc_sht
   612 000006DC 83 C4 28                        	ADD	ESP,40
   613 000006DF 81 FB 00000153                  	CMP	EBX,339
   614 000006E5 7F 41                           	JG	L10
   615 000006E7 8A 83 [FFFFFF00]                	MOV	AL,BYTE [_keytable-256+EBX]
   616 000006ED 84 C0                           	TEST	AL,AL
   617 000006EF 74 37                           	JE	L10
   618 000006F1 81 BD FFFFFBA4 0000008F         	CMP	DWORD [-1116+EBP],143
   619 000006FB 7F 2B                           	JG	L10
   620 000006FD 6A 01                           	PUSH	1
   621 000006FF 88 45 94                        	MOV	BYTE [-108+EBP],AL
   622 00000702 56                              	PUSH	ESI
   623 00000703 6A 07                           	PUSH	7
   624 00000705 6A 00                           	PUSH	0
   625 00000707 6A 1C                           	PUSH	28
   626 00000709 FF B5 FFFFFBA4                  	PUSH	DWORD [-1116+EBP]
   627 0000070F FF B5 FFFFFB90                  	PUSH	DWORD [-1136+EBP]
   628 00000715 C6 45 95 00                     	MOV	BYTE [-107+EBP],0
   629 00000719 E8 0000022D                     	CALL	_putfonts8_asc_sht
   630 0000071E 83 C4 1C                        	ADD	ESP,28
   631 00000721 83 85 FFFFFBA4 08               	ADD	DWORD [-1116+EBP],8
   632 00000728                                 L10:
   633 00000728 81 FB 0000010E                  	CMP	EBX,270
   634 0000072E 74 51                           	JE	L43
   635 00000730                                 L12:
   636 00000730 8B 85 FFFFFBA4                  	MOV	EAX,DWORD [-1116+EBP]
   637 00000736 6A 2B                           	PUSH	43
   638 00000738 83 C0 07                        	ADD	EAX,7
   639 0000073B 50                              	PUSH	EAX
   640 0000073C 8B 85 FFFFFB90                  	MOV	EAX,DWORD [-1136+EBP]
   641 00000742 6A 1C                           	PUSH	28
   642 00000744 FF B5 FFFFFBA4                  	PUSH	DWORD [-1116+EBP]
   643 0000074A FF B5 FFFFFBA0                  	PUSH	DWORD [-1120+EBP]
   644 00000750 FF 70 04                        	PUSH	DWORD [4+EAX]
   645 00000753 FF 30                           	PUSH	DWORD [EAX]
   646 00000755 E8 [00000000]                   	CALL	_boxfill8
   647 0000075A 8B 85 FFFFFBA4                  	MOV	EAX,DWORD [-1116+EBP]
   648 00000760 6A 2C                           	PUSH	44
   649 00000762 83 C0 08                        	ADD	EAX,8
   650 00000765 50                              	PUSH	EAX
   651 00000766 6A 1C                           	PUSH	28
   652 00000768 FF B5 FFFFFBA4                  	PUSH	DWORD [-1116+EBP]
   653 0000076E FF B5 FFFFFB90                  	PUSH	DWORD [-1136+EBP]
   654 00000774 E8 [00000000]                   	CALL	_sheet_refresh
   655 00000779 83 C4 30                        	ADD	ESP,48
   656 0000077C E9 FFFFFCE1                     	JMP	L2
   657 00000781                                 L43:
   658 00000781 83 BD FFFFFBA4 08               	CMP	DWORD [-1116+EBP],8
   659 00000788 7E A6                           	JLE	L12
   660 0000078A 6A 01                           	PUSH	1
   661 0000078C 68 [000000A2]                   	PUSH	LC4
   662 00000791 6A 07                           	PUSH	7
   663 00000793 6A 00                           	PUSH	0
   664 00000795 6A 1C                           	PUSH	28
   665 00000797 FF B5 FFFFFBA4                  	PUSH	DWORD [-1116+EBP]
   666 0000079D FF B5 FFFFFB90                  	PUSH	DWORD [-1136+EBP]
   667 000007A3 E8 000001A3                     	CALL	_putfonts8_asc_sht
   668 000007A8 83 C4 1C                        	ADD	ESP,28
   669 000007AB 83 AD FFFFFBA4 08               	SUB	DWORD [-1116+EBP],8
   670 000007B2 E9 FFFFFF79                     	JMP	L12
   671 000007B7                                 L36:
   672 000007B7 6A 20                           	PUSH	32
   673 000007B9 6A 00                           	PUSH	0
   674 000007BB E8 [00000000]                   	CALL	_farjmp
   675 000007C0 6A 02                           	PUSH	2
   676 000007C2 FF B5 FFFFFBAC                  	PUSH	DWORD [-1108+EBP]
   677 000007C8 E8 [00000000]                   	CALL	_timer_settime
   678 000007CD 83 C4 10                        	ADD	ESP,16
   679 000007D0 E9 FFFFFC8D                     	JMP	L2
   680 000007D5                                 L35:
   681 000007D5 E8 [00000000]                   	CALL	_io_stihlt
   682 000007DA E9 FFFFFC83                     	JMP	L2
   683                                          [SECTION .data]
   684 000000A4                                 _closebtn.0:
   685 000000A4 4F 4F 4F 4F 4F 4F 4F 4F 4F 4F   	DB	"OOOOOOOOOOOOOOO@"
       000000AE 4F 4F 4F 4F 4F 40 
   686 000000B4 4F 51 51 51 51 51 51 51 51 51   	DB	"OQQQQQQQQQQQQQ$@"
       000000BE 51 51 51 51 24 40 
   687 000000C4 4F 51 51 51 51 51 51 51 51 51   	DB	"OQQQQQQQQQQQQQ$@"
       000000CE 51 51 51 51 24 40 
   688 000000D4 4F 51 51 51 40 40 51 51 51 51   	DB	"OQQQ@@QQQQ@@QQ$@"
       000000DE 40 40 51 51 24 40 
   689 000000E4 4F 51 51 51 51 40 40 51 51 40   	DB	"OQQQQ@@QQ@@QQQ$@"
       000000EE 40 51 51 51 24 40 
   690 000000F4 4F 51 51 51 51 51 40 40 40 40   	DB	"OQQQQQ@@@@QQQQ$@"
       000000FE 51 51 51 51 24 40 
   691 00000104 4F 51 51 51 51 51 51 40 40 51   	DB	"OQQQQQQ@@QQQQQ$@"
       0000010E 51 51 51 51 24 40 
   692 00000114 4F 51 51 51 51 51 40 40 40 40   	DB	"OQQQQQ@@@@QQQQ$@"
       0000011E 51 51 51 51 24 40 
   693 00000124 4F 51 51 51 51 40 40 51 51 40   	DB	"OQQQQ@@QQ@@QQQ$@"
       0000012E 40 51 51 51 24 40 
   694 00000134 4F 51 51 51 40 40 51 51 51 51   	DB	"OQQQ@@QQQQ@@QQ$@"
       0000013E 40 40 51 51 24 40 
   695 00000144 4F 51 51 51 51 51 51 51 51 51   	DB	"OQQQQQQQQQQQQQ$@"
       0000014E 51 51 51 51 24 40 
   696 00000154 4F 51 51 51 51 51 51 51 51 51   	DB	"OQQQQQQQQQQQQQ$@"
       0000015E 51 51 51 51 24 40 
   697 00000164 4F 24 24 24 24 24 24 24 24 24   	DB	"O$$$$$$$$$$$$$$@"
       0000016E 24 24 24 24 24 40 
   698 00000174 40 40 40 40 40 40 40 40 40 40   	DB	"@@@@@@@@@@@@@@@@"
       0000017E 40 40 40 40 40 40 
   699                                          [SECTION .text]
   700 000007DF                                 	GLOBAL	_make_window8
   701 000007DF                                 _make_window8:
   702 000007DF 55                              	PUSH	EBP
   703 000007E0 89 E5                           	MOV	EBP,ESP
   704 000007E2 57                              	PUSH	EDI
   705 000007E3 56                              	PUSH	ESI
   706 000007E4 53                              	PUSH	EBX
   707 000007E5 83 EC 14                        	SUB	ESP,20
   708 000007E8 8B 5D 0C                        	MOV	EBX,DWORD [12+EBP]
   709 000007EB 6A 00                           	PUSH	0
   710 000007ED 8D 43 FF                        	LEA	EAX,DWORD [-1+EBX]
   711 000007F0 8D 7B FE                        	LEA	EDI,DWORD [-2+EBX]
   712 000007F3 50                              	PUSH	EAX
   713 000007F4 89 45 EC                        	MOV	DWORD [-20+EBP],EAX
   714 000007F7 6A 00                           	PUSH	0
   715 000007F9 6A 00                           	PUSH	0
   716 000007FB 6A 08                           	PUSH	8
   717 000007FD 53                              	PUSH	EBX
   718 000007FE FF 75 08                        	PUSH	DWORD [8+EBP]
   719 00000801 E8 [00000000]                   	CALL	_boxfill8
   720 00000806 6A 01                           	PUSH	1
   721 00000808 57                              	PUSH	EDI
   722 00000809 6A 01                           	PUSH	1
   723 0000080B 6A 01                           	PUSH	1
   724 0000080D 6A 07                           	PUSH	7
   725 0000080F 53                              	PUSH	EBX
   726 00000810 FF 75 08                        	PUSH	DWORD [8+EBP]
   727 00000813 E8 [00000000]                   	CALL	_boxfill8
   728 00000818 8B 55 10                        	MOV	EDX,DWORD [16+EBP]
   729 0000081B 83 C4 38                        	ADD	ESP,56
   730 0000081E 4A                              	DEC	EDX
   731 0000081F 89 55 E8                        	MOV	DWORD [-24+EBP],EDX
   732 00000822 52                              	PUSH	EDX
   733 00000823 6A 00                           	PUSH	0
   734 00000825 6A 00                           	PUSH	0
   735 00000827 6A 00                           	PUSH	0
   736 00000829 6A 08                           	PUSH	8
   737 0000082B 53                              	PUSH	EBX
   738 0000082C FF 75 08                        	PUSH	DWORD [8+EBP]
   739 0000082F E8 [00000000]                   	CALL	_boxfill8
   740 00000834 8B 75 10                        	MOV	ESI,DWORD [16+EBP]
   741 00000837 83 EE 02                        	SUB	ESI,2
   742 0000083A 56                              	PUSH	ESI
   743 0000083B 6A 01                           	PUSH	1
   744 0000083D 6A 01                           	PUSH	1
   745 0000083F 6A 01                           	PUSH	1
   746 00000841 6A 07                           	PUSH	7
   747 00000843 53                              	PUSH	EBX
   748 00000844 FF 75 08                        	PUSH	DWORD [8+EBP]
   749 00000847 E8 [00000000]                   	CALL	_boxfill8
   750 0000084C 83 C4 38                        	ADD	ESP,56
   751 0000084F 56                              	PUSH	ESI
   752 00000850 57                              	PUSH	EDI
   753 00000851 6A 01                           	PUSH	1
   754 00000853 57                              	PUSH	EDI
   755 00000854 6A 0D                           	PUSH	13
   756 00000856 53                              	PUSH	EBX
   757 00000857 FF 75 08                        	PUSH	DWORD [8+EBP]
   758 0000085A E8 [00000000]                   	CALL	_boxfill8
   759 0000085F FF 75 E8                        	PUSH	DWORD [-24+EBP]
   760 00000862 FF 75 EC                        	PUSH	DWORD [-20+EBP]
   761 00000865 6A 00                           	PUSH	0
   762 00000867 FF 75 EC                        	PUSH	DWORD [-20+EBP]
   763 0000086A 6A 00                           	PUSH	0
   764 0000086C 53                              	PUSH	EBX
   765 0000086D FF 75 08                        	PUSH	DWORD [8+EBP]
   766 00000870 E8 [00000000]                   	CALL	_boxfill8
   767 00000875 8B 45 10                        	MOV	EAX,DWORD [16+EBP]
   768 00000878 83 C4 38                        	ADD	ESP,56
   769 0000087B 83 E8 03                        	SUB	EAX,3
   770 0000087E 50                              	PUSH	EAX
   771 0000087F 8D 43 FD                        	LEA	EAX,DWORD [-3+EBX]
   772 00000882 50                              	PUSH	EAX
   773 00000883 6A 02                           	PUSH	2
   774 00000885 6A 02                           	PUSH	2
   775 00000887 6A 08                           	PUSH	8
   776 00000889 53                              	PUSH	EBX
   777 0000088A FF 75 08                        	PUSH	DWORD [8+EBP]
   778 0000088D E8 [00000000]                   	CALL	_boxfill8
   779 00000892 8D 43 FC                        	LEA	EAX,DWORD [-4+EBX]
   780 00000895 6A 14                           	PUSH	20
   781 00000897 50                              	PUSH	EAX
   782 00000898 6A 03                           	PUSH	3
   783 0000089A 6A 03                           	PUSH	3
   784 0000089C 6A 09                           	PUSH	9
   785 0000089E 53                              	PUSH	EBX
   786 0000089F FF 75 08                        	PUSH	DWORD [8+EBP]
   787 000008A2 E8 [00000000]                   	CALL	_boxfill8
   788 000008A7 83 C4 38                        	ADD	ESP,56
   789 000008AA 56                              	PUSH	ESI
   790 000008AB 57                              	PUSH	EDI
   791 000008AC 56                              	PUSH	ESI
   792 000008AD 6A 01                           	PUSH	1
   793 000008AF 6A 0D                           	PUSH	13
   794 000008B1 53                              	PUSH	EBX
   795 000008B2 FF 75 08                        	PUSH	DWORD [8+EBP]
   796 000008B5 E8 [00000000]                   	CALL	_boxfill8
   797 000008BA FF 75 E8                        	PUSH	DWORD [-24+EBP]
   798 000008BD FF 75 EC                        	PUSH	DWORD [-20+EBP]
   799 000008C0 FF 75 E8                        	PUSH	DWORD [-24+EBP]
   800 000008C3 6A 00                           	PUSH	0
   801 000008C5 6A 00                           	PUSH	0
   802 000008C7 6B F3 05                        	IMUL	ESI,EBX,5
   803 000008CA 53                              	PUSH	EBX
   804 000008CB FF 75 08                        	PUSH	DWORD [8+EBP]
   805 000008CE E8 [00000000]                   	CALL	_boxfill8
   806 000008D3 83 C4 38                        	ADD	ESP,56
   807 000008D6 FF 75 14                        	PUSH	DWORD [20+EBP]
   808 000008D9 6A 07                           	PUSH	7
   809 000008DB 6A 04                           	PUSH	4
   810 000008DD 6A 18                           	PUSH	24
   811 000008DF 53                              	PUSH	EBX
   812 000008E0 FF 75 08                        	PUSH	DWORD [8+EBP]
   813 000008E3 E8 [00000000]                   	CALL	_putfonts8_asc
   814 000008E8 83 C4 18                        	ADD	ESP,24
   815 000008EB C7 45 F0 00000000               	MOV	DWORD [-16+EBP],0
   816 000008F2 C7 45 E0 00000000               	MOV	DWORD [-32+EBP],0
   817 000008F9                                 L60:
   818 000008F9 8D 04 1E                        	LEA	EAX,DWORD [ESI+EBX*1]
   819 000008FC 8B 55 08                        	MOV	EDX,DWORD [8+EBP]
   820 000008FF 31 FF                           	XOR	EDI,EDI
   821 00000901 8D 4C 02 EB                     	LEA	ECX,DWORD [-21+EDX+EAX*1]
   822 00000905                                 L59:
   823 00000905 8B 45 E0                        	MOV	EAX,DWORD [-32+EBP]
   824 00000908 8A 94 07 [000000A4]             	MOV	DL,BYTE [_closebtn.0+EDI+EAX*1]
   825 0000090F 80 FA 40                        	CMP	DL,64
   826 00000912 74 33                           	JE	L65
   827 00000914 80 FA 24                        	CMP	DL,36
   828 00000917 74 2A                           	JE	L66
   829 00000919 80 FA 51                        	CMP	DL,81
   830 0000091C B2 08                           	MOV	DL,8
   831 0000091E 0F 95 C0                        	SETNE	AL
   832 00000921 28 C2                           	SUB	DL,AL
   833 00000923                                 L54:
   834 00000923 47                              	INC	EDI
   835 00000924 88 11                           	MOV	BYTE [ECX],DL
   836 00000926 41                              	INC	ECX
   837 00000927 83 FF 0F                        	CMP	EDI,15
   838 0000092A 7E D9                           	JLE	L59
   839 0000092C FF 45 F0                        	INC	DWORD [-16+EBP]
   840 0000092F 01 DE                           	ADD	ESI,EBX
   841 00000931 83 45 E0 10                     	ADD	DWORD [-32+EBP],16
   842 00000935 83 7D F0 0D                     	CMP	DWORD [-16+EBP],13
   843 00000939 7E BE                           	JLE	L60
   844 0000093B 8D 65 F4                        	LEA	ESP,DWORD [-12+EBP]
   845 0000093E 5B                              	POP	EBX
   846 0000093F 5E                              	POP	ESI
   847 00000940 5F                              	POP	EDI
   848 00000941 5D                              	POP	EBP
   849 00000942 C3                              	RET
   850 00000943                                 L66:
   851 00000943 B2 0D                           	MOV	DL,13
   852 00000945 EB DC                           	JMP	L54
   853 00000947                                 L65:
   854 00000947 31 D2                           	XOR	EDX,EDX
   855 00000949 EB D8                           	JMP	L54
   856 0000094B                                 	GLOBAL	_putfonts8_asc_sht
   857 0000094B                                 _putfonts8_asc_sht:
   858 0000094B 55                              	PUSH	EBP
   859 0000094C 89 E5                           	MOV	EBP,ESP
   860 0000094E 57                              	PUSH	EDI
   861 0000094F 56                              	PUSH	ESI
   862 00000950 53                              	PUSH	EBX
   863 00000951 83 EC 0C                        	SUB	ESP,12
   864 00000954 8B 45 08                        	MOV	EAX,DWORD [8+EBP]
   865 00000957 8B 7D 10                        	MOV	EDI,DWORD [16+EBP]
   866 0000095A 89 45 F0                        	MOV	DWORD [-16+EBP],EAX
   867 0000095D 8B 5D 14                        	MOV	EBX,DWORD [20+EBP]
   868 00000960 8B 45 0C                        	MOV	EAX,DWORD [12+EBP]
   869 00000963 89 45 EC                        	MOV	DWORD [-20+EBP],EAX
   870 00000966 8B 45 1C                        	MOV	EAX,DWORD [28+EBP]
   871 00000969 89 45 E8                        	MOV	DWORD [-24+EBP],EAX
   872 0000096C 8D 47 0F                        	LEA	EAX,DWORD [15+EDI]
   873 0000096F 50                              	PUSH	EAX
   874 00000970 8B 45 EC                        	MOV	EAX,DWORD [-20+EBP]
   875 00000973 8B 75 20                        	MOV	ESI,DWORD [32+EBP]
   876 00000976 0F BE DB                        	MOVSX	EBX,BL
   877 00000979 8D 34 F0                        	LEA	ESI,DWORD [EAX+ESI*8]
   878 0000097C 8D 46 FF                        	LEA	EAX,DWORD [-1+ESI]
   879 0000097F 50                              	PUSH	EAX
   880 00000980 57                              	PUSH	EDI
   881 00000981 FF 75 EC                        	PUSH	DWORD [-20+EBP]
   882 00000984 0F B6 45 18                     	MOVZX	EAX,BYTE [24+EBP]
   883 00000988 50                              	PUSH	EAX
   884 00000989 8B 45 F0                        	MOV	EAX,DWORD [-16+EBP]
   885 0000098C FF 70 04                        	PUSH	DWORD [4+EAX]
   886 0000098F FF 30                           	PUSH	DWORD [EAX]
   887 00000991 E8 [00000000]                   	CALL	_boxfill8
   888 00000996 FF 75 E8                        	PUSH	DWORD [-24+EBP]
   889 00000999 53                              	PUSH	EBX
   890 0000099A 57                              	PUSH	EDI
   891 0000099B FF 75 EC                        	PUSH	DWORD [-20+EBP]
   892 0000099E 8B 45 F0                        	MOV	EAX,DWORD [-16+EBP]
   893 000009A1 FF 70 04                        	PUSH	DWORD [4+EAX]
   894 000009A4 FF 30                           	PUSH	DWORD [EAX]
   895 000009A6 E8 [00000000]                   	CALL	_putfonts8_asc
   896 000009AB 89 7D 10                        	MOV	DWORD [16+EBP],EDI
   897 000009AE 8D 47 10                        	LEA	EAX,DWORD [16+EDI]
   898 000009B1 89 75 14                        	MOV	DWORD [20+EBP],ESI
   899 000009B4 89 45 18                        	MOV	DWORD [24+EBP],EAX
   900 000009B7 83 C4 34                        	ADD	ESP,52
   901 000009BA 8B 45 EC                        	MOV	EAX,DWORD [-20+EBP]
   902 000009BD 89 45 0C                        	MOV	DWORD [12+EBP],EAX
   903 000009C0 8B 45 F0                        	MOV	EAX,DWORD [-16+EBP]
   904 000009C3 89 45 08                        	MOV	DWORD [8+EBP],EAX
   905 000009C6 8D 65 F4                        	LEA	ESP,DWORD [-12+EBP]
   906 000009C9 5B                              	POP	EBX
   907 000009CA 5E                              	POP	ESI
   908 000009CB 5F                              	POP	EDI
   909 000009CC 5D                              	POP	EBP
   910 000009CD E9 [00000000]                   	JMP	_sheet_refresh
   911 000009D2                                 	GLOBAL	_make_textbox8
   912 000009D2                                 _make_textbox8:
   913 000009D2 55                              	PUSH	EBP
   914 000009D3 89 E5                           	MOV	EBP,ESP
   915 000009D5 57                              	PUSH	EDI
   916 000009D6 56                              	PUSH	ESI
   917 000009D7 53                              	PUSH	EBX
   918 000009D8 83 EC 14                        	SUB	ESP,20
   919 000009DB 8B 45 0C                        	MOV	EAX,DWORD [12+EBP]
   920 000009DE 8B 75 10                        	MOV	ESI,DWORD [16+EBP]
   921 000009E1 03 45 14                        	ADD	EAX,DWORD [20+EBP]
   922 000009E4 83 EE 03                        	SUB	ESI,3
   923 000009E7 56                              	PUSH	ESI
   924 000009E8 89 45 F0                        	MOV	DWORD [-16+EBP],EAX
   925 000009EB 8B 45 10                        	MOV	EAX,DWORD [16+EBP]
   926 000009EE 03 45 18                        	ADD	EAX,DWORD [24+EBP]
   927 000009F1 89 45 EC                        	MOV	DWORD [-20+EBP],EAX
   928 000009F4 8B 45 F0                        	MOV	EAX,DWORD [-16+EBP]
   929 000009F7 40                              	INC	EAX
   930 000009F8 50                              	PUSH	EAX
   931 000009F9 89 45 E8                        	MOV	DWORD [-24+EBP],EAX
   932 000009FC 8B 45 0C                        	MOV	EAX,DWORD [12+EBP]
   933 000009FF 56                              	PUSH	ESI
   934 00000A00 83 E8 02                        	SUB	EAX,2
   935 00000A03 50                              	PUSH	EAX
   936 00000A04 89 45 E4                        	MOV	DWORD [-28+EBP],EAX
   937 00000A07 8B 45 08                        	MOV	EAX,DWORD [8+EBP]
   938 00000A0A 6A 0F                           	PUSH	15
   939 00000A0C FF 70 04                        	PUSH	DWORD [4+EAX]
   940 00000A0F FF 30                           	PUSH	DWORD [EAX]
   941 00000A11 E8 [00000000]                   	CALL	_boxfill8
   942 00000A16 8B 7D 0C                        	MOV	EDI,DWORD [12+EBP]
   943 00000A19 8B 45 EC                        	MOV	EAX,DWORD [-20+EBP]
   944 00000A1C 83 EF 03                        	SUB	EDI,3
   945 00000A1F 40                              	INC	EAX
   946 00000A20 50                              	PUSH	EAX
   947 00000A21 89 45 E0                        	MOV	DWORD [-32+EBP],EAX
   948 00000A24 57                              	PUSH	EDI
   949 00000A25 8B 45 08                        	MOV	EAX,DWORD [8+EBP]
   950 00000A28 56                              	PUSH	ESI
   951 00000A29 57                              	PUSH	EDI
   952 00000A2A 6A 0F                           	PUSH	15
   953 00000A2C FF 70 04                        	PUSH	DWORD [4+EAX]
   954 00000A2F FF 30                           	PUSH	DWORD [EAX]
   955 00000A31 E8 [00000000]                   	CALL	_boxfill8
   956 00000A36 8B 45 08                        	MOV	EAX,DWORD [8+EBP]
   957 00000A39 83 C4 38                        	ADD	ESP,56
   958 00000A3C 8B 5D EC                        	MOV	EBX,DWORD [-20+EBP]
   959 00000A3F 83 C3 02                        	ADD	EBX,2
   960 00000A42 53                              	PUSH	EBX
   961 00000A43 FF 75 E8                        	PUSH	DWORD [-24+EBP]
   962 00000A46 53                              	PUSH	EBX
   963 00000A47 57                              	PUSH	EDI
   964 00000A48 6A 07                           	PUSH	7
   965 00000A4A FF 70 04                        	PUSH	DWORD [4+EAX]
   966 00000A4D FF 30                           	PUSH	DWORD [EAX]
   967 00000A4F E8 [00000000]                   	CALL	_boxfill8
   968 00000A54 8B 45 F0                        	MOV	EAX,DWORD [-16+EBP]
   969 00000A57 53                              	PUSH	EBX
   970 00000A58 83 C0 02                        	ADD	EAX,2
   971 00000A5B 50                              	PUSH	EAX
   972 00000A5C 56                              	PUSH	ESI
   973 00000A5D 50                              	PUSH	EAX
   974 00000A5E 8B 45 08                        	MOV	EAX,DWORD [8+EBP]
   975 00000A61 6A 07                           	PUSH	7
   976 00000A63 FF 70 04                        	PUSH	DWORD [4+EAX]
   977 00000A66 FF 30                           	PUSH	DWORD [EAX]
   978 00000A68 E8 [00000000]                   	CALL	_boxfill8
   979 00000A6D 8B 45 08                        	MOV	EAX,DWORD [8+EBP]
   980 00000A70 83 C4 38                        	ADD	ESP,56
   981 00000A73 8B 5D 10                        	MOV	EBX,DWORD [16+EBP]
   982 00000A76 83 EB 02                        	SUB	EBX,2
   983 00000A79 8B 7D 0C                        	MOV	EDI,DWORD [12+EBP]
   984 00000A7C 53                              	PUSH	EBX
   985 00000A7D 4F                              	DEC	EDI
   986 00000A7E FF 75 F0                        	PUSH	DWORD [-16+EBP]
   987 00000A81 53                              	PUSH	EBX
   988 00000A82 57                              	PUSH	EDI
   989 00000A83 6A 00                           	PUSH	0
   990 00000A85 FF 70 04                        	PUSH	DWORD [4+EAX]
   991 00000A88 FF 30                           	PUSH	DWORD [EAX]
   992 00000A8A E8 [00000000]                   	CALL	_boxfill8
   993 00000A8F 8B 45 08                        	MOV	EAX,DWORD [8+EBP]
   994 00000A92 FF 75 EC                        	PUSH	DWORD [-20+EBP]
   995 00000A95 FF 75 E4                        	PUSH	DWORD [-28+EBP]
   996 00000A98 53                              	PUSH	EBX
   997 00000A99 FF 75 E4                        	PUSH	DWORD [-28+EBP]
   998 00000A9C 6A 00                           	PUSH	0
   999 00000A9E FF 70 04                        	PUSH	DWORD [4+EAX]
  1000 00000AA1 FF 30                           	PUSH	DWORD [EAX]
  1001 00000AA3 E8 [00000000]                   	CALL	_boxfill8
  1002 00000AA8 8B 45 08                        	MOV	EAX,DWORD [8+EBP]
  1003 00000AAB 83 C4 38                        	ADD	ESP,56
  1004 00000AAE FF 75 E0                        	PUSH	DWORD [-32+EBP]
  1005 00000AB1 FF 75 F0                        	PUSH	DWORD [-16+EBP]
  1006 00000AB4 FF 75 E0                        	PUSH	DWORD [-32+EBP]
  1007 00000AB7 FF 75 E4                        	PUSH	DWORD [-28+EBP]
  1008 00000ABA 6A 08                           	PUSH	8
  1009 00000ABC FF 70 04                        	PUSH	DWORD [4+EAX]
  1010 00000ABF FF 30                           	PUSH	DWORD [EAX]
  1011 00000AC1 E8 [00000000]                   	CALL	_boxfill8
  1012 00000AC6 8B 45 08                        	MOV	EAX,DWORD [8+EBP]
  1013 00000AC9 FF 75 E0                        	PUSH	DWORD [-32+EBP]
  1014 00000ACC FF 75 E8                        	PUSH	DWORD [-24+EBP]
  1015 00000ACF 53                              	PUSH	EBX
  1016 00000AD0 FF 75 E8                        	PUSH	DWORD [-24+EBP]
  1017 00000AD3 6A 08                           	PUSH	8
  1018 00000AD5 FF 70 04                        	PUSH	DWORD [4+EAX]
  1019 00000AD8 FF 30                           	PUSH	DWORD [EAX]
  1020 00000ADA E8 [00000000]                   	CALL	_boxfill8
  1021 00000ADF 8B 45 10                        	MOV	EAX,DWORD [16+EBP]
  1022 00000AE2 83 C4 38                        	ADD	ESP,56
  1023 00000AE5 48                              	DEC	EAX
  1024 00000AE6 FF 75 EC                        	PUSH	DWORD [-20+EBP]
  1025 00000AE9 FF 75 F0                        	PUSH	DWORD [-16+EBP]
  1026 00000AEC 50                              	PUSH	EAX
  1027 00000AED 57                              	PUSH	EDI
  1028 00000AEE 0F B6 45 1C                     	MOVZX	EAX,BYTE [28+EBP]
  1029 00000AF2 50                              	PUSH	EAX
  1030 00000AF3 8B 45 08                        	MOV	EAX,DWORD [8+EBP]
  1031 00000AF6 FF 70 04                        	PUSH	DWORD [4+EAX]
  1032 00000AF9 FF 30                           	PUSH	DWORD [EAX]
  1033 00000AFB E8 [00000000]                   	CALL	_boxfill8
  1034 00000B00 8D 65 F4                        	LEA	ESP,DWORD [-12+EBP]
  1035 00000B03 5B                              	POP	EBX
  1036 00000B04 5E                              	POP	ESI
  1037 00000B05 5F                              	POP	EDI
  1038 00000B06 5D                              	POP	EBP
  1039 00000B07 C3                              	RET
  1040                                          [SECTION .data]
  1041 00000184                                 LC8:
  1042 00000184 25 31 31 64 00                  	DB	"%11d",0x00
  1043                                          [SECTION .text]
  1044 00000B08                                 	GLOBAL	_task_b_main
  1045 00000B08                                 _task_b_main:
  1046 00000B08 55                              	PUSH	EBP
  1047 00000B09 89 E5                           	MOV	EBP,ESP
  1048 00000B0B 57                              	PUSH	EDI
  1049 00000B0C 56                              	PUSH	ESI
  1050 00000B0D 53                              	PUSH	EBX
  1051 00000B0E 8D 85 FFFFFDD4                  	LEA	EAX,DWORD [-556+EBP]
  1052 00000B14 81 EC 00000238                  	SUB	ESP,568
  1053 00000B1A 8D 5D D4                        	LEA	EBX,DWORD [-44+EBP]
  1054 00000B1D C7 85 FFFFFDC0 00000000         	MOV	DWORD [-576+EBP],0
  1055 00000B27 50                              	PUSH	EAX
  1056 00000B28 68 00000080                     	PUSH	128
  1057 00000B2D 53                              	PUSH	EBX
  1058 00000B2E C7 85 FFFFFDBC 00000000         	MOV	DWORD [-580+EBP],0
  1059 00000B38 E8 [00000000]                   	CALL	_fifo32_init
  1060 00000B3D E8 [00000000]                   	CALL	_timer_alloc
  1061 00000B42 6A 01                           	PUSH	1
  1062 00000B44 53                              	PUSH	EBX
  1063 00000B45 89 C7                           	MOV	EDI,EAX
  1064 00000B47 50                              	PUSH	EAX
  1065 00000B48 E8 [00000000]                   	CALL	_timer_init
  1066 00000B4D 6A 01                           	PUSH	1
  1067 00000B4F 57                              	PUSH	EDI
  1068 00000B50 E8 [00000000]                   	CALL	_timer_settime
  1069 00000B55 83 C4 20                        	ADD	ESP,32
  1070 00000B58 E8 [00000000]                   	CALL	_timer_alloc
  1071 00000B5D 6A 64                           	PUSH	100
  1072 00000B5F 89 C6                           	MOV	ESI,EAX
  1073 00000B61 53                              	PUSH	EBX
  1074 00000B62 50                              	PUSH	EAX
  1075 00000B63 E8 [00000000]                   	CALL	_timer_init
  1076 00000B68 6A 64                           	PUSH	100
  1077 00000B6A 56                              	PUSH	ESI
  1078 00000B6B E8 [00000000]                   	CALL	_timer_settime
  1079 00000B70 83 C4 14                        	ADD	ESP,20
  1080 00000B73                                 L70:
  1081 00000B73 8D 5D D4                        	LEA	EBX,DWORD [-44+EBP]
  1082 00000B76 FF 85 FFFFFDC0                  	INC	DWORD [-576+EBP]
  1083 00000B7C E8 [00000000]                   	CALL	_io_cli
  1084 00000B81 53                              	PUSH	EBX
  1085 00000B82 E8 [00000000]                   	CALL	_fifo32_status
  1086 00000B87 5A                              	POP	EDX
  1087 00000B88 85 C0                           	TEST	EAX,EAX
  1088 00000B8A 0F 84 0000009F                  	JE	L79
  1089 00000B90 53                              	PUSH	EBX
  1090 00000B91 E8 [00000000]                   	CALL	_fifo32_get
  1091 00000B96 89 C3                           	MOV	EBX,EAX
  1092 00000B98 E8 [00000000]                   	CALL	_io_sti
  1093 00000B9D 58                              	POP	EAX
  1094 00000B9E 83 FB 01                        	CMP	EBX,1
  1095 00000BA1 74 57                           	JE	L80
  1096 00000BA3 83 FB 64                        	CMP	EBX,100
  1097 00000BA6 75 CB                           	JNE	L70
  1098 00000BA8 8B 85 FFFFFDC0                  	MOV	EAX,DWORD [-576+EBP]
  1099 00000BAE 8D 9D FFFFFDC4                  	LEA	EBX,DWORD [-572+EBP]
  1100 00000BB4 2B 85 FFFFFDBC                  	SUB	EAX,DWORD [-580+EBP]
  1101 00000BBA 50                              	PUSH	EAX
  1102 00000BBB 68 [00000184]                   	PUSH	LC8
  1103 00000BC0 53                              	PUSH	EBX
  1104 00000BC1 E8 [00000000]                   	CALL	_sprintf
  1105 00000BC6 6A 0D                           	PUSH	13
  1106 00000BC8 53                              	PUSH	EBX
  1107 00000BC9 6A 0D                           	PUSH	13
  1108 00000BCB 6A 07                           	PUSH	7
  1109 00000BCD 68 00000080                     	PUSH	128
  1110 00000BD2 6A 14                           	PUSH	20
  1111 00000BD4 FF 75 08                        	PUSH	DWORD [8+EBP]
  1112 00000BD7 E8 FFFFFD6F                     	CALL	_putfonts8_asc_sht
  1113 00000BDC 83 C4 28                        	ADD	ESP,40
  1114 00000BDF 8B 85 FFFFFDC0                  	MOV	EAX,DWORD [-576+EBP]
  1115 00000BE5 6A 64                           	PUSH	100
  1116 00000BE7 89 85 FFFFFDBC                  	MOV	DWORD [-580+EBP],EAX
  1117 00000BED 56                              	PUSH	ESI
  1118 00000BEE                                 L78:
  1119 00000BEE E8 [00000000]                   	CALL	_timer_settime
  1120 00000BF3 59                              	POP	ECX
  1121 00000BF4 5B                              	POP	EBX
  1122 00000BF5 E9 FFFFFF79                     	JMP	L70
  1123 00000BFA                                 L80:
  1124 00000BFA FF B5 FFFFFDC0                  	PUSH	DWORD [-576+EBP]
  1125 00000C00 68 [00000184]                   	PUSH	LC8
  1126 00000C05 8D 9D FFFFFDC4                  	LEA	EBX,DWORD [-572+EBP]
  1127 00000C0B 53                              	PUSH	EBX
  1128 00000C0C E8 [00000000]                   	CALL	_sprintf
  1129 00000C11 6A 0D                           	PUSH	13
  1130 00000C13 53                              	PUSH	EBX
  1131 00000C14 6A 0D                           	PUSH	13
  1132 00000C16 6A 07                           	PUSH	7
  1133 00000C18 68 00000090                     	PUSH	144
  1134 00000C1D 6A 14                           	PUSH	20
  1135 00000C1F FF 75 08                        	PUSH	DWORD [8+EBP]
  1136 00000C22 E8 FFFFFD24                     	CALL	_putfonts8_asc_sht
  1137 00000C27 83 C4 28                        	ADD	ESP,40
  1138 00000C2A 6A 01                           	PUSH	1
  1139 00000C2C 57                              	PUSH	EDI
  1140 00000C2D EB BF                           	JMP	L78
  1141 00000C2F                                 L79:
  1142 00000C2F E8 [00000000]                   	CALL	_io_sti
  1143 00000C34 E9 FFFFFF3A                     	JMP	L70
