     1 00000000                                 [FORMAT "WCOFF"]
     2 00000000                                 [INSTRSET "i486p"]
     3 00000000                                 [OPTIMIZE 1]
     4 00000000                                 [OPTION 1]
     5 00000000                                 [BITS 32]
     6 00000000                                 	EXTERN	_init_gdtidt
     7 00000000                                 	EXTERN	_init_pic
     8 00000000                                 	EXTERN	_io_sti
     9 00000000                                 	EXTERN	_fifo32_init
    10 00000000                                 	EXTERN	_init_pit
    11 00000000                                 	EXTERN	_init_keyboard
    12 00000000                                 	EXTERN	_enable_mouse
    13 00000000                                 	EXTERN	_io_out8
    14 00000000                                 	EXTERN	_memtest
    15 00000000                                 	EXTERN	_memman_init
    16 00000000                                 	EXTERN	_memman_free
    17 00000000                                 	EXTERN	_init_palette
    18 00000000                                 	EXTERN	_shtctl_init
    19 00000000                                 	EXTERN	_task_init
    20 00000000                                 	EXTERN	_task_run
    21 00000000                                 	EXTERN	_sheet_alloc
    22 00000000                                 	EXTERN	_memman_alloc_4k
    23 00000000                                 	EXTERN	_sheet_setbuf
    24 00000000                                 	EXTERN	_init_screen8
    25 00000000                                 	EXTERN	_make_window8
    26 00000000                                 	EXTERN	_make_textbox8
    27 00000000                                 	EXTERN	_task_alloc
    28 00000000                                 	EXTERN	_console_task
    29 00000000                                 	EXTERN	_timer_alloc
    30 00000000                                 	EXTERN	_timer_init
    31 00000000                                 	EXTERN	_timer_settime
    32 00000000                                 	EXTERN	_init_mouse_cursor8
    33 00000000                                 	EXTERN	_sheet_slide
    34 00000000                                 	EXTERN	_sheet_updown
    35 00000000                                 	EXTERN	_fifo32_put
    36 00000000                                 	EXTERN	_fifo32_status
    37 00000000                                 	EXTERN	_io_cli
    38 00000000                                 	EXTERN	_fifo32_get
    39 00000000                                 	EXTERN	_boxfill8
    40 00000000                                 	EXTERN	_sheet_refresh
    41 00000000                                 	EXTERN	_mouse_decode
    42 00000000                                 	EXTERN	_keytable0
    43 00000000                                 	EXTERN	_putfonts8_asc_sht
    44 00000000                                 	EXTERN	_wait_KBC_sendready
    45 00000000                                 	EXTERN	_make_wtitle8
    46 00000000                                 	EXTERN	_keytable1
    47 00000000                                 	EXTERN	_task_sleep
    48 00000000                                 [FILE "bootpack.c"]
    49                                          [SECTION .data]
    50 00000000                                 _keytable0:
    51 00000000 00                              	DB	0
    52 00000001 00                              	DB	0
    53 00000002 31                              	DB	49
    54 00000003 32                              	DB	50
    55 00000004 33                              	DB	51
    56 00000005 34                              	DB	52
    57 00000006 35                              	DB	53
    58 00000007 36                              	DB	54
    59 00000008 37                              	DB	55
    60 00000009 38                              	DB	56
    61 0000000A 39                              	DB	57
    62 0000000B 30                              	DB	48
    63 0000000C 2D                              	DB	45
    64 0000000D 3D                              	DB	61
    65 0000000E 00                              	DB	0
    66 0000000F 00                              	DB	0
    67 00000010 51                              	DB	81
    68 00000011 57                              	DB	87
    69 00000012 45                              	DB	69
    70 00000013 52                              	DB	82
    71 00000014 54                              	DB	84
    72 00000015 59                              	DB	89
    73 00000016 55                              	DB	85
    74 00000017 49                              	DB	73
    75 00000018 4F                              	DB	79
    76 00000019 50                              	DB	80
    77 0000001A 5B                              	DB	91
    78 0000001B 5D                              	DB	93
    79 0000001C 00                              	DB	0
    80 0000001D 00                              	DB	0
    81 0000001E 41                              	DB	65
    82 0000001F 53                              	DB	83
    83 00000020 44                              	DB	68
    84 00000021 46                              	DB	70
    85 00000022 47                              	DB	71
    86 00000023 48                              	DB	72
    87 00000024 4A                              	DB	74
    88 00000025 4B                              	DB	75
    89 00000026 4C                              	DB	76
    90 00000027 3B                              	DB	59
    91 00000028 27                              	DB	39
    92 00000029 60                              	DB	96
    93 0000002A 00                              	DB	0
    94 0000002B 5C                              	DB	92
    95 0000002C 5A                              	DB	90
    96 0000002D 58                              	DB	88
    97 0000002E 43                              	DB	67
    98 0000002F 56                              	DB	86
    99 00000030 42                              	DB	66
   100 00000031 4E                              	DB	78
   101 00000032 4D                              	DB	77
   102 00000033 2C                              	DB	44
   103 00000034 2E                              	DB	46
   104 00000035 2F                              	DB	47
   105 00000036 00                              	DB	0
   106 00000037 2A                              	DB	42
   107 00000038 00                              	DB	0
   108 00000039 20                              	DB	32
   109 0000003A 00                              	DB	0
   110 0000003B 00                              	DB	0
   111 0000003C 00                              	DB	0
   112 0000003D 00                              	DB	0
   113 0000003E 00                              	DB	0
   114 0000003F 00                              	DB	0
   115 00000040 00                              	DB	0
   116 00000041 00                              	DB	0
   117 00000042 00                              	DB	0
   118 00000043 00                              	DB	0
   119 00000044 00                              	DB	0
   120 00000045 00                              	DB	0
   121 00000046 00                              	DB	0
   122 00000047 37                              	DB	55
   123 00000048 38                              	DB	56
   124 00000049 39                              	DB	57
   125 0000004A 2D                              	DB	45
   126 0000004B 34                              	DB	52
   127 0000004C 35                              	DB	53
   128 0000004D 36                              	DB	54
   129 0000004E 2B                              	DB	43
   130 0000004F 31                              	DB	49
   131 00000050 32                              	DB	50
   132 00000051 33                              	DB	51
   133 00000052 30                              	DB	48
   134 00000053 2E                              	DB	46
   135 00000054 00                              	DB	0
   136 00000055 00                              	DB	0
   137 00000056 00                              	DB	0
   138 00000057 00                              	DB	0
   139 00000058 00                              	DB	0
   140 00000059 00                              	DB	0
   141 0000005A 00                              	DB	0
   142 0000005B 00                              	DB	0
   143 0000005C 00                              	DB	0
   144 0000005D 00                              	DB	0
   145 0000005E 00                              	DB	0
   146 0000005F 00                              	DB	0
   147 00000060 00                              	DB	0
   148 00000061 00                              	DB	0
   149 00000062 00                              	DB	0
   150 00000063 00                              	DB	0
   151 00000064 00                              	DB	0
   152 00000065 00                              	DB	0
   153 00000066 00                              	DB	0
   154 00000067 00                              	DB	0
   155 00000068 00                              	DB	0
   156 00000069 00                              	DB	0
   157 0000006A 00                              	DB	0
   158 0000006B 00                              	DB	0
   159 0000006C 00                              	DB	0
   160 0000006D 00                              	DB	0
   161 0000006E 00                              	DB	0
   162 0000006F 00                              	DB	0
   163 00000070 00                              	DB	0
   164 00000071 00                              	DB	0
   165 00000072 00                              	DB	0
   166 00000073 5C                              	DB	92
   167 00000074 00                              	DB	0
   168 00000075 00                              	DB	0
   169 00000076 00                              	DB	0
   170 00000077 00                              	DB	0
   171 00000078 00                              	DB	0
   172 00000079 00                              	DB	0
   173 0000007A 00                              	DB	0
   174 0000007B 00                              	DB	0
   175 0000007C 00                              	DB	0
   176 0000007D 5C                              	DB	92
   177 0000007E 00                              	DB	0
   178 0000007F 00                              	DB	0
   179 00000080                                 _keytable1:
   180 00000080 00                              	DB	0
   181 00000081 00                              	DB	0
   182 00000082 21                              	DB	33
   183 00000083 40                              	DB	64
   184 00000084 23                              	DB	35
   185 00000085 24                              	DB	36
   186 00000086 25                              	DB	37
   187 00000087 5E                              	DB	94
   188 00000088 26                              	DB	38
   189 00000089 2A                              	DB	42
   190 0000008A 28                              	DB	40
   191 0000008B 29                              	DB	41
   192 0000008C 5F                              	DB	95
   193 0000008D 2B                              	DB	43
   194 0000008E 00                              	DB	0
   195 0000008F 00                              	DB	0
   196 00000090 51                              	DB	81
   197 00000091 57                              	DB	87
   198 00000092 45                              	DB	69
   199 00000093 52                              	DB	82
   200 00000094 54                              	DB	84
   201 00000095 59                              	DB	89
   202 00000096 55                              	DB	85
   203 00000097 49                              	DB	73
   204 00000098 4F                              	DB	79
   205 00000099 50                              	DB	80
   206 0000009A 7B                              	DB	123
   207 0000009B 7D                              	DB	125
   208 0000009C 00                              	DB	0
   209 0000009D 00                              	DB	0
   210 0000009E 41                              	DB	65
   211 0000009F 53                              	DB	83
   212 000000A0 44                              	DB	68
   213 000000A1 46                              	DB	70
   214 000000A2 47                              	DB	71
   215 000000A3 48                              	DB	72
   216 000000A4 4A                              	DB	74
   217 000000A5 4B                              	DB	75
   218 000000A6 4C                              	DB	76
   219 000000A7 3A                              	DB	58
   220 000000A8 22                              	DB	34
   221 000000A9 7E                              	DB	126
   222 000000AA 00                              	DB	0
   223 000000AB 7C                              	DB	124
   224 000000AC 5A                              	DB	90
   225 000000AD 58                              	DB	88
   226 000000AE 43                              	DB	67
   227 000000AF 56                              	DB	86
   228 000000B0 42                              	DB	66
   229 000000B1 4E                              	DB	78
   230 000000B2 4D                              	DB	77
   231 000000B3 3C                              	DB	60
   232 000000B4 3E                              	DB	62
   233 000000B5 3F                              	DB	63
   234 000000B6 00                              	DB	0
   235 000000B7 2A                              	DB	42
   236 000000B8 00                              	DB	0
   237 000000B9 20                              	DB	32
   238 000000BA 00                              	DB	0
   239 000000BB 00                              	DB	0
   240 000000BC 00                              	DB	0
   241 000000BD 00                              	DB	0
   242 000000BE 00                              	DB	0
   243 000000BF 00                              	DB	0
   244 000000C0 00                              	DB	0
   245 000000C1 00                              	DB	0
   246 000000C2 00                              	DB	0
   247 000000C3 00                              	DB	0
   248 000000C4 00                              	DB	0
   249 000000C5 00                              	DB	0
   250 000000C6 00                              	DB	0
   251 000000C7 37                              	DB	55
   252 000000C8 38                              	DB	56
   253 000000C9 39                              	DB	57
   254 000000CA 2D                              	DB	45
   255 000000CB 34                              	DB	52
   256 000000CC 35                              	DB	53
   257 000000CD 36                              	DB	54
   258 000000CE 2B                              	DB	43
   259 000000CF 31                              	DB	49
   260 000000D0 32                              	DB	50
   261 000000D1 33                              	DB	51
   262 000000D2 30                              	DB	48
   263 000000D3 2E                              	DB	46
   264 000000D4 00                              	DB	0
   265 000000D5 00                              	DB	0
   266 000000D6 00                              	DB	0
   267 000000D7 00                              	DB	0
   268 000000D8 00                              	DB	0
   269 000000D9 00                              	DB	0
   270 000000DA 00                              	DB	0
   271 000000DB 00                              	DB	0
   272 000000DC 00                              	DB	0
   273 000000DD 00                              	DB	0
   274 000000DE 00                              	DB	0
   275 000000DF 00                              	DB	0
   276 000000E0 00                              	DB	0
   277 000000E1 00                              	DB	0
   278 000000E2 00                              	DB	0
   279 000000E3 00                              	DB	0
   280 000000E4 00                              	DB	0
   281 000000E5 00                              	DB	0
   282 000000E6 00                              	DB	0
   283 000000E7 00                              	DB	0
   284 000000E8 00                              	DB	0
   285 000000E9 00                              	DB	0
   286 000000EA 00                              	DB	0
   287 000000EB 00                              	DB	0
   288 000000EC 00                              	DB	0
   289 000000ED 00                              	DB	0
   290 000000EE 00                              	DB	0
   291 000000EF 00                              	DB	0
   292 000000F0 00                              	DB	0
   293 000000F1 00                              	DB	0
   294 000000F2 00                              	DB	0
   295 000000F3 5F                              	DB	95
   296 000000F4 00                              	DB	0
   297 000000F5 00                              	DB	0
   298 000000F6 00                              	DB	0
   299 000000F7 00                              	DB	0
   300 000000F8 00                              	DB	0
   301 000000F9 00                              	DB	0
   302 000000FA 00                              	DB	0
   303 000000FB 00                              	DB	0
   304 000000FC 00                              	DB	0
   305 000000FD 7C                              	DB	124
   306 000000FE 00                              	DB	0
   307 000000FF 00                              	DB	0
   308 00000100                                 LC0:
   309 00000100 63 6F 6E 73 6F 6C 65 00         	DB	"console",0x00
   310 00000108                                 LC1:
   311 00000108 74 61 73 6B 5F 61 00            	DB	"task_a",0x00
   312 0000010F                                 LC2:
   313 0000010F 20 00                           	DB	" ",0x00
   314                                          [SECTION .text]
   315 00000000                                 	GLOBAL	_HariMain
   316 00000000                                 _HariMain:
   317 00000000 55                              	PUSH	EBP
   318 00000001 89 E5                           	MOV	EBP,ESP
   319 00000003 57                              	PUSH	EDI
   320 00000004 56                              	PUSH	ESI
   321 00000005 53                              	PUSH	EBX
   322 00000006 81 EC 00000448                  	SUB	ESP,1096
   323 0000000C C7 85 FFFFFBBC 00000000         	MOV	DWORD [-1092+EBP],0
   324 00000016 C7 85 FFFFFBB8 00000000         	MOV	DWORD [-1096+EBP],0
   325 00000020 A0 00000FF1                     	MOV	AL,BYTE [4081]
   326 00000025 C0 F8 04                        	SAR	AL,4
   327 00000028 89 C2                           	MOV	EDX,EAX
   328 0000002A 83 E2 07                        	AND	EDX,7
   329 0000002D 89 95 FFFFFBB4                  	MOV	DWORD [-1100+EBP],EDX
   330 00000033 C7 85 FFFFFBB0 FFFFFFFF         	MOV	DWORD [-1104+EBP],-1
   331 0000003D E8 [00000000]                   	CALL	_init_gdtidt
   332 00000042 E8 [00000000]                   	CALL	_init_pic
   333 00000047 E8 [00000000]                   	CALL	_io_sti
   334 0000004C 8D 85 FFFFFD74                  	LEA	EAX,DWORD [-652+EBP]
   335 00000052 6A 00                           	PUSH	0
   336 00000054 50                              	PUSH	EAX
   337 00000055 8D 45 D4                        	LEA	EAX,DWORD [-44+EBP]
   338 00000058 68 00000080                     	PUSH	128
   339 0000005D 50                              	PUSH	EAX
   340 0000005E E8 [00000000]                   	CALL	_fifo32_init
   341 00000063 E8 [00000000]                   	CALL	_init_pit
   342 00000068 8D 55 D4                        	LEA	EDX,DWORD [-44+EBP]
   343 0000006B 68 00000100                     	PUSH	256
   344 00000070 52                              	PUSH	EDX
   345 00000071 E8 [00000000]                   	CALL	_init_keyboard
   346 00000076 8D 45 A4                        	LEA	EAX,DWORD [-92+EBP]
   347 00000079 50                              	PUSH	EAX
   348 0000007A 8D 45 D4                        	LEA	EAX,DWORD [-44+EBP]
   349 0000007D 68 00000200                     	PUSH	512
   350 00000082 50                              	PUSH	EAX
   351 00000083 E8 [00000000]                   	CALL	_enable_mouse
   352 00000088 83 C4 24                        	ADD	ESP,36
   353 0000008B 68 000000F8                     	PUSH	248
   354 00000090 6A 21                           	PUSH	33
   355 00000092 E8 [00000000]                   	CALL	_io_out8
   356 00000097 68 000000EF                     	PUSH	239
   357 0000009C 68 000000A1                     	PUSH	161
   358 000000A1 E8 [00000000]                   	CALL	_io_out8
   359 000000A6 8D 55 B4                        	LEA	EDX,DWORD [-76+EBP]
   360 000000A9 6A 00                           	PUSH	0
   361 000000AB 8D 85 FFFFFCF4                  	LEA	EAX,DWORD [-780+EBP]
   362 000000B1 50                              	PUSH	EAX
   363 000000B2 6A 20                           	PUSH	32
   364 000000B4 52                              	PUSH	EDX
   365 000000B5 E8 [00000000]                   	CALL	_fifo32_init
   366 000000BA 83 C4 20                        	ADD	ESP,32
   367 000000BD 68 BFFFFFFF                     	PUSH	-1073741825
   368 000000C2 68 00400000                     	PUSH	4194304
   369 000000C7 E8 [00000000]                   	CALL	_memtest
   370 000000CC 68 003C0000                     	PUSH	3932160
   371 000000D1 89 85 FFFFFBDC                  	MOV	DWORD [-1060+EBP],EAX
   372 000000D7 E8 [00000000]                   	CALL	_memman_init
   373 000000DC 68 0009E000                     	PUSH	647168
   374 000000E1 68 00001000                     	PUSH	4096
   375 000000E6 68 003C0000                     	PUSH	3932160
   376 000000EB E8 [00000000]                   	CALL	_memman_free
   377 000000F0 8B 85 FFFFFBDC                  	MOV	EAX,DWORD [-1060+EBP]
   378 000000F6 2D 00400000                     	SUB	EAX,4194304
   379 000000FB 50                              	PUSH	EAX
   380 000000FC 68 00400000                     	PUSH	4194304
   381 00000101 68 003C0000                     	PUSH	3932160
   382 00000106 E8 [00000000]                   	CALL	_memman_free
   383 0000010B 83 C4 24                        	ADD	ESP,36
   384 0000010E E8 [00000000]                   	CALL	_init_palette
   385 00000113 0F BF 05 00000FF6               	MOVSX	EAX,WORD [4086]
   386 0000011A 50                              	PUSH	EAX
   387 0000011B 0F BF 05 00000FF4               	MOVSX	EAX,WORD [4084]
   388 00000122 50                              	PUSH	EAX
   389 00000123 FF 35 00000FF8                  	PUSH	DWORD [4088]
   390 00000129 68 003C0000                     	PUSH	3932160
   391 0000012E E8 [00000000]                   	CALL	_shtctl_init
   392 00000133 68 003C0000                     	PUSH	3932160
   393 00000138 89 C6                           	MOV	ESI,EAX
   394 0000013A E8 [00000000]                   	CALL	_task_init
   395 0000013F 6A 02                           	PUSH	2
   396 00000141 6A 01                           	PUSH	1
   397 00000143 89 85 FFFFFBC4                  	MOV	DWORD [-1084+EBP],EAX
   398 00000149 50                              	PUSH	EAX
   399 0000014A 89 45 EC                        	MOV	DWORD [-20+EBP],EAX
   400 0000014D E8 [00000000]                   	CALL	_task_run
   401 00000152 83 C4 20                        	ADD	ESP,32
   402 00000155 56                              	PUSH	ESI
   403 00000156 E8 [00000000]                   	CALL	_sheet_alloc
   404 0000015B 0F BF 15 00000FF6               	MOVSX	EDX,WORD [4086]
   405 00000162 89 85 FFFFFBD8                  	MOV	DWORD [-1064+EBP],EAX
   406 00000168 0F BF 05 00000FF4               	MOVSX	EAX,WORD [4084]
   407 0000016F 0F AF C2                        	IMUL	EAX,EDX
   408 00000172 50                              	PUSH	EAX
   409 00000173 68 003C0000                     	PUSH	3932160
   410 00000178 E8 [00000000]                   	CALL	_memman_alloc_4k
   411 0000017D 6A FF                           	PUSH	-1
   412 0000017F 89 C3                           	MOV	EBX,EAX
   413 00000181 0F BF 05 00000FF6               	MOVSX	EAX,WORD [4086]
   414 00000188 50                              	PUSH	EAX
   415 00000189 0F BF 05 00000FF4               	MOVSX	EAX,WORD [4084]
   416 00000190 50                              	PUSH	EAX
   417 00000191 53                              	PUSH	EBX
   418 00000192 FF B5 FFFFFBD8                  	PUSH	DWORD [-1064+EBP]
   419 00000198 E8 [00000000]                   	CALL	_sheet_setbuf
   420 0000019D 83 C4 20                        	ADD	ESP,32
   421 000001A0 0F BF 05 00000FF6               	MOVSX	EAX,WORD [4086]
   422 000001A7 50                              	PUSH	EAX
   423 000001A8 0F BF 05 00000FF4               	MOVSX	EAX,WORD [4084]
   424 000001AF 50                              	PUSH	EAX
   425 000001B0 53                              	PUSH	EBX
   426 000001B1 8D 9D FFFFFBF4                  	LEA	EBX,DWORD [-1036+EBP]
   427 000001B7 E8 [00000000]                   	CALL	_init_screen8
   428 000001BC 56                              	PUSH	ESI
   429 000001BD E8 [00000000]                   	CALL	_sheet_alloc
   430 000001C2 68 0000A500                     	PUSH	42240
   431 000001C7 68 003C0000                     	PUSH	3932160
   432 000001CC 89 85 FFFFFBD0                  	MOV	DWORD [-1072+EBP],EAX
   433 000001D2 E8 [00000000]                   	CALL	_memman_alloc_4k
   434 000001D7 6A FF                           	PUSH	-1
   435 000001D9 68 000000A5                     	PUSH	165
   436 000001DE 89 85 FFFFFBC8                  	MOV	DWORD [-1080+EBP],EAX
   437 000001E4 68 00000100                     	PUSH	256
   438 000001E9 50                              	PUSH	EAX
   439 000001EA FF B5 FFFFFBD0                  	PUSH	DWORD [-1072+EBP]
   440 000001F0 E8 [00000000]                   	CALL	_sheet_setbuf
   441 000001F5 83 C4 2C                        	ADD	ESP,44
   442 000001F8 6A 00                           	PUSH	0
   443 000001FA 68 [00000100]                   	PUSH	LC0
   444 000001FF 68 000000A5                     	PUSH	165
   445 00000204 68 00000100                     	PUSH	256
   446 00000209 FF B5 FFFFFBC8                  	PUSH	DWORD [-1080+EBP]
   447 0000020F E8 [00000000]                   	CALL	_make_window8
   448 00000214 6A 00                           	PUSH	0
   449 00000216 68 00000080                     	PUSH	128
   450 0000021B 68 000000F0                     	PUSH	240
   451 00000220 6A 1C                           	PUSH	28
   452 00000222 6A 08                           	PUSH	8
   453 00000224 FF B5 FFFFFBD0                  	PUSH	DWORD [-1072+EBP]
   454 0000022A E8 [00000000]                   	CALL	_make_textbox8
   455 0000022F 83 C4 2C                        	ADD	ESP,44
   456 00000232 E8 [00000000]                   	CALL	_task_alloc
   457 00000237 68 00010000                     	PUSH	65536
   458 0000023C 68 003C0000                     	PUSH	3932160
   459 00000241 89 85 FFFFFBC0                  	MOV	DWORD [-1088+EBP],EAX
   460 00000247 E8 [00000000]                   	CALL	_memman_alloc_4k
   461 0000024C 8B 95 FFFFFBC0                  	MOV	EDX,DWORD [-1088+EBP]
   462 00000252 05 0000FFF4                     	ADD	EAX,65524
   463 00000257 89 42 64                        	MOV	DWORD [100+EDX],EAX
   464 0000025A C7 42 4C [00000000]             	MOV	DWORD [76+EDX],_console_task
   465 00000261 C7 42 74 00000008               	MOV	DWORD [116+EDX],8
   466 00000268 C7 42 78 00000010               	MOV	DWORD [120+EDX],16
   467 0000026F C7 42 7C 00000008               	MOV	DWORD [124+EDX],8
   468 00000276 C7 82 00000080 00000008         	MOV	DWORD [128+EDX],8
   469 00000280 C7 82 00000084 00000008         	MOV	DWORD [132+EDX],8
   470 0000028A C7 82 00000088 00000008         	MOV	DWORD [136+EDX],8
   471 00000294 8B 95 FFFFFBD0                  	MOV	EDX,DWORD [-1072+EBP]
   472 0000029A 89 50 04                        	MOV	DWORD [4+EAX],EDX
   473 0000029D 8B 95 FFFFFBC0                  	MOV	EDX,DWORD [-1088+EBP]
   474 000002A3 8B 42 64                        	MOV	EAX,DWORD [100+EDX]
   475 000002A6 8B 95 FFFFFBDC                  	MOV	EDX,DWORD [-1060+EBP]
   476 000002AC 89 50 08                        	MOV	DWORD [8+EAX],EDX
   477 000002AF 6A 02                           	PUSH	2
   478 000002B1 6A 02                           	PUSH	2
   479 000002B3 FF B5 FFFFFBC0                  	PUSH	DWORD [-1088+EBP]
   480 000002B9 E8 [00000000]                   	CALL	_task_run
   481 000002BE 56                              	PUSH	ESI
   482 000002BF E8 [00000000]                   	CALL	_sheet_alloc
   483 000002C4 68 00002080                     	PUSH	8320
   484 000002C9 68 003C0000                     	PUSH	3932160
   485 000002CE 89 C7                           	MOV	EDI,EAX
   486 000002D0 E8 [00000000]                   	CALL	_memman_alloc_4k
   487 000002D5 83 C4 20                        	ADD	ESP,32
   488 000002D8 6A FF                           	PUSH	-1
   489 000002DA 89 85 FFFFFBCC                  	MOV	DWORD [-1076+EBP],EAX
   490 000002E0 6A 34                           	PUSH	52
   491 000002E2 68 00000090                     	PUSH	144
   492 000002E7 50                              	PUSH	EAX
   493 000002E8 57                              	PUSH	EDI
   494 000002E9 E8 [00000000]                   	CALL	_sheet_setbuf
   495 000002EE 6A 01                           	PUSH	1
   496 000002F0 68 [00000108]                   	PUSH	LC1
   497 000002F5 6A 34                           	PUSH	52
   498 000002F7 68 00000090                     	PUSH	144
   499 000002FC FF B5 FFFFFBCC                  	PUSH	DWORD [-1076+EBP]
   500 00000302 E8 [00000000]                   	CALL	_make_window8
   501 00000307 83 C4 28                        	ADD	ESP,40
   502 0000030A 6A 07                           	PUSH	7
   503 0000030C 6A 10                           	PUSH	16
   504 0000030E 68 00000080                     	PUSH	128
   505 00000313 6A 1C                           	PUSH	28
   506 00000315 6A 08                           	PUSH	8
   507 00000317 57                              	PUSH	EDI
   508 00000318 E8 [00000000]                   	CALL	_make_textbox8
   509 0000031D C7 85 FFFFFBE4 00000008         	MOV	DWORD [-1052+EBP],8
   510 00000327 C7 85 FFFFFBE0 00000007         	MOV	DWORD [-1056+EBP],7
   511 00000331 E8 [00000000]                   	CALL	_timer_alloc
   512 00000336 6A 01                           	PUSH	1
   513 00000338 89 85 FFFFFBF0                  	MOV	DWORD [-1040+EBP],EAX
   514 0000033E 8D 45 D4                        	LEA	EAX,DWORD [-44+EBP]
   515 00000341 50                              	PUSH	EAX
   516 00000342 FF B5 FFFFFBF0                  	PUSH	DWORD [-1040+EBP]
   517 00000348 E8 [00000000]                   	CALL	_timer_init
   518 0000034D 83 C4 24                        	ADD	ESP,36
   519 00000350 6A 32                           	PUSH	50
   520 00000352 FF B5 FFFFFBF0                  	PUSH	DWORD [-1040+EBP]
   521 00000358 E8 [00000000]                   	CALL	_timer_settime
   522 0000035D 56                              	PUSH	ESI
   523 0000035E E8 [00000000]                   	CALL	_sheet_alloc
   524 00000363 6A 63                           	PUSH	99
   525 00000365 6A 10                           	PUSH	16
   526 00000367 6A 10                           	PUSH	16
   527 00000369 89 85 FFFFFBD4                  	MOV	DWORD [-1068+EBP],EAX
   528 0000036F 53                              	PUSH	EBX
   529 00000370 50                              	PUSH	EAX
   530 00000371 E8 [00000000]                   	CALL	_sheet_setbuf
   531 00000376 83 C4 20                        	ADD	ESP,32
   532 00000379 6A 63                           	PUSH	99
   533 0000037B 53                              	PUSH	EBX
   534 0000037C BB 00000002                     	MOV	EBX,2
   535 00000381 E8 [00000000]                   	CALL	_init_mouse_cursor8
   536 00000386 0F BF 05 00000FF4               	MOVSX	EAX,WORD [4084]
   537 0000038D 8D 48 F0                        	LEA	ECX,DWORD [-16+EAX]
   538 00000390 89 C8                           	MOV	EAX,ECX
   539 00000392 99                              	CDQ
   540 00000393 F7 FB                           	IDIV	EBX
   541 00000395 89 85 FFFFFBEC                  	MOV	DWORD [-1044+EBP],EAX
   542 0000039B 0F BF 05 00000FF6               	MOVSX	EAX,WORD [4086]
   543 000003A2 6A 00                           	PUSH	0
   544 000003A4 8D 48 D4                        	LEA	ECX,DWORD [-44+EAX]
   545 000003A7 6A 00                           	PUSH	0
   546 000003A9 89 C8                           	MOV	EAX,ECX
   547 000003AB 99                              	CDQ
   548 000003AC F7 FB                           	IDIV	EBX
   549 000003AE FF B5 FFFFFBD8                  	PUSH	DWORD [-1064+EBP]
   550 000003B4 89 85 FFFFFBE8                  	MOV	DWORD [-1048+EBP],EAX
   551 000003BA E8 [00000000]                   	CALL	_sheet_slide
   552 000003BF 6A 04                           	PUSH	4
   553 000003C1 6A 20                           	PUSH	32
   554 000003C3 FF B5 FFFFFBD0                  	PUSH	DWORD [-1072+EBP]
   555 000003C9 E8 [00000000]                   	CALL	_sheet_slide
   556 000003CE 83 C4 20                        	ADD	ESP,32
   557 000003D1 6A 38                           	PUSH	56
   558 000003D3 6A 40                           	PUSH	64
   559 000003D5 57                              	PUSH	EDI
   560 000003D6 E8 [00000000]                   	CALL	_sheet_slide
   561 000003DB FF B5 FFFFFBE8                  	PUSH	DWORD [-1048+EBP]
   562 000003E1 FF B5 FFFFFBEC                  	PUSH	DWORD [-1044+EBP]
   563 000003E7 FF B5 FFFFFBD4                  	PUSH	DWORD [-1068+EBP]
   564 000003ED E8 [00000000]                   	CALL	_sheet_slide
   565 000003F2 6A 00                           	PUSH	0
   566 000003F4 FF B5 FFFFFBD8                  	PUSH	DWORD [-1064+EBP]
   567 000003FA E8 [00000000]                   	CALL	_sheet_updown
   568 000003FF 83 C4 20                        	ADD	ESP,32
   569 00000402 6A 01                           	PUSH	1
   570 00000404 FF B5 FFFFFBD0                  	PUSH	DWORD [-1072+EBP]
   571 0000040A E8 [00000000]                   	CALL	_sheet_updown
   572 0000040F 6A 02                           	PUSH	2
   573 00000411 57                              	PUSH	EDI
   574 00000412 E8 [00000000]                   	CALL	_sheet_updown
   575 00000417 6A 03                           	PUSH	3
   576 00000419 FF B5 FFFFFBD4                  	PUSH	DWORD [-1068+EBP]
   577 0000041F E8 [00000000]                   	CALL	_sheet_updown
   578 00000424 8D 55 B4                        	LEA	EDX,DWORD [-76+EBP]
   579 00000427 68 000000ED                     	PUSH	237
   580 0000042C 52                              	PUSH	EDX
   581 0000042D E8 [00000000]                   	CALL	_fifo32_put
   582 00000432 8D 45 B4                        	LEA	EAX,DWORD [-76+EBP]
   583 00000435 83 C4 20                        	ADD	ESP,32
   584 00000438 FF B5 FFFFFBB4                  	PUSH	DWORD [-1100+EBP]
   585 0000043E 50                              	PUSH	EAX
   586 0000043F E8 [00000000]                   	CALL	_fifo32_put
   587 00000444 59                              	POP	ECX
   588 00000445 5B                              	POP	EBX
   589 00000446                                 L2:
   590 00000446 8D 5D B4                        	LEA	EBX,DWORD [-76+EBP]
   591 00000449 53                              	PUSH	EBX
   592 0000044A E8 [00000000]                   	CALL	_fifo32_status
   593 0000044F 5A                              	POP	EDX
   594 00000450 85 C0                           	TEST	EAX,EAX
   595 00000452 7E 0D                           	JLE	L5
   596 00000454 83 BD FFFFFBB0 00               	CMP	DWORD [-1104+EBP],0
   597 0000045B 0F 88 0000061A                  	JS	L57
   598 00000461                                 L5:
   599 00000461 8D 5D D4                        	LEA	EBX,DWORD [-44+EBP]
   600 00000464 E8 [00000000]                   	CALL	_io_cli
   601 00000469 53                              	PUSH	EBX
   602 0000046A E8 [00000000]                   	CALL	_fifo32_status
   603 0000046F 5E                              	POP	ESI
   604 00000470 85 C0                           	TEST	EAX,EAX
   605 00000472 0F 84 000005ED                  	JE	L58
   606 00000478 53                              	PUSH	EBX
   607 00000479 E8 [00000000]                   	CALL	_fifo32_get
   608 0000047E 89 C6                           	MOV	ESI,EAX
   609 00000480 E8 [00000000]                   	CALL	_io_sti
   610 00000485 5A                              	POP	EDX
   611 00000486 8D 86 FFFFFF00                  	LEA	EAX,DWORD [-256+ESI]
   612 0000048C 3D 000000FF                     	CMP	EAX,255
   613 00000491 0F 86 000001A0                  	JBE	L59
   614 00000497 8D 86 FFFFFE00                  	LEA	EAX,DWORD [-512+ESI]
   615 0000049D 3D 000000FF                     	CMP	EAX,255
   616 000004A2 0F 86 000000C2                  	JBE	L60
   617 000004A8 83 FE 01                        	CMP	ESI,1
   618 000004AB 7F 99                           	JG	L2
   619 000004AD 85 F6                           	TEST	ESI,ESI
   620 000004AF 0F 84 00000088                  	JE	L50
   621 000004B5 6A 00                           	PUSH	0
   622 000004B7 53                              	PUSH	EBX
   623 000004B8 FF B5 FFFFFBF0                  	PUSH	DWORD [-1040+EBP]
   624 000004BE E8 [00000000]                   	CALL	_timer_init
   625 000004C3 83 C4 0C                        	ADD	ESP,12
   626 000004C6 83 BD FFFFFBE0 00               	CMP	DWORD [-1056+EBP],0
   627 000004CD 78 0A                           	JS	L52
   628 000004CF C7 85 FFFFFBE0 00000000         	MOV	DWORD [-1056+EBP],0
   629 000004D9                                 L52:
   630 000004D9 6A 32                           	PUSH	50
   631 000004DB FF B5 FFFFFBF0                  	PUSH	DWORD [-1040+EBP]
   632 000004E1 E8 [00000000]                   	CALL	_timer_settime
   633 000004E6 58                              	POP	EAX
   634 000004E7 5A                              	POP	EDX
   635 000004E8 83 BD FFFFFBE0 00               	CMP	DWORD [-1056+EBP],0
   636 000004EF 0F 88 FFFFFF51                  	JS	L2
   637 000004F5 8B 85 FFFFFBE4                  	MOV	EAX,DWORD [-1052+EBP]
   638 000004FB 6A 2B                           	PUSH	43
   639 000004FD 83 C0 07                        	ADD	EAX,7
   640 00000500 50                              	PUSH	EAX
   641 00000501 6A 1C                           	PUSH	28
   642 00000503 FF B5 FFFFFBE4                  	PUSH	DWORD [-1052+EBP]
   643 00000509 0F B6 85 FFFFFBE0               	MOVZX	EAX,BYTE [-1056+EBP]
   644 00000510 50                              	PUSH	EAX
   645 00000511 FF 77 04                        	PUSH	DWORD [4+EDI]
   646 00000514 FF 37                           	PUSH	DWORD [EDI]
   647 00000516 E8 [00000000]                   	CALL	_boxfill8
   648 0000051B 8B 85 FFFFFBE4                  	MOV	EAX,DWORD [-1052+EBP]
   649 00000521 6A 2C                           	PUSH	44
   650 00000523 83 C0 08                        	ADD	EAX,8
   651 00000526 50                              	PUSH	EAX
   652 00000527 6A 1C                           	PUSH	28
   653 00000529 FF B5 FFFFFBE4                  	PUSH	DWORD [-1052+EBP]
   654 0000052F 57                              	PUSH	EDI
   655 00000530 E8 [00000000]                   	CALL	_sheet_refresh
   656 00000535 83 C4 30                        	ADD	ESP,48
   657 00000538 E9 FFFFFF09                     	JMP	L2
   658 0000053D                                 L50:
   659 0000053D 6A 01                           	PUSH	1
   660 0000053F 53                              	PUSH	EBX
   661 00000540 FF B5 FFFFFBF0                  	PUSH	DWORD [-1040+EBP]
   662 00000546 E8 [00000000]                   	CALL	_timer_init
   663 0000054B 83 C4 0C                        	ADD	ESP,12
   664 0000054E 83 BD FFFFFBE0 00               	CMP	DWORD [-1056+EBP],0
   665 00000555 0F 88 FFFFFF7E                  	JS	L52
   666 0000055B C7 85 FFFFFBE0 00000007         	MOV	DWORD [-1056+EBP],7
   667 00000565 E9 FFFFFF6F                     	JMP	L52
   668 0000056A                                 L60:
   669 0000056A 89 F2                           	MOV	EDX,ESI
   670 0000056C 0F B6 C2                        	MOVZX	EAX,DL
   671 0000056F 50                              	PUSH	EAX
   672 00000570 8D 45 A4                        	LEA	EAX,DWORD [-92+EBP]
   673 00000573 50                              	PUSH	EAX
   674 00000574 E8 [00000000]                   	CALL	_mouse_decode
   675 00000579 59                              	POP	ECX
   676 0000057A 5B                              	POP	EBX
   677 0000057B 85 C0                           	TEST	EAX,EAX
   678 0000057D 0F 84 FFFFFEC3                  	JE	L2
   679 00000583 8B 45 AC                        	MOV	EAX,DWORD [-84+EBP]
   680 00000586 8B 55 A8                        	MOV	EDX,DWORD [-88+EBP]
   681 00000589 01 85 FFFFFBE8                  	ADD	DWORD [-1048+EBP],EAX
   682 0000058F 01 95 FFFFFBEC                  	ADD	DWORD [-1044+EBP],EDX
   683 00000595 0F 88 0000008D                  	JS	L61
   684 0000059B                                 L43:
   685 0000059B 83 BD FFFFFBE8 00               	CMP	DWORD [-1048+EBP],0
   686 000005A2 78 75                           	JS	L62
   687 000005A4                                 L44:
   688 000005A4 0F BF 05 00000FF4               	MOVSX	EAX,WORD [4084]
   689 000005AB 48                              	DEC	EAX
   690 000005AC 39 85 FFFFFBEC                  	CMP	DWORD [-1044+EBP],EAX
   691 000005B2 7E 06                           	JLE	L45
   692 000005B4 89 85 FFFFFBEC                  	MOV	DWORD [-1044+EBP],EAX
   693 000005BA                                 L45:
   694 000005BA 0F BF 05 00000FF6               	MOVSX	EAX,WORD [4086]
   695 000005C1 48                              	DEC	EAX
   696 000005C2 39 85 FFFFFBE8                  	CMP	DWORD [-1048+EBP],EAX
   697 000005C8 7E 06                           	JLE	L46
   698 000005CA 89 85 FFFFFBE8                  	MOV	DWORD [-1048+EBP],EAX
   699 000005D0                                 L46:
   700 000005D0 FF B5 FFFFFBE8                  	PUSH	DWORD [-1048+EBP]
   701 000005D6 FF B5 FFFFFBEC                  	PUSH	DWORD [-1044+EBP]
   702 000005DC FF B5 FFFFFBD4                  	PUSH	DWORD [-1068+EBP]
   703 000005E2 E8 [00000000]                   	CALL	_sheet_slide
   704 000005E7 83 C4 0C                        	ADD	ESP,12
   705 000005EA F7 45 B0 00000001               	TEST	DWORD [-80+EBP],1
   706 000005F1 0F 84 FFFFFE4F                  	JE	L2
   707 000005F7 8B 85 FFFFFBE8                  	MOV	EAX,DWORD [-1048+EBP]
   708 000005FD 83 E8 08                        	SUB	EAX,8
   709 00000600 50                              	PUSH	EAX
   710 00000601 8B 85 FFFFFBEC                  	MOV	EAX,DWORD [-1044+EBP]
   711 00000607 83 E8 50                        	SUB	EAX,80
   712 0000060A 50                              	PUSH	EAX
   713 0000060B 57                              	PUSH	EDI
   714 0000060C E8 [00000000]                   	CALL	_sheet_slide
   715 00000611 83 C4 0C                        	ADD	ESP,12
   716 00000614 E9 FFFFFE2D                     	JMP	L2
   717 00000619                                 L62:
   718 00000619 C7 85 FFFFFBE8 00000000         	MOV	DWORD [-1048+EBP],0
   719 00000623 E9 FFFFFF7C                     	JMP	L44
   720 00000628                                 L61:
   721 00000628 C7 85 FFFFFBEC 00000000         	MOV	DWORD [-1044+EBP],0
   722 00000632 E9 FFFFFF64                     	JMP	L43
   723 00000637                                 L59:
   724 00000637 81 FE 0000017F                  	CMP	ESI,383
   725 0000063D 0F 8F 00000416                  	JG	L9
   726 00000643 83 BD FFFFFBB8 00               	CMP	DWORD [-1096+EBP],0
   727 0000064A 0F 85 000003FE                  	JNE	L10
   728 00000650 8A 86 [FFFFFF00]                	MOV	AL,BYTE [_keytable0-256+ESI]
   729 00000656                                 L56:
   730 00000656 88 85 FFFFFF74                  	MOV	BYTE [-140+EBP],AL
   731 0000065C                                 L12:
   732 0000065C 8A 95 FFFFFF74                  	MOV	DL,BYTE [-140+EBP]
   733 00000662 8D 42 BF                        	LEA	EAX,DWORD [-65+EDX]
   734 00000665 3C 19                           	CMP	AL,25
   735 00000667 77 1D                           	JA	L13
   736 00000669 F7 85 FFFFFBB4 00000004         	TEST	DWORD [-1100+EBP],4
   737 00000673 0F 85 000003C6                  	JNE	L55
   738 00000679 83 BD FFFFFBB8 00               	CMP	DWORD [-1096+EBP],0
   739 00000680 0F 84 000003AB                  	JE	L15
   740 00000686                                 L13:
   741 00000686 8A 85 FFFFFF74                  	MOV	AL,BYTE [-140+EBP]
   742 0000068C 84 C0                           	TEST	AL,AL
   743 0000068E 74 42                           	JE	L17
   744 00000690 83 BD FFFFFBBC 00               	CMP	DWORD [-1092+EBP],0
   745 00000697 0F 85 00000375                  	JNE	L18
   746 0000069D 83 BD FFFFFBE4 7F               	CMP	DWORD [-1052+EBP],127
   747 000006A4 7F 2C                           	JG	L17
   748 000006A6 6A 01                           	PUSH	1
   749 000006A8 8D 85 FFFFFF74                  	LEA	EAX,DWORD [-140+EBP]
   750 000006AE 50                              	PUSH	EAX
   751 000006AF 6A 08                           	PUSH	8
   752 000006B1 6A 00                           	PUSH	0
   753 000006B3 6A 1C                           	PUSH	28
   754 000006B5 FF B5 FFFFFBE4                  	PUSH	DWORD [-1052+EBP]
   755 000006BB 57                              	PUSH	EDI
   756 000006BC C6 85 FFFFFF75 00               	MOV	BYTE [-139+EBP],0
   757 000006C3 E8 [00000000]                   	CALL	_putfonts8_asc_sht
   758 000006C8 83 C4 1C                        	ADD	ESP,28
   759 000006CB 83 85 FFFFFBE4 08               	ADD	DWORD [-1052+EBP],8
   760 000006D2                                 L17:
   761 000006D2 81 FE 0000010E                  	CMP	ESI,270
   762 000006D8 0F 84 000002DB                  	JE	L63
   763 000006DE                                 L21:
   764 000006DE 81 FE 0000010F                  	CMP	ESI,271
   765 000006E4 0F 84 000001BC                  	JE	L64
   766 000006EA                                 L25:
   767 000006EA 81 FE 0000011C                  	CMP	ESI,284
   768 000006F0 0F 84 00000188                  	JE	L65
   769 000006F6                                 L28:
   770 000006F6 81 FE 0000012A                  	CMP	ESI,298
   771 000006FC 0F 84 00000170                  	JE	L66
   772 00000702                                 L30:
   773 00000702 81 FE 00000136                  	CMP	ESI,310
   774 00000708 0F 84 00000158                  	JE	L67
   775 0000070E                                 L31:
   776 0000070E 81 FE 000001AA                  	CMP	ESI,426
   777 00000714 0F 84 00000140                  	JE	L68
   778 0000071A                                 L32:
   779 0000071A 81 FE 000001B6                  	CMP	ESI,438
   780 00000720 0F 84 00000128                  	JE	L69
   781 00000726                                 L33:
   782 00000726 81 FE 0000013A                  	CMP	ESI,314
   783 0000072C 0F 84 000000F3                  	JE	L70
   784 00000732                                 L34:
   785 00000732 81 FE 00000145                  	CMP	ESI,325
   786 00000738 0F 84 000000BE                  	JE	L71
   787 0000073E                                 L35:
   788 0000073E 81 FE 00000146                  	CMP	ESI,326
   789 00000744 0F 84 00000089                  	JE	L72
   790 0000074A                                 L36:
   791 0000074A 81 FE 000001FA                  	CMP	ESI,506
   792 00000750 74 72                           	JE	L73
   793 00000752                                 L37:
   794 00000752 81 FE 000001FE                  	CMP	ESI,510
   795 00000758 74 54                           	JE	L74
   796 0000075A                                 L38:
   797 0000075A 83 BD FFFFFBE0 00               	CMP	DWORD [-1056+EBP],0
   798 00000761 78 29                           	JS	L39
   799 00000763 8B 85 FFFFFBE4                  	MOV	EAX,DWORD [-1052+EBP]
   800 00000769 6A 2B                           	PUSH	43
   801 0000076B 83 C0 07                        	ADD	EAX,7
   802 0000076E 50                              	PUSH	EAX
   803 0000076F 6A 1C                           	PUSH	28
   804 00000771 FF B5 FFFFFBE4                  	PUSH	DWORD [-1052+EBP]
   805 00000777 0F B6 85 FFFFFBE0               	MOVZX	EAX,BYTE [-1056+EBP]
   806 0000077E 50                              	PUSH	EAX
   807 0000077F FF 77 04                        	PUSH	DWORD [4+EDI]
   808 00000782 FF 37                           	PUSH	DWORD [EDI]
   809 00000784 E8 [00000000]                   	CALL	_boxfill8
   810 00000789 83 C4 1C                        	ADD	ESP,28
   811 0000078C                                 L39:
   812 0000078C 8B 85 FFFFFBE4                  	MOV	EAX,DWORD [-1052+EBP]
   813 00000792 6A 2C                           	PUSH	44
   814 00000794 83 C0 08                        	ADD	EAX,8
   815 00000797 50                              	PUSH	EAX
   816 00000798 6A 1C                           	PUSH	28
   817 0000079A FF B5 FFFFFBE4                  	PUSH	DWORD [-1052+EBP]
   818 000007A0 57                              	PUSH	EDI
   819 000007A1 E8 [00000000]                   	CALL	_sheet_refresh
   820 000007A6 83 C4 14                        	ADD	ESP,20
   821 000007A9 E9 FFFFFC98                     	JMP	L2
   822 000007AE                                 L74:
   823 000007AE E8 [00000000]                   	CALL	_wait_KBC_sendready
   824 000007B3 FF B5 FFFFFBB0                  	PUSH	DWORD [-1104+EBP]
   825 000007B9 6A 60                           	PUSH	96
   826 000007BB E8 [00000000]                   	CALL	_io_out8
   827 000007C0 5E                              	POP	ESI
   828 000007C1 58                              	POP	EAX
   829 000007C2 EB 96                           	JMP	L38
   830 000007C4                                 L73:
   831 000007C4 C7 85 FFFFFBB0 FFFFFFFF         	MOV	DWORD [-1104+EBP],-1
   832 000007CE E9 FFFFFF7F                     	JMP	L37
   833 000007D3                                 L72:
   834 000007D3 68 000000ED                     	PUSH	237
   835 000007D8 8D 5D B4                        	LEA	EBX,DWORD [-76+EBP]
   836 000007DB 53                              	PUSH	EBX
   837 000007DC 83 B5 FFFFFBB4 01               	XOR	DWORD [-1100+EBP],1
   838 000007E3 E8 [00000000]                   	CALL	_fifo32_put
   839 000007E8 FF B5 FFFFFBB4                  	PUSH	DWORD [-1100+EBP]
   840 000007EE 53                              	PUSH	EBX
   841 000007EF E8 [00000000]                   	CALL	_fifo32_put
   842 000007F4 83 C4 10                        	ADD	ESP,16
   843 000007F7 E9 FFFFFF4E                     	JMP	L36
   844 000007FC                                 L71:
   845 000007FC 68 000000ED                     	PUSH	237
   846 00000801 8D 5D B4                        	LEA	EBX,DWORD [-76+EBP]
   847 00000804 53                              	PUSH	EBX
   848 00000805 83 B5 FFFFFBB4 02               	XOR	DWORD [-1100+EBP],2
   849 0000080C E8 [00000000]                   	CALL	_fifo32_put
   850 00000811 FF B5 FFFFFBB4                  	PUSH	DWORD [-1100+EBP]
   851 00000817 53                              	PUSH	EBX
   852 00000818 E8 [00000000]                   	CALL	_fifo32_put
   853 0000081D 83 C4 10                        	ADD	ESP,16
   854 00000820 E9 FFFFFF19                     	JMP	L35
   855 00000825                                 L70:
   856 00000825 68 000000ED                     	PUSH	237
   857 0000082A 8D 5D B4                        	LEA	EBX,DWORD [-76+EBP]
   858 0000082D 53                              	PUSH	EBX
   859 0000082E 83 B5 FFFFFBB4 04               	XOR	DWORD [-1100+EBP],4
   860 00000835 E8 [00000000]                   	CALL	_fifo32_put
   861 0000083A FF B5 FFFFFBB4                  	PUSH	DWORD [-1100+EBP]
   862 00000840 53                              	PUSH	EBX
   863 00000841 E8 [00000000]                   	CALL	_fifo32_put
   864 00000846 83 C4 10                        	ADD	ESP,16
   865 00000849 E9 FFFFFEE4                     	JMP	L34
   866 0000084E                                 L69:
   867 0000084E 83 A5 FFFFFBB8 FD               	AND	DWORD [-1096+EBP],-3
   868 00000855 E9 FFFFFECC                     	JMP	L33
   869 0000085A                                 L68:
   870 0000085A 83 A5 FFFFFBB8 FE               	AND	DWORD [-1096+EBP],-2
   871 00000861 E9 FFFFFEB4                     	JMP	L32
   872 00000866                                 L67:
   873 00000866 83 8D FFFFFBB8 02               	OR	DWORD [-1096+EBP],2
   874 0000086D E9 FFFFFE9C                     	JMP	L31
   875 00000872                                 L66:
   876 00000872 83 8D FFFFFBB8 01               	OR	DWORD [-1096+EBP],1
   877 00000879 E9 FFFFFE84                     	JMP	L30
   878 0000087E                                 L65:
   879 0000087E 83 BD FFFFFBBC 00               	CMP	DWORD [-1092+EBP],0
   880 00000885 0F 84 FFFFFE6B                  	JE	L28
   881 0000088B 8B 85 FFFFFBC0                  	MOV	EAX,DWORD [-1088+EBP]
   882 00000891 68 0000010A                     	PUSH	266
   883 00000896 83 C0 10                        	ADD	EAX,16
   884 00000899 50                              	PUSH	EAX
   885 0000089A E8 [00000000]                   	CALL	_fifo32_put
   886 0000089F 58                              	POP	EAX
   887 000008A0 5A                              	POP	EDX
   888 000008A1 E9 FFFFFE50                     	JMP	L28
   889 000008A6                                 L64:
   890 000008A6 83 BD FFFFFBBC 00               	CMP	DWORD [-1092+EBP],0
   891 000008AD 0F 85 000000A7                  	JNE	L26
   892 000008B3 6A 00                           	PUSH	0
   893 000008B5 68 [00000108]                   	PUSH	LC1
   894 000008BA FF 77 04                        	PUSH	DWORD [4+EDI]
   895 000008BD FF B5 FFFFFBCC                  	PUSH	DWORD [-1076+EBP]
   896 000008C3 C7 85 FFFFFBBC 00000001         	MOV	DWORD [-1092+EBP],1
   897 000008CD E8 [00000000]                   	CALL	_make_wtitle8
   898 000008D2 8B 95 FFFFFBD0                  	MOV	EDX,DWORD [-1072+EBP]
   899 000008D8 6A 01                           	PUSH	1
   900 000008DA 68 [00000100]                   	PUSH	LC0
   901 000008DF FF 72 04                        	PUSH	DWORD [4+EDX]
   902 000008E2 FF B5 FFFFFBC8                  	PUSH	DWORD [-1080+EBP]
   903 000008E8 E8 [00000000]                   	CALL	_make_wtitle8
   904 000008ED 8B 85 FFFFFBE4                  	MOV	EAX,DWORD [-1052+EBP]
   905 000008F3 83 C4 20                        	ADD	ESP,32
   906 000008F6 83 C0 07                        	ADD	EAX,7
   907 000008F9 C7 85 FFFFFBE0 FFFFFFFF         	MOV	DWORD [-1056+EBP],-1
   908 00000903 6A 2B                           	PUSH	43
   909 00000905 50                              	PUSH	EAX
   910 00000906 6A 1C                           	PUSH	28
   911 00000908 FF B5 FFFFFBE4                  	PUSH	DWORD [-1052+EBP]
   912 0000090E 6A 07                           	PUSH	7
   913 00000910 FF 77 04                        	PUSH	DWORD [4+EDI]
   914 00000913 FF 37                           	PUSH	DWORD [EDI]
   915 00000915 E8 [00000000]                   	CALL	_boxfill8
   916 0000091A 8B 85 FFFFFBC0                  	MOV	EAX,DWORD [-1088+EBP]
   917 00000920 6A 02                           	PUSH	2
   918 00000922 83 C0 10                        	ADD	EAX,16
   919 00000925 50                              	PUSH	EAX
   920 00000926 E8 [00000000]                   	CALL	_fifo32_put
   921 0000092B 83 C4 24                        	ADD	ESP,36
   922 0000092E                                 L27:
   923 0000092E 6A 15                           	PUSH	21
   924 00000930 FF 77 04                        	PUSH	DWORD [4+EDI]
   925 00000933 6A 00                           	PUSH	0
   926 00000935 6A 00                           	PUSH	0
   927 00000937 57                              	PUSH	EDI
   928 00000938 E8 [00000000]                   	CALL	_sheet_refresh
   929 0000093D 8B 95 FFFFFBD0                  	MOV	EDX,DWORD [-1072+EBP]
   930 00000943 6A 15                           	PUSH	21
   931 00000945 FF 72 04                        	PUSH	DWORD [4+EDX]
   932 00000948 6A 00                           	PUSH	0
   933 0000094A 6A 00                           	PUSH	0
   934 0000094C 52                              	PUSH	EDX
   935 0000094D E8 [00000000]                   	CALL	_sheet_refresh
   936 00000952 83 C4 28                        	ADD	ESP,40
   937 00000955 E9 FFFFFD90                     	JMP	L25
   938 0000095A                                 L26:
   939 0000095A 6A 01                           	PUSH	1
   940 0000095C 68 [00000108]                   	PUSH	LC1
   941 00000961 FF 77 04                        	PUSH	DWORD [4+EDI]
   942 00000964 FF B5 FFFFFBCC                  	PUSH	DWORD [-1076+EBP]
   943 0000096A C7 85 FFFFFBBC 00000000         	MOV	DWORD [-1092+EBP],0
   944 00000974 E8 [00000000]                   	CALL	_make_wtitle8
   945 00000979 8B 85 FFFFFBD0                  	MOV	EAX,DWORD [-1072+EBP]
   946 0000097F 6A 00                           	PUSH	0
   947 00000981 68 [00000100]                   	PUSH	LC0
   948 00000986 FF 70 04                        	PUSH	DWORD [4+EAX]
   949 00000989 FF B5 FFFFFBC8                  	PUSH	DWORD [-1080+EBP]
   950 0000098F E8 [00000000]                   	CALL	_make_wtitle8
   951 00000994 8B 85 FFFFFBC0                  	MOV	EAX,DWORD [-1088+EBP]
   952 0000099A 83 C4 20                        	ADD	ESP,32
   953 0000099D 83 C0 10                        	ADD	EAX,16
   954 000009A0 C7 85 FFFFFBE0 00000000         	MOV	DWORD [-1056+EBP],0
   955 000009AA 6A 03                           	PUSH	3
   956 000009AC 50                              	PUSH	EAX
   957 000009AD E8 [00000000]                   	CALL	_fifo32_put
   958 000009B2 59                              	POP	ECX
   959 000009B3 5B                              	POP	EBX
   960 000009B4 E9 FFFFFF75                     	JMP	L27
   961 000009B9                                 L63:
   962 000009B9 83 BD FFFFFBBC 00               	CMP	DWORD [-1092+EBP],0
   963 000009C0 75 35                           	JNE	L22
   964 000009C2 83 BD FFFFFBE4 08               	CMP	DWORD [-1052+EBP],8
   965 000009C9 0F 8E FFFFFD0F                  	JLE	L21
   966 000009CF 6A 01                           	PUSH	1
   967 000009D1 68 [0000010F]                   	PUSH	LC2
   968 000009D6 6A 07                           	PUSH	7
   969 000009D8 6A 00                           	PUSH	0
   970 000009DA 6A 1C                           	PUSH	28
   971 000009DC FF B5 FFFFFBE4                  	PUSH	DWORD [-1052+EBP]
   972 000009E2 57                              	PUSH	EDI
   973 000009E3 E8 [00000000]                   	CALL	_putfonts8_asc_sht
   974 000009E8 83 C4 1C                        	ADD	ESP,28
   975 000009EB 83 AD FFFFFBE4 08               	SUB	DWORD [-1052+EBP],8
   976 000009F2 E9 FFFFFCE7                     	JMP	L21
   977 000009F7                                 L22:
   978 000009F7 8B 85 FFFFFBC0                  	MOV	EAX,DWORD [-1088+EBP]
   979 000009FD 68 00000108                     	PUSH	264
   980 00000A02 83 C0 10                        	ADD	EAX,16
   981 00000A05 50                              	PUSH	EAX
   982 00000A06 E8 [00000000]                   	CALL	_fifo32_put
   983 00000A0B 58                              	POP	EAX
   984 00000A0C 5A                              	POP	EDX
   985 00000A0D E9 FFFFFCCC                     	JMP	L21
   986 00000A12                                 L18:
   987 00000A12 0F BE C0                        	MOVSX	EAX,AL
   988 00000A15 05 00000100                     	ADD	EAX,256
   989 00000A1A 50                              	PUSH	EAX
   990 00000A1B 8B 85 FFFFFBC0                  	MOV	EAX,DWORD [-1088+EBP]
   991 00000A21 83 C0 10                        	ADD	EAX,16
   992 00000A24 50                              	PUSH	EAX
   993 00000A25 E8 [00000000]                   	CALL	_fifo32_put
   994 00000A2A 59                              	POP	ECX
   995 00000A2B 5B                              	POP	EBX
   996 00000A2C E9 FFFFFCA1                     	JMP	L17
   997 00000A31                                 L15:
   998 00000A31 8D 42 20                        	LEA	EAX,DWORD [32+EDX]
   999 00000A34 88 85 FFFFFF74                  	MOV	BYTE [-140+EBP],AL
  1000 00000A3A E9 FFFFFC47                     	JMP	L13
  1001 00000A3F                                 L55:
  1002 00000A3F 83 BD FFFFFBB8 00               	CMP	DWORD [-1096+EBP],0
  1003 00000A46 0F 84 FFFFFC3A                  	JE	L13
  1004 00000A4C EB E3                           	JMP	L15
  1005 00000A4E                                 L10:
  1006 00000A4E 8A 86 [FFFFFF80]                	MOV	AL,BYTE [_keytable1-256+ESI]
  1007 00000A54 E9 FFFFFBFD                     	JMP	L56
  1008 00000A59                                 L9:
  1009 00000A59 C6 85 FFFFFF74 00               	MOV	BYTE [-140+EBP],0
  1010 00000A60 E9 FFFFFBF7                     	JMP	L12
  1011 00000A65                                 L58:
  1012 00000A65 FF B5 FFFFFBC4                  	PUSH	DWORD [-1084+EBP]
  1013 00000A6B E8 [00000000]                   	CALL	_task_sleep
  1014 00000A70 E8 [00000000]                   	CALL	_io_sti
  1015 00000A75 59                              	POP	ECX
  1016 00000A76 E9 FFFFF9CB                     	JMP	L2
  1017 00000A7B                                 L57:
  1018 00000A7B 53                              	PUSH	EBX
  1019 00000A7C E8 [00000000]                   	CALL	_fifo32_get
  1020 00000A81 89 85 FFFFFBB0                  	MOV	DWORD [-1104+EBP],EAX
  1021 00000A87 E8 [00000000]                   	CALL	_wait_KBC_sendready
  1022 00000A8C FF B5 FFFFFBB0                  	PUSH	DWORD [-1104+EBP]
  1023 00000A92 6A 60                           	PUSH	96
  1024 00000A94 E8 [00000000]                   	CALL	_io_out8
  1025 00000A99 83 C4 0C                        	ADD	ESP,12
  1026 00000A9C E9 FFFFF9C0                     	JMP	L5
