     1 00000000                                 [FORMAT "WCOFF"]
     2 00000000                                 [INSTRSET "i486p"]
     3 00000000                                 [OPTIMIZE 1]
     4 00000000                                 [OPTION 1]
     5 00000000                                 [BITS 32]
     6 00000000                                 	EXTERN	_task_now
     7 00000000                                 	EXTERN	_memman_alloc_4k
     8 00000000                                 	EXTERN	_fifo32_init
     9 00000000                                 	EXTERN	_timer_alloc
    10 00000000                                 	EXTERN	_timer_init
    11 00000000                                 	EXTERN	_timer_settime
    12 00000000                                 	EXTERN	_file_readfat
    13 00000000                                 	EXTERN	_io_cli
    14 00000000                                 	EXTERN	_fifo32_status
    15 00000000                                 	EXTERN	_fifo32_get
    16 00000000                                 	EXTERN	_io_sti
    17 00000000                                 	EXTERN	_boxfill8
    18 00000000                                 	EXTERN	_sheet_refresh
    19 00000000                                 	EXTERN	_task_sleep
    20 00000000                                 	EXTERN	_putfonts8_asc_sht
    21 00000000                                 	EXTERN	_memman_total
    22 00000000                                 	EXTERN	_sprintf
    23 00000000                                 	EXTERN	_file_search
    24 00000000                                 	EXTERN	_file_loadfile
    25 00000000                                 	EXTERN	_memman_free_4k
    26 00000000                                 	EXTERN	_set_segmdesc
    27 00000000                                 	EXTERN	_start_app
    28 00000000                                 	EXTERN	_putfonts8_asc
    29 00000000                                 	EXTERN	_sheet_alloc
    30 00000000                                 	EXTERN	_sheet_setbuf
    31 00000000                                 	EXTERN	_make_window8
    32 00000000                                 	EXTERN	_sheet_slide
    33 00000000                                 	EXTERN	_sheet_updown
    34 00000000                                 [FILE "console.c"]
    35                                          [SECTION .text]
    36 00000000                                 	GLOBAL	_console_task
    37 00000000                                 _console_task:
    38 00000000 55                              	PUSH	EBP
    39 00000001 89 E5                           	MOV	EBP,ESP
    40 00000003 57                              	PUSH	EDI
    41 00000004 56                              	PUSH	ESI
    42 00000005 53                              	PUSH	EBX
    43 00000006 8D 5D E4                        	LEA	EBX,DWORD [-28+EBP]
    44 00000009 81 EC 0000023C                  	SUB	ESP,572
    45 0000000F E8 [00000000]                   	CALL	_task_now
    46 00000014 68 00002D00                     	PUSH	11520
    47 00000019 68 003C0000                     	PUSH	3932160
    48 0000001E 89 85 FFFFFDC0                  	MOV	DWORD [-576+EBP],EAX
    49 00000024 E8 [00000000]                   	CALL	_memman_alloc_4k
    50 00000029 8B B5 FFFFFDC0                  	MOV	ESI,DWORD [-576+EBP]
    51 0000002F C7 45 E8 00000008               	MOV	DWORD [-24+EBP],8
    52 00000036 89 85 FFFFFDBC                  	MOV	DWORD [-580+EBP],EAX
    53 0000003C 83 C6 10                        	ADD	ESI,16
    54 0000003F 8B 45 08                        	MOV	EAX,DWORD [8+EBP]
    55 00000042 89 45 E4                        	MOV	DWORD [-28+EBP],EAX
    56 00000045 8D 85 FFFFFDE4                  	LEA	EAX,DWORD [-540+EBP]
    57 0000004B C7 45 EC 0000001C               	MOV	DWORD [-20+EBP],28
    58 00000052 C7 45 F0 FFFFFFFF               	MOV	DWORD [-16+EBP],-1
    59 00000059 89 1D 00000FEC                  	MOV	DWORD [4076],EBX
    60 0000005F FF B5 FFFFFDC0                  	PUSH	DWORD [-576+EBP]
    61 00000065 50                              	PUSH	EAX
    62 00000066 68 00000080                     	PUSH	128
    63 0000006B 56                              	PUSH	ESI
    64 0000006C E8 [00000000]                   	CALL	_fifo32_init
    65 00000071 E8 [00000000]                   	CALL	_timer_alloc
    66 00000076 6A 01                           	PUSH	1
    67 00000078 56                              	PUSH	ESI
    68 00000079 89 C7                           	MOV	EDI,EAX
    69 0000007B 50                              	PUSH	EAX
    70 0000007C E8 [00000000]                   	CALL	_timer_init
    71 00000081 83 C4 24                        	ADD	ESP,36
    72 00000084 6A 32                           	PUSH	50
    73 00000086 57                              	PUSH	EDI
    74 00000087 E8 [00000000]                   	CALL	_timer_settime
    75 0000008C 68 00100200                     	PUSH	1049088
    76 00000091 FF B5 FFFFFDBC                  	PUSH	DWORD [-580+EBP]
    77 00000097 E8 [00000000]                   	CALL	_file_readfat
    78 0000009C 6A 01                           	PUSH	1
    79 0000009E 6A 3E                           	PUSH	62
    80 000000A0 53                              	PUSH	EBX
    81 000000A1 E8 000001FE                     	CALL	_cons_putchar
    82 000000A6 83 C4 1C                        	ADD	ESP,28
    83 000000A9                                 L2:
    84 000000A9 E8 [00000000]                   	CALL	_io_cli
    85 000000AE 8B 9D FFFFFDC0                  	MOV	EBX,DWORD [-576+EBP]
    86 000000B4 83 C3 10                        	ADD	EBX,16
    87 000000B7 53                              	PUSH	EBX
    88 000000B8 E8 [00000000]                   	CALL	_fifo32_status
    89 000000BD 5E                              	POP	ESI
    90 000000BE 85 C0                           	TEST	EAX,EAX
    91 000000C0 0F 84 000001C8                  	JE	L24
    92 000000C6 53                              	PUSH	EBX
    93 000000C7 E8 [00000000]                   	CALL	_fifo32_get
    94 000000CC 89 C6                           	MOV	ESI,EAX
    95 000000CE E8 [00000000]                   	CALL	_io_sti
    96 000000D3 59                              	POP	ECX
    97 000000D4 83 FE 01                        	CMP	ESI,1
    98 000000D7 0F 8E 0000016A                  	JLE	L25
    99 000000DD                                 L7:
   100 000000DD 83 FE 02                        	CMP	ESI,2
   101 000000E0 0F 84 00000155                  	JE	L26
   102 000000E6                                 L12:
   103 000000E6 83 FE 03                        	CMP	ESI,3
   104 000000E9 0F 84 0000011E                  	JE	L27
   105 000000EF                                 L13:
   106 000000EF 8D 9E FFFFFF00                  	LEA	EBX,DWORD [-256+ESI]
   107 000000F5 89 9D FFFFFDB8                  	MOV	DWORD [-584+EBP],EBX
   108 000000FB 81 FB 000000FF                  	CMP	EBX,255
   109 00000101 77 4E                           	JA	L14
   110 00000103 81 FE 00000108                  	CMP	ESI,264
   111 00000109 0F 84 000000DE                  	JE	L28
   112 0000010F 81 FE 0000010A                  	CMP	ESI,266
   113 00000115 0F 84 00000081                  	JE	L29
   114 0000011B 8B 4D E8                        	MOV	ECX,DWORD [-24+EBP]
   115 0000011E 81 F9 000002EF                  	CMP	ECX,751
   116 00000124 7F 2B                           	JG	L14
   117 00000126 89 C8                           	MOV	EAX,ECX
   118 00000128 BA 00000008                     	MOV	EDX,8
   119 0000012D 89 D3                           	MOV	EBX,EDX
   120 0000012F 6A 01                           	PUSH	1
   121 00000131 99                              	CDQ
   122 00000132 F7 FB                           	IDIV	EBX
   123 00000134 89 C1                           	MOV	ECX,EAX
   124 00000136 89 F0                           	MOV	EAX,ESI
   125 00000138 88 84 0D FFFFFDC2               	MOV	BYTE [-574+EBP+ECX*1],AL
   126 0000013F 8D 45 E4                        	LEA	EAX,DWORD [-28+EBP]
   127 00000142 FF B5 FFFFFDB8                  	PUSH	DWORD [-584+EBP]
   128 00000148 50                              	PUSH	EAX
   129 00000149                                 L22:
   130 00000149 E8 00000156                     	CALL	_cons_putchar
   131 0000014E                                 L23:
   132 0000014E 83 C4 0C                        	ADD	ESP,12
   133 00000151                                 L14:
   134 00000151 83 7D F0 00                     	CMP	DWORD [-16+EBP],0
   135 00000155 78 25                           	JS	L21
   136 00000157 8B 4D EC                        	MOV	ECX,DWORD [-20+EBP]
   137 0000015A 8B 55 E8                        	MOV	EDX,DWORD [-24+EBP]
   138 0000015D 8D 41 0F                        	LEA	EAX,DWORD [15+ECX]
   139 00000160 50                              	PUSH	EAX
   140 00000161 8D 42 07                        	LEA	EAX,DWORD [7+EDX]
   141 00000164 50                              	PUSH	EAX
   142 00000165 51                              	PUSH	ECX
   143 00000166 8B 4D 08                        	MOV	ECX,DWORD [8+EBP]
   144 00000169 52                              	PUSH	EDX
   145 0000016A 0F B6 45 F0                     	MOVZX	EAX,BYTE [-16+EBP]
   146 0000016E 50                              	PUSH	EAX
   147 0000016F FF 71 04                        	PUSH	DWORD [4+ECX]
   148 00000172 FF 31                           	PUSH	DWORD [ECX]
   149 00000174 E8 [00000000]                   	CALL	_boxfill8
   150 00000179 83 C4 1C                        	ADD	ESP,28
   151 0000017C                                 L21:
   152 0000017C 8B 4D EC                        	MOV	ECX,DWORD [-20+EBP]
   153 0000017F 8B 55 E8                        	MOV	EDX,DWORD [-24+EBP]
   154 00000182 8D 41 10                        	LEA	EAX,DWORD [16+ECX]
   155 00000185 50                              	PUSH	EAX
   156 00000186 8D 42 08                        	LEA	EAX,DWORD [8+EDX]
   157 00000189 50                              	PUSH	EAX
   158 0000018A 51                              	PUSH	ECX
   159 0000018B 52                              	PUSH	EDX
   160 0000018C FF 75 08                        	PUSH	DWORD [8+EBP]
   161 0000018F E8 [00000000]                   	CALL	_sheet_refresh
   162 00000194 83 C4 14                        	ADD	ESP,20
   163 00000197 E9 FFFFFF0D                     	JMP	L2
   164 0000019C                                 L29:
   165 0000019C 6A 00                           	PUSH	0
   166 0000019E 8D 5D E4                        	LEA	EBX,DWORD [-28+EBP]
   167 000001A1 6A 20                           	PUSH	32
   168 000001A3 53                              	PUSH	EBX
   169 000001A4 E8 000000FB                     	CALL	_cons_putchar
   170 000001A9 53                              	PUSH	EBX
   171 000001AA 8B 45 E8                        	MOV	EAX,DWORD [-24+EBP]
   172 000001AD BA 00000008                     	MOV	EDX,8
   173 000001B2 89 D1                           	MOV	ECX,EDX
   174 000001B4 99                              	CDQ
   175 000001B5 F7 F9                           	IDIV	ECX
   176 000001B7 C6 84 05 FFFFFDC2 00            	MOV	BYTE [-574+EBP+EAX*1],0
   177 000001BF E8 00000183                     	CALL	_cons_newline
   178 000001C4 8D 85 FFFFFDC4                  	LEA	EAX,DWORD [-572+EBP]
   179 000001CA FF B5 FFFFFDC0                  	PUSH	DWORD [-576+EBP]
   180 000001D0 FF 75 0C                        	PUSH	DWORD [12+EBP]
   181 000001D3 FF B5 FFFFFDBC                  	PUSH	DWORD [-580+EBP]
   182 000001D9 53                              	PUSH	EBX
   183 000001DA 50                              	PUSH	EAX
   184 000001DB E8 00000222                     	CALL	_cons_runcmd
   185 000001E0 83 C4 24                        	ADD	ESP,36
   186 000001E3 6A 01                           	PUSH	1
   187 000001E5 6A 3E                           	PUSH	62
   188 000001E7 53                              	PUSH	EBX
   189 000001E8 E9 FFFFFF5C                     	JMP	L22
   190 000001ED                                 L28:
   191 000001ED 83 7D E8 10                     	CMP	DWORD [-24+EBP],16
   192 000001F1 0F 8E FFFFFF5A                  	JLE	L14
   193 000001F7 6A 00                           	PUSH	0
   194 000001F9 8D 45 E4                        	LEA	EAX,DWORD [-28+EBP]
   195 000001FC 6A 20                           	PUSH	32
   196 000001FE 50                              	PUSH	EAX
   197 000001FF E8 000000A0                     	CALL	_cons_putchar
   198 00000204 83 6D E8 08                     	SUB	DWORD [-24+EBP],8
   199 00000208 E9 FFFFFF41                     	JMP	L23
   200 0000020D                                 L27:
   201 0000020D 8B 4D EC                        	MOV	ECX,DWORD [-20+EBP]
   202 00000210 8B 55 E8                        	MOV	EDX,DWORD [-24+EBP]
   203 00000213 8D 41 0F                        	LEA	EAX,DWORD [15+ECX]
   204 00000216 50                              	PUSH	EAX
   205 00000217 8D 42 07                        	LEA	EAX,DWORD [7+EDX]
   206 0000021A 50                              	PUSH	EAX
   207 0000021B 51                              	PUSH	ECX
   208 0000021C 8B 4D 08                        	MOV	ECX,DWORD [8+EBP]
   209 0000021F 52                              	PUSH	EDX
   210 00000220 6A 00                           	PUSH	0
   211 00000222 FF 71 04                        	PUSH	DWORD [4+ECX]
   212 00000225 FF 31                           	PUSH	DWORD [ECX]
   213 00000227 E8 [00000000]                   	CALL	_boxfill8
   214 0000022C 83 C4 1C                        	ADD	ESP,28
   215 0000022F C7 45 F0 FFFFFFFF               	MOV	DWORD [-16+EBP],-1
   216 00000236 E9 FFFFFEB4                     	JMP	L13
   217 0000023B                                 L26:
   218 0000023B C7 45 F0 00000002               	MOV	DWORD [-16+EBP],2
   219 00000242 E9 FFFFFE9F                     	JMP	L12
   220 00000247                                 L25:
   221 00000247 85 F6                           	TEST	ESI,ESI
   222 00000249 74 28                           	JE	L8
   223 0000024B 6A 00                           	PUSH	0
   224 0000024D 53                              	PUSH	EBX
   225 0000024E 57                              	PUSH	EDI
   226 0000024F E8 [00000000]                   	CALL	_timer_init
   227 00000254 83 C4 0C                        	ADD	ESP,12
   228 00000257 83 7D F0 00                     	CMP	DWORD [-16+EBP],0
   229 0000025B 78 07                           	JS	L10
   230 0000025D C7 45 F0 00000002               	MOV	DWORD [-16+EBP],2
   231 00000264                                 L10:
   232 00000264 6A 32                           	PUSH	50
   233 00000266 57                              	PUSH	EDI
   234 00000267 E8 [00000000]                   	CALL	_timer_settime
   235 0000026C 58                              	POP	EAX
   236 0000026D 5A                              	POP	EDX
   237 0000026E E9 FFFFFE6A                     	JMP	L7
   238 00000273                                 L8:
   239 00000273 6A 01                           	PUSH	1
   240 00000275 53                              	PUSH	EBX
   241 00000276 57                              	PUSH	EDI
   242 00000277 E8 [00000000]                   	CALL	_timer_init
   243 0000027C 83 C4 0C                        	ADD	ESP,12
   244 0000027F 83 7D F0 00                     	CMP	DWORD [-16+EBP],0
   245 00000283 78 DF                           	JS	L10
   246 00000285 C7 45 F0 00000000               	MOV	DWORD [-16+EBP],0
   247 0000028C EB D6                           	JMP	L10
   248 0000028E                                 L24:
   249 0000028E FF B5 FFFFFDC0                  	PUSH	DWORD [-576+EBP]
   250 00000294 E8 [00000000]                   	CALL	_task_sleep
   251 00000299 E8 [00000000]                   	CALL	_io_sti
   252 0000029E 5B                              	POP	EBX
   253 0000029F E9 FFFFFE05                     	JMP	L2
   254                                          [SECTION .data]
   255 00000000                                 LC0:
   256 00000000 20 00                           	DB	" ",0x00
   257                                          [SECTION .text]
   258 000002A4                                 	GLOBAL	_cons_putchar
   259 000002A4                                 _cons_putchar:
   260 000002A4 55                              	PUSH	EBP
   261 000002A5 89 E5                           	MOV	EBP,ESP
   262 000002A7 53                              	PUSH	EBX
   263 000002A8 50                              	PUSH	EAX
   264 000002A9 8B 45 0C                        	MOV	EAX,DWORD [12+EBP]
   265 000002AC 8A 55 10                        	MOV	DL,BYTE [16+EBP]
   266 000002AF 8B 5D 08                        	MOV	EBX,DWORD [8+EBP]
   267 000002B2 88 55 F9                        	MOV	BYTE [-7+EBP],DL
   268 000002B5 88 45 FA                        	MOV	BYTE [-6+EBP],AL
   269 000002B8 3C 09                           	CMP	AL,9
   270 000002BA C6 45 FB 00                     	MOV	BYTE [-5+EBP],0
   271 000002BE 74 46                           	JE	L32
   272 000002C0 3C 0A                           	CMP	AL,10
   273 000002C2 74 39                           	JE	L44
   274 000002C4 3C 0D                           	CMP	AL,13
   275 000002C6 74 30                           	JE	L30
   276 000002C8 6A 01                           	PUSH	1
   277 000002CA 8D 45 FA                        	LEA	EAX,DWORD [-6+EBP]
   278 000002CD 50                              	PUSH	EAX
   279 000002CE 6A 00                           	PUSH	0
   280 000002D0 6A 02                           	PUSH	2
   281 000002D2 FF 73 08                        	PUSH	DWORD [8+EBX]
   282 000002D5 FF 73 04                        	PUSH	DWORD [4+EBX]
   283 000002D8 FF 33                           	PUSH	DWORD [EBX]
   284 000002DA E8 [00000000]                   	CALL	_putfonts8_asc_sht
   285 000002DF 83 C4 1C                        	ADD	ESP,28
   286 000002E2 80 7D F9 00                     	CMP	BYTE [-7+EBP],0
   287 000002E6 74 10                           	JE	L30
   288 000002E8 8B 43 04                        	MOV	EAX,DWORD [4+EBX]
   289 000002EB 83 C0 08                        	ADD	EAX,8
   290 000002EE 89 43 04                        	MOV	DWORD [4+EBX],EAX
   291 000002F1 3D 000002F8                     	CMP	EAX,760
   292 000002F6 74 05                           	JE	L44
   293 000002F8                                 L30:
   294 000002F8 8B 5D FC                        	MOV	EBX,DWORD [-4+EBP]
   295 000002FB C9                              	LEAVE
   296 000002FC C3                              	RET
   297 000002FD                                 L44:
   298 000002FD 53                              	PUSH	EBX
   299 000002FE E8 00000044                     	CALL	_cons_newline
   300 00000303 58                              	POP	EAX
   301 00000304 EB F2                           	JMP	L30
   302 00000306                                 L32:
   303 00000306 6A 01                           	PUSH	1
   304 00000308 68 [00000000]                   	PUSH	LC0
   305 0000030D 6A 00                           	PUSH	0
   306 0000030F 6A 02                           	PUSH	2
   307 00000311 FF 73 08                        	PUSH	DWORD [8+EBX]
   308 00000314 FF 73 04                        	PUSH	DWORD [4+EBX]
   309 00000317 FF 33                           	PUSH	DWORD [EBX]
   310 00000319 E8 [00000000]                   	CALL	_putfonts8_asc_sht
   311 0000031E 83 C4 1C                        	ADD	ESP,28
   312 00000321 8B 43 04                        	MOV	EAX,DWORD [4+EBX]
   313 00000324 83 C0 08                        	ADD	EAX,8
   314 00000327 89 43 04                        	MOV	DWORD [4+EBX],EAX
   315 0000032A 3D 000002F8                     	CMP	EAX,760
   316 0000032F 74 0D                           	JE	L45
   317 00000331                                 L35:
   318 00000331 8B 43 04                        	MOV	EAX,DWORD [4+EBX]
   319 00000334 83 E8 08                        	SUB	EAX,8
   320 00000337 83 E0 1F                        	AND	EAX,31
   321 0000033A 75 CA                           	JNE	L32
   322 0000033C EB BA                           	JMP	L30
   323 0000033E                                 L45:
   324 0000033E 53                              	PUSH	EBX
   325 0000033F E8 00000003                     	CALL	_cons_newline
   326 00000344 58                              	POP	EAX
   327 00000345 EB EA                           	JMP	L35
   328 00000347                                 	GLOBAL	_cons_newline
   329 00000347                                 _cons_newline:
   330 00000347 55                              	PUSH	EBP
   331 00000348 89 E5                           	MOV	EBP,ESP
   332 0000034A 57                              	PUSH	EDI
   333 0000034B 56                              	PUSH	ESI
   334 0000034C 53                              	PUSH	EBX
   335 0000034D 50                              	PUSH	EAX
   336 0000034E 8B 45 08                        	MOV	EAX,DWORD [8+EBP]
   337 00000351 8B 55 08                        	MOV	EDX,DWORD [8+EBP]
   338 00000354 8B 00                           	MOV	EAX,DWORD [EAX]
   339 00000356 89 45 F0                        	MOV	DWORD [-16+EBP],EAX
   340 00000359 8B 42 08                        	MOV	EAX,DWORD [8+EDX]
   341 0000035C 3D 0000020B                     	CMP	EAX,523
   342 00000361 7F 18                           	JG	L47
   343 00000363 83 C0 10                        	ADD	EAX,16
   344 00000366 89 42 08                        	MOV	DWORD [8+EDX],EAX
   345 00000369                                 L48:
   346 00000369 8B 45 08                        	MOV	EAX,DWORD [8+EBP]
   347 0000036C C7 40 04 00000008               	MOV	DWORD [4+EAX],8
   348 00000373 8D 65 F4                        	LEA	ESP,DWORD [-12+EBP]
   349 00000376 5B                              	POP	EBX
   350 00000377 5E                              	POP	ESI
   351 00000378 5F                              	POP	EDI
   352 00000379 5D                              	POP	EBP
   353 0000037A C3                              	RET
   354 0000037B                                 L47:
   355 0000037B BF 0000001C                     	MOV	EDI,28
   356 00000380                                 L58:
   357 00000380 BE 00000008                     	MOV	ESI,8
   358 00000385                                 L57:
   359 00000385 8B 45 F0                        	MOV	EAX,DWORD [-16+EBP]
   360 00000388 89 FA                           	MOV	EDX,EDI
   361 0000038A 8B 48 04                        	MOV	ECX,DWORD [4+EAX]
   362 0000038D 8B 18                           	MOV	EBX,DWORD [EAX]
   363 0000038F 8D 47 10                        	LEA	EAX,DWORD [16+EDI]
   364 00000392 0F AF C1                        	IMUL	EAX,ECX
   365 00000395 0F AF D1                        	IMUL	EDX,ECX
   366 00000398 8D 04 30                        	LEA	EAX,DWORD [EAX+ESI*1]
   367 0000039B 8D 14 32                        	LEA	EDX,DWORD [EDX+ESI*1]
   368 0000039E 46                              	INC	ESI
   369 0000039F 8A 04 18                        	MOV	AL,BYTE [EAX+EBX*1]
   370 000003A2 81 FE 000002F7                  	CMP	ESI,759
   371 000003A8 88 04 1A                        	MOV	BYTE [EDX+EBX*1],AL
   372 000003AB 7E D8                           	JLE	L57
   373 000003AD 47                              	INC	EDI
   374 000003AE 81 FF 0000020B                  	CMP	EDI,523
   375 000003B4 7E CA                           	JLE	L58
   376 000003B6 BF 0000020C                     	MOV	EDI,524
   377 000003BB                                 L68:
   378 000003BB BE 00000008                     	MOV	ESI,8
   379 000003C0                                 L67:
   380 000003C0 8B 55 F0                        	MOV	EDX,DWORD [-16+EBP]
   381 000003C3 89 F8                           	MOV	EAX,EDI
   382 000003C5 89 D1                           	MOV	ECX,EDX
   383 000003C7 0F AF 42 04                     	IMUL	EAX,DWORD [4+EDX]
   384 000003CB 8B 12                           	MOV	EDX,DWORD [EDX]
   385 000003CD 8D 04 30                        	LEA	EAX,DWORD [EAX+ESI*1]
   386 000003D0 46                              	INC	ESI
   387 000003D1 81 FE 000002F7                  	CMP	ESI,759
   388 000003D7 C6 04 10 00                     	MOV	BYTE [EAX+EDX*1],0
   389 000003DB 7E E3                           	JLE	L67
   390 000003DD 47                              	INC	EDI
   391 000003DE 81 FF 0000021B                  	CMP	EDI,539
   392 000003E4 7E D5                           	JLE	L68
   393 000003E6 68 0000021C                     	PUSH	540
   394 000003EB 68 000002F8                     	PUSH	760
   395 000003F0 6A 1C                           	PUSH	28
   396 000003F2 6A 08                           	PUSH	8
   397 000003F4 51                              	PUSH	ECX
   398 000003F5 E8 [00000000]                   	CALL	_sheet_refresh
   399 000003FA 83 C4 14                        	ADD	ESP,20
   400 000003FD E9 FFFFFF67                     	JMP	L48
   401                                          [SECTION .data]
   402 00000002                                 LC1:
   403 00000002 6D 65 6D 00                     	DB	"mem",0x00
   404 00000006                                 LC2:
   405 00000006 63 6C 73 00                     	DB	"cls",0x00
   406 0000000A                                 LC3:
   407 0000000A 6C 73 00                        	DB	"ls",0x00
   408 0000000D                                 LC4:
   409 0000000D 74 61 73 6B 00                  	DB	"task",0x00
   410 00000012                                 LC5:
   411 00000012 63 61 74 20 00                  	DB	"cat ",0x00
   412 00000017                                 LC6:
   413 00000017 42 61 64 20 63 6F 6D 6D 61 6E   	DB	"Bad command.",0x0A,0x0A,0x00
       00000021 64 2E 0A 0A 00 
   414                                          [SECTION .text]
   415 00000402                                 	GLOBAL	_cons_runcmd
   416 00000402                                 _cons_runcmd:
   417 00000402 55                              	PUSH	EBP
   418 00000403 89 E5                           	MOV	EBP,ESP
   419 00000405 57                              	PUSH	EDI
   420 00000406 56                              	PUSH	ESI
   421 00000407 BF [00000002]                   	MOV	EDI,LC1
   422 0000040C 53                              	PUSH	EBX
   423 0000040D 83 EC 10                        	SUB	ESP,16
   424 00000410 8B 45 08                        	MOV	EAX,DWORD [8+EBP]
   425 00000413 8B 4D 10                        	MOV	ECX,DWORD [16+EBP]
   426 00000416 89 45 E4                        	MOV	DWORD [-28+EBP],EAX
   427 00000419 89 4D F0                        	MOV	DWORD [-16+EBP],ECX
   428 0000041C 8B 45 14                        	MOV	EAX,DWORD [20+EBP]
   429 0000041F 8B 4D 18                        	MOV	ECX,DWORD [24+EBP]
   430 00000422 89 45 EC                        	MOV	DWORD [-20+EBP],EAX
   431 00000425 89 4D E8                        	MOV	DWORD [-24+EBP],ECX
   432 00000428 B8 00000004                     	MOV	EAX,4
   433 0000042D 8B 75 E4                        	MOV	ESI,DWORD [-28+EBP]
   434 00000430 FC                              	CLD
   435 00000431 89 C1                           	MOV	ECX,EAX
   436 00000433 8B 5D 0C                        	MOV	EBX,DWORD [12+EBP]
   437 00000436 F3                              	REPE
   438 00000437 A6                              	CMPSB
   439 00000438 0F 84 000000DA                  	JE	L90
   440 0000043E B8 00000004                     	MOV	EAX,4
   441 00000443 8B 75 E4                        	MOV	ESI,DWORD [-28+EBP]
   442 00000446 FC                              	CLD
   443 00000447 BF [00000006]                   	MOV	EDI,LC2
   444 0000044C 89 C1                           	MOV	ECX,EAX
   445 0000044E F3                              	REPE
   446 0000044F A6                              	CMPSB
   447 00000450 0F 84 000000B6                  	JE	L91
   448 00000456 B8 00000003                     	MOV	EAX,3
   449 0000045B 8B 75 E4                        	MOV	ESI,DWORD [-28+EBP]
   450 0000045E FC                              	CLD
   451 0000045F BF [0000000A]                   	MOV	EDI,LC3
   452 00000464 89 C1                           	MOV	ECX,EAX
   453 00000466 F3                              	REPE
   454 00000467 A6                              	CMPSB
   455 00000468 0F 84 0000008F                  	JE	L92
   456 0000046E B8 00000005                     	MOV	EAX,5
   457 00000473 8B 75 E4                        	MOV	ESI,DWORD [-28+EBP]
   458 00000476 FC                              	CLD
   459 00000477 BF [0000000D]                   	MOV	EDI,LC4
   460 0000047C 89 C1                           	MOV	ECX,EAX
   461 0000047E F3                              	REPE
   462 0000047F A6                              	CMPSB
   463 00000480 74 66                           	JE	L93
   464 00000482 B8 00000004                     	MOV	EAX,4
   465 00000487 8B 75 E4                        	MOV	ESI,DWORD [-28+EBP]
   466 0000048A FC                              	CLD
   467 0000048B BF [00000012]                   	MOV	EDI,LC5
   468 00000490 89 C1                           	MOV	ECX,EAX
   469 00000492 F3                              	REPE
   470 00000493 A6                              	CMPSB
   471 00000494 74 37                           	JE	L94
   472 00000496 8B 45 E4                        	MOV	EAX,DWORD [-28+EBP]
   473 00000499 80 38 00                        	CMP	BYTE [EAX],0
   474 0000049C 75 08                           	JNE	L95
   475 0000049E                                 L77:
   476 0000049E 8D 65 F4                        	LEA	ESP,DWORD [-12+EBP]
   477 000004A1 5B                              	POP	EBX
   478 000004A2 5E                              	POP	ESI
   479 000004A3 5F                              	POP	EDI
   480 000004A4 5D                              	POP	EBP
   481 000004A5 C3                              	RET
   482 000004A6                                 L95:
   483 000004A6 50                              	PUSH	EAX
   484 000004A7 FF 75 F0                        	PUSH	DWORD [-16+EBP]
   485 000004AA 53                              	PUSH	EBX
   486 000004AB E8 00000233                     	CALL	_cmd_app
   487 000004B0 83 C4 0C                        	ADD	ESP,12
   488 000004B3 85 C0                           	TEST	EAX,EAX
   489 000004B5 75 E7                           	JNE	L77
   490 000004B7 C7 45 0C [00000017]             	MOV	DWORD [12+EBP],LC6
   491 000004BE 89 5D 08                        	MOV	DWORD [8+EBP],EBX
   492 000004C1 8D 65 F4                        	LEA	ESP,DWORD [-12+EBP]
   493 000004C4 5B                              	POP	EBX
   494 000004C5 5E                              	POP	ESI
   495 000004C6 5F                              	POP	EDI
   496 000004C7 5D                              	POP	EBP
   497 000004C8 E9 0000041A                     	JMP	_cons_putstr0
   498 000004CD                                 L94:
   499 000004CD 8B 45 E4                        	MOV	EAX,DWORD [-28+EBP]
   500 000004D0 8B 4D F0                        	MOV	ECX,DWORD [-16+EBP]
   501 000004D3 89 45 10                        	MOV	DWORD [16+EBP],EAX
   502 000004D6 89 4D 0C                        	MOV	DWORD [12+EBP],ECX
   503 000004D9 89 5D 08                        	MOV	DWORD [8+EBP],EBX
   504 000004DC 8D 65 F4                        	LEA	ESP,DWORD [-12+EBP]
   505 000004DF 5B                              	POP	EBX
   506 000004E0 5E                              	POP	ESI
   507 000004E1 5F                              	POP	EDI
   508 000004E2 5D                              	POP	EBP
   509 000004E3 E9 0000016B                     	JMP	_cmd_cat
   510 000004E8                                 L93:
   511 000004E8 8B 45 E8                        	MOV	EAX,DWORD [-24+EBP]
   512 000004EB 89 5D 08                        	MOV	DWORD [8+EBP],EBX
   513 000004EE 89 45 0C                        	MOV	DWORD [12+EBP],EAX
   514 000004F1 8D 65 F4                        	LEA	ESP,DWORD [-12+EBP]
   515 000004F4 5B                              	POP	EBX
   516 000004F5 5E                              	POP	ESI
   517 000004F6 5F                              	POP	EDI
   518 000004F7 5D                              	POP	EBP
   519 000004F8 E9 000003A8                     	JMP	_cmd_task
   520 000004FD                                 L92:
   521 000004FD 89 5D 08                        	MOV	DWORD [8+EBP],EBX
   522 00000500 8D 65 F4                        	LEA	ESP,DWORD [-12+EBP]
   523 00000503 5B                              	POP	EBX
   524 00000504 5E                              	POP	ESI
   525 00000505 5F                              	POP	EDI
   526 00000506 5D                              	POP	EBP
   527 00000507 E9 000000B1                     	JMP	_cmd_ls
   528 0000050C                                 L91:
   529 0000050C 89 5D 08                        	MOV	DWORD [8+EBP],EBX
   530 0000050F 8D 65 F4                        	LEA	ESP,DWORD [-12+EBP]
   531 00000512 5B                              	POP	EBX
   532 00000513 5E                              	POP	ESI
   533 00000514 5F                              	POP	EDI
   534 00000515 5D                              	POP	EBP
   535 00000516 EB 4C                           	JMP	_cmd_cls
   536 00000518                                 L90:
   537 00000518 8B 45 EC                        	MOV	EAX,DWORD [-20+EBP]
   538 0000051B 89 5D 08                        	MOV	DWORD [8+EBP],EBX
   539 0000051E 89 45 0C                        	MOV	DWORD [12+EBP],EAX
   540 00000521 8D 65 F4                        	LEA	ESP,DWORD [-12+EBP]
   541 00000524 5B                              	POP	EBX
   542 00000525 5E                              	POP	ESI
   543 00000526 5F                              	POP	EDI
   544 00000527 5D                              	POP	EBP
   545 00000528 EB 00                           	JMP	_cmd_mem
   546                                          [SECTION .data]
   547 00000026                                 LC7:
   548 00000026 74 6F 74 61 6C 20 20 20 25 64   	DB	"total   %dMB",0x0A,"free %dKB",0x0A,0x0A,0x00
       00000030 4D 42 0A 66 72 65 65 20 25 64 
       0000003A 4B 42 0A 0A 00 
   549                                          [SECTION .text]
   550 0000052A                                 	GLOBAL	_cmd_mem
   551 0000052A                                 _cmd_mem:
   552 0000052A 55                              	PUSH	EBP
   553 0000052B 89 E5                           	MOV	EBP,ESP
   554 0000052D 53                              	PUSH	EBX
   555 0000052E 83 EC 40                        	SUB	ESP,64
   556 00000531 8B 5D 0C                        	MOV	EBX,DWORD [12+EBP]
   557 00000534 C1 EB 14                        	SHR	EBX,20
   558 00000537 68 003C0000                     	PUSH	3932160
   559 0000053C E8 [00000000]                   	CALL	_memman_total
   560 00000541 C1 E8 0A                        	SHR	EAX,10
   561 00000544 89 04 24                        	MOV	DWORD [ESP],EAX
   562 00000547 53                              	PUSH	EBX
   563 00000548 68 [00000026]                   	PUSH	LC7
   564 0000054D 8D 5D BC                        	LEA	EBX,DWORD [-68+EBP]
   565 00000550 53                              	PUSH	EBX
   566 00000551 E8 [00000000]                   	CALL	_sprintf
   567 00000556 53                              	PUSH	EBX
   568 00000557 FF 75 08                        	PUSH	DWORD [8+EBP]
   569 0000055A E8 00000388                     	CALL	_cons_putstr0
   570 0000055F 8B 5D FC                        	MOV	EBX,DWORD [-4+EBP]
   571 00000562 C9                              	LEAVE
   572 00000563 C3                              	RET
   573 00000564                                 	GLOBAL	_cmd_cls
   574 00000564                                 _cmd_cls:
   575 00000564 55                              	PUSH	EBP
   576 00000565 89 E5                           	MOV	EBP,ESP
   577 00000567 57                              	PUSH	EDI
   578 00000568 56                              	PUSH	ESI
   579 00000569 BE 0000001C                     	MOV	ESI,28
   580 0000056E 8B 7D 08                        	MOV	EDI,DWORD [8+EBP]
   581 00000571 53                              	PUSH	EBX
   582 00000572 8B 1F                           	MOV	EBX,DWORD [EDI]
   583 00000574                                 L107:
   584 00000574 B9 00000008                     	MOV	ECX,8
   585 00000579                                 L106:
   586 00000579 89 F0                           	MOV	EAX,ESI
   587 0000057B 8B 13                           	MOV	EDX,DWORD [EBX]
   588 0000057D 0F AF 43 04                     	IMUL	EAX,DWORD [4+EBX]
   589 00000581 8D 04 08                        	LEA	EAX,DWORD [EAX+ECX*1]
   590 00000584 41                              	INC	ECX
   591 00000585 81 F9 000002F7                  	CMP	ECX,759
   592 0000058B C6 04 10 00                     	MOV	BYTE [EAX+EDX*1],0
   593 0000058F 7E E8                           	JLE	L106
   594 00000591 46                              	INC	ESI
   595 00000592 81 FE 00000223                  	CMP	ESI,547
   596 00000598 7E DA                           	JLE	L107
   597 0000059A 68 00000224                     	PUSH	548
   598 0000059F 68 000002F8                     	PUSH	760
   599 000005A4 6A 1C                           	PUSH	28
   600 000005A6 6A 08                           	PUSH	8
   601 000005A8 53                              	PUSH	EBX
   602 000005A9 E8 [00000000]                   	CALL	_sheet_refresh
   603 000005AE C7 47 08 0000001C               	MOV	DWORD [8+EDI],28
   604 000005B5 8D 65 F4                        	LEA	ESP,DWORD [-12+EBP]
   605 000005B8 5B                              	POP	EBX
   606 000005B9 5E                              	POP	ESI
   607 000005BA 5F                              	POP	EDI
   608 000005BB 5D                              	POP	EBP
   609 000005BC C3                              	RET
   610                                          [SECTION .data]
   611 0000003F                                 LC8:
   612 0000003F 66 69 6C 65 6E 61 6D 65 2E 65   	DB	"filename.ext   %7d KB",0x0A,0x00
       00000049 78 74 20 20 20 25 37 64 20 4B 
       00000053 42 0A 00 
   613                                          [SECTION .text]
   614 000005BD                                 	GLOBAL	_cmd_ls
   615 000005BD                                 _cmd_ls:
   616 000005BD 55                              	PUSH	EBP
   617 000005BE 89 E5                           	MOV	EBP,ESP
   618 000005C0 57                              	PUSH	EDI
   619 000005C1 56                              	PUSH	ESI
   620 000005C2 31 F6                           	XOR	ESI,ESI
   621 000005C4 53                              	PUSH	EBX
   622 000005C5 31 DB                           	XOR	EBX,EBX
   623 000005C7 83 EC 20                        	SUB	ESP,32
   624 000005CA 8B 7D 08                        	MOV	EDI,DWORD [8+EBP]
   625 000005CD                                 L125:
   626 000005CD 8A 83 00102600                  	MOV	AL,BYTE [1058304+EBX]
   627 000005D3 84 C0                           	TEST	AL,AL
   628 000005D5 74 19                           	JE	L114
   629 000005D7 3C E5                           	CMP	AL,-27
   630 000005D9 74 09                           	JE	L115
   631 000005DB F6 83 0010260B 18               	TEST	BYTE [1058315+EBX],24
   632 000005E2 74 1A                           	JE	L129
   633 000005E4                                 L115:
   634 000005E4 46                              	INC	ESI
   635 000005E5 83 C3 20                        	ADD	EBX,32
   636 000005E8 81 FE 000000F3                  	CMP	ESI,243
   637 000005EE 7E DD                           	JLE	L125
   638 000005F0                                 L114:
   639 000005F0 57                              	PUSH	EDI
   640 000005F1 E8 FFFFFD51                     	CALL	_cons_newline
   641 000005F6 8D 65 F4                        	LEA	ESP,DWORD [-12+EBP]
   642 000005F9 5B                              	POP	EBX
   643 000005FA 5E                              	POP	ESI
   644 000005FB 5F                              	POP	EDI
   645 000005FC 5D                              	POP	EBP
   646 000005FD C3                              	RET
   647 000005FE                                 L129:
   648 000005FE FF B3 0010261C                  	PUSH	DWORD [1058332+EBX]
   649 00000604 68 [0000003F]                   	PUSH	LC8
   650 00000609 8D 45 D4                        	LEA	EAX,DWORD [-44+EBP]
   651 0000060C 50                              	PUSH	EAX
   652 0000060D E8 [00000000]                   	CALL	_sprintf
   653 00000612 8D 93 00102600                  	LEA	EDX,DWORD [1058304+EBX]
   654 00000618 31 C9                           	XOR	ECX,ECX
   655 0000061A 83 C4 0C                        	ADD	ESP,12
   656 0000061D                                 L124:
   657 0000061D 8A 02                           	MOV	AL,BYTE [EDX]
   658 0000061F 42                              	INC	EDX
   659 00000620 88 44 0D D4                     	MOV	BYTE [-44+EBP+ECX*1],AL
   660 00000624 41                              	INC	ECX
   661 00000625 83 F9 07                        	CMP	ECX,7
   662 00000628 7E F3                           	JLE	L124
   663 0000062A 8A 83 00102608                  	MOV	AL,BYTE [1058312+EBX]
   664 00000630 88 45 DD                        	MOV	BYTE [-35+EBP],AL
   665 00000633 8A 83 00102609                  	MOV	AL,BYTE [1058313+EBX]
   666 00000639 88 45 DE                        	MOV	BYTE [-34+EBP],AL
   667 0000063C 8A 83 0010260A                  	MOV	AL,BYTE [1058314+EBX]
   668 00000642 88 45 DF                        	MOV	BYTE [-33+EBP],AL
   669 00000645 8D 45 D4                        	LEA	EAX,DWORD [-44+EBP]
   670 00000648 50                              	PUSH	EAX
   671 00000649 57                              	PUSH	EDI
   672 0000064A E8 00000298                     	CALL	_cons_putstr0
   673 0000064F 58                              	POP	EAX
   674 00000650 5A                              	POP	EDX
   675 00000651 EB 91                           	JMP	L115
   676                                          [SECTION .data]
   677 00000056                                 LC9:
   678 00000056 46 69 6C 65 20 63 61 6E 27 74   	DB	"File can't be found.",0x0A,0x00
       00000060 20 62 65 20 66 6F 75 6E 64 2E 
       0000006A 0A 00 
   679                                          [SECTION .text]
   680 00000653                                 	GLOBAL	_cmd_cat
   681 00000653                                 _cmd_cat:
   682 00000653 55                              	PUSH	EBP
   683 00000654 89 E5                           	MOV	EBP,ESP
   684 00000656 57                              	PUSH	EDI
   685 00000657 56                              	PUSH	ESI
   686 00000658 53                              	PUSH	EBX
   687 00000659 56                              	PUSH	ESI
   688 0000065A 8B 45 0C                        	MOV	EAX,DWORD [12+EBP]
   689 0000065D 8B 7D 08                        	MOV	EDI,DWORD [8+EBP]
   690 00000660 89 45 F0                        	MOV	DWORD [-16+EBP],EAX
   691 00000663 68 000000E0                     	PUSH	224
   692 00000668 68 00102600                     	PUSH	1058304
   693 0000066D 8B 45 10                        	MOV	EAX,DWORD [16+EBP]
   694 00000670 83 C0 04                        	ADD	EAX,4
   695 00000673 50                              	PUSH	EAX
   696 00000674 E8 [00000000]                   	CALL	_file_search
   697 00000679 83 C4 0C                        	ADD	ESP,12
   698 0000067C 89 C6                           	MOV	ESI,EAX
   699 0000067E 85 C0                           	TEST	EAX,EAX
   700 00000680 74 52                           	JE	L131
   701 00000682 FF 70 1C                        	PUSH	DWORD [28+EAX]
   702 00000685 68 003C0000                     	PUSH	3932160
   703 0000068A E8 [00000000]                   	CALL	_memman_alloc_4k
   704 0000068F 68 00103E00                     	PUSH	1064448
   705 00000694 FF 75 F0                        	PUSH	DWORD [-16+EBP]
   706 00000697 50                              	PUSH	EAX
   707 00000698 89 C3                           	MOV	EBX,EAX
   708 0000069A FF 76 1C                        	PUSH	DWORD [28+ESI]
   709 0000069D 0F B7 46 1A                     	MOVZX	EAX,WORD [26+ESI]
   710 000006A1 50                              	PUSH	EAX
   711 000006A2 E8 [00000000]                   	CALL	_file_loadfile
   712 000006A7 FF 76 1C                        	PUSH	DWORD [28+ESI]
   713 000006AA 53                              	PUSH	EBX
   714 000006AB 57                              	PUSH	EDI
   715 000006AC E8 00000264                     	CALL	_cons_putstr1
   716 000006B1 83 C4 28                        	ADD	ESP,40
   717 000006B4 FF 76 1C                        	PUSH	DWORD [28+ESI]
   718 000006B7 53                              	PUSH	EBX
   719 000006B8 68 003C0000                     	PUSH	3932160
   720 000006BD E8 [00000000]                   	CALL	_memman_free_4k
   721 000006C2 83 C4 0C                        	ADD	ESP,12
   722 000006C5                                 L132:
   723 000006C5 89 7D 08                        	MOV	DWORD [8+EBP],EDI
   724 000006C8 8D 65 F4                        	LEA	ESP,DWORD [-12+EBP]
   725 000006CB 5B                              	POP	EBX
   726 000006CC 5E                              	POP	ESI
   727 000006CD 5F                              	POP	EDI
   728 000006CE 5D                              	POP	EBP
   729 000006CF E9 FFFFFC73                     	JMP	_cons_newline
   730 000006D4                                 L131:
   731 000006D4 68 [00000056]                   	PUSH	LC9
   732 000006D9 57                              	PUSH	EDI
   733 000006DA E8 00000208                     	CALL	_cons_putstr0
   734 000006DF 59                              	POP	ECX
   735 000006E0 5B                              	POP	EBX
   736 000006E1 EB E2                           	JMP	L132
   737                                          [SECTION .data]
   738 0000006C                                 LC10:
   739 0000006C 48 61 72 69 00                  	DB	"Hari",0x00
   740 00000071                                 LC11:
   741 00000071 2E 68 72 62 20 66 69 6C 65 20   	DB	".hrb file format error.",0x0A,0x00
       0000007B 66 6F 72 6D 61 74 20 65 72 72 
       00000085 6F 72 2E 0A 00 
   742                                          [SECTION .text]
   743 000006E3                                 	GLOBAL	_cmd_app
   744 000006E3                                 _cmd_app:
   745 000006E3 55                              	PUSH	EBP
   746 000006E4 89 E5                           	MOV	EBP,ESP
   747 000006E6 57                              	PUSH	EDI
   748 000006E7 56                              	PUSH	ESI
   749 000006E8 53                              	PUSH	EBX
   750 000006E9 31 DB                           	XOR	EBX,EBX
   751 000006EB 83 EC 38                        	SUB	ESP,56
   752 000006EE 8B 75 10                        	MOV	ESI,DWORD [16+EBP]
   753 000006F1 E8 [00000000]                   	CALL	_task_now
   754 000006F6 89 45 C0                        	MOV	DWORD [-64+EBP],EAX
   755 000006F9                                 L139:
   756 000006F9 8A 04 33                        	MOV	AL,BYTE [EBX+ESI*1]
   757 000006FC 3C 20                           	CMP	AL,32
   758 000006FE 7E 0A                           	JLE	L135
   759 00000700 88 44 1D D4                     	MOV	BYTE [-44+EBP+EBX*1],AL
   760 00000704 43                              	INC	EBX
   761 00000705 83 FB 0C                        	CMP	EBX,12
   762 00000708 7E EF                           	JLE	L139
   763 0000070A                                 L135:
   764 0000070A 68 000000E0                     	PUSH	224
   765 0000070F 8D 75 D4                        	LEA	ESI,DWORD [-44+EBP]
   766 00000712 68 00102600                     	PUSH	1058304
   767 00000717 56                              	PUSH	ESI
   768 00000718 C6 44 1D D4 00                  	MOV	BYTE [-44+EBP+EBX*1],0
   769 0000071D E8 [00000000]                   	CALL	_file_search
   770 00000722 83 C4 0C                        	ADD	ESP,12
   771 00000725 85 C0                           	TEST	EAX,EAX
   772 00000727 89 45 D0                        	MOV	DWORD [-48+EBP],EAX
   773 0000072A 0F 84 0000012E                  	JE	L153
   774 00000730                                 L152:
   775 00000730 8B 45 D0                        	MOV	EAX,DWORD [-48+EBP]
   776 00000733 FF 70 1C                        	PUSH	DWORD [28+EAX]
   777 00000736 68 003C0000                     	PUSH	3932160
   778 0000073B E8 [00000000]                   	CALL	_memman_alloc_4k
   779 00000740 8B 55 D0                        	MOV	EDX,DWORD [-48+EBP]
   780 00000743 68 00103E00                     	PUSH	1064448
   781 00000748 FF 75 0C                        	PUSH	DWORD [12+EBP]
   782 0000074B 50                              	PUSH	EAX
   783 0000074C 89 45 BC                        	MOV	DWORD [-68+EBP],EAX
   784 0000074F FF 72 1C                        	PUSH	DWORD [28+EDX]
   785 00000752 0F B7 42 1A                     	MOVZX	EAX,WORD [26+EDX]
   786 00000756 50                              	PUSH	EAX
   787 00000757 E8 [00000000]                   	CALL	_file_loadfile
   788 0000075C 8B 7D D0                        	MOV	EDI,DWORD [-48+EBP]
   789 0000075F 83 C4 1C                        	ADD	ESP,28
   790 00000762 83 7F 1C 23                     	CMP	DWORD [28+EDI],35
   791 00000766 76 1F                           	JBE	L142
   792 00000768 8B 75 BC                        	MOV	ESI,DWORD [-68+EBP]
   793 0000076B B8 [0000006C]                   	MOV	EAX,LC10
   794 00000770 FC                              	CLD
   795 00000771 83 C6 04                        	ADD	ESI,4
   796 00000774 B9 00000004                     	MOV	ECX,4
   797 00000779 89 C7                           	MOV	EDI,EAX
   798 0000077B F3                              	REPE
   799 0000077C A6                              	CMPSB
   800 0000077D 75 08                           	JNE	L142
   801 0000077F 8B 45 BC                        	MOV	EAX,DWORD [-68+EBP]
   802 00000782 80 38 00                        	CMP	BYTE [EAX],0
   803 00000785 74 37                           	JE	L154
   804 00000787                                 L142:
   805 00000787 68 [00000071]                   	PUSH	LC11
   806 0000078C FF 75 08                        	PUSH	DWORD [8+EBP]
   807 0000078F E8 00000153                     	CALL	_cons_putstr0
   808 00000794 5F                              	POP	EDI
   809 00000795 58                              	POP	EAX
   810 00000796                                 L148:
   811 00000796 8B 7D D0                        	MOV	EDI,DWORD [-48+EBP]
   812 00000799 FF 77 1C                        	PUSH	DWORD [28+EDI]
   813 0000079C FF 75 BC                        	PUSH	DWORD [-68+EBP]
   814 0000079F 68 003C0000                     	PUSH	3932160
   815 000007A4 E8 [00000000]                   	CALL	_memman_free_4k
   816 000007A9 FF 75 08                        	PUSH	DWORD [8+EBP]
   817 000007AC E8 FFFFFB96                     	CALL	_cons_newline
   818 000007B1 B8 00000001                     	MOV	EAX,1
   819 000007B6                                 L133:
   820 000007B6 8D 65 F4                        	LEA	ESP,DWORD [-12+EBP]
   821 000007B9 5B                              	POP	EBX
   822 000007BA 5E                              	POP	ESI
   823 000007BB 5F                              	POP	EDI
   824 000007BC 5D                              	POP	EBP
   825 000007BD C3                              	RET
   826 000007BE                                 L154:
   827 000007BE 8B 10                           	MOV	EDX,DWORD [EAX]
   828 000007C0 8B 78 0C                        	MOV	EDI,DWORD [12+EAX]
   829 000007C3 8B 58 10                        	MOV	EBX,DWORD [16+EAX]
   830 000007C6 89 55 CC                        	MOV	DWORD [-52+EBP],EDX
   831 000007C9 8B 40 14                        	MOV	EAX,DWORD [20+EAX]
   832 000007CC 89 7D C8                        	MOV	DWORD [-56+EBP],EDI
   833 000007CF 52                              	PUSH	EDX
   834 000007D0 89 45 C4                        	MOV	DWORD [-60+EBP],EAX
   835 000007D3 68 003C0000                     	PUSH	3932160
   836 000007D8 E8 [00000000]                   	CALL	_memman_alloc_4k
   837 000007DD 8B 55 D0                        	MOV	EDX,DWORD [-48+EBP]
   838 000007E0 A3 00000FE8                     	MOV	DWORD [4072],EAX
   839 000007E5 89 C6                           	MOV	ESI,EAX
   840 000007E7 68 000040FA                     	PUSH	16634
   841 000007EC FF 75 BC                        	PUSH	DWORD [-68+EBP]
   842 000007EF 8B 42 1C                        	MOV	EAX,DWORD [28+EDX]
   843 000007F2 48                              	DEC	EAX
   844 000007F3 50                              	PUSH	EAX
   845 000007F4 68 00271F58                     	PUSH	2563928
   846 000007F9 E8 [00000000]                   	CALL	_set_segmdesc
   847 000007FE 8B 45 CC                        	MOV	EAX,DWORD [-52+EBP]
   848 00000801 68 000040F2                     	PUSH	16626
   849 00000806 48                              	DEC	EAX
   850 00000807 56                              	PUSH	ESI
   851 00000808 50                              	PUSH	EAX
   852 00000809 68 00271F60                     	PUSH	2563936
   853 0000080E E8 [00000000]                   	CALL	_set_segmdesc
   854 00000813 83 C4 28                        	ADD	ESP,40
   855 00000816 85 DB                           	TEST	EBX,EBX
   856 00000818 7E 13                           	JLE	L151
   857 0000081A 8B 55 C4                        	MOV	EDX,DWORD [-60+EBP]
   858 0000081D 89 F9                           	MOV	ECX,EDI
   859 0000081F 03 55 BC                        	ADD	EDX,DWORD [-68+EBP]
   860 00000822 01 F1                           	ADD	ECX,ESI
   861 00000824                                 L147:
   862 00000824 8A 02                           	MOV	AL,BYTE [EDX]
   863 00000826 42                              	INC	EDX
   864 00000827 88 01                           	MOV	BYTE [ECX],AL
   865 00000829 41                              	INC	ECX
   866 0000082A 4B                              	DEC	EBX
   867 0000082B 75 F7                           	JNE	L147
   868 0000082D                                 L151:
   869 0000082D 8B 45 C0                        	MOV	EAX,DWORD [-64+EBP]
   870 00000830 83 C0 30                        	ADD	EAX,48
   871 00000833 50                              	PUSH	EAX
   872 00000834 68 00001F60                     	PUSH	8032
   873 00000839 FF 75 C8                        	PUSH	DWORD [-56+EBP]
   874 0000083C 68 00001F58                     	PUSH	8024
   875 00000841 6A 1B                           	PUSH	27
   876 00000843 E8 [00000000]                   	CALL	_start_app
   877 00000848 FF 75 CC                        	PUSH	DWORD [-52+EBP]
   878 0000084B 56                              	PUSH	ESI
   879 0000084C 68 003C0000                     	PUSH	3932160
   880 00000851 E8 [00000000]                   	CALL	_memman_free_4k
   881 00000856 83 C4 20                        	ADD	ESP,32
   882 00000859 E9 FFFFFF38                     	JMP	L148
   883 0000085E                                 L153:
   884 0000085E 80 7C 1D D3 2E                  	CMP	BYTE [-45+EBP+EBX*1],46
   885 00000863 74 2F                           	JE	L140
   886 00000865 68 000000E0                     	PUSH	224
   887 0000086A 68 00102600                     	PUSH	1058304
   888 0000086F 56                              	PUSH	ESI
   889 00000870 C6 44 1D D4 2E                  	MOV	BYTE [-44+EBP+EBX*1],46
   890 00000875 C6 44 1D D5 48                  	MOV	BYTE [-43+EBP+EBX*1],72
   891 0000087A C6 44 1D D6 52                  	MOV	BYTE [-42+EBP+EBX*1],82
   892 0000087F C6 44 1D D7 42                  	MOV	BYTE [-41+EBP+EBX*1],66
   893 00000884 C6 44 1D D8 00                  	MOV	BYTE [-40+EBP+EBX*1],0
   894 00000889 E8 [00000000]                   	CALL	_file_search
   895 0000088E 83 C4 0C                        	ADD	ESP,12
   896 00000891 89 45 D0                        	MOV	DWORD [-48+EBP],EAX
   897 00000894                                 L140:
   898 00000894 83 7D D0 00                     	CMP	DWORD [-48+EBP],0
   899 00000898 0F 85 FFFFFE92                  	JNE	L152
   900 0000089E 31 C0                           	XOR	EAX,EAX
   901 000008A0 E9 FFFFFF11                     	JMP	L133
   902                                          [SECTION .data]
   903 0000008A                                 LC12:
   904 0000008A 6C 65 76 65 6C 3A 25 64 00      	DB	"level:%d",0x00
   905                                          [SECTION .text]
   906 000008A5                                 	GLOBAL	_cmd_task
   907 000008A5                                 _cmd_task:
   908 000008A5 55                              	PUSH	EBP
   909 000008A6 89 E5                           	MOV	EBP,ESP
   910 000008A8 56                              	PUSH	ESI
   911 000008A9 53                              	PUSH	EBX
   912 000008AA 83 EC 20                        	SUB	ESP,32
   913 000008AD 8D 75 D8                        	LEA	ESI,DWORD [-40+EBP]
   914 000008B0 8B 45 0C                        	MOV	EAX,DWORD [12+EBP]
   915 000008B3 8B 5D 08                        	MOV	EBX,DWORD [8+EBP]
   916 000008B6 FF 70 08                        	PUSH	DWORD [8+EAX]
   917 000008B9 68 [0000008A]                   	PUSH	LC12
   918 000008BE 56                              	PUSH	ESI
   919 000008BF E8 [00000000]                   	CALL	_sprintf
   920 000008C4 6A 07                           	PUSH	7
   921 000008C6 56                              	PUSH	ESI
   922 000008C7 6A 00                           	PUSH	0
   923 000008C9 6A 02                           	PUSH	2
   924 000008CB FF 73 08                        	PUSH	DWORD [8+EBX]
   925 000008CE 6A 08                           	PUSH	8
   926 000008D0 FF 33                           	PUSH	DWORD [EBX]
   927 000008D2 E8 [00000000]                   	CALL	_putfonts8_asc_sht
   928 000008D7 83 C4 28                        	ADD	ESP,40
   929 000008DA 53                              	PUSH	EBX
   930 000008DB E8 FFFFFA67                     	CALL	_cons_newline
   931 000008E0 8D 65 F8                        	LEA	ESP,DWORD [-8+EBP]
   932 000008E3 5B                              	POP	EBX
   933 000008E4 5E                              	POP	ESI
   934 000008E5 5D                              	POP	EBP
   935 000008E6 C3                              	RET
   936 000008E7                                 	GLOBAL	_cons_putstr0
   937 000008E7                                 _cons_putstr0:
   938 000008E7 55                              	PUSH	EBP
   939 000008E8 89 E5                           	MOV	EBP,ESP
   940 000008EA 56                              	PUSH	ESI
   941 000008EB 53                              	PUSH	EBX
   942 000008EC 8B 5D 0C                        	MOV	EBX,DWORD [12+EBP]
   943 000008EF 8B 75 08                        	MOV	ESI,DWORD [8+EBP]
   944 000008F2 80 3B 00                        	CMP	BYTE [EBX],0
   945 000008F5 75 07                           	JNE	L161
   946 000008F7                                 L163:
   947 000008F7 8D 65 F8                        	LEA	ESP,DWORD [-8+EBP]
   948 000008FA 5B                              	POP	EBX
   949 000008FB 5E                              	POP	ESI
   950 000008FC 5D                              	POP	EBP
   951 000008FD C3                              	RET
   952 000008FE                                 L161:
   953 000008FE 6A 01                           	PUSH	1
   954 00000900 0F BE 03                        	MOVSX	EAX,BYTE [EBX]
   955 00000903 50                              	PUSH	EAX
   956 00000904 43                              	INC	EBX
   957 00000905 56                              	PUSH	ESI
   958 00000906 E8 FFFFF999                     	CALL	_cons_putchar
   959 0000090B 83 C4 0C                        	ADD	ESP,12
   960 0000090E 80 3B 00                        	CMP	BYTE [EBX],0
   961 00000911 75 EB                           	JNE	L161
   962 00000913 EB E2                           	JMP	L163
   963 00000915                                 	GLOBAL	_cons_putstr1
   964 00000915                                 _cons_putstr1:
   965 00000915 55                              	PUSH	EBP
   966 00000916 89 E5                           	MOV	EBP,ESP
   967 00000918 57                              	PUSH	EDI
   968 00000919 56                              	PUSH	ESI
   969 0000091A 53                              	PUSH	EBX
   970 0000091B 8B 75 10                        	MOV	ESI,DWORD [16+EBP]
   971 0000091E 31 DB                           	XOR	EBX,EBX
   972 00000920 8B 7D 0C                        	MOV	EDI,DWORD [12+EBP]
   973 00000923 39 F3                           	CMP	EBX,ESI
   974 00000925 7C 08                           	JL	L169
   975 00000927                                 L171:
   976 00000927 8D 65 F4                        	LEA	ESP,DWORD [-12+EBP]
   977 0000092A 5B                              	POP	EBX
   978 0000092B 5E                              	POP	ESI
   979 0000092C 5F                              	POP	EDI
   980 0000092D 5D                              	POP	EBP
   981 0000092E C3                              	RET
   982 0000092F                                 L169:
   983 0000092F 6A 01                           	PUSH	1
   984 00000931 0F BE 04 3B                     	MOVSX	EAX,BYTE [EBX+EDI*1]
   985 00000935 50                              	PUSH	EAX
   986 00000936 43                              	INC	EBX
   987 00000937 FF 75 08                        	PUSH	DWORD [8+EBP]
   988 0000093A E8 FFFFF965                     	CALL	_cons_putchar
   989 0000093F 83 C4 0C                        	ADD	ESP,12
   990 00000942 39 F3                           	CMP	EBX,ESI
   991 00000944 7C E9                           	JL	L169
   992 00000946 EB DF                           	JMP	L171
   993 00000948                                 	GLOBAL	_hrb_api
   994 00000948                                 _hrb_api:
   995 00000948 55                              	PUSH	EBP
   996 00000949 89 E5                           	MOV	EBP,ESP
   997 0000094B 57                              	PUSH	EDI
   998 0000094C 56                              	PUSH	ESI
   999 0000094D 53                              	PUSH	EBX
  1000 0000094E 51                              	PUSH	ECX
  1001 0000094F 8B 5D 1C                        	MOV	EBX,DWORD [28+EBP]
  1002 00000952 A1 00000FE8                     	MOV	EAX,DWORD [4072]
  1003 00000957 8B 7D 18                        	MOV	EDI,DWORD [24+EBP]
  1004 0000095A 89 45 F0                        	MOV	DWORD [-16+EBP],EAX
  1005 0000095D E8 [00000000]                   	CALL	_task_now
  1006 00000962 83 FB 01                        	CMP	EBX,1
  1007 00000965 8B 15 00000FEC                  	MOV	EDX,DWORD [4076]
  1008 0000096B 8B 0D 00000FE4                  	MOV	ECX,DWORD [4068]
  1009 00000971 0F 84 00000131                  	JE	L187
  1010 00000977 83 FB 02                        	CMP	EBX,2
  1011 0000097A 0F 84 00000114                  	JE	L188
  1012 00000980 83 FB 03                        	CMP	EBX,3
  1013 00000983 0F 84 000000F3                  	JE	L189
  1014 00000989 83 FB 04                        	CMP	EBX,4
  1015 0000098C 0F 84 000000E2                  	JE	L190
  1016 00000992 83 FB 05                        	CMP	EBX,5
  1017 00000995 0F 84 00000086                  	JE	L191
  1018 0000099B 83 FB 06                        	CMP	EBX,6
  1019 0000099E 74 45                           	JE	L192
  1020 000009A0 83 FB 07                        	CMP	EBX,7
  1021 000009A3 74 0A                           	JE	L193
  1022 000009A5                                 L174:
  1023 000009A5 31 C0                           	XOR	EAX,EAX
  1024 000009A7                                 L172:
  1025 000009A7 8D 65 F4                        	LEA	ESP,DWORD [-12+EBP]
  1026 000009AA 5B                              	POP	EBX
  1027 000009AB 5E                              	POP	ESI
  1028 000009AC 5F                              	POP	EDI
  1029 000009AD 5D                              	POP	EBP
  1030 000009AE C3                              	RET
  1031 000009AF                                 L193:
  1032 000009AF FF 75 08                        	PUSH	DWORD [8+EBP]
  1033 000009B2 FF 75 0C                        	PUSH	DWORD [12+EBP]
  1034 000009B5 FF 75 20                        	PUSH	DWORD [32+EBP]
  1035 000009B8 FF 75 24                        	PUSH	DWORD [36+EBP]
  1036 000009BB 0F B6 45 10                     	MOVZX	EAX,BYTE [16+EBP]
  1037 000009BF 50                              	PUSH	EAX
  1038 000009C0 FF 77 04                        	PUSH	DWORD [4+EDI]
  1039 000009C3 FF 37                           	PUSH	DWORD [EDI]
  1040 000009C5 E8 [00000000]                   	CALL	_boxfill8
  1041 000009CA 8B 45 08                        	MOV	EAX,DWORD [8+EBP]
  1042 000009CD 40                              	INC	EAX
  1043 000009CE 50                              	PUSH	EAX
  1044 000009CF 8B 45 0C                        	MOV	EAX,DWORD [12+EBP]
  1045 000009D2 40                              	INC	EAX
  1046 000009D3 50                              	PUSH	EAX
  1047 000009D4 FF 75 20                        	PUSH	DWORD [32+EBP]
  1048 000009D7 FF 75 24                        	PUSH	DWORD [36+EBP]
  1049 000009DA 57                              	PUSH	EDI
  1050 000009DB E8 [00000000]                   	CALL	_sheet_refresh
  1051 000009E0 83 C4 30                        	ADD	ESP,48
  1052 000009E3 EB C0                           	JMP	L174
  1053 000009E5                                 L192:
  1054 000009E5 8B 45 10                        	MOV	EAX,DWORD [16+EBP]
  1055 000009E8 03 45 F0                        	ADD	EAX,DWORD [-16+EBP]
  1056 000009EB 50                              	PUSH	EAX
  1057 000009EC 0F BE 45 24                     	MOVSX	EAX,BYTE [36+EBP]
  1058 000009F0 50                              	PUSH	EAX
  1059 000009F1 FF 75 08                        	PUSH	DWORD [8+EBP]
  1060 000009F4 FF 75 0C                        	PUSH	DWORD [12+EBP]
  1061 000009F7 FF 77 04                        	PUSH	DWORD [4+EDI]
  1062 000009FA FF 37                           	PUSH	DWORD [EDI]
  1063 000009FC E8 [00000000]                   	CALL	_putfonts8_asc
  1064 00000A01 8B 4D 0C                        	MOV	ECX,DWORD [12+EBP]
  1065 00000A04 8B 45 08                        	MOV	EAX,DWORD [8+EBP]
  1066 00000A07 8B 55 20                        	MOV	EDX,DWORD [32+EBP]
  1067 00000A0A 83 C0 10                        	ADD	EAX,16
  1068 00000A0D 50                              	PUSH	EAX
  1069 00000A0E 8D 04 D1                        	LEA	EAX,DWORD [ECX+EDX*8]
  1070 00000A11 50                              	PUSH	EAX
  1071 00000A12 FF 75 08                        	PUSH	DWORD [8+EBP]
  1072 00000A15 51                              	PUSH	ECX
  1073 00000A16 57                              	PUSH	EDI
  1074 00000A17 E8 [00000000]                   	CALL	_sheet_refresh
  1075 00000A1C 83 C4 2C                        	ADD	ESP,44
  1076 00000A1F EB 84                           	JMP	L174
  1077 00000A21                                 L191:
  1078 00000A21 51                              	PUSH	ECX
  1079 00000A22 E8 [00000000]                   	CALL	_sheet_alloc
  1080 00000A27 89 C6                           	MOV	ESI,EAX
  1081 00000A29 8B 45 F0                        	MOV	EAX,DWORD [-16+EBP]
  1082 00000A2C FF 75 24                        	PUSH	DWORD [36+EBP]
  1083 00000A2F FF 75 08                        	PUSH	DWORD [8+EBP]
  1084 00000A32 FF 75 0C                        	PUSH	DWORD [12+EBP]
  1085 00000A35 8D 1C 38                        	LEA	EBX,DWORD [EAX+EDI*1]
  1086 00000A38 53                              	PUSH	EBX
  1087 00000A39 56                              	PUSH	ESI
  1088 00000A3A E8 [00000000]                   	CALL	_sheet_setbuf
  1089 00000A3F 8B 45 20                        	MOV	EAX,DWORD [32+EBP]
  1090 00000A42 03 45 F0                        	ADD	EAX,DWORD [-16+EBP]
  1091 00000A45 6A 00                           	PUSH	0
  1092 00000A47 50                              	PUSH	EAX
  1093 00000A48 FF 75 08                        	PUSH	DWORD [8+EBP]
  1094 00000A4B FF 75 0C                        	PUSH	DWORD [12+EBP]
  1095 00000A4E 53                              	PUSH	EBX
  1096 00000A4F E8 [00000000]                   	CALL	_make_window8
  1097 00000A54 83 C4 2C                        	ADD	ESP,44
  1098 00000A57 6A 32                           	PUSH	50
  1099 00000A59 6A 64                           	PUSH	100
  1100 00000A5B 56                              	PUSH	ESI
  1101 00000A5C E8 [00000000]                   	CALL	_sheet_slide
  1102 00000A61 6A 03                           	PUSH	3
  1103 00000A63 56                              	PUSH	ESI
  1104 00000A64 E8 [00000000]                   	CALL	_sheet_updown
  1105 00000A69 83 C4 14                        	ADD	ESP,20
  1106 00000A6C 89 75 44                        	MOV	DWORD [68+EBP],ESI
  1107 00000A6F E9 FFFFFF31                     	JMP	L174
  1108 00000A74                                 L190:
  1109 00000A74 83 C0 30                        	ADD	EAX,48
  1110 00000A77 E9 FFFFFF2B                     	JMP	L172
  1111 00000A7C                                 L189:
  1112 00000A7C 8B 4D F0                        	MOV	ECX,DWORD [-16+EBP]
  1113 00000A7F FF 75 20                        	PUSH	DWORD [32+EBP]
  1114 00000A82 8D 04 39                        	LEA	EAX,DWORD [ECX+EDI*1]
  1115 00000A85 50                              	PUSH	EAX
  1116 00000A86 52                              	PUSH	EDX
  1117 00000A87 E8 FFFFFE89                     	CALL	_cons_putstr1
  1118 00000A8C                                 L186:
  1119 00000A8C 83 C4 0C                        	ADD	ESP,12
  1120 00000A8F E9 FFFFFF11                     	JMP	L174
  1121 00000A94                                 L188:
  1122 00000A94 8B 4D F0                        	MOV	ECX,DWORD [-16+EBP]
  1123 00000A97 8D 04 39                        	LEA	EAX,DWORD [ECX+EDI*1]
  1124 00000A9A 50                              	PUSH	EAX
  1125 00000A9B 52                              	PUSH	EDX
  1126 00000A9C E8 FFFFFE46                     	CALL	_cons_putstr0
  1127 00000AA1 58                              	POP	EAX
  1128 00000AA2 5A                              	POP	EDX
  1129 00000AA3 E9 FFFFFEFD                     	JMP	L174
  1130 00000AA8                                 L187:
  1131 00000AA8 6A 01                           	PUSH	1
  1132 00000AAA 0F B6 45 24                     	MOVZX	EAX,BYTE [36+EBP]
  1133 00000AAE 50                              	PUSH	EAX
  1134 00000AAF 52                              	PUSH	EDX
  1135 00000AB0 E8 FFFFF7EF                     	CALL	_cons_putchar
  1136 00000AB5 EB D5                           	JMP	L186
  1137                                          [SECTION .data]
  1138 00000093                                 LC13:
  1139 00000093 0A 49 4E 54 20 30 44 20 3A 0A   	DB	0x0A,"INT 0D :",0x0A," General Protected Exception.",0x0A,0x00
       0000009D 20 47 65 6E 65 72 61 6C 20 50 
       000000A7 72 6F 74 65 63 74 65 64 20 45 
       000000B1 78 63 65 70 74 69 6F 6E 2E 0A 
       000000BB 00 
  1140 000000BC                                 LC14:
  1141 000000BC 45 49 50 20 3D 20 25 30 38 78   	DB	"EIP = %08x",0x0A,0x00
       000000C6 0A 00 
  1142                                          [SECTION .text]
  1143 00000AB7                                 	GLOBAL	_inthandler0d
  1144 00000AB7                                 _inthandler0d:
  1145 00000AB7 55                              	PUSH	EBP
  1146 00000AB8 89 E5                           	MOV	EBP,ESP
  1147 00000ABA 57                              	PUSH	EDI
  1148 00000ABB 56                              	PUSH	ESI
  1149 00000ABC 53                              	PUSH	EBX
  1150 00000ABD 8D 5D D4                        	LEA	EBX,DWORD [-44+EBP]
  1151 00000AC0 83 EC 20                        	SUB	ESP,32
  1152 00000AC3 8B 3D 00000FEC                  	MOV	EDI,DWORD [4076]
  1153 00000AC9 E8 [00000000]                   	CALL	_task_now
  1154 00000ACE 68 [00000093]                   	PUSH	LC13
  1155 00000AD3 89 C6                           	MOV	ESI,EAX
  1156 00000AD5 57                              	PUSH	EDI
  1157 00000AD6 83 C6 30                        	ADD	ESI,48
  1158 00000AD9 E8 FFFFFE09                     	CALL	_cons_putstr0
  1159 00000ADE 8B 45 08                        	MOV	EAX,DWORD [8+EBP]
  1160 00000AE1 FF 70 2C                        	PUSH	DWORD [44+EAX]
  1161 00000AE4 68 [000000BC]                   	PUSH	LC14
  1162 00000AE9 53                              	PUSH	EBX
  1163 00000AEA E8 [00000000]                   	CALL	_sprintf
  1164 00000AEF 53                              	PUSH	EBX
  1165 00000AF0 57                              	PUSH	EDI
  1166 00000AF1 E8 FFFFFDF1                     	CALL	_cons_putstr0
  1167 00000AF6 8D 65 F4                        	LEA	ESP,DWORD [-12+EBP]
  1168 00000AF9 5B                              	POP	EBX
  1169 00000AFA 89 F0                           	MOV	EAX,ESI
  1170 00000AFC 5E                              	POP	ESI
  1171 00000AFD 5F                              	POP	EDI
  1172 00000AFE 5D                              	POP	EBP
  1173 00000AFF C3                              	RET
  1174                                          [SECTION .data]
  1175 000000C8                                 LC15:
  1176 000000C8 0A 49 4E 54 20 30 43 20 3A 0A   	DB	0x0A,"INT 0C :",0x0A," Stack Exception.",0x0A,0x00
       000000D2 20 53 74 61 63 6B 20 45 78 63 
       000000DC 65 70 74 69 6F 6E 2E 0A 00 
  1177                                          [SECTION .text]
  1178 00000B00                                 	GLOBAL	_inthandler0c
  1179 00000B00                                 _inthandler0c:
  1180 00000B00 55                              	PUSH	EBP
  1181 00000B01 89 E5                           	MOV	EBP,ESP
  1182 00000B03 57                              	PUSH	EDI
  1183 00000B04 56                              	PUSH	ESI
  1184 00000B05 53                              	PUSH	EBX
  1185 00000B06 8D 5D D4                        	LEA	EBX,DWORD [-44+EBP]
  1186 00000B09 83 EC 20                        	SUB	ESP,32
  1187 00000B0C 8B 3D 00000FEC                  	MOV	EDI,DWORD [4076]
  1188 00000B12 E8 [00000000]                   	CALL	_task_now
  1189 00000B17 68 [000000C8]                   	PUSH	LC15
  1190 00000B1C 89 C6                           	MOV	ESI,EAX
  1191 00000B1E 57                              	PUSH	EDI
  1192 00000B1F 83 C6 30                        	ADD	ESI,48
  1193 00000B22 E8 FFFFFDC0                     	CALL	_cons_putstr0
  1194 00000B27 8B 45 08                        	MOV	EAX,DWORD [8+EBP]
  1195 00000B2A FF 70 2C                        	PUSH	DWORD [44+EAX]
  1196 00000B2D 68 [000000BC]                   	PUSH	LC14
  1197 00000B32 53                              	PUSH	EBX
  1198 00000B33 E8 [00000000]                   	CALL	_sprintf
  1199 00000B38 53                              	PUSH	EBX
  1200 00000B39 57                              	PUSH	EDI
  1201 00000B3A E8 FFFFFDA8                     	CALL	_cons_putstr0
  1202 00000B3F 8D 65 F4                        	LEA	ESP,DWORD [-12+EBP]
  1203 00000B42 5B                              	POP	EBX
  1204 00000B43 89 F0                           	MOV	EAX,ESI
  1205 00000B45 5E                              	POP	ESI
  1206 00000B46 5F                              	POP	EDI
  1207 00000B47 5D                              	POP	EBP
  1208 00000B48 C3                              	RET
