     1 00000000                                 [FORMAT "WCOFF"]
     2 00000000                                 [INSTRSET "i486p"]
     3 00000000                                 [OPTIMIZE 1]
     4 00000000                                 [OPTION 1]
     5 00000000                                 [BITS 32]
     6 00000000                                 	EXTERN	_boxfill8
     7 00000000                                 	EXTERN	_putfonts8_asc
     8 00000000                                 	EXTERN	_closebtn.0
     9 00000000                                 	EXTERN	_init_gdtidt
    10 00000000                                 	EXTERN	_init_pic
    11 00000000                                 	EXTERN	_io_sti
    12 00000000                                 	EXTERN	_keyfifo
    13 00000000                                 	EXTERN	_fifo8_init
    14 00000000                                 	EXTERN	_mousefifo
    15 00000000                                 	EXTERN	_io_out8
    16 00000000                                 	EXTERN	_init_keyboard
    17 00000000                                 	EXTERN	_enable_mouse
    18 00000000                                 	EXTERN	_memtest
    19 00000000                                 	EXTERN	_memman_init
    20 00000000                                 	EXTERN	_memman_free
    21 00000000                                 	EXTERN	_init_palette
    22 00000000                                 	EXTERN	_shtctl_init
    23 00000000                                 	EXTERN	_sheet_alloc
    24 00000000                                 	EXTERN	_memman_alloc_4k
    25 00000000                                 	EXTERN	_sheet_setbuf
    26 00000000                                 	EXTERN	_init_screen8
    27 00000000                                 	EXTERN	_init_mouse_cursor8
    28 00000000                                 	EXTERN	_sheet_slide
    29 00000000                                 	EXTERN	_sheet_updown
    30 00000000                                 	EXTERN	_sprintf
    31 00000000                                 	EXTERN	_memman_total
    32 00000000                                 	EXTERN	_sheet_refresh
    33 00000000                                 	EXTERN	_io_cli
    34 00000000                                 	EXTERN	_fifo8_status
    35 00000000                                 	EXTERN	_fifo8_get
    36 00000000                                 	EXTERN	_mouse_decode
    37 00000000                                 [FILE "bootpack.c"]
    38                                          [SECTION .data]
    39 00000000                                 _closebtn.0:
    40 00000000 4F 4F 4F 4F 4F 4F 4F 4F 4F 4F   	DB	"OOOOOOOOOOOOOOO@"
       0000000A 4F 4F 4F 4F 4F 40 
    41 00000010 4F 51 51 51 51 51 51 51 51 51   	DB	"OQQQQQQQQQQQQQ$@"
       0000001A 51 51 51 51 24 40 
    42 00000020 4F 51 51 51 51 51 51 51 51 51   	DB	"OQQQQQQQQQQQQQ$@"
       0000002A 51 51 51 51 24 40 
    43 00000030 4F 51 51 51 40 40 51 51 51 51   	DB	"OQQQ@@QQQQ@@QQ$@"
       0000003A 40 40 51 51 24 40 
    44 00000040 4F 51 51 51 51 40 40 51 51 40   	DB	"OQQQQ@@QQ@@QQQ$@"
       0000004A 40 51 51 51 24 40 
    45 00000050 4F 51 51 51 51 51 40 40 40 40   	DB	"OQQQQQ@@@@QQQQ$@"
       0000005A 51 51 51 51 24 40 
    46 00000060 4F 51 51 51 51 51 51 40 40 51   	DB	"OQQQQQQ@@QQQQQ$@"
       0000006A 51 51 51 51 24 40 
    47 00000070 4F 51 51 51 51 51 40 40 40 40   	DB	"OQQQQQ@@@@QQQQ$@"
       0000007A 51 51 51 51 24 40 
    48 00000080 4F 51 51 51 51 40 40 51 51 40   	DB	"OQQQQ@@QQ@@QQQ$@"
       0000008A 40 51 51 51 24 40 
    49 00000090 4F 51 51 51 40 40 51 51 51 51   	DB	"OQQQ@@QQQQ@@QQ$@"
       0000009A 40 40 51 51 24 40 
    50 000000A0 4F 51 51 51 51 51 51 51 51 51   	DB	"OQQQQQQQQQQQQQ$@"
       000000AA 51 51 51 51 24 40 
    51 000000B0 4F 51 51 51 51 51 51 51 51 51   	DB	"OQQQQQQQQQQQQQ$@"
       000000BA 51 51 51 51 24 40 
    52 000000C0 4F 24 24 24 24 24 24 24 24 24   	DB	"O$$$$$$$$$$$$$$@"
       000000CA 24 24 24 24 24 40 
    53 000000D0 40 40 40 40 40 40 40 40 40 40   	DB	"@@@@@@@@@@@@@@@@"
       000000DA 40 40 40 40 40 40 
    54                                          [SECTION .text]
    55 00000000                                 	GLOBAL	_make_window8
    56 00000000                                 _make_window8:
    57 00000000 55                              	PUSH	EBP
    58 00000001 89 E5                           	MOV	EBP,ESP
    59 00000003 57                              	PUSH	EDI
    60 00000004 56                              	PUSH	ESI
    61 00000005 53                              	PUSH	EBX
    62 00000006 83 EC 14                        	SUB	ESP,20
    63 00000009 8B 5D 0C                        	MOV	EBX,DWORD [12+EBP]
    64 0000000C 6A 00                           	PUSH	0
    65 0000000E 8D 43 FF                        	LEA	EAX,DWORD [-1+EBX]
    66 00000011 8D 7B FE                        	LEA	EDI,DWORD [-2+EBX]
    67 00000014 50                              	PUSH	EAX
    68 00000015 89 45 EC                        	MOV	DWORD [-20+EBP],EAX
    69 00000018 6A 00                           	PUSH	0
    70 0000001A 6A 00                           	PUSH	0
    71 0000001C 6A 08                           	PUSH	8
    72 0000001E 53                              	PUSH	EBX
    73 0000001F FF 75 08                        	PUSH	DWORD [8+EBP]
    74 00000022 E8 [00000000]                   	CALL	_boxfill8
    75 00000027 6A 01                           	PUSH	1
    76 00000029 57                              	PUSH	EDI
    77 0000002A 6A 01                           	PUSH	1
    78 0000002C 6A 01                           	PUSH	1
    79 0000002E 6A 07                           	PUSH	7
    80 00000030 53                              	PUSH	EBX
    81 00000031 FF 75 08                        	PUSH	DWORD [8+EBP]
    82 00000034 E8 [00000000]                   	CALL	_boxfill8
    83 00000039 8B 55 10                        	MOV	EDX,DWORD [16+EBP]
    84 0000003C 83 C4 38                        	ADD	ESP,56
    85 0000003F 4A                              	DEC	EDX
    86 00000040 89 55 E8                        	MOV	DWORD [-24+EBP],EDX
    87 00000043 52                              	PUSH	EDX
    88 00000044 6A 00                           	PUSH	0
    89 00000046 6A 00                           	PUSH	0
    90 00000048 6A 00                           	PUSH	0
    91 0000004A 6A 08                           	PUSH	8
    92 0000004C 53                              	PUSH	EBX
    93 0000004D FF 75 08                        	PUSH	DWORD [8+EBP]
    94 00000050 E8 [00000000]                   	CALL	_boxfill8
    95 00000055 8B 75 10                        	MOV	ESI,DWORD [16+EBP]
    96 00000058 83 EE 02                        	SUB	ESI,2
    97 0000005B 56                              	PUSH	ESI
    98 0000005C 6A 01                           	PUSH	1
    99 0000005E 6A 01                           	PUSH	1
   100 00000060 6A 01                           	PUSH	1
   101 00000062 6A 07                           	PUSH	7
   102 00000064 53                              	PUSH	EBX
   103 00000065 FF 75 08                        	PUSH	DWORD [8+EBP]
   104 00000068 E8 [00000000]                   	CALL	_boxfill8
   105 0000006D 83 C4 38                        	ADD	ESP,56
   106 00000070 56                              	PUSH	ESI
   107 00000071 57                              	PUSH	EDI
   108 00000072 6A 01                           	PUSH	1
   109 00000074 57                              	PUSH	EDI
   110 00000075 6A 05                           	PUSH	5
   111 00000077 53                              	PUSH	EBX
   112 00000078 FF 75 08                        	PUSH	DWORD [8+EBP]
   113 0000007B E8 [00000000]                   	CALL	_boxfill8
   114 00000080 FF 75 E8                        	PUSH	DWORD [-24+EBP]
   115 00000083 FF 75 EC                        	PUSH	DWORD [-20+EBP]
   116 00000086 6A 00                           	PUSH	0
   117 00000088 FF 75 EC                        	PUSH	DWORD [-20+EBP]
   118 0000008B 6A 00                           	PUSH	0
   119 0000008D 53                              	PUSH	EBX
   120 0000008E FF 75 08                        	PUSH	DWORD [8+EBP]
   121 00000091 E8 [00000000]                   	CALL	_boxfill8
   122 00000096 8B 45 10                        	MOV	EAX,DWORD [16+EBP]
   123 00000099 83 C4 38                        	ADD	ESP,56
   124 0000009C 83 E8 03                        	SUB	EAX,3
   125 0000009F 50                              	PUSH	EAX
   126 000000A0 8D 43 FD                        	LEA	EAX,DWORD [-3+EBX]
   127 000000A3 50                              	PUSH	EAX
   128 000000A4 6A 02                           	PUSH	2
   129 000000A6 6A 02                           	PUSH	2
   130 000000A8 6A 08                           	PUSH	8
   131 000000AA 53                              	PUSH	EBX
   132 000000AB FF 75 08                        	PUSH	DWORD [8+EBP]
   133 000000AE E8 [00000000]                   	CALL	_boxfill8
   134 000000B3 8D 43 FC                        	LEA	EAX,DWORD [-4+EBX]
   135 000000B6 6A 14                           	PUSH	20
   136 000000B8 50                              	PUSH	EAX
   137 000000B9 6A 03                           	PUSH	3
   138 000000BB 6A 03                           	PUSH	3
   139 000000BD 6A 0D                           	PUSH	13
   140 000000BF 53                              	PUSH	EBX
   141 000000C0 FF 75 08                        	PUSH	DWORD [8+EBP]
   142 000000C3 E8 [00000000]                   	CALL	_boxfill8
   143 000000C8 83 C4 38                        	ADD	ESP,56
   144 000000CB 56                              	PUSH	ESI
   145 000000CC 57                              	PUSH	EDI
   146 000000CD 56                              	PUSH	ESI
   147 000000CE 6A 01                           	PUSH	1
   148 000000D0 6A 05                           	PUSH	5
   149 000000D2 53                              	PUSH	EBX
   150 000000D3 FF 75 08                        	PUSH	DWORD [8+EBP]
   151 000000D6 E8 [00000000]                   	CALL	_boxfill8
   152 000000DB FF 75 E8                        	PUSH	DWORD [-24+EBP]
   153 000000DE FF 75 EC                        	PUSH	DWORD [-20+EBP]
   154 000000E1 FF 75 E8                        	PUSH	DWORD [-24+EBP]
   155 000000E4 6A 00                           	PUSH	0
   156 000000E6 6A 00                           	PUSH	0
   157 000000E8 6B F3 05                        	IMUL	ESI,EBX,5
   158 000000EB 53                              	PUSH	EBX
   159 000000EC FF 75 08                        	PUSH	DWORD [8+EBP]
   160 000000EF E8 [00000000]                   	CALL	_boxfill8
   161 000000F4 83 C4 38                        	ADD	ESP,56
   162 000000F7 FF 75 14                        	PUSH	DWORD [20+EBP]
   163 000000FA 6A 07                           	PUSH	7
   164 000000FC 6A 04                           	PUSH	4
   165 000000FE 6A 18                           	PUSH	24
   166 00000100 53                              	PUSH	EBX
   167 00000101 FF 75 08                        	PUSH	DWORD [8+EBP]
   168 00000104 E8 [00000000]                   	CALL	_putfonts8_asc
   169 00000109 83 C4 18                        	ADD	ESP,24
   170 0000010C C7 45 F0 00000000               	MOV	DWORD [-16+EBP],0
   171 00000113 C7 45 E0 00000000               	MOV	DWORD [-32+EBP],0
   172 0000011A                                 L17:
   173 0000011A 8D 04 1E                        	LEA	EAX,DWORD [ESI+EBX*1]
   174 0000011D 8B 55 08                        	MOV	EDX,DWORD [8+EBP]
   175 00000120 31 FF                           	XOR	EDI,EDI
   176 00000122 8D 4C 02 EB                     	LEA	ECX,DWORD [-21+EDX+EAX*1]
   177 00000126                                 L16:
   178 00000126 8B 45 E0                        	MOV	EAX,DWORD [-32+EBP]
   179 00000129 8A 94 07 [00000000]             	MOV	DL,BYTE [_closebtn.0+EDI+EAX*1]
   180 00000130 80 FA 40                        	CMP	DL,64
   181 00000133 74 33                           	JE	L22
   182 00000135 80 FA 24                        	CMP	DL,36
   183 00000138 74 2A                           	JE	L23
   184 0000013A 80 FA 51                        	CMP	DL,81
   185 0000013D B2 08                           	MOV	DL,8
   186 0000013F 0F 95 C0                        	SETNE	AL
   187 00000142 28 C2                           	SUB	DL,AL
   188 00000144                                 L11:
   189 00000144 47                              	INC	EDI
   190 00000145 88 11                           	MOV	BYTE [ECX],DL
   191 00000147 41                              	INC	ECX
   192 00000148 83 FF 0F                        	CMP	EDI,15
   193 0000014B 7E D9                           	JLE	L16
   194 0000014D FF 45 F0                        	INC	DWORD [-16+EBP]
   195 00000150 01 DE                           	ADD	ESI,EBX
   196 00000152 83 45 E0 10                     	ADD	DWORD [-32+EBP],16
   197 00000156 83 7D F0 0D                     	CMP	DWORD [-16+EBP],13
   198 0000015A 7E BE                           	JLE	L17
   199 0000015C 8D 65 F4                        	LEA	ESP,DWORD [-12+EBP]
   200 0000015F 5B                              	POP	EBX
   201 00000160 5E                              	POP	ESI
   202 00000161 5F                              	POP	EDI
   203 00000162 5D                              	POP	EBP
   204 00000163 C3                              	RET
   205 00000164                                 L23:
   206 00000164 B2 05                           	MOV	DL,5
   207 00000166 EB DC                           	JMP	L11
   208 00000168                                 L22:
   209 00000168 31 D2                           	XOR	EDX,EDX
   210 0000016A EB D8                           	JMP	L11
   211                                          [SECTION .data]
   212 000000E0                                 LC0:
   213 000000E0 63 6F 75 6E 74 65 72 00         	DB	"counter",0x00
   214 000000E8                                 LC1:
   215 000000E8 28 25 33 64 2C 20 25 33 64 29   	DB	"(%3d, %3d)",0x00
       000000F2 00 
   216 000000F3                                 LC2:
   217 000000F3 6D 65 6D 6F 72 79 20 25 64 4D   	DB	"memory %dMB   free : %dKB",0x00
       000000FD 42 20 20 20 66 72 65 65 20 3A 
       00000107 20 25 64 4B 42 00 
   218 0000010D                                 LC3:
   219 0000010D 25 30 31 30 64 00               	DB	"%010d",0x00
   220 00000113                                 LC5:
   221 00000113 5B 6C 63 72 20 25 34 64 20 25   	DB	"[lcr %4d %4d]",0x00
       0000011D 34 64 5D 00 
   222 00000121                                 LC6:
   223 00000121 28 25 33 64 2C 25 33 64 29 00   	DB	"(%3d,%3d)",0x00
   224 0000012B                                 LC4:
   225 0000012B 25 30 32 78 00                  	DB	"%02x",0x00
   226                                          [SECTION .text]
   227 0000016C                                 	GLOBAL	_HariMain
   228 0000016C                                 _HariMain:
   229 0000016C 55                              	PUSH	EBP
   230 0000016D 89 E5                           	MOV	EBP,ESP
   231 0000016F 57                              	PUSH	EDI
   232 00000170 56                              	PUSH	ESI
   233 00000171 53                              	PUSH	EBX
   234 00000172 81 EC 00000304                  	SUB	ESP,772
   235 00000178 C7 85 FFFFFD0C 00000000         	MOV	DWORD [-756+EBP],0
   236 00000182 E8 [00000000]                   	CALL	_init_gdtidt
   237 00000187 E8 [00000000]                   	CALL	_init_pic
   238 0000018C E8 [00000000]                   	CALL	_io_sti
   239 00000191 8D 85 FFFFFE94                  	LEA	EAX,DWORD [-364+EBP]
   240 00000197 50                              	PUSH	EAX
   241 00000198 6A 20                           	PUSH	32
   242 0000019A 68 [00000000]                   	PUSH	_keyfifo
   243 0000019F E8 [00000000]                   	CALL	_fifo8_init
   244 000001A4 8D 85 FFFFFE14                  	LEA	EAX,DWORD [-492+EBP]
   245 000001AA 50                              	PUSH	EAX
   246 000001AB 68 00000080                     	PUSH	128
   247 000001B0 68 [00000000]                   	PUSH	_mousefifo
   248 000001B5 E8 [00000000]                   	CALL	_fifo8_init
   249 000001BA 68 000000F9                     	PUSH	249
   250 000001BF 6A 21                           	PUSH	33
   251 000001C1 E8 [00000000]                   	CALL	_io_out8
   252 000001C6 83 C4 20                        	ADD	ESP,32
   253 000001C9 68 000000EF                     	PUSH	239
   254 000001CE 68 000000A1                     	PUSH	161
   255 000001D3 E8 [00000000]                   	CALL	_io_out8
   256 000001D8 E8 [00000000]                   	CALL	_init_keyboard
   257 000001DD 8D 45 E4                        	LEA	EAX,DWORD [-28+EBP]
   258 000001E0 50                              	PUSH	EAX
   259 000001E1 E8 [00000000]                   	CALL	_enable_mouse
   260 000001E6 68 BFFFFFFF                     	PUSH	-1073741825
   261 000001EB 68 00400000                     	PUSH	4194304
   262 000001F0 E8 [00000000]                   	CALL	_memtest
   263 000001F5 68 003C0000                     	PUSH	3932160
   264 000001FA 89 85 FFFFFD10                  	MOV	DWORD [-752+EBP],EAX
   265 00000200 E8 [00000000]                   	CALL	_memman_init
   266 00000205 68 0009E000                     	PUSH	647168
   267 0000020A 68 00001000                     	PUSH	4096
   268 0000020F 68 003C0000                     	PUSH	3932160
   269 00000214 E8 [00000000]                   	CALL	_memman_free
   270 00000219 8B 85 FFFFFD10                  	MOV	EAX,DWORD [-752+EBP]
   271 0000021F 83 C4 24                        	ADD	ESP,36
   272 00000222 2D 00400000                     	SUB	EAX,4194304
   273 00000227 50                              	PUSH	EAX
   274 00000228 68 00400000                     	PUSH	4194304
   275 0000022D 68 003C0000                     	PUSH	3932160
   276 00000232 E8 [00000000]                   	CALL	_memman_free
   277 00000237 E8 [00000000]                   	CALL	_init_palette
   278 0000023C 0F BF 05 00000FF6               	MOVSX	EAX,WORD [4086]
   279 00000243 50                              	PUSH	EAX
   280 00000244 0F BF 05 00000FF4               	MOVSX	EAX,WORD [4084]
   281 0000024B 50                              	PUSH	EAX
   282 0000024C FF 35 00000FF8                  	PUSH	DWORD [4088]
   283 00000252 68 003C0000                     	PUSH	3932160
   284 00000257 E8 [00000000]                   	CALL	_shtctl_init
   285 0000025C 89 C3                           	MOV	EBX,EAX
   286 0000025E 50                              	PUSH	EAX
   287 0000025F E8 [00000000]                   	CALL	_sheet_alloc
   288 00000264 83 C4 20                        	ADD	ESP,32
   289 00000267 53                              	PUSH	EBX
   290 00000268 89 85 FFFFFD08                  	MOV	DWORD [-760+EBP],EAX
   291 0000026E E8 [00000000]                   	CALL	_sheet_alloc
   292 00000273 53                              	PUSH	EBX
   293 00000274 8D 9D FFFFFD14                  	LEA	EBX,DWORD [-748+EBP]
   294 0000027A 89 85 FFFFFD04                  	MOV	DWORD [-764+EBP],EAX
   295 00000280 E8 [00000000]                   	CALL	_sheet_alloc
   296 00000285 0F BF 15 00000FF6               	MOVSX	EDX,WORD [4086]
   297 0000028C 89 85 FFFFFD00                  	MOV	DWORD [-768+EBP],EAX
   298 00000292 0F BF 05 00000FF4               	MOVSX	EAX,WORD [4084]
   299 00000299 0F AF C2                        	IMUL	EAX,EDX
   300 0000029C 50                              	PUSH	EAX
   301 0000029D 68 003C0000                     	PUSH	3932160
   302 000002A2 E8 [00000000]                   	CALL	_memman_alloc_4k
   303 000002A7 68 00002080                     	PUSH	8320
   304 000002AC 68 003C0000                     	PUSH	3932160
   305 000002B1 89 85 FFFFFCFC                  	MOV	DWORD [-772+EBP],EAX
   306 000002B7 E8 [00000000]                   	CALL	_memman_alloc_4k
   307 000002BC 6A FF                           	PUSH	-1
   308 000002BE 89 85 FFFFFCF8                  	MOV	DWORD [-776+EBP],EAX
   309 000002C4 0F BF 05 00000FF6               	MOVSX	EAX,WORD [4086]
   310 000002CB 50                              	PUSH	EAX
   311 000002CC 0F BF 05 00000FF4               	MOVSX	EAX,WORD [4084]
   312 000002D3 50                              	PUSH	EAX
   313 000002D4 FF B5 FFFFFCFC                  	PUSH	DWORD [-772+EBP]
   314 000002DA FF B5 FFFFFD08                  	PUSH	DWORD [-760+EBP]
   315 000002E0 E8 [00000000]                   	CALL	_sheet_setbuf
   316 000002E5 83 C4 2C                        	ADD	ESP,44
   317 000002E8 6A 63                           	PUSH	99
   318 000002EA 6A 10                           	PUSH	16
   319 000002EC 6A 10                           	PUSH	16
   320 000002EE 53                              	PUSH	EBX
   321 000002EF FF B5 FFFFFD04                  	PUSH	DWORD [-764+EBP]
   322 000002F5 E8 [00000000]                   	CALL	_sheet_setbuf
   323 000002FA 6A FF                           	PUSH	-1
   324 000002FC 6A 34                           	PUSH	52
   325 000002FE 68 000000A0                     	PUSH	160
   326 00000303 FF B5 FFFFFCF8                  	PUSH	DWORD [-776+EBP]
   327 00000309 FF B5 FFFFFD00                  	PUSH	DWORD [-768+EBP]
   328 0000030F E8 [00000000]                   	CALL	_sheet_setbuf
   329 00000314 83 C4 28                        	ADD	ESP,40
   330 00000317 0F BF 05 00000FF6               	MOVSX	EAX,WORD [4086]
   331 0000031E 50                              	PUSH	EAX
   332 0000031F 0F BF 05 00000FF4               	MOVSX	EAX,WORD [4084]
   333 00000326 50                              	PUSH	EAX
   334 00000327 FF B5 FFFFFCFC                  	PUSH	DWORD [-772+EBP]
   335 0000032D E8 [00000000]                   	CALL	_init_screen8
   336 00000332 6A 63                           	PUSH	99
   337 00000334 53                              	PUSH	EBX
   338 00000335 BB 00000002                     	MOV	EBX,2
   339 0000033A E8 [00000000]                   	CALL	_init_mouse_cursor8
   340 0000033F 68 [000000E0]                   	PUSH	LC0
   341 00000344 6A 34                           	PUSH	52
   342 00000346 68 000000A0                     	PUSH	160
   343 0000034B FF B5 FFFFFCF8                  	PUSH	DWORD [-776+EBP]
   344 00000351 E8 FFFFFCAA                     	CALL	_make_window8
   345 00000356 83 C4 24                        	ADD	ESP,36
   346 00000359 6A 00                           	PUSH	0
   347 0000035B 6A 00                           	PUSH	0
   348 0000035D FF B5 FFFFFD08                  	PUSH	DWORD [-760+EBP]
   349 00000363 E8 [00000000]                   	CALL	_sheet_slide
   350 00000368 0F BF 05 00000FF4               	MOVSX	EAX,WORD [4084]
   351 0000036F 8D 48 F0                        	LEA	ECX,DWORD [-16+EAX]
   352 00000372 89 C8                           	MOV	EAX,ECX
   353 00000374 99                              	CDQ
   354 00000375 F7 FB                           	IDIV	EBX
   355 00000377 89 C6                           	MOV	ESI,EAX
   356 00000379 0F BF 05 00000FF6               	MOVSX	EAX,WORD [4086]
   357 00000380 8D 48 D4                        	LEA	ECX,DWORD [-44+EAX]
   358 00000383 89 C8                           	MOV	EAX,ECX
   359 00000385 99                              	CDQ
   360 00000386 F7 FB                           	IDIV	EBX
   361 00000388 50                              	PUSH	EAX
   362 00000389 89 C7                           	MOV	EDI,EAX
   363 0000038B 56                              	PUSH	ESI
   364 0000038C 8D 5D B4                        	LEA	EBX,DWORD [-76+EBP]
   365 0000038F FF B5 FFFFFD04                  	PUSH	DWORD [-764+EBP]
   366 00000395 E8 [00000000]                   	CALL	_sheet_slide
   367 0000039A 6A 48                           	PUSH	72
   368 0000039C 6A 50                           	PUSH	80
   369 0000039E FF B5 FFFFFD00                  	PUSH	DWORD [-768+EBP]
   370 000003A4 E8 [00000000]                   	CALL	_sheet_slide
   371 000003A9 83 C4 24                        	ADD	ESP,36
   372 000003AC 6A 00                           	PUSH	0
   373 000003AE FF B5 FFFFFD08                  	PUSH	DWORD [-760+EBP]
   374 000003B4 E8 [00000000]                   	CALL	_sheet_updown
   375 000003B9 6A 01                           	PUSH	1
   376 000003BB FF B5 FFFFFD00                  	PUSH	DWORD [-768+EBP]
   377 000003C1 E8 [00000000]                   	CALL	_sheet_updown
   378 000003C6 6A 02                           	PUSH	2
   379 000003C8 FF B5 FFFFFD04                  	PUSH	DWORD [-764+EBP]
   380 000003CE E8 [00000000]                   	CALL	_sheet_updown
   381 000003D3 57                              	PUSH	EDI
   382 000003D4 56                              	PUSH	ESI
   383 000003D5 68 [000000E8]                   	PUSH	LC1
   384 000003DA 53                              	PUSH	EBX
   385 000003DB E8 [00000000]                   	CALL	_sprintf
   386 000003E0 83 C4 28                        	ADD	ESP,40
   387 000003E3 53                              	PUSH	EBX
   388 000003E4 6A 07                           	PUSH	7
   389 000003E6 6A 00                           	PUSH	0
   390 000003E8 6A 00                           	PUSH	0
   391 000003EA 0F BF 05 00000FF4               	MOVSX	EAX,WORD [4084]
   392 000003F1 50                              	PUSH	EAX
   393 000003F2 FF B5 FFFFFCFC                  	PUSH	DWORD [-772+EBP]
   394 000003F8 E8 [00000000]                   	CALL	_putfonts8_asc
   395 000003FD 68 003C0000                     	PUSH	3932160
   396 00000402 E8 [00000000]                   	CALL	_memman_total
   397 00000407 C1 AD FFFFFD10 14               	SHR	DWORD [-752+EBP],20
   398 0000040E C1 E8 0A                        	SHR	EAX,10
   399 00000411 89 04 24                        	MOV	DWORD [ESP],EAX
   400 00000414 FF B5 FFFFFD10                  	PUSH	DWORD [-752+EBP]
   401 0000041A 68 [000000F3]                   	PUSH	LC2
   402 0000041F 53                              	PUSH	EBX
   403 00000420 E8 [00000000]                   	CALL	_sprintf
   404 00000425 83 C4 28                        	ADD	ESP,40
   405 00000428 53                              	PUSH	EBX
   406 00000429 6A 07                           	PUSH	7
   407 0000042B 6A 20                           	PUSH	32
   408 0000042D 6A 00                           	PUSH	0
   409 0000042F 0F BF 05 00000FF4               	MOVSX	EAX,WORD [4084]
   410 00000436 50                              	PUSH	EAX
   411 00000437 FF B5 FFFFFCFC                  	PUSH	DWORD [-772+EBP]
   412 0000043D E8 [00000000]                   	CALL	_putfonts8_asc
   413 00000442 6A 30                           	PUSH	48
   414 00000444 0F BF 05 00000FF4               	MOVSX	EAX,WORD [4084]
   415 0000044B 50                              	PUSH	EAX
   416 0000044C 6A 00                           	PUSH	0
   417 0000044E                                 L41:
   418 0000044E 6A 00                           	PUSH	0
   419 00000450 FF B5 FFFFFD08                  	PUSH	DWORD [-760+EBP]
   420 00000456 E8 [00000000]                   	CALL	_sheet_refresh
   421 0000045B 83 C4 2C                        	ADD	ESP,44
   422 0000045E                                 L25:
   423 0000045E FF 85 FFFFFD0C                  	INC	DWORD [-756+EBP]
   424 00000464 8D 5D B4                        	LEA	EBX,DWORD [-76+EBP]
   425 00000467 FF B5 FFFFFD0C                  	PUSH	DWORD [-756+EBP]
   426 0000046D 68 [0000010D]                   	PUSH	LC3
   427 00000472 53                              	PUSH	EBX
   428 00000473 E8 [00000000]                   	CALL	_sprintf
   429 00000478 6A 2B                           	PUSH	43
   430 0000047A 6A 77                           	PUSH	119
   431 0000047C 6A 1C                           	PUSH	28
   432 0000047E 6A 28                           	PUSH	40
   433 00000480 6A 08                           	PUSH	8
   434 00000482 68 000000A0                     	PUSH	160
   435 00000487 FF B5 FFFFFCF8                  	PUSH	DWORD [-776+EBP]
   436 0000048D E8 [00000000]                   	CALL	_boxfill8
   437 00000492 83 C4 28                        	ADD	ESP,40
   438 00000495 53                              	PUSH	EBX
   439 00000496 6A 00                           	PUSH	0
   440 00000498 6A 1C                           	PUSH	28
   441 0000049A 6A 28                           	PUSH	40
   442 0000049C 68 000000A0                     	PUSH	160
   443 000004A1 FF B5 FFFFFCF8                  	PUSH	DWORD [-776+EBP]
   444 000004A7 E8 [00000000]                   	CALL	_putfonts8_asc
   445 000004AC 6A 2C                           	PUSH	44
   446 000004AE 6A 78                           	PUSH	120
   447 000004B0 6A 1C                           	PUSH	28
   448 000004B2 6A 28                           	PUSH	40
   449 000004B4 FF B5 FFFFFD00                  	PUSH	DWORD [-768+EBP]
   450 000004BA E8 [00000000]                   	CALL	_sheet_refresh
   451 000004BF 83 C4 2C                        	ADD	ESP,44
   452 000004C2 E8 [00000000]                   	CALL	_io_cli
   453 000004C7 68 [00000000]                   	PUSH	_keyfifo
   454 000004CC E8 [00000000]                   	CALL	_fifo8_status
   455 000004D1 68 [00000000]                   	PUSH	_mousefifo
   456 000004D6 89 C3                           	MOV	EBX,EAX
   457 000004D8 E8 [00000000]                   	CALL	_fifo8_status
   458 000004DD 8D 04 18                        	LEA	EAX,DWORD [EAX+EBX*1]
   459 000004E0 5B                              	POP	EBX
   460 000004E1 5A                              	POP	EDX
   461 000004E2 85 C0                           	TEST	EAX,EAX
   462 000004E4 0F 84 000001FC                  	JE	L42
   463 000004EA 68 [00000000]                   	PUSH	_keyfifo
   464 000004EF E8 [00000000]                   	CALL	_fifo8_status
   465 000004F4 59                              	POP	ECX
   466 000004F5 85 C0                           	TEST	EAX,EAX
   467 000004F7 0F 85 00000181                  	JNE	L43
   468 000004FD 68 [00000000]                   	PUSH	_mousefifo
   469 00000502 E8 [00000000]                   	CALL	_fifo8_status
   470 00000507 5A                              	POP	EDX
   471 00000508 85 C0                           	TEST	EAX,EAX
   472 0000050A 0F 84 FFFFFF4E                  	JE	L25
   473 00000510 68 [00000000]                   	PUSH	_mousefifo
   474 00000515 E8 [00000000]                   	CALL	_fifo8_get
   475 0000051A 89 C3                           	MOV	EBX,EAX
   476 0000051C E8 [00000000]                   	CALL	_io_sti
   477 00000521 0F B6 C3                        	MOVZX	EAX,BL
   478 00000524 50                              	PUSH	EAX
   479 00000525 8D 45 E4                        	LEA	EAX,DWORD [-28+EBP]
   480 00000528 50                              	PUSH	EAX
   481 00000529 E8 [00000000]                   	CALL	_mouse_decode
   482 0000052E 83 C4 0C                        	ADD	ESP,12
   483 00000531 85 C0                           	TEST	EAX,EAX
   484 00000533 0F 84 FFFFFF25                  	JE	L25
   485 00000539 FF 75 EC                        	PUSH	DWORD [-20+EBP]
   486 0000053C FF 75 E8                        	PUSH	DWORD [-24+EBP]
   487 0000053F 68 [00000113]                   	PUSH	LC5
   488 00000544 8D 45 B4                        	LEA	EAX,DWORD [-76+EBP]
   489 00000547 50                              	PUSH	EAX
   490 00000548 E8 [00000000]                   	CALL	_sprintf
   491 0000054D 83 C4 10                        	ADD	ESP,16
   492 00000550 8B 45 F0                        	MOV	EAX,DWORD [-16+EBP]
   493 00000553 A9 00000001                     	TEST	EAX,1
   494 00000558 74 04                           	JE	L34
   495 0000055A C6 45 B5 4C                     	MOV	BYTE [-75+EBP],76
   496 0000055E                                 L34:
   497 0000055E A9 00000002                     	TEST	EAX,2
   498 00000563 74 04                           	JE	L35
   499 00000565 C6 45 B7 52                     	MOV	BYTE [-73+EBP],82
   500 00000569                                 L35:
   501 00000569 83 E0 04                        	AND	EAX,4
   502 0000056C 74 04                           	JE	L36
   503 0000056E C6 45 B7 43                     	MOV	BYTE [-73+EBP],67
   504 00000572                                 L36:
   505 00000572 6A 1F                           	PUSH	31
   506 00000574 68 00000097                     	PUSH	151
   507 00000579 6A 10                           	PUSH	16
   508 0000057B 6A 20                           	PUSH	32
   509 0000057D 6A 05                           	PUSH	5
   510 0000057F 0F BF 05 00000FF4               	MOVSX	EAX,WORD [4084]
   511 00000586 50                              	PUSH	EAX
   512 00000587 FF B5 FFFFFCFC                  	PUSH	DWORD [-772+EBP]
   513 0000058D E8 [00000000]                   	CALL	_boxfill8
   514 00000592 8D 55 B4                        	LEA	EDX,DWORD [-76+EBP]
   515 00000595 52                              	PUSH	EDX
   516 00000596 6A 07                           	PUSH	7
   517 00000598 6A 10                           	PUSH	16
   518 0000059A 6A 20                           	PUSH	32
   519 0000059C 0F BF 05 00000FF4               	MOVSX	EAX,WORD [4084]
   520 000005A3 50                              	PUSH	EAX
   521 000005A4 FF B5 FFFFFCFC                  	PUSH	DWORD [-772+EBP]
   522 000005AA E8 [00000000]                   	CALL	_putfonts8_asc
   523 000005AF 83 C4 34                        	ADD	ESP,52
   524 000005B2 6A 20                           	PUSH	32
   525 000005B4 68 00000098                     	PUSH	152
   526 000005B9 6A 10                           	PUSH	16
   527 000005BB 6A 20                           	PUSH	32
   528 000005BD FF B5 FFFFFD08                  	PUSH	DWORD [-760+EBP]
   529 000005C3 E8 [00000000]                   	CALL	_sheet_refresh
   530 000005C8 83 C4 14                        	ADD	ESP,20
   531 000005CB 03 7D EC                        	ADD	EDI,DWORD [-20+EBP]
   532 000005CE 03 75 E8                        	ADD	ESI,DWORD [-24+EBP]
   533 000005D1 0F 88 000000A0                  	JS	L44
   534 000005D7                                 L37:
   535 000005D7 85 FF                           	TEST	EDI,EDI
   536 000005D9 0F 88 00000091                  	JS	L45
   537 000005DF                                 L38:
   538 000005DF 0F BF 05 00000FF4               	MOVSX	EAX,WORD [4084]
   539 000005E6 48                              	DEC	EAX
   540 000005E7 39 C6                           	CMP	ESI,EAX
   541 000005E9 7E 02                           	JLE	L39
   542 000005EB 89 C6                           	MOV	ESI,EAX
   543 000005ED                                 L39:
   544 000005ED 0F BF 05 00000FF6               	MOVSX	EAX,WORD [4086]
   545 000005F4 48                              	DEC	EAX
   546 000005F5 39 C7                           	CMP	EDI,EAX
   547 000005F7 7E 02                           	JLE	L40
   548 000005F9 89 C7                           	MOV	EDI,EAX
   549 000005FB                                 L40:
   550 000005FB 57                              	PUSH	EDI
   551 000005FC 8D 5D B4                        	LEA	EBX,DWORD [-76+EBP]
   552 000005FF 56                              	PUSH	ESI
   553 00000600 68 [00000121]                   	PUSH	LC6
   554 00000605 53                              	PUSH	EBX
   555 00000606 E8 [00000000]                   	CALL	_sprintf
   556 0000060B 6A 0F                           	PUSH	15
   557 0000060D 6A 4F                           	PUSH	79
   558 0000060F 6A 00                           	PUSH	0
   559 00000611 6A 00                           	PUSH	0
   560 00000613 6A 05                           	PUSH	5
   561 00000615 0F BF 05 00000FF4               	MOVSX	EAX,WORD [4084]
   562 0000061C 50                              	PUSH	EAX
   563 0000061D FF B5 FFFFFCFC                  	PUSH	DWORD [-772+EBP]
   564 00000623 E8 [00000000]                   	CALL	_boxfill8
   565 00000628 83 C4 2C                        	ADD	ESP,44
   566 0000062B 53                              	PUSH	EBX
   567 0000062C 6A 07                           	PUSH	7
   568 0000062E 6A 00                           	PUSH	0
   569 00000630 6A 00                           	PUSH	0
   570 00000632 0F BF 05 00000FF4               	MOVSX	EAX,WORD [4084]
   571 00000639 50                              	PUSH	EAX
   572 0000063A FF B5 FFFFFCFC                  	PUSH	DWORD [-772+EBP]
   573 00000640 E8 [00000000]                   	CALL	_putfonts8_asc
   574 00000645 6A 10                           	PUSH	16
   575 00000647 6A 50                           	PUSH	80
   576 00000649 6A 00                           	PUSH	0
   577 0000064B 6A 00                           	PUSH	0
   578 0000064D FF B5 FFFFFD08                  	PUSH	DWORD [-760+EBP]
   579 00000653 E8 [00000000]                   	CALL	_sheet_refresh
   580 00000658 83 C4 2C                        	ADD	ESP,44
   581 0000065B 57                              	PUSH	EDI
   582 0000065C 56                              	PUSH	ESI
   583 0000065D FF B5 FFFFFD04                  	PUSH	DWORD [-764+EBP]
   584 00000663 E8 [00000000]                   	CALL	_sheet_slide
   585 00000668 83 C4 0C                        	ADD	ESP,12
   586 0000066B E9 FFFFFDEE                     	JMP	L25
   587 00000670                                 L45:
   588 00000670 31 FF                           	XOR	EDI,EDI
   589 00000672 E9 FFFFFF68                     	JMP	L38
   590 00000677                                 L44:
   591 00000677 31 F6                           	XOR	ESI,ESI
   592 00000679 E9 FFFFFF59                     	JMP	L37
   593 0000067E                                 L43:
   594 0000067E 68 [00000000]                   	PUSH	_keyfifo
   595 00000683 E8 [00000000]                   	CALL	_fifo8_get
   596 00000688 89 C3                           	MOV	EBX,EAX
   597 0000068A E8 [00000000]                   	CALL	_io_sti
   598 0000068F 53                              	PUSH	EBX
   599 00000690 8D 55 B4                        	LEA	EDX,DWORD [-76+EBP]
   600 00000693 68 [0000012B]                   	PUSH	LC4
   601 00000698 8D 5D B4                        	LEA	EBX,DWORD [-76+EBP]
   602 0000069B 52                              	PUSH	EDX
   603 0000069C E8 [00000000]                   	CALL	_sprintf
   604 000006A1 6A 1F                           	PUSH	31
   605 000006A3 6A 0F                           	PUSH	15
   606 000006A5 6A 10                           	PUSH	16
   607 000006A7 6A 00                           	PUSH	0
   608 000006A9 6A 05                           	PUSH	5
   609 000006AB 0F BF 05 00000FF4               	MOVSX	EAX,WORD [4084]
   610 000006B2 50                              	PUSH	EAX
   611 000006B3 FF B5 FFFFFCFC                  	PUSH	DWORD [-772+EBP]
   612 000006B9 E8 [00000000]                   	CALL	_boxfill8
   613 000006BE 83 C4 2C                        	ADD	ESP,44
   614 000006C1 53                              	PUSH	EBX
   615 000006C2 6A 07                           	PUSH	7
   616 000006C4 6A 10                           	PUSH	16
   617 000006C6 6A 00                           	PUSH	0
   618 000006C8 0F BF 05 00000FF4               	MOVSX	EAX,WORD [4084]
   619 000006CF 50                              	PUSH	EAX
   620 000006D0 FF B5 FFFFFCFC                  	PUSH	DWORD [-772+EBP]
   621 000006D6 E8 [00000000]                   	CALL	_putfonts8_asc
   622 000006DB 6A 20                           	PUSH	32
   623 000006DD 6A 10                           	PUSH	16
   624 000006DF 6A 10                           	PUSH	16
   625 000006E1 E9 FFFFFD68                     	JMP	L41
   626 000006E6                                 L42:
   627 000006E6 E8 [00000000]                   	CALL	_io_sti
   628 000006EB E9 FFFFFD6E                     	JMP	L25
