     1 00000000                                 [FORMAT "WCOFF"]
     2 00000000                                 [INSTRSET "i486p"]
     3 00000000                                 [OPTIMIZE 1]
     4 00000000                                 [OPTION 1]
     5 00000000                                 [BITS 32]
     6 00000000                                 	EXTERN	_init_gdtidt
     7 00000000                                 	EXTERN	_init_pic
     8 00000000                                 	EXTERN	_io_sti
     9 00000000                                 	EXTERN	_keyfifo
    10 00000000                                 	EXTERN	_fifo8_init
    11 00000000                                 	EXTERN	_mousefifo
    12 00000000                                 	EXTERN	_io_out8
    13 00000000                                 	EXTERN	_init_palette
    14 00000000                                 	EXTERN	_init_screen8
    15 00000000                                 	EXTERN	_init_mouse_cursor8
    16 00000000                                 	EXTERN	_putblock8_8
    17 00000000                                 	EXTERN	_sprintf
    18 00000000                                 	EXTERN	_putfonts8_asc
    19 00000000                                 	EXTERN	_io_cli
    20 00000000                                 	EXTERN	_fifo8_status
    21 00000000                                 	EXTERN	_fifo8_get
    22 00000000                                 	EXTERN	_boxfill8
    23 00000000                                 	EXTERN	_io_stihlt
    24 00000000                                 	EXTERN	_io_in8
    25 00000000                                 [FILE "bootpack.c"]
    26                                          [SECTION .data]
    27 00000000                                 LC0:
    28 00000000 28 25 64 2C 20 25 64 29 00      	DB	"(%d, %d)",0x00
    29 00000009                                 LC2:
    30 00000009 5B 6C 63 72 20 25 34 64 20 25   	DB	"[lcr %4d %4d]",0x00
       00000013 34 64 5D 00 
    31 00000017                                 LC3:
    32 00000017 28 25 33 64 2C 20 25 33 64 29   	DB	"(%3d, %3d)",0x00
       00000021 00 
    33 00000022                                 LC1:
    34 00000022 25 30 32 58 00                  	DB	"%02X",0x00
    35                                          [SECTION .text]
    36 00000000                                 	GLOBAL	_HariMain
    37 00000000                                 _HariMain:
    38 00000000 55                              	PUSH	EBP
    39 00000001 89 E5                           	MOV	EBP,ESP
    40 00000003 57                              	PUSH	EDI
    41 00000004 56                              	PUSH	ESI
    42 00000005 53                              	PUSH	EBX
    43 00000006 BB 00000002                     	MOV	EBX,2
    44 0000000B 81 EC 000001E4                  	SUB	ESP,484
    45 00000011 E8 [00000000]                   	CALL	_init_gdtidt
    46 00000016 E8 [00000000]                   	CALL	_init_pic
    47 0000001B E8 [00000000]                   	CALL	_io_sti
    48 00000020 8D 85 FFFFFE94                  	LEA	EAX,DWORD [-364+EBP]
    49 00000026 50                              	PUSH	EAX
    50 00000027 6A 20                           	PUSH	32
    51 00000029 68 [00000000]                   	PUSH	_keyfifo
    52 0000002E E8 [00000000]                   	CALL	_fifo8_init
    53 00000033 8D 85 FFFFFE14                  	LEA	EAX,DWORD [-492+EBP]
    54 00000039 50                              	PUSH	EAX
    55 0000003A 68 00000080                     	PUSH	128
    56 0000003F 68 [00000000]                   	PUSH	_mousefifo
    57 00000044 E8 [00000000]                   	CALL	_fifo8_init
    58 00000049 68 000000F9                     	PUSH	249
    59 0000004E 6A 21                           	PUSH	33
    60 00000050 E8 [00000000]                   	CALL	_io_out8
    61 00000055 83 C4 20                        	ADD	ESP,32
    62 00000058 68 000000EF                     	PUSH	239
    63 0000005D 68 000000A1                     	PUSH	161
    64 00000062 E8 [00000000]                   	CALL	_io_out8
    65 00000067 E8 000002DE                     	CALL	_init_keyboard
    66 0000006C E8 [00000000]                   	CALL	_init_palette
    67 00000071 0F BF 05 00000FF6               	MOVSX	EAX,WORD [4086]
    68 00000078 50                              	PUSH	EAX
    69 00000079 0F BF 05 00000FF4               	MOVSX	EAX,WORD [4084]
    70 00000080 50                              	PUSH	EAX
    71 00000081 FF 35 00000FF8                  	PUSH	DWORD [4088]
    72 00000087 E8 [00000000]                   	CALL	_init_screen8
    73 0000008C 0F BF 05 00000FF4               	MOVSX	EAX,WORD [4084]
    74 00000093 8D 48 F0                        	LEA	ECX,DWORD [-16+EAX]
    75 00000096 89 C8                           	MOV	EAX,ECX
    76 00000098 99                              	CDQ
    77 00000099 F7 FB                           	IDIV	EBX
    78 0000009B 89 C7                           	MOV	EDI,EAX
    79 0000009D 0F BF 05 00000FF6               	MOVSX	EAX,WORD [4086]
    80 000000A4 6A 0D                           	PUSH	13
    81 000000A6 8D 48 D4                        	LEA	ECX,DWORD [-44+EAX]
    82 000000A9 89 C8                           	MOV	EAX,ECX
    83 000000AB 99                              	CDQ
    84 000000AC F7 FB                           	IDIV	EBX
    85 000000AE 8D 9D FFFFFEB4                  	LEA	EBX,DWORD [-332+EBP]
    86 000000B4 89 C6                           	MOV	ESI,EAX
    87 000000B6 53                              	PUSH	EBX
    88 000000B7 E8 [00000000]                   	CALL	_init_mouse_cursor8
    89 000000BC 6A 10                           	PUSH	16
    90 000000BE 53                              	PUSH	EBX
    91 000000BF 8D 5D B4                        	LEA	EBX,DWORD [-76+EBP]
    92 000000C2 56                              	PUSH	ESI
    93 000000C3 57                              	PUSH	EDI
    94 000000C4 6A 10                           	PUSH	16
    95 000000C6 6A 10                           	PUSH	16
    96 000000C8 0F BF 05 00000FF4               	MOVSX	EAX,WORD [4084]
    97 000000CF 50                              	PUSH	EAX
    98 000000D0 FF 35 00000FF8                  	PUSH	DWORD [4088]
    99 000000D6 E8 [00000000]                   	CALL	_putblock8_8
   100 000000DB 83 C4 3C                        	ADD	ESP,60
   101 000000DE 56                              	PUSH	ESI
   102 000000DF 57                              	PUSH	EDI
   103 000000E0 68 [00000000]                   	PUSH	LC0
   104 000000E5 53                              	PUSH	EBX
   105 000000E6 E8 [00000000]                   	CALL	_sprintf
   106 000000EB 53                              	PUSH	EBX
   107 000000EC 6A 07                           	PUSH	7
   108 000000EE 6A 00                           	PUSH	0
   109 000000F0 6A 00                           	PUSH	0
   110 000000F2 0F BF 05 00000FF4               	MOVSX	EAX,WORD [4084]
   111 000000F9 50                              	PUSH	EAX
   112 000000FA FF 35 00000FF8                  	PUSH	DWORD [4088]
   113 00000100 E8 [00000000]                   	CALL	_putfonts8_asc
   114 00000105 8D 45 E4                        	LEA	EAX,DWORD [-28+EBP]
   115 00000108 83 C4 28                        	ADD	ESP,40
   116 0000010B 50                              	PUSH	EAX
   117 0000010C E8 0000025A                     	CALL	_enable_mouse
   118 00000111 59                              	POP	ECX
   119 00000112                                 L2:
   120 00000112 E8 [00000000]                   	CALL	_io_cli
   121 00000117 68 [00000000]                   	PUSH	_keyfifo
   122 0000011C E8 [00000000]                   	CALL	_fifo8_status
   123 00000121 68 [00000000]                   	PUSH	_mousefifo
   124 00000126 89 C3                           	MOV	EBX,EAX
   125 00000128 E8 [00000000]                   	CALL	_fifo8_status
   126 0000012D 8D 04 18                        	LEA	EAX,DWORD [EAX+EBX*1]
   127 00000130 5B                              	POP	EBX
   128 00000131 5A                              	POP	EDX
   129 00000132 85 C0                           	TEST	EAX,EAX
   130 00000134 0F 84 000001F4                  	JE	L18
   131 0000013A 68 [00000000]                   	PUSH	_keyfifo
   132 0000013F E8 [00000000]                   	CALL	_fifo8_status
   133 00000144 59                              	POP	ECX
   134 00000145 85 C0                           	TEST	EAX,EAX
   135 00000147 0F 85 0000017F                  	JNE	L19
   136 0000014D 68 [00000000]                   	PUSH	_mousefifo
   137 00000152 E8 [00000000]                   	CALL	_fifo8_status
   138 00000157 5A                              	POP	EDX
   139 00000158 85 C0                           	TEST	EAX,EAX
   140 0000015A 74 B6                           	JE	L2
   141 0000015C 68 [00000000]                   	PUSH	_mousefifo
   142 00000161 E8 [00000000]                   	CALL	_fifo8_get
   143 00000166 89 C3                           	MOV	EBX,EAX
   144 00000168 E8 [00000000]                   	CALL	_io_sti
   145 0000016D 0F B6 C3                        	MOVZX	EAX,BL
   146 00000170 50                              	PUSH	EAX
   147 00000171 8D 45 E4                        	LEA	EAX,DWORD [-28+EBP]
   148 00000174 50                              	PUSH	EAX
   149 00000175 E8 00000218                     	CALL	_mouse_decode
   150 0000017A 83 C4 0C                        	ADD	ESP,12
   151 0000017D 85 C0                           	TEST	EAX,EAX
   152 0000017F 74 91                           	JE	L2
   153 00000181 FF 75 EC                        	PUSH	DWORD [-20+EBP]
   154 00000184 FF 75 E8                        	PUSH	DWORD [-24+EBP]
   155 00000187 68 [00000009]                   	PUSH	LC2
   156 0000018C 8D 5D B4                        	LEA	EBX,DWORD [-76+EBP]
   157 0000018F 53                              	PUSH	EBX
   158 00000190 E8 [00000000]                   	CALL	_sprintf
   159 00000195 83 C4 10                        	ADD	ESP,16
   160 00000198 8B 45 F0                        	MOV	EAX,DWORD [-16+EBP]
   161 0000019B A9 00000001                     	TEST	EAX,1
   162 000001A0 74 04                           	JE	L11
   163 000001A2 C6 45 B5 4C                     	MOV	BYTE [-75+EBP],76
   164 000001A6                                 L11:
   165 000001A6 A9 00000002                     	TEST	EAX,2
   166 000001AB 74 04                           	JE	L12
   167 000001AD C6 45 B7 52                     	MOV	BYTE [-73+EBP],82
   168 000001B1                                 L12:
   169 000001B1 83 E0 04                        	AND	EAX,4
   170 000001B4 74 04                           	JE	L13
   171 000001B6 C6 45 B7 43                     	MOV	BYTE [-73+EBP],67
   172 000001BA                                 L13:
   173 000001BA 6A 1F                           	PUSH	31
   174 000001BC 68 00000097                     	PUSH	151
   175 000001C1 6A 10                           	PUSH	16
   176 000001C3 6A 20                           	PUSH	32
   177 000001C5 6A 0D                           	PUSH	13
   178 000001C7 0F BF 05 00000FF4               	MOVSX	EAX,WORD [4084]
   179 000001CE 50                              	PUSH	EAX
   180 000001CF FF 35 00000FF8                  	PUSH	DWORD [4088]
   181 000001D5 E8 [00000000]                   	CALL	_boxfill8
   182 000001DA 53                              	PUSH	EBX
   183 000001DB 6A 07                           	PUSH	7
   184 000001DD 6A 10                           	PUSH	16
   185 000001DF 6A 20                           	PUSH	32
   186 000001E1 0F BF 05 00000FF4               	MOVSX	EAX,WORD [4084]
   187 000001E8 50                              	PUSH	EAX
   188 000001E9 FF 35 00000FF8                  	PUSH	DWORD [4088]
   189 000001EF E8 [00000000]                   	CALL	_putfonts8_asc
   190 000001F4 8D 46 0F                        	LEA	EAX,DWORD [15+ESI]
   191 000001F7 83 C4 34                        	ADD	ESP,52
   192 000001FA 50                              	PUSH	EAX
   193 000001FB 8D 47 0F                        	LEA	EAX,DWORD [15+EDI]
   194 000001FE 50                              	PUSH	EAX
   195 000001FF 56                              	PUSH	ESI
   196 00000200 57                              	PUSH	EDI
   197 00000201 6A 0D                           	PUSH	13
   198 00000203 0F BF 05 00000FF4               	MOVSX	EAX,WORD [4084]
   199 0000020A 50                              	PUSH	EAX
   200 0000020B FF 35 00000FF8                  	PUSH	DWORD [4088]
   201 00000211 E8 [00000000]                   	CALL	_boxfill8
   202 00000216 83 C4 1C                        	ADD	ESP,28
   203 00000219 03 75 EC                        	ADD	ESI,DWORD [-20+EBP]
   204 0000021C 03 7D E8                        	ADD	EDI,DWORD [-24+EBP]
   205 0000021F 0F 88 000000A0                  	JS	L20
   206 00000225                                 L14:
   207 00000225 85 F6                           	TEST	ESI,ESI
   208 00000227 0F 88 00000091                  	JS	L21
   209 0000022D                                 L15:
   210 0000022D 0F BF 05 00000FF4               	MOVSX	EAX,WORD [4084]
   211 00000234 83 E8 10                        	SUB	EAX,16
   212 00000237 39 C7                           	CMP	EDI,EAX
   213 00000239 7E 02                           	JLE	L16
   214 0000023B 89 C7                           	MOV	EDI,EAX
   215 0000023D                                 L16:
   216 0000023D 0F BF 05 00000FF6               	MOVSX	EAX,WORD [4086]
   217 00000244 83 E8 10                        	SUB	EAX,16
   218 00000247 39 C6                           	CMP	ESI,EAX
   219 00000249 7E 02                           	JLE	L17
   220 0000024B 89 C6                           	MOV	ESI,EAX
   221 0000024D                                 L17:
   222 0000024D 56                              	PUSH	ESI
   223 0000024E 57                              	PUSH	EDI
   224 0000024F 68 [00000017]                   	PUSH	LC3
   225 00000254 53                              	PUSH	EBX
   226 00000255 E8 [00000000]                   	CALL	_sprintf
   227 0000025A 6A 0F                           	PUSH	15
   228 0000025C 6A 4F                           	PUSH	79
   229 0000025E 6A 00                           	PUSH	0
   230 00000260 6A 00                           	PUSH	0
   231 00000262 6A 0D                           	PUSH	13
   232 00000264 0F BF 05 00000FF4               	MOVSX	EAX,WORD [4084]
   233 0000026B 50                              	PUSH	EAX
   234 0000026C FF 35 00000FF8                  	PUSH	DWORD [4088]
   235 00000272 E8 [00000000]                   	CALL	_boxfill8
   236 00000277 83 C4 2C                        	ADD	ESP,44
   237 0000027A 53                              	PUSH	EBX
   238 0000027B 6A 07                           	PUSH	7
   239 0000027D 6A 00                           	PUSH	0
   240 0000027F 6A 00                           	PUSH	0
   241 00000281 0F BF 05 00000FF4               	MOVSX	EAX,WORD [4084]
   242 00000288 50                              	PUSH	EAX
   243 00000289 FF 35 00000FF8                  	PUSH	DWORD [4088]
   244 0000028F E8 [00000000]                   	CALL	_putfonts8_asc
   245 00000294 8D 85 FFFFFEB4                  	LEA	EAX,DWORD [-332+EBP]
   246 0000029A 6A 10                           	PUSH	16
   247 0000029C 50                              	PUSH	EAX
   248 0000029D 56                              	PUSH	ESI
   249 0000029E 57                              	PUSH	EDI
   250 0000029F 6A 10                           	PUSH	16
   251 000002A1 6A 10                           	PUSH	16
   252 000002A3 0F BF 05 00000FF4               	MOVSX	EAX,WORD [4084]
   253 000002AA 50                              	PUSH	EAX
   254 000002AB FF 35 00000FF8                  	PUSH	DWORD [4088]
   255 000002B1 E8 [00000000]                   	CALL	_putblock8_8
   256 000002B6 83 C4 38                        	ADD	ESP,56
   257 000002B9 E9 FFFFFE54                     	JMP	L2
   258 000002BE                                 L21:
   259 000002BE 31 F6                           	XOR	ESI,ESI
   260 000002C0 E9 FFFFFF68                     	JMP	L15
   261 000002C5                                 L20:
   262 000002C5 31 FF                           	XOR	EDI,EDI
   263 000002C7 E9 FFFFFF59                     	JMP	L14
   264 000002CC                                 L19:
   265 000002CC 68 [00000000]                   	PUSH	_keyfifo
   266 000002D1 E8 [00000000]                   	CALL	_fifo8_get
   267 000002D6 89 C3                           	MOV	EBX,EAX
   268 000002D8 E8 [00000000]                   	CALL	_io_sti
   269 000002DD 53                              	PUSH	EBX
   270 000002DE 8D 5D B4                        	LEA	EBX,DWORD [-76+EBP]
   271 000002E1 68 [00000022]                   	PUSH	LC1
   272 000002E6 53                              	PUSH	EBX
   273 000002E7 E8 [00000000]                   	CALL	_sprintf
   274 000002EC 6A 1F                           	PUSH	31
   275 000002EE 6A 0F                           	PUSH	15
   276 000002F0 6A 10                           	PUSH	16
   277 000002F2 6A 00                           	PUSH	0
   278 000002F4 6A 0D                           	PUSH	13
   279 000002F6 0F BF 05 00000FF4               	MOVSX	EAX,WORD [4084]
   280 000002FD 50                              	PUSH	EAX
   281 000002FE FF 35 00000FF8                  	PUSH	DWORD [4088]
   282 00000304 E8 [00000000]                   	CALL	_boxfill8
   283 00000309 83 C4 2C                        	ADD	ESP,44
   284 0000030C 53                              	PUSH	EBX
   285 0000030D 6A 07                           	PUSH	7
   286 0000030F 6A 10                           	PUSH	16
   287 00000311 6A 00                           	PUSH	0
   288 00000313 0F BF 05 00000FF4               	MOVSX	EAX,WORD [4084]
   289 0000031A 50                              	PUSH	EAX
   290 0000031B FF 35 00000FF8                  	PUSH	DWORD [4088]
   291 00000321 E8 [00000000]                   	CALL	_putfonts8_asc
   292 00000326 83 C4 18                        	ADD	ESP,24
   293 00000329 E9 FFFFFDE4                     	JMP	L2
   294 0000032E                                 L18:
   295 0000032E E8 [00000000]                   	CALL	_io_stihlt
   296 00000333 E9 FFFFFDDA                     	JMP	L2
   297 00000338                                 	GLOBAL	_wait_KBC_sendready
   298 00000338                                 _wait_KBC_sendready:
   299 00000338 55                              	PUSH	EBP
   300 00000339 89 E5                           	MOV	EBP,ESP
   301 0000033B                                 L23:
   302 0000033B 6A 64                           	PUSH	100
   303 0000033D E8 [00000000]                   	CALL	_io_in8
   304 00000342 5A                              	POP	EDX
   305 00000343 83 E0 02                        	AND	EAX,2
   306 00000346 75 F3                           	JNE	L23
   307 00000348 C9                              	LEAVE
   308 00000349 C3                              	RET
   309 0000034A                                 	GLOBAL	_init_keyboard
   310 0000034A                                 _init_keyboard:
   311 0000034A 55                              	PUSH	EBP
   312 0000034B 89 E5                           	MOV	EBP,ESP
   313 0000034D E8 FFFFFFE6                     	CALL	_wait_KBC_sendready
   314 00000352 6A 60                           	PUSH	96
   315 00000354 6A 64                           	PUSH	100
   316 00000356 E8 [00000000]                   	CALL	_io_out8
   317 0000035B E8 FFFFFFD8                     	CALL	_wait_KBC_sendready
   318 00000360 6A 47                           	PUSH	71
   319 00000362 6A 60                           	PUSH	96
   320 00000364 E8 [00000000]                   	CALL	_io_out8
   321 00000369 C9                              	LEAVE
   322 0000036A C3                              	RET
   323 0000036B                                 	GLOBAL	_enable_mouse
   324 0000036B                                 _enable_mouse:
   325 0000036B 55                              	PUSH	EBP
   326 0000036C 89 E5                           	MOV	EBP,ESP
   327 0000036E E8 FFFFFFC5                     	CALL	_wait_KBC_sendready
   328 00000373 68 000000D4                     	PUSH	212
   329 00000378 6A 64                           	PUSH	100
   330 0000037A E8 [00000000]                   	CALL	_io_out8
   331 0000037F E8 FFFFFFB4                     	CALL	_wait_KBC_sendready
   332 00000384 68 000000F4                     	PUSH	244
   333 00000389 6A 60                           	PUSH	96
   334 0000038B E8 [00000000]                   	CALL	_io_out8
   335 00000390 C9                              	LEAVE
   336 00000391 C3                              	RET
   337 00000392                                 	GLOBAL	_mouse_decode
   338 00000392                                 _mouse_decode:
   339 00000392 55                              	PUSH	EBP
   340 00000393 89 E5                           	MOV	EBP,ESP
   341 00000395 56                              	PUSH	ESI
   342 00000396 53                              	PUSH	EBX
   343 00000397 8B 55 08                        	MOV	EDX,DWORD [8+EBP]
   344 0000039A 8B 4D 0C                        	MOV	ECX,DWORD [12+EBP]
   345 0000039D 89 CE                           	MOV	ESI,ECX
   346 0000039F 8A 42 03                        	MOV	AL,BYTE [3+EDX]
   347 000003A2 84 C0                           	TEST	AL,AL
   348 000003A4 75 11                           	JNE	L30
   349 000003A6 80 F9 FA                        	CMP	CL,-6
   350 000003A9 74 06                           	JE	L39
   351 000003AB                                 L38:
   352 000003AB 31 C0                           	XOR	EAX,EAX
   353 000003AD                                 L29:
   354 000003AD 5B                              	POP	EBX
   355 000003AE 5E                              	POP	ESI
   356 000003AF 5D                              	POP	EBP
   357 000003B0 C3                              	RET
   358 000003B1                                 L39:
   359 000003B1 C6 42 03 01                     	MOV	BYTE [3+EDX],1
   360 000003B5 EB F4                           	JMP	L38
   361 000003B7                                 L30:
   362 000003B7 3C 01                           	CMP	AL,1
   363 000003B9 74 61                           	JE	L40
   364 000003BB 3C 02                           	CMP	AL,2
   365 000003BD 74 54                           	JE	L41
   366 000003BF 3C 03                           	CMP	AL,3
   367 000003C1 74 05                           	JE	L42
   368 000003C3 83 C8 FF                        	OR	EAX,-1
   369 000003C6 EB E5                           	JMP	L29
   370 000003C8                                 L42:
   371 000003C8 8A 1A                           	MOV	BL,BYTE [EDX]
   372 000003CA 81 E6 000000FF                  	AND	ESI,255
   373 000003D0 89 D8                           	MOV	EAX,EBX
   374 000003D2 88 4A 02                        	MOV	BYTE [2+EDX],CL
   375 000003D5 83 E0 07                        	AND	EAX,7
   376 000003D8 89 72 08                        	MOV	DWORD [8+EDX],ESI
   377 000003DB 89 42 0C                        	MOV	DWORD [12+EDX],EAX
   378 000003DE 88 D8                           	MOV	AL,BL
   379 000003E0 0F B6 4A 01                     	MOVZX	ECX,BYTE [1+EDX]
   380 000003E4 83 E0 10                        	AND	EAX,16
   381 000003E7 89 4A 04                        	MOV	DWORD [4+EDX],ECX
   382 000003EA C6 42 03 01                     	MOV	BYTE [3+EDX],1
   383 000003EE 84 C0                           	TEST	AL,AL
   384 000003F0 74 09                           	JE	L36
   385 000003F2 81 C9 FFFFFF00                  	OR	ECX,-256
   386 000003F8 89 4A 04                        	MOV	DWORD [4+EDX],ECX
   387 000003FB                                 L36:
   388 000003FB 83 E3 20                        	AND	EBX,32
   389 000003FE 84 DB                           	TEST	BL,BL
   390 00000400 74 07                           	JE	L37
   391 00000402 81 4A 08 FFFFFF00               	OR	DWORD [8+EDX],-256
   392 00000409                                 L37:
   393 00000409 F7 5A 08                        	NEG	DWORD [8+EDX]
   394 0000040C B8 00000001                     	MOV	EAX,1
   395 00000411 EB 9A                           	JMP	L29
   396 00000413                                 L41:
   397 00000413 88 4A 01                        	MOV	BYTE [1+EDX],CL
   398 00000416 C6 42 03 03                     	MOV	BYTE [3+EDX],3
   399 0000041A EB 8F                           	JMP	L38
   400 0000041C                                 L40:
   401 0000041C 83 E6 C8                        	AND	ESI,-56
   402 0000041F 89 F0                           	MOV	EAX,ESI
   403 00000421 3C 08                           	CMP	AL,8
   404 00000423 75 86                           	JNE	L38
   405 00000425 88 0A                           	MOV	BYTE [EDX],CL
   406 00000427 C6 42 03 02                     	MOV	BYTE [3+EDX],2
   407 0000042B E9 FFFFFF7B                     	JMP	L38
