     1 00000000                                 [FORMAT "WCOFF"]
     2 00000000                                 [INSTRSET "i486p"]
     3 00000000                                 [OPTIMIZE 1]
     4 00000000                                 [OPTION 1]
     5 00000000                                 [BITS 32]
     6 00000000                                 	EXTERN	_init_gdtidt
     7 00000000                                 	EXTERN	_init_pic
     8 00000000                                 	EXTERN	_io_sti
     9 00000000                                 	EXTERN	_keyfifo
    10 00000000                                 	EXTERN	_fifo8_init
    11 00000000                                 	EXTERN	_mousefifo
    12 00000000                                 	EXTERN	_init_pit
    13 00000000                                 	EXTERN	_io_out8
    14 00000000                                 	EXTERN	_timer_alloc
    15 00000000                                 	EXTERN	_timer_init
    16 00000000                                 	EXTERN	_timer_settime
    17 00000000                                 	EXTERN	_init_keyboard
    18 00000000                                 	EXTERN	_enable_mouse
    19 00000000                                 	EXTERN	_memtest
    20 00000000                                 	EXTERN	_memman_init
    21 00000000                                 	EXTERN	_memman_free
    22 00000000                                 	EXTERN	_init_palette
    23 00000000                                 	EXTERN	_shtctl_init
    24 00000000                                 	EXTERN	_sheet_alloc
    25 00000000                                 	EXTERN	_memman_alloc_4k
    26 00000000                                 	EXTERN	_sheet_setbuf
    27 00000000                                 	EXTERN	_init_screen8
    28 00000000                                 	EXTERN	_init_mouse_cursor8
    29 00000000                                 	EXTERN	_sheet_slide
    30 00000000                                 	EXTERN	_sheet_updown
    31 00000000                                 	EXTERN	_sprintf
    32 00000000                                 	EXTERN	_putfonts8_asc
    33 00000000                                 	EXTERN	_memman_total
    34 00000000                                 	EXTERN	_sheet_refresh
    35 00000000                                 	EXTERN	_timerctl
    36 00000000                                 	EXTERN	_boxfill8
    37 00000000                                 	EXTERN	_io_cli
    38 00000000                                 	EXTERN	_fifo8_status
    39 00000000                                 	EXTERN	_fifo8_get
    40 00000000                                 	EXTERN	_mouse_decode
    41 00000000                                 [FILE "bootpack.c"]
    42                                          [SECTION .data]
    43 00000000                                 LC0:
    44 00000000 63 6F 75 6E 74 65 72 00         	DB	"counter",0x00
    45 00000008                                 LC1:
    46 00000008 28 25 33 64 2C 20 25 33 64 29   	DB	"(%3d, %3d)",0x00
       00000012 00 
    47 00000013                                 LC2:
    48 00000013 6D 65 6D 6F 72 79 20 25 64 4D   	DB	"memory %dMB   free : %dKB",0x00
       0000001D 42 20 20 20 66 72 65 65 20 3A 
       00000027 20 25 64 4B 42 00 
    49 0000002D                                 LC3:
    50 0000002D 25 30 31 30 64 00               	DB	"%010d",0x00
    51 00000033                                 LC7:
    52 00000033 33 5B 73 65 63 5D 00            	DB	"3[sec]",0x00
    53 0000003A                                 LC6:
    54 0000003A 31 30 5B 73 65 63 5D 00         	DB	"10[sec]",0x00
    55 00000042                                 LC5:
    56 00000042 5B 6C 63 72 20 25 34 64 20 25   	DB	"[lcr %4d %4d]",0x00
       0000004C 34 64 5D 00 
    57 00000050                                 LC4:
    58 00000050 25 30 32 58 00                  	DB	"%02X",0x00
    59                                          [SECTION .text]
    60 00000000                                 	GLOBAL	_HariMain
    61 00000000                                 _HariMain:
    62 00000000 55                              	PUSH	EBP
    63 00000001 89 E5                           	MOV	EBP,ESP
    64 00000003 57                              	PUSH	EDI
    65 00000004 56                              	PUSH	ESI
    66 00000005 53                              	PUSH	EBX
    67 00000006 8D 5D D4                        	LEA	EBX,DWORD [-44+EBP]
    68 00000009 81 EC 00000280                  	SUB	ESP,640
    69 0000000F E8 [00000000]                   	CALL	_init_gdtidt
    70 00000014 E8 [00000000]                   	CALL	_init_pic
    71 00000019 E8 [00000000]                   	CALL	_io_sti
    72 0000001E 8D 85 FFFFFF34                  	LEA	EAX,DWORD [-204+EBP]
    73 00000024 50                              	PUSH	EAX
    74 00000025 6A 20                           	PUSH	32
    75 00000027 68 [00000000]                   	PUSH	_keyfifo
    76 0000002C E8 [00000000]                   	CALL	_fifo8_init
    77 00000031 8D 85 FFFFFEB4                  	LEA	EAX,DWORD [-332+EBP]
    78 00000037 50                              	PUSH	EAX
    79 00000038 68 00000080                     	PUSH	128
    80 0000003D 68 [00000000]                   	PUSH	_mousefifo
    81 00000042 E8 [00000000]                   	CALL	_fifo8_init
    82 00000047 E8 [00000000]                   	CALL	_init_pit
    83 0000004C 68 000000F8                     	PUSH	248
    84 00000051 6A 21                           	PUSH	33
    85 00000053 E8 [00000000]                   	CALL	_io_out8
    86 00000058 83 C4 20                        	ADD	ESP,32
    87 0000005B 68 000000EF                     	PUSH	239
    88 00000060 68 000000A1                     	PUSH	161
    89 00000065 E8 [00000000]                   	CALL	_io_out8
    90 0000006A 8D 85 FFFFFDAC                  	LEA	EAX,DWORD [-596+EBP]
    91 00000070 50                              	PUSH	EAX
    92 00000071 6A 08                           	PUSH	8
    93 00000073 53                              	PUSH	EBX
    94 00000074 E8 [00000000]                   	CALL	_fifo8_init
    95 00000079 E8 [00000000]                   	CALL	_timer_alloc
    96 0000007E 6A 01                           	PUSH	1
    97 00000080 53                              	PUSH	EBX
    98 00000081 89 C6                           	MOV	ESI,EAX
    99 00000083 50                              	PUSH	EAX
   100 00000084 8D 5D B4                        	LEA	EBX,DWORD [-76+EBP]
   101 00000087 E8 [00000000]                   	CALL	_timer_init
   102 0000008C 83 C4 20                        	ADD	ESP,32
   103 0000008F 68 000003E8                     	PUSH	1000
   104 00000094 56                              	PUSH	ESI
   105 00000095 E8 [00000000]                   	CALL	_timer_settime
   106 0000009A 8D 85 FFFFFDA4                  	LEA	EAX,DWORD [-604+EBP]
   107 000000A0 50                              	PUSH	EAX
   108 000000A1 6A 08                           	PUSH	8
   109 000000A3 53                              	PUSH	EBX
   110 000000A4 E8 [00000000]                   	CALL	_fifo8_init
   111 000000A9 E8 [00000000]                   	CALL	_timer_alloc
   112 000000AE 6A 01                           	PUSH	1
   113 000000B0 53                              	PUSH	EBX
   114 000000B1 89 C6                           	MOV	ESI,EAX
   115 000000B3 50                              	PUSH	EAX
   116 000000B4 8D 5D 94                        	LEA	EBX,DWORD [-108+EBP]
   117 000000B7 E8 [00000000]                   	CALL	_timer_init
   118 000000BC 83 C4 20                        	ADD	ESP,32
   119 000000BF 68 0000012C                     	PUSH	300
   120 000000C4 56                              	PUSH	ESI
   121 000000C5 E8 [00000000]                   	CALL	_timer_settime
   122 000000CA 8D 85 FFFFFD9C                  	LEA	EAX,DWORD [-612+EBP]
   123 000000D0 50                              	PUSH	EAX
   124 000000D1 6A 08                           	PUSH	8
   125 000000D3 53                              	PUSH	EBX
   126 000000D4 E8 [00000000]                   	CALL	_fifo8_init
   127 000000D9 E8 [00000000]                   	CALL	_timer_alloc
   128 000000DE 6A 01                           	PUSH	1
   129 000000E0 53                              	PUSH	EBX
   130 000000E1 50                              	PUSH	EAX
   131 000000E2 89 85 FFFFFD98                  	MOV	DWORD [-616+EBP],EAX
   132 000000E8 E8 [00000000]                   	CALL	_timer_init
   133 000000ED 83 C4 20                        	ADD	ESP,32
   134 000000F0 6A 32                           	PUSH	50
   135 000000F2 FF B5 FFFFFD98                  	PUSH	DWORD [-616+EBP]
   136 000000F8 E8 [00000000]                   	CALL	_timer_settime
   137 000000FD E8 [00000000]                   	CALL	_init_keyboard
   138 00000102 8D 45 84                        	LEA	EAX,DWORD [-124+EBP]
   139 00000105 50                              	PUSH	EAX
   140 00000106 E8 [00000000]                   	CALL	_enable_mouse
   141 0000010B 68 BFFFFFFF                     	PUSH	-1073741825
   142 00000110 68 00400000                     	PUSH	4194304
   143 00000115 E8 [00000000]                   	CALL	_memtest
   144 0000011A 68 003C0000                     	PUSH	3932160
   145 0000011F 89 C6                           	MOV	ESI,EAX
   146 00000121 E8 [00000000]                   	CALL	_memman_init
   147 00000126 68 0009E000                     	PUSH	647168
   148 0000012B 68 00001000                     	PUSH	4096
   149 00000130 68 003C0000                     	PUSH	3932160
   150 00000135 E8 [00000000]                   	CALL	_memman_free
   151 0000013A 8D 86 FFC00000                  	LEA	EAX,DWORD [-4194304+ESI]
   152 00000140 83 C4 24                        	ADD	ESP,36
   153 00000143 50                              	PUSH	EAX
   154 00000144 68 00400000                     	PUSH	4194304
   155 00000149 68 003C0000                     	PUSH	3932160
   156 0000014E E8 [00000000]                   	CALL	_memman_free
   157 00000153 E8 [00000000]                   	CALL	_init_palette
   158 00000158 0F BF 05 00000FF6               	MOVSX	EAX,WORD [4086]
   159 0000015F 50                              	PUSH	EAX
   160 00000160 0F BF 05 00000FF4               	MOVSX	EAX,WORD [4084]
   161 00000167 50                              	PUSH	EAX
   162 00000168 FF 35 00000FF8                  	PUSH	DWORD [4088]
   163 0000016E 68 003C0000                     	PUSH	3932160
   164 00000173 E8 [00000000]                   	CALL	_shtctl_init
   165 00000178 89 C3                           	MOV	EBX,EAX
   166 0000017A 50                              	PUSH	EAX
   167 0000017B E8 [00000000]                   	CALL	_sheet_alloc
   168 00000180 83 C4 20                        	ADD	ESP,32
   169 00000183 53                              	PUSH	EBX
   170 00000184 89 85 FFFFFD8C                  	MOV	DWORD [-628+EBP],EAX
   171 0000018A E8 [00000000]                   	CALL	_sheet_alloc
   172 0000018F 53                              	PUSH	EBX
   173 00000190 8D 9D FFFFFDB4                  	LEA	EBX,DWORD [-588+EBP]
   174 00000196 89 85 FFFFFD88                  	MOV	DWORD [-632+EBP],EAX
   175 0000019C E8 [00000000]                   	CALL	_sheet_alloc
   176 000001A1 0F BF 15 00000FF6               	MOVSX	EDX,WORD [4086]
   177 000001A8 89 85 FFFFFD84                  	MOV	DWORD [-636+EBP],EAX
   178 000001AE 0F BF 05 00000FF4               	MOVSX	EAX,WORD [4084]
   179 000001B5 0F AF C2                        	IMUL	EAX,EDX
   180 000001B8 50                              	PUSH	EAX
   181 000001B9 68 003C0000                     	PUSH	3932160
   182 000001BE E8 [00000000]                   	CALL	_memman_alloc_4k
   183 000001C3 68 00002080                     	PUSH	8320
   184 000001C8 68 003C0000                     	PUSH	3932160
   185 000001CD 89 85 FFFFFD80                  	MOV	DWORD [-640+EBP],EAX
   186 000001D3 E8 [00000000]                   	CALL	_memman_alloc_4k
   187 000001D8 6A FF                           	PUSH	-1
   188 000001DA 89 85 FFFFFD7C                  	MOV	DWORD [-644+EBP],EAX
   189 000001E0 0F BF 05 00000FF6               	MOVSX	EAX,WORD [4086]
   190 000001E7 50                              	PUSH	EAX
   191 000001E8 0F BF 05 00000FF4               	MOVSX	EAX,WORD [4084]
   192 000001EF 50                              	PUSH	EAX
   193 000001F0 FF B5 FFFFFD80                  	PUSH	DWORD [-640+EBP]
   194 000001F6 FF B5 FFFFFD8C                  	PUSH	DWORD [-628+EBP]
   195 000001FC E8 [00000000]                   	CALL	_sheet_setbuf
   196 00000201 83 C4 2C                        	ADD	ESP,44
   197 00000204 6A 63                           	PUSH	99
   198 00000206 6A 10                           	PUSH	16
   199 00000208 6A 10                           	PUSH	16
   200 0000020A 53                              	PUSH	EBX
   201 0000020B FF B5 FFFFFD88                  	PUSH	DWORD [-632+EBP]
   202 00000211 E8 [00000000]                   	CALL	_sheet_setbuf
   203 00000216 6A FF                           	PUSH	-1
   204 00000218 6A 34                           	PUSH	52
   205 0000021A 68 000000A0                     	PUSH	160
   206 0000021F FF B5 FFFFFD7C                  	PUSH	DWORD [-644+EBP]
   207 00000225 FF B5 FFFFFD84                  	PUSH	DWORD [-636+EBP]
   208 0000022B E8 [00000000]                   	CALL	_sheet_setbuf
   209 00000230 83 C4 28                        	ADD	ESP,40
   210 00000233 0F BF 05 00000FF6               	MOVSX	EAX,WORD [4086]
   211 0000023A 50                              	PUSH	EAX
   212 0000023B 0F BF 05 00000FF4               	MOVSX	EAX,WORD [4084]
   213 00000242 50                              	PUSH	EAX
   214 00000243 FF B5 FFFFFD80                  	PUSH	DWORD [-640+EBP]
   215 00000249 E8 [00000000]                   	CALL	_init_screen8
   216 0000024E 6A 63                           	PUSH	99
   217 00000250 53                              	PUSH	EBX
   218 00000251 BB 00000002                     	MOV	EBX,2
   219 00000256 E8 [00000000]                   	CALL	_init_mouse_cursor8
   220 0000025B 68 [00000000]                   	PUSH	LC0
   221 00000260 6A 34                           	PUSH	52
   222 00000262 68 000000A0                     	PUSH	160
   223 00000267 FF B5 FFFFFD7C                  	PUSH	DWORD [-644+EBP]
   224 0000026D E8 0000054B                     	CALL	_make_window8
   225 00000272 83 C4 24                        	ADD	ESP,36
   226 00000275 6A 00                           	PUSH	0
   227 00000277 6A 00                           	PUSH	0
   228 00000279 FF B5 FFFFFD8C                  	PUSH	DWORD [-628+EBP]
   229 0000027F E8 [00000000]                   	CALL	_sheet_slide
   230 00000284 0F BF 05 00000FF4               	MOVSX	EAX,WORD [4084]
   231 0000028B 8D 48 F0                        	LEA	ECX,DWORD [-16+EAX]
   232 0000028E 89 C8                           	MOV	EAX,ECX
   233 00000290 99                              	CDQ
   234 00000291 F7 FB                           	IDIV	EBX
   235 00000293 89 85 FFFFFD94                  	MOV	DWORD [-620+EBP],EAX
   236 00000299 0F BF 05 00000FF6               	MOVSX	EAX,WORD [4086]
   237 000002A0 8D 48 D4                        	LEA	ECX,DWORD [-44+EAX]
   238 000002A3 89 C8                           	MOV	EAX,ECX
   239 000002A5 99                              	CDQ
   240 000002A6 F7 FB                           	IDIV	EBX
   241 000002A8 50                              	PUSH	EAX
   242 000002A9 89 85 FFFFFD90                  	MOV	DWORD [-624+EBP],EAX
   243 000002AF FF B5 FFFFFD94                  	PUSH	DWORD [-620+EBP]
   244 000002B5 FF B5 FFFFFD88                  	PUSH	DWORD [-632+EBP]
   245 000002BB 8D 9D FFFFFF54                  	LEA	EBX,DWORD [-172+EBP]
   246 000002C1 E8 [00000000]                   	CALL	_sheet_slide
   247 000002C6 6A 48                           	PUSH	72
   248 000002C8 6A 50                           	PUSH	80
   249 000002CA FF B5 FFFFFD84                  	PUSH	DWORD [-636+EBP]
   250 000002D0 E8 [00000000]                   	CALL	_sheet_slide
   251 000002D5 83 C4 24                        	ADD	ESP,36
   252 000002D8 6A 00                           	PUSH	0
   253 000002DA FF B5 FFFFFD8C                  	PUSH	DWORD [-628+EBP]
   254 000002E0 E8 [00000000]                   	CALL	_sheet_updown
   255 000002E5 6A 01                           	PUSH	1
   256 000002E7 FF B5 FFFFFD84                  	PUSH	DWORD [-636+EBP]
   257 000002ED E8 [00000000]                   	CALL	_sheet_updown
   258 000002F2 6A 02                           	PUSH	2
   259 000002F4 FF B5 FFFFFD88                  	PUSH	DWORD [-632+EBP]
   260 000002FA E8 [00000000]                   	CALL	_sheet_updown
   261 000002FF FF B5 FFFFFD90                  	PUSH	DWORD [-624+EBP]
   262 00000305 FF B5 FFFFFD94                  	PUSH	DWORD [-620+EBP]
   263 0000030B 68 [00000008]                   	PUSH	LC1
   264 00000310 53                              	PUSH	EBX
   265 00000311 E8 [00000000]                   	CALL	_sprintf
   266 00000316 83 C4 28                        	ADD	ESP,40
   267 00000319 53                              	PUSH	EBX
   268 0000031A 6A 07                           	PUSH	7
   269 0000031C 6A 00                           	PUSH	0
   270 0000031E 6A 00                           	PUSH	0
   271 00000320 0F BF 05 00000FF4               	MOVSX	EAX,WORD [4084]
   272 00000327 50                              	PUSH	EAX
   273 00000328 FF B5 FFFFFD80                  	PUSH	DWORD [-640+EBP]
   274 0000032E E8 [00000000]                   	CALL	_putfonts8_asc
   275 00000333 68 003C0000                     	PUSH	3932160
   276 00000338 E8 [00000000]                   	CALL	_memman_total
   277 0000033D C1 E8 0A                        	SHR	EAX,10
   278 00000340 C1 EE 14                        	SHR	ESI,20
   279 00000343 89 04 24                        	MOV	DWORD [ESP],EAX
   280 00000346 56                              	PUSH	ESI
   281 00000347 68 [00000013]                   	PUSH	LC2
   282 0000034C 53                              	PUSH	EBX
   283 0000034D E8 [00000000]                   	CALL	_sprintf
   284 00000352 83 C4 28                        	ADD	ESP,40
   285 00000355 53                              	PUSH	EBX
   286 00000356 6A 07                           	PUSH	7
   287 00000358 6A 20                           	PUSH	32
   288 0000035A 6A 00                           	PUSH	0
   289 0000035C 0F BF 05 00000FF4               	MOVSX	EAX,WORD [4084]
   290 00000363 50                              	PUSH	EAX
   291 00000364 FF B5 FFFFFD80                  	PUSH	DWORD [-640+EBP]
   292 0000036A E8 [00000000]                   	CALL	_putfonts8_asc
   293 0000036F 6A 30                           	PUSH	48
   294 00000371 0F BF 05 00000FF4               	MOVSX	EAX,WORD [4084]
   295 00000378 50                              	PUSH	EAX
   296 00000379 6A 00                           	PUSH	0
   297 0000037B                                 L27:
   298 0000037B 6A 00                           	PUSH	0
   299 0000037D FF B5 FFFFFD8C                  	PUSH	DWORD [-628+EBP]
   300 00000383 E8 [00000000]                   	CALL	_sheet_refresh
   301 00000388 83 C4 2C                        	ADD	ESP,44
   302 0000038B                                 L2:
   303 0000038B FF 35 [00000000]                	PUSH	DWORD [_timerctl]
   304 00000391 68 [0000002D]                   	PUSH	LC3
   305 00000396 8D 9D FFFFFF54                  	LEA	EBX,DWORD [-172+EBP]
   306 0000039C 53                              	PUSH	EBX
   307 0000039D 8D 7D D4                        	LEA	EDI,DWORD [-44+EBP]
   308 000003A0 8D 75 94                        	LEA	ESI,DWORD [-108+EBP]
   309 000003A3 E8 [00000000]                   	CALL	_sprintf
   310 000003A8 6A 2B                           	PUSH	43
   311 000003AA 6A 77                           	PUSH	119
   312 000003AC 6A 1C                           	PUSH	28
   313 000003AE 6A 28                           	PUSH	40
   314 000003B0 6A 08                           	PUSH	8
   315 000003B2 68 000000A0                     	PUSH	160
   316 000003B7 FF B5 FFFFFD7C                  	PUSH	DWORD [-644+EBP]
   317 000003BD E8 [00000000]                   	CALL	_boxfill8
   318 000003C2 83 C4 28                        	ADD	ESP,40
   319 000003C5 53                              	PUSH	EBX
   320 000003C6 6A 00                           	PUSH	0
   321 000003C8 6A 1C                           	PUSH	28
   322 000003CA 6A 28                           	PUSH	40
   323 000003CC 68 000000A0                     	PUSH	160
   324 000003D1 FF B5 FFFFFD7C                  	PUSH	DWORD [-644+EBP]
   325 000003D7 E8 [00000000]                   	CALL	_putfonts8_asc
   326 000003DC 6A 2C                           	PUSH	44
   327 000003DE 6A 78                           	PUSH	120
   328 000003E0 6A 1C                           	PUSH	28
   329 000003E2 6A 28                           	PUSH	40
   330 000003E4 FF B5 FFFFFD84                  	PUSH	DWORD [-636+EBP]
   331 000003EA E8 [00000000]                   	CALL	_sheet_refresh
   332 000003EF 83 C4 2C                        	ADD	ESP,44
   333 000003F2 E8 [00000000]                   	CALL	_io_cli
   334 000003F7 68 [00000000]                   	PUSH	_keyfifo
   335 000003FC E8 [00000000]                   	CALL	_fifo8_status
   336 00000401 68 [00000000]                   	PUSH	_mousefifo
   337 00000406 89 C3                           	MOV	EBX,EAX
   338 00000408 E8 [00000000]                   	CALL	_fifo8_status
   339 0000040D 57                              	PUSH	EDI
   340 0000040E 01 C3                           	ADD	EBX,EAX
   341 00000410 E8 [00000000]                   	CALL	_fifo8_status
   342 00000415 8D 55 B4                        	LEA	EDX,DWORD [-76+EBP]
   343 00000418 52                              	PUSH	EDX
   344 00000419 01 C3                           	ADD	EBX,EAX
   345 0000041B E8 [00000000]                   	CALL	_fifo8_status
   346 00000420 56                              	PUSH	ESI
   347 00000421 01 C3                           	ADD	EBX,EAX
   348 00000423 E8 [00000000]                   	CALL	_fifo8_status
   349 00000428 83 C4 14                        	ADD	ESP,20
   350 0000042B 8D 04 18                        	LEA	EAX,DWORD [EAX+EBX*1]
   351 0000042E 85 C0                           	TEST	EAX,EAX
   352 00000430 0F 84 0000037D                  	JE	L29
   353 00000436 68 [00000000]                   	PUSH	_keyfifo
   354 0000043B E8 [00000000]                   	CALL	_fifo8_status
   355 00000440 59                              	POP	ECX
   356 00000441 85 C0                           	TEST	EAX,EAX
   357 00000443 0F 85 00000302                  	JNE	L30
   358 00000449 68 [00000000]                   	PUSH	_mousefifo
   359 0000044E E8 [00000000]                   	CALL	_fifo8_status
   360 00000453 5A                              	POP	EDX
   361 00000454 85 C0                           	TEST	EAX,EAX
   362 00000456 0F 85 0000012A                  	JNE	L31
   363 0000045C 57                              	PUSH	EDI
   364 0000045D E8 [00000000]                   	CALL	_fifo8_status
   365 00000462 5B                              	POP	EBX
   366 00000463 85 C0                           	TEST	EAX,EAX
   367 00000465 0F 85 000000EA                  	JNE	L32
   368 0000046B 8D 55 B4                        	LEA	EDX,DWORD [-76+EBP]
   369 0000046E 52                              	PUSH	EDX
   370 0000046F E8 [00000000]                   	CALL	_fifo8_status
   371 00000474 59                              	POP	ECX
   372 00000475 85 C0                           	TEST	EAX,EAX
   373 00000477 0F 85 00000091                  	JNE	L33
   374 0000047D 56                              	PUSH	ESI
   375 0000047E E8 [00000000]                   	CALL	_fifo8_status
   376 00000483 5A                              	POP	EDX
   377 00000484 85 C0                           	TEST	EAX,EAX
   378 00000486 0F 84 FFFFFEFF                  	JE	L2
   379 0000048C 56                              	PUSH	ESI
   380 0000048D E8 [00000000]                   	CALL	_fifo8_get
   381 00000492 89 C3                           	MOV	EBX,EAX
   382 00000494 E8 [00000000]                   	CALL	_io_sti
   383 00000499 58                              	POP	EAX
   384 0000049A 85 DB                           	TEST	EBX,EBX
   385 0000049C 74 56                           	JE	L24
   386 0000049E 6A 00                           	PUSH	0
   387 000004A0 56                              	PUSH	ESI
   388 000004A1 FF B5 FFFFFD98                  	PUSH	DWORD [-616+EBP]
   389 000004A7 E8 [00000000]                   	CALL	_timer_init
   390 000004AC 6A 6F                           	PUSH	111
   391 000004AE 6A 0F                           	PUSH	15
   392 000004B0 6A 60                           	PUSH	96
   393 000004B2 6A 08                           	PUSH	8
   394 000004B4 6A 07                           	PUSH	7
   395 000004B6                                 L28:
   396 000004B6 0F BF 05 00000FF4               	MOVSX	EAX,WORD [4084]
   397 000004BD 50                              	PUSH	EAX
   398 000004BE FF B5 FFFFFD80                  	PUSH	DWORD [-640+EBP]
   399 000004C4 E8 [00000000]                   	CALL	_boxfill8
   400 000004C9 83 C4 28                        	ADD	ESP,40
   401 000004CC 6A 32                           	PUSH	50
   402 000004CE FF B5 FFFFFD98                  	PUSH	DWORD [-616+EBP]
   403 000004D4 E8 [00000000]                   	CALL	_timer_settime
   404 000004D9 6A 70                           	PUSH	112
   405 000004DB 6A 10                           	PUSH	16
   406 000004DD 6A 60                           	PUSH	96
   407 000004DF 6A 08                           	PUSH	8
   408 000004E1 FF B5 FFFFFD8C                  	PUSH	DWORD [-628+EBP]
   409 000004E7 E8 [00000000]                   	CALL	_sheet_refresh
   410 000004EC 83 C4 1C                        	ADD	ESP,28
   411 000004EF E9 FFFFFE97                     	JMP	L2
   412 000004F4                                 L24:
   413 000004F4 6A 01                           	PUSH	1
   414 000004F6 56                              	PUSH	ESI
   415 000004F7 FF B5 FFFFFD98                  	PUSH	DWORD [-616+EBP]
   416 000004FD E8 [00000000]                   	CALL	_timer_init
   417 00000502 6A 6F                           	PUSH	111
   418 00000504 6A 0F                           	PUSH	15
   419 00000506 6A 60                           	PUSH	96
   420 00000508 6A 08                           	PUSH	8
   421 0000050A 6A 05                           	PUSH	5
   422 0000050C EB A8                           	JMP	L28
   423 0000050E                                 L33:
   424 0000050E 8D 5D B4                        	LEA	EBX,DWORD [-76+EBP]
   425 00000511 53                              	PUSH	EBX
   426 00000512 E8 [00000000]                   	CALL	_fifo8_get
   427 00000517 E8 [00000000]                   	CALL	_io_sti
   428 0000051C 68 [00000033]                   	PUSH	LC7
   429 00000521 6A 07                           	PUSH	7
   430 00000523 6A 50                           	PUSH	80
   431 00000525 6A 00                           	PUSH	0
   432 00000527 0F BF 05 00000FF4               	MOVSX	EAX,WORD [4084]
   433 0000052E 50                              	PUSH	EAX
   434 0000052F FF B5 FFFFFD80                  	PUSH	DWORD [-640+EBP]
   435 00000535 E8 [00000000]                   	CALL	_putfonts8_asc
   436 0000053A 6A 60                           	PUSH	96
   437 0000053C 6A 30                           	PUSH	48
   438 0000053E 6A 50                           	PUSH	80
   439 00000540                                 L26:
   440 00000540 6A 00                           	PUSH	0
   441 00000542 FF B5 FFFFFD8C                  	PUSH	DWORD [-628+EBP]
   442 00000548 E8 [00000000]                   	CALL	_sheet_refresh
   443 0000054D 83 C4 30                        	ADD	ESP,48
   444 00000550 E9 FFFFFE36                     	JMP	L2
   445 00000555                                 L32:
   446 00000555 57                              	PUSH	EDI
   447 00000556 E8 [00000000]                   	CALL	_fifo8_get
   448 0000055B E8 [00000000]                   	CALL	_io_sti
   449 00000560 68 [0000003A]                   	PUSH	LC6
   450 00000565 6A 07                           	PUSH	7
   451 00000567 6A 40                           	PUSH	64
   452 00000569 6A 00                           	PUSH	0
   453 0000056B 0F BF 05 00000FF4               	MOVSX	EAX,WORD [4084]
   454 00000572 50                              	PUSH	EAX
   455 00000573 FF B5 FFFFFD80                  	PUSH	DWORD [-640+EBP]
   456 00000579 E8 [00000000]                   	CALL	_putfonts8_asc
   457 0000057E 6A 50                           	PUSH	80
   458 00000580 6A 38                           	PUSH	56
   459 00000582 6A 40                           	PUSH	64
   460 00000584 EB BA                           	JMP	L26
   461 00000586                                 L31:
   462 00000586 68 [00000000]                   	PUSH	_mousefifo
   463 0000058B E8 [00000000]                   	CALL	_fifo8_get
   464 00000590 89 C3                           	MOV	EBX,EAX
   465 00000592 E8 [00000000]                   	CALL	_io_sti
   466 00000597 0F B6 C3                        	MOVZX	EAX,BL
   467 0000059A 50                              	PUSH	EAX
   468 0000059B 8D 45 84                        	LEA	EAX,DWORD [-124+EBP]
   469 0000059E 50                              	PUSH	EAX
   470 0000059F E8 [00000000]                   	CALL	_mouse_decode
   471 000005A4 83 C4 0C                        	ADD	ESP,12
   472 000005A7 85 C0                           	TEST	EAX,EAX
   473 000005A9 0F 84 FFFFFDDC                  	JE	L2
   474 000005AF FF 75 8C                        	PUSH	DWORD [-116+EBP]
   475 000005B2 FF 75 88                        	PUSH	DWORD [-120+EBP]
   476 000005B5 68 [00000042]                   	PUSH	LC5
   477 000005BA 8D 95 FFFFFF54                  	LEA	EDX,DWORD [-172+EBP]
   478 000005C0 52                              	PUSH	EDX
   479 000005C1 E8 [00000000]                   	CALL	_sprintf
   480 000005C6 83 C4 10                        	ADD	ESP,16
   481 000005C9 8B 45 90                        	MOV	EAX,DWORD [-112+EBP]
   482 000005CC A9 00000001                     	TEST	EAX,1
   483 000005D1 74 07                           	JE	L11
   484 000005D3 C6 85 FFFFFF55 4C               	MOV	BYTE [-171+EBP],76
   485 000005DA                                 L11:
   486 000005DA A9 00000002                     	TEST	EAX,2
   487 000005DF 74 07                           	JE	L12
   488 000005E1 C6 85 FFFFFF57 52               	MOV	BYTE [-169+EBP],82
   489 000005E8                                 L12:
   490 000005E8 83 E0 04                        	AND	EAX,4
   491 000005EB 74 07                           	JE	L13
   492 000005ED C6 85 FFFFFF56 43               	MOV	BYTE [-170+EBP],67
   493 000005F4                                 L13:
   494 000005F4 6A 1F                           	PUSH	31
   495 000005F6 8D 9D FFFFFF54                  	LEA	EBX,DWORD [-172+EBP]
   496 000005FC 68 00000097                     	PUSH	151
   497 00000601 6A 10                           	PUSH	16
   498 00000603 6A 20                           	PUSH	32
   499 00000605 6A 05                           	PUSH	5
   500 00000607 0F BF 05 00000FF4               	MOVSX	EAX,WORD [4084]
   501 0000060E 50                              	PUSH	EAX
   502 0000060F FF B5 FFFFFD80                  	PUSH	DWORD [-640+EBP]
   503 00000615 E8 [00000000]                   	CALL	_boxfill8
   504 0000061A 53                              	PUSH	EBX
   505 0000061B 6A 07                           	PUSH	7
   506 0000061D 6A 10                           	PUSH	16
   507 0000061F 6A 20                           	PUSH	32
   508 00000621 0F BF 05 00000FF4               	MOVSX	EAX,WORD [4084]
   509 00000628 50                              	PUSH	EAX
   510 00000629 FF B5 FFFFFD80                  	PUSH	DWORD [-640+EBP]
   511 0000062F E8 [00000000]                   	CALL	_putfonts8_asc
   512 00000634 83 C4 34                        	ADD	ESP,52
   513 00000637 6A 20                           	PUSH	32
   514 00000639 68 00000098                     	PUSH	152
   515 0000063E 6A 10                           	PUSH	16
   516 00000640 6A 20                           	PUSH	32
   517 00000642 FF B5 FFFFFD8C                  	PUSH	DWORD [-628+EBP]
   518 00000648 E8 [00000000]                   	CALL	_sheet_refresh
   519 0000064D 8B 55 88                        	MOV	EDX,DWORD [-120+EBP]
   520 00000650 8B 45 8C                        	MOV	EAX,DWORD [-116+EBP]
   521 00000653 83 C4 14                        	ADD	ESP,20
   522 00000656 01 85 FFFFFD90                  	ADD	DWORD [-624+EBP],EAX
   523 0000065C 01 95 FFFFFD94                  	ADD	DWORD [-620+EBP],EDX
   524 00000662 0F 88 000000D4                  	JS	L34
   525 00000668                                 L14:
   526 00000668 83 BD FFFFFD90 00               	CMP	DWORD [-624+EBP],0
   527 0000066F 0F 88 000000B8                  	JS	L35
   528 00000675                                 L15:
   529 00000675 0F BF 05 00000FF4               	MOVSX	EAX,WORD [4084]
   530 0000067C 48                              	DEC	EAX
   531 0000067D 39 85 FFFFFD94                  	CMP	DWORD [-620+EBP],EAX
   532 00000683 7E 06                           	JLE	L16
   533 00000685 89 85 FFFFFD94                  	MOV	DWORD [-620+EBP],EAX
   534 0000068B                                 L16:
   535 0000068B 0F BF 05 00000FF6               	MOVSX	EAX,WORD [4086]
   536 00000692 48                              	DEC	EAX
   537 00000693 39 85 FFFFFD90                  	CMP	DWORD [-624+EBP],EAX
   538 00000699 7E 06                           	JLE	L17
   539 0000069B 89 85 FFFFFD90                  	MOV	DWORD [-624+EBP],EAX
   540 000006A1                                 L17:
   541 000006A1 FF B5 FFFFFD90                  	PUSH	DWORD [-624+EBP]
   542 000006A7 FF B5 FFFFFD94                  	PUSH	DWORD [-620+EBP]
   543 000006AD 68 [00000008]                   	PUSH	LC1
   544 000006B2 8D 9D FFFFFF54                  	LEA	EBX,DWORD [-172+EBP]
   545 000006B8 53                              	PUSH	EBX
   546 000006B9 E8 [00000000]                   	CALL	_sprintf
   547 000006BE 6A 0F                           	PUSH	15
   548 000006C0 6A 4F                           	PUSH	79
   549 000006C2 6A 00                           	PUSH	0
   550 000006C4 6A 00                           	PUSH	0
   551 000006C6 6A 05                           	PUSH	5
   552 000006C8 0F BF 05 00000FF4               	MOVSX	EAX,WORD [4084]
   553 000006CF 50                              	PUSH	EAX
   554 000006D0 FF B5 FFFFFD80                  	PUSH	DWORD [-640+EBP]
   555 000006D6 E8 [00000000]                   	CALL	_boxfill8
   556 000006DB 83 C4 2C                        	ADD	ESP,44
   557 000006DE 53                              	PUSH	EBX
   558 000006DF 6A 07                           	PUSH	7
   559 000006E1 6A 00                           	PUSH	0
   560 000006E3 6A 00                           	PUSH	0
   561 000006E5 0F BF 05 00000FF4               	MOVSX	EAX,WORD [4084]
   562 000006EC 50                              	PUSH	EAX
   563 000006ED FF B5 FFFFFD80                  	PUSH	DWORD [-640+EBP]
   564 000006F3 E8 [00000000]                   	CALL	_putfonts8_asc
   565 000006F8 6A 10                           	PUSH	16
   566 000006FA 6A 50                           	PUSH	80
   567 000006FC 6A 00                           	PUSH	0
   568 000006FE 6A 00                           	PUSH	0
   569 00000700 FF B5 FFFFFD8C                  	PUSH	DWORD [-628+EBP]
   570 00000706 E8 [00000000]                   	CALL	_sheet_refresh
   571 0000070B 83 C4 2C                        	ADD	ESP,44
   572 0000070E FF B5 FFFFFD90                  	PUSH	DWORD [-624+EBP]
   573 00000714 FF B5 FFFFFD94                  	PUSH	DWORD [-620+EBP]
   574 0000071A FF B5 FFFFFD88                  	PUSH	DWORD [-632+EBP]
   575 00000720 E8 [00000000]                   	CALL	_sheet_slide
   576 00000725 83 C4 0C                        	ADD	ESP,12
   577 00000728 E9 FFFFFC5E                     	JMP	L2
   578 0000072D                                 L35:
   579 0000072D C7 85 FFFFFD90 00000000         	MOV	DWORD [-624+EBP],0
   580 00000737 E9 FFFFFF39                     	JMP	L15
   581 0000073C                                 L34:
   582 0000073C C7 85 FFFFFD94 00000000         	MOV	DWORD [-620+EBP],0
   583 00000746 E9 FFFFFF1D                     	JMP	L14
   584 0000074B                                 L30:
   585 0000074B 68 [00000000]                   	PUSH	_keyfifo
   586 00000750 E8 [00000000]                   	CALL	_fifo8_get
   587 00000755 89 C3                           	MOV	EBX,EAX
   588 00000757 E8 [00000000]                   	CALL	_io_sti
   589 0000075C 53                              	PUSH	EBX
   590 0000075D 8D 9D FFFFFF54                  	LEA	EBX,DWORD [-172+EBP]
   591 00000763 68 [00000050]                   	PUSH	LC4
   592 00000768 53                              	PUSH	EBX
   593 00000769 E8 [00000000]                   	CALL	_sprintf
   594 0000076E 6A 1F                           	PUSH	31
   595 00000770 6A 0F                           	PUSH	15
   596 00000772 6A 10                           	PUSH	16
   597 00000774 6A 00                           	PUSH	0
   598 00000776 6A 05                           	PUSH	5
   599 00000778 0F BF 05 00000FF4               	MOVSX	EAX,WORD [4084]
   600 0000077F 50                              	PUSH	EAX
   601 00000780 FF B5 FFFFFD80                  	PUSH	DWORD [-640+EBP]
   602 00000786 E8 [00000000]                   	CALL	_boxfill8
   603 0000078B 83 C4 2C                        	ADD	ESP,44
   604 0000078E 53                              	PUSH	EBX
   605 0000078F 6A 07                           	PUSH	7
   606 00000791 6A 10                           	PUSH	16
   607 00000793 6A 00                           	PUSH	0
   608 00000795 0F BF 05 00000FF4               	MOVSX	EAX,WORD [4084]
   609 0000079C 50                              	PUSH	EAX
   610 0000079D FF B5 FFFFFD80                  	PUSH	DWORD [-640+EBP]
   611 000007A3 E8 [00000000]                   	CALL	_putfonts8_asc
   612 000007A8 6A 20                           	PUSH	32
   613 000007AA 6A 10                           	PUSH	16
   614 000007AC 6A 10                           	PUSH	16
   615 000007AE E9 FFFFFBC8                     	JMP	L27
   616 000007B3                                 L29:
   617 000007B3 E8 [00000000]                   	CALL	_io_sti
   618 000007B8 E9 FFFFFBCE                     	JMP	L2
   619                                          [SECTION .data]
   620 00000055                                 _closebtn.0:
   621 00000055 4F 4F 4F 4F 4F 4F 4F 4F 4F 4F   	DB	"OOOOOOOOOOOOOOO@"
       0000005F 4F 4F 4F 4F 4F 40 
   622 00000065 4F 51 51 51 51 51 51 51 51 51   	DB	"OQQQQQQQQQQQQQ$@"
       0000006F 51 51 51 51 24 40 
   623 00000075 4F 51 51 51 51 51 51 51 51 51   	DB	"OQQQQQQQQQQQQQ$@"
       0000007F 51 51 51 51 24 40 
   624 00000085 4F 51 51 51 40 40 51 51 51 51   	DB	"OQQQ@@QQQQ@@QQ$@"
       0000008F 40 40 51 51 24 40 
   625 00000095 4F 51 51 51 51 40 40 51 51 40   	DB	"OQQQQ@@QQ@@QQQ$@"
       0000009F 40 51 51 51 24 40 
   626 000000A5 4F 51 51 51 51 51 40 40 40 40   	DB	"OQQQQQ@@@@QQQQ$@"
       000000AF 51 51 51 51 24 40 
   627 000000B5 4F 51 51 51 51 51 51 40 40 51   	DB	"OQQQQQQ@@QQQQQ$@"
       000000BF 51 51 51 51 24 40 
   628 000000C5 4F 51 51 51 51 51 40 40 40 40   	DB	"OQQQQQ@@@@QQQQ$@"
       000000CF 51 51 51 51 24 40 
   629 000000D5 4F 51 51 51 51 40 40 51 51 40   	DB	"OQQQQ@@QQ@@QQQ$@"
       000000DF 40 51 51 51 24 40 
   630 000000E5 4F 51 51 51 40 40 51 51 51 51   	DB	"OQQQ@@QQQQ@@QQ$@"
       000000EF 40 40 51 51 24 40 
   631 000000F5 4F 51 51 51 51 51 51 51 51 51   	DB	"OQQQQQQQQQQQQQ$@"
       000000FF 51 51 51 51 24 40 
   632 00000105 4F 51 51 51 51 51 51 51 51 51   	DB	"OQQQQQQQQQQQQQ$@"
       0000010F 51 51 51 51 24 40 
   633 00000115 4F 24 24 24 24 24 24 24 24 24   	DB	"O$$$$$$$$$$$$$$@"
       0000011F 24 24 24 24 24 40 
   634 00000125 40 40 40 40 40 40 40 40 40 40   	DB	"@@@@@@@@@@@@@@@@"
       0000012F 40 40 40 40 40 40 
   635                                          [SECTION .text]
   636 000007BD                                 	GLOBAL	_make_window8
   637 000007BD                                 _make_window8:
   638 000007BD 55                              	PUSH	EBP
   639 000007BE 89 E5                           	MOV	EBP,ESP
   640 000007C0 57                              	PUSH	EDI
   641 000007C1 56                              	PUSH	ESI
   642 000007C2 53                              	PUSH	EBX
   643 000007C3 83 EC 14                        	SUB	ESP,20
   644 000007C6 8B 5D 0C                        	MOV	EBX,DWORD [12+EBP]
   645 000007C9 6A 00                           	PUSH	0
   646 000007CB 8D 43 FF                        	LEA	EAX,DWORD [-1+EBX]
   647 000007CE 8D 7B FE                        	LEA	EDI,DWORD [-2+EBX]
   648 000007D1 50                              	PUSH	EAX
   649 000007D2 89 45 EC                        	MOV	DWORD [-20+EBP],EAX
   650 000007D5 6A 00                           	PUSH	0
   651 000007D7 6A 00                           	PUSH	0
   652 000007D9 6A 08                           	PUSH	8
   653 000007DB 53                              	PUSH	EBX
   654 000007DC FF 75 08                        	PUSH	DWORD [8+EBP]
   655 000007DF E8 [00000000]                   	CALL	_boxfill8
   656 000007E4 6A 01                           	PUSH	1
   657 000007E6 57                              	PUSH	EDI
   658 000007E7 6A 01                           	PUSH	1
   659 000007E9 6A 01                           	PUSH	1
   660 000007EB 6A 07                           	PUSH	7
   661 000007ED 53                              	PUSH	EBX
   662 000007EE FF 75 08                        	PUSH	DWORD [8+EBP]
   663 000007F1 E8 [00000000]                   	CALL	_boxfill8
   664 000007F6 8B 55 10                        	MOV	EDX,DWORD [16+EBP]
   665 000007F9 83 C4 38                        	ADD	ESP,56
   666 000007FC 4A                              	DEC	EDX
   667 000007FD 89 55 E8                        	MOV	DWORD [-24+EBP],EDX
   668 00000800 52                              	PUSH	EDX
   669 00000801 6A 00                           	PUSH	0
   670 00000803 6A 00                           	PUSH	0
   671 00000805 6A 00                           	PUSH	0
   672 00000807 6A 08                           	PUSH	8
   673 00000809 53                              	PUSH	EBX
   674 0000080A FF 75 08                        	PUSH	DWORD [8+EBP]
   675 0000080D E8 [00000000]                   	CALL	_boxfill8
   676 00000812 8B 75 10                        	MOV	ESI,DWORD [16+EBP]
   677 00000815 83 EE 02                        	SUB	ESI,2
   678 00000818 56                              	PUSH	ESI
   679 00000819 6A 01                           	PUSH	1
   680 0000081B 6A 01                           	PUSH	1
   681 0000081D 6A 01                           	PUSH	1
   682 0000081F 6A 07                           	PUSH	7
   683 00000821 53                              	PUSH	EBX
   684 00000822 FF 75 08                        	PUSH	DWORD [8+EBP]
   685 00000825 E8 [00000000]                   	CALL	_boxfill8
   686 0000082A 83 C4 38                        	ADD	ESP,56
   687 0000082D 56                              	PUSH	ESI
   688 0000082E 57                              	PUSH	EDI
   689 0000082F 6A 01                           	PUSH	1
   690 00000831 57                              	PUSH	EDI
   691 00000832 6A 05                           	PUSH	5
   692 00000834 53                              	PUSH	EBX
   693 00000835 FF 75 08                        	PUSH	DWORD [8+EBP]
   694 00000838 E8 [00000000]                   	CALL	_boxfill8
   695 0000083D FF 75 E8                        	PUSH	DWORD [-24+EBP]
   696 00000840 FF 75 EC                        	PUSH	DWORD [-20+EBP]
   697 00000843 6A 00                           	PUSH	0
   698 00000845 FF 75 EC                        	PUSH	DWORD [-20+EBP]
   699 00000848 6A 00                           	PUSH	0
   700 0000084A 53                              	PUSH	EBX
   701 0000084B FF 75 08                        	PUSH	DWORD [8+EBP]
   702 0000084E E8 [00000000]                   	CALL	_boxfill8
   703 00000853 8B 45 10                        	MOV	EAX,DWORD [16+EBP]
   704 00000856 83 C4 38                        	ADD	ESP,56
   705 00000859 83 E8 03                        	SUB	EAX,3
   706 0000085C 50                              	PUSH	EAX
   707 0000085D 8D 43 FD                        	LEA	EAX,DWORD [-3+EBX]
   708 00000860 50                              	PUSH	EAX
   709 00000861 6A 02                           	PUSH	2
   710 00000863 6A 02                           	PUSH	2
   711 00000865 6A 08                           	PUSH	8
   712 00000867 53                              	PUSH	EBX
   713 00000868 FF 75 08                        	PUSH	DWORD [8+EBP]
   714 0000086B E8 [00000000]                   	CALL	_boxfill8
   715 00000870 8D 43 FC                        	LEA	EAX,DWORD [-4+EBX]
   716 00000873 6A 14                           	PUSH	20
   717 00000875 50                              	PUSH	EAX
   718 00000876 6A 03                           	PUSH	3
   719 00000878 6A 03                           	PUSH	3
   720 0000087A 6A 0D                           	PUSH	13
   721 0000087C 53                              	PUSH	EBX
   722 0000087D FF 75 08                        	PUSH	DWORD [8+EBP]
   723 00000880 E8 [00000000]                   	CALL	_boxfill8
   724 00000885 83 C4 38                        	ADD	ESP,56
   725 00000888 56                              	PUSH	ESI
   726 00000889 57                              	PUSH	EDI
   727 0000088A 56                              	PUSH	ESI
   728 0000088B 6A 01                           	PUSH	1
   729 0000088D 6A 05                           	PUSH	5
   730 0000088F 53                              	PUSH	EBX
   731 00000890 FF 75 08                        	PUSH	DWORD [8+EBP]
   732 00000893 E8 [00000000]                   	CALL	_boxfill8
   733 00000898 FF 75 E8                        	PUSH	DWORD [-24+EBP]
   734 0000089B FF 75 EC                        	PUSH	DWORD [-20+EBP]
   735 0000089E FF 75 E8                        	PUSH	DWORD [-24+EBP]
   736 000008A1 6A 00                           	PUSH	0
   737 000008A3 6A 00                           	PUSH	0
   738 000008A5 6B F3 05                        	IMUL	ESI,EBX,5
   739 000008A8 53                              	PUSH	EBX
   740 000008A9 FF 75 08                        	PUSH	DWORD [8+EBP]
   741 000008AC E8 [00000000]                   	CALL	_boxfill8
   742 000008B1 83 C4 38                        	ADD	ESP,56
   743 000008B4 FF 75 14                        	PUSH	DWORD [20+EBP]
   744 000008B7 6A 07                           	PUSH	7
   745 000008B9 6A 04                           	PUSH	4
   746 000008BB 6A 18                           	PUSH	24
   747 000008BD 53                              	PUSH	EBX
   748 000008BE FF 75 08                        	PUSH	DWORD [8+EBP]
   749 000008C1 E8 [00000000]                   	CALL	_putfonts8_asc
   750 000008C6 83 C4 18                        	ADD	ESP,24
   751 000008C9 C7 45 F0 00000000               	MOV	DWORD [-16+EBP],0
   752 000008D0 C7 45 E0 00000000               	MOV	DWORD [-32+EBP],0
   753 000008D7                                 L52:
   754 000008D7 8D 04 1E                        	LEA	EAX,DWORD [ESI+EBX*1]
   755 000008DA 8B 55 08                        	MOV	EDX,DWORD [8+EBP]
   756 000008DD 31 FF                           	XOR	EDI,EDI
   757 000008DF 8D 4C 02 EB                     	LEA	ECX,DWORD [-21+EDX+EAX*1]
   758 000008E3                                 L51:
   759 000008E3 8B 45 E0                        	MOV	EAX,DWORD [-32+EBP]
   760 000008E6 8A 94 07 [00000055]             	MOV	DL,BYTE [_closebtn.0+EDI+EAX*1]
   761 000008ED 80 FA 40                        	CMP	DL,64
   762 000008F0 74 33                           	JE	L57
   763 000008F2 80 FA 24                        	CMP	DL,36
   764 000008F5 74 2A                           	JE	L58
   765 000008F7 80 FA 51                        	CMP	DL,81
   766 000008FA B2 08                           	MOV	DL,8
   767 000008FC 0F 95 C0                        	SETNE	AL
   768 000008FF 28 C2                           	SUB	DL,AL
   769 00000901                                 L46:
   770 00000901 47                              	INC	EDI
   771 00000902 88 11                           	MOV	BYTE [ECX],DL
   772 00000904 41                              	INC	ECX
   773 00000905 83 FF 0F                        	CMP	EDI,15
   774 00000908 7E D9                           	JLE	L51
   775 0000090A FF 45 F0                        	INC	DWORD [-16+EBP]
   776 0000090D 01 DE                           	ADD	ESI,EBX
   777 0000090F 83 45 E0 10                     	ADD	DWORD [-32+EBP],16
   778 00000913 83 7D F0 0D                     	CMP	DWORD [-16+EBP],13
   779 00000917 7E BE                           	JLE	L52
   780 00000919 8D 65 F4                        	LEA	ESP,DWORD [-12+EBP]
   781 0000091C 5B                              	POP	EBX
   782 0000091D 5E                              	POP	ESI
   783 0000091E 5F                              	POP	EDI
   784 0000091F 5D                              	POP	EBP
   785 00000920 C3                              	RET
   786 00000921                                 L58:
   787 00000921 B2 05                           	MOV	DL,5
   788 00000923 EB DC                           	JMP	L46
   789 00000925                                 L57:
   790 00000925 31 D2                           	XOR	EDX,EDX
   791 00000927 EB D8                           	JMP	L46
