     1 00000000                                 [FORMAT "WCOFF"]
     2 00000000                                 [INSTRSET "i486p"]
     3 00000000                                 [OPTIMIZE 1]
     4 00000000                                 [OPTION 1]
     5 00000000                                 [BITS 32]
     6 00000000                                 	EXTERN	_init_gdtidt
     7 00000000                                 	EXTERN	_init_pic
     8 00000000                                 	EXTERN	_io_sti
     9 00000000                                 	EXTERN	_fifo32_init
    10 00000000                                 	EXTERN	_init_pit
    11 00000000                                 	EXTERN	_init_keyboard
    12 00000000                                 	EXTERN	_enable_mouse
    13 00000000                                 	EXTERN	_io_out8
    14 00000000                                 	EXTERN	_timer_alloc
    15 00000000                                 	EXTERN	_timer_init
    16 00000000                                 	EXTERN	_timer_settime
    17 00000000                                 	EXTERN	_memtest
    18 00000000                                 	EXTERN	_memman_init
    19 00000000                                 	EXTERN	_memman_free
    20 00000000                                 	EXTERN	_init_palette
    21 00000000                                 	EXTERN	_shtctl_init
    22 00000000                                 	EXTERN	_sheet_alloc
    23 00000000                                 	EXTERN	_memman_alloc_4k
    24 00000000                                 	EXTERN	_sheet_setbuf
    25 00000000                                 	EXTERN	_init_screen8
    26 00000000                                 	EXTERN	_init_mouse_cursor8
    27 00000000                                 	EXTERN	_sheet_slide
    28 00000000                                 	EXTERN	_sheet_updown
    29 00000000                                 	EXTERN	_sprintf
    30 00000000                                 	EXTERN	_memman_total
    31 00000000                                 	EXTERN	_io_cli
    32 00000000                                 	EXTERN	_fifo32_status
    33 00000000                                 	EXTERN	_fifo32_get
    34 00000000                                 	EXTERN	_boxfill8
    35 00000000                                 	EXTERN	_sheet_refresh
    36 00000000                                 	EXTERN	_mouse_decode
    37 00000000                                 	EXTERN	_putfonts8_asc
    38 00000000                                 [FILE "bootpack.c"]
    39                                          [SECTION .data]
    40 00000000                                 LC0:
    41 00000000 63 6F 75 6E 74 65 72 00         	DB	"counter",0x00
    42 00000008                                 LC1:
    43 00000008 28 25 33 64 2C 20 25 33 64 29   	DB	"(%3d, %3d)",0x00
       00000012 00 
    44 00000013                                 LC2:
    45 00000013 6D 65 6D 6F 72 79 20 25 64 4D   	DB	"memory %dMB   free : %dKB",0x00
       0000001D 42 20 20 20 66 72 65 65 20 3A 
       00000027 20 25 64 4B 42 00 
    46 0000002D                                 LC7:
    47 0000002D 33 5B 73 65 63 5D 00            	DB	"3[sec]",0x00
    48 00000034                                 LC5:
    49 00000034 31 30 5B 73 65 63 5D 00         	DB	"10[sec]",0x00
    50 0000003C                                 LC6:
    51 0000003C 25 30 31 30 64 00               	DB	"%010d",0x00
    52 00000042                                 LC4:
    53 00000042 5B 6C 63 72 20 25 34 64 20 25   	DB	"[lcr %4d %4d]",0x00
       0000004C 34 64 5D 00 
    54 00000050                                 LC3:
    55 00000050 25 30 32 58 00                  	DB	"%02X",0x00
    56                                          [SECTION .text]
    57 00000000                                 	GLOBAL	_HariMain
    58 00000000                                 _HariMain:
    59 00000000 55                              	PUSH	EBP
    60 00000001 89 E5                           	MOV	EBP,ESP
    61 00000003 57                              	PUSH	EDI
    62 00000004 56                              	PUSH	ESI
    63 00000005 53                              	PUSH	EBX
    64 00000006 8D 75 D4                        	LEA	ESI,DWORD [-44+EBP]
    65 00000009 81 EC 00000388                  	SUB	ESP,904
    66 0000000F C7 85 FFFFFC88 00000000         	MOV	DWORD [-888+EBP],0
    67 00000019 E8 [00000000]                   	CALL	_init_gdtidt
    68 0000001E E8 [00000000]                   	CALL	_init_pic
    69 00000023 E8 [00000000]                   	CALL	_io_sti
    70 00000028 8D 85 FFFFFD94                  	LEA	EAX,DWORD [-620+EBP]
    71 0000002E 50                              	PUSH	EAX
    72 0000002F 68 00000080                     	PUSH	128
    73 00000034 56                              	PUSH	ESI
    74 00000035 E8 [00000000]                   	CALL	_fifo32_init
    75 0000003A E8 [00000000]                   	CALL	_init_pit
    76 0000003F 68 00000100                     	PUSH	256
    77 00000044 56                              	PUSH	ESI
    78 00000045 E8 [00000000]                   	CALL	_init_keyboard
    79 0000004A 8D 45 C4                        	LEA	EAX,DWORD [-60+EBP]
    80 0000004D 50                              	PUSH	EAX
    81 0000004E 68 00000200                     	PUSH	512
    82 00000053 56                              	PUSH	ESI
    83 00000054 E8 [00000000]                   	CALL	_enable_mouse
    84 00000059 83 C4 20                        	ADD	ESP,32
    85 0000005C 68 000000F8                     	PUSH	248
    86 00000061 6A 21                           	PUSH	33
    87 00000063 E8 [00000000]                   	CALL	_io_out8
    88 00000068 68 000000EF                     	PUSH	239
    89 0000006D 68 000000A1                     	PUSH	161
    90 00000072 E8 [00000000]                   	CALL	_io_out8
    91 00000077 E8 [00000000]                   	CALL	_timer_alloc
    92 0000007C 6A 0A                           	PUSH	10
    93 0000007E 56                              	PUSH	ESI
    94 0000007F 89 C3                           	MOV	EBX,EAX
    95 00000081 50                              	PUSH	EAX
    96 00000082 E8 [00000000]                   	CALL	_timer_init
    97 00000087 68 000003E8                     	PUSH	1000
    98 0000008C 53                              	PUSH	EBX
    99 0000008D E8 [00000000]                   	CALL	_timer_settime
   100 00000092 83 C4 24                        	ADD	ESP,36
   101 00000095 E8 [00000000]                   	CALL	_timer_alloc
   102 0000009A 6A 03                           	PUSH	3
   103 0000009C 89 C3                           	MOV	EBX,EAX
   104 0000009E 56                              	PUSH	ESI
   105 0000009F 50                              	PUSH	EAX
   106 000000A0 E8 [00000000]                   	CALL	_timer_init
   107 000000A5 68 0000012C                     	PUSH	300
   108 000000AA 53                              	PUSH	EBX
   109 000000AB E8 [00000000]                   	CALL	_timer_settime
   110 000000B0 E8 [00000000]                   	CALL	_timer_alloc
   111 000000B5 6A 01                           	PUSH	1
   112 000000B7 56                              	PUSH	ESI
   113 000000B8 50                              	PUSH	EAX
   114 000000B9 89 85 FFFFFC90                  	MOV	DWORD [-880+EBP],EAX
   115 000000BF E8 [00000000]                   	CALL	_timer_init
   116 000000C4 83 C4 20                        	ADD	ESP,32
   117 000000C7 6A 32                           	PUSH	50
   118 000000C9 FF B5 FFFFFC90                  	PUSH	DWORD [-880+EBP]
   119 000000CF E8 [00000000]                   	CALL	_timer_settime
   120 000000D4 68 BFFFFFFF                     	PUSH	-1073741825
   121 000000D9 68 00400000                     	PUSH	4194304
   122 000000DE E8 [00000000]                   	CALL	_memtest
   123 000000E3 68 003C0000                     	PUSH	3932160
   124 000000E8 89 85 FFFFFC84                  	MOV	DWORD [-892+EBP],EAX
   125 000000EE E8 [00000000]                   	CALL	_memman_init
   126 000000F3 68 0009E000                     	PUSH	647168
   127 000000F8 68 00001000                     	PUSH	4096
   128 000000FD 68 003C0000                     	PUSH	3932160
   129 00000102 E8 [00000000]                   	CALL	_memman_free
   130 00000107 8B 85 FFFFFC84                  	MOV	EAX,DWORD [-892+EBP]
   131 0000010D 83 C4 20                        	ADD	ESP,32
   132 00000110 2D 00400000                     	SUB	EAX,4194304
   133 00000115 50                              	PUSH	EAX
   134 00000116 68 00400000                     	PUSH	4194304
   135 0000011B 68 003C0000                     	PUSH	3932160
   136 00000120 E8 [00000000]                   	CALL	_memman_free
   137 00000125 E8 [00000000]                   	CALL	_init_palette
   138 0000012A 0F BF 05 00000FF6               	MOVSX	EAX,WORD [4086]
   139 00000131 50                              	PUSH	EAX
   140 00000132 0F BF 05 00000FF4               	MOVSX	EAX,WORD [4084]
   141 00000139 50                              	PUSH	EAX
   142 0000013A FF 35 00000FF8                  	PUSH	DWORD [4088]
   143 00000140 68 003C0000                     	PUSH	3932160
   144 00000145 E8 [00000000]                   	CALL	_shtctl_init
   145 0000014A 89 C3                           	MOV	EBX,EAX
   146 0000014C 50                              	PUSH	EAX
   147 0000014D E8 [00000000]                   	CALL	_sheet_alloc
   148 00000152 83 C4 20                        	ADD	ESP,32
   149 00000155 53                              	PUSH	EBX
   150 00000156 89 85 FFFFFC80                  	MOV	DWORD [-896+EBP],EAX
   151 0000015C E8 [00000000]                   	CALL	_sheet_alloc
   152 00000161 53                              	PUSH	EBX
   153 00000162 8D 9D FFFFFC94                  	LEA	EBX,DWORD [-876+EBP]
   154 00000168 89 85 FFFFFC7C                  	MOV	DWORD [-900+EBP],EAX
   155 0000016E E8 [00000000]                   	CALL	_sheet_alloc
   156 00000173 0F BF 15 00000FF6               	MOVSX	EDX,WORD [4086]
   157 0000017A 89 85 FFFFFC78                  	MOV	DWORD [-904+EBP],EAX
   158 00000180 0F BF 05 00000FF4               	MOVSX	EAX,WORD [4084]
   159 00000187 0F AF C2                        	IMUL	EAX,EDX
   160 0000018A 50                              	PUSH	EAX
   161 0000018B 68 003C0000                     	PUSH	3932160
   162 00000190 E8 [00000000]                   	CALL	_memman_alloc_4k
   163 00000195 68 00002080                     	PUSH	8320
   164 0000019A 68 003C0000                     	PUSH	3932160
   165 0000019F 89 85 FFFFFC74                  	MOV	DWORD [-908+EBP],EAX
   166 000001A5 E8 [00000000]                   	CALL	_memman_alloc_4k
   167 000001AA 6A FF                           	PUSH	-1
   168 000001AC 89 C6                           	MOV	ESI,EAX
   169 000001AE 0F BF 05 00000FF6               	MOVSX	EAX,WORD [4086]
   170 000001B5 50                              	PUSH	EAX
   171 000001B6 0F BF 05 00000FF4               	MOVSX	EAX,WORD [4084]
   172 000001BD 50                              	PUSH	EAX
   173 000001BE FF B5 FFFFFC74                  	PUSH	DWORD [-908+EBP]
   174 000001C4 FF B5 FFFFFC80                  	PUSH	DWORD [-896+EBP]
   175 000001CA E8 [00000000]                   	CALL	_sheet_setbuf
   176 000001CF 83 C4 2C                        	ADD	ESP,44
   177 000001D2 6A 63                           	PUSH	99
   178 000001D4 6A 10                           	PUSH	16
   179 000001D6 6A 10                           	PUSH	16
   180 000001D8 53                              	PUSH	EBX
   181 000001D9 FF B5 FFFFFC7C                  	PUSH	DWORD [-900+EBP]
   182 000001DF E8 [00000000]                   	CALL	_sheet_setbuf
   183 000001E4 6A FF                           	PUSH	-1
   184 000001E6 6A 34                           	PUSH	52
   185 000001E8 68 000000A0                     	PUSH	160
   186 000001ED 56                              	PUSH	ESI
   187 000001EE FF B5 FFFFFC78                  	PUSH	DWORD [-904+EBP]
   188 000001F4 E8 [00000000]                   	CALL	_sheet_setbuf
   189 000001F9 83 C4 28                        	ADD	ESP,40
   190 000001FC 0F BF 05 00000FF6               	MOVSX	EAX,WORD [4086]
   191 00000203 50                              	PUSH	EAX
   192 00000204 0F BF 05 00000FF4               	MOVSX	EAX,WORD [4084]
   193 0000020B 50                              	PUSH	EAX
   194 0000020C FF B5 FFFFFC74                  	PUSH	DWORD [-908+EBP]
   195 00000212 E8 [00000000]                   	CALL	_init_screen8
   196 00000217 6A 63                           	PUSH	99
   197 00000219 53                              	PUSH	EBX
   198 0000021A BB 00000002                     	MOV	EBX,2
   199 0000021F E8 [00000000]                   	CALL	_init_mouse_cursor8
   200 00000224 68 [00000000]                   	PUSH	LC0
   201 00000229 6A 34                           	PUSH	52
   202 0000022B 68 000000A0                     	PUSH	160
   203 00000230 56                              	PUSH	ESI
   204 00000231 E8 0000035C                     	CALL	_make_window8
   205 00000236 83 C4 24                        	ADD	ESP,36
   206 00000239 6A 00                           	PUSH	0
   207 0000023B 6A 00                           	PUSH	0
   208 0000023D FF B5 FFFFFC80                  	PUSH	DWORD [-896+EBP]
   209 00000243 E8 [00000000]                   	CALL	_sheet_slide
   210 00000248 0F BF 05 00000FF4               	MOVSX	EAX,WORD [4084]
   211 0000024F 8D 48 F0                        	LEA	ECX,DWORD [-16+EAX]
   212 00000252 89 C8                           	MOV	EAX,ECX
   213 00000254 99                              	CDQ
   214 00000255 F7 FB                           	IDIV	EBX
   215 00000257 89 85 FFFFFC8C                  	MOV	DWORD [-884+EBP],EAX
   216 0000025D 0F BF 05 00000FF6               	MOVSX	EAX,WORD [4086]
   217 00000264 8D 48 D4                        	LEA	ECX,DWORD [-44+EAX]
   218 00000267 89 C8                           	MOV	EAX,ECX
   219 00000269 99                              	CDQ
   220 0000026A F7 FB                           	IDIV	EBX
   221 0000026C 50                              	PUSH	EAX
   222 0000026D 89 C7                           	MOV	EDI,EAX
   223 0000026F FF B5 FFFFFC8C                  	PUSH	DWORD [-884+EBP]
   224 00000275 FF B5 FFFFFC7C                  	PUSH	DWORD [-900+EBP]
   225 0000027B 8D 5D 94                        	LEA	EBX,DWORD [-108+EBP]
   226 0000027E E8 [00000000]                   	CALL	_sheet_slide
   227 00000283 6A 48                           	PUSH	72
   228 00000285 6A 50                           	PUSH	80
   229 00000287 FF B5 FFFFFC78                  	PUSH	DWORD [-904+EBP]
   230 0000028D E8 [00000000]                   	CALL	_sheet_slide
   231 00000292 83 C4 24                        	ADD	ESP,36
   232 00000295 6A 00                           	PUSH	0
   233 00000297 FF B5 FFFFFC80                  	PUSH	DWORD [-896+EBP]
   234 0000029D E8 [00000000]                   	CALL	_sheet_updown
   235 000002A2 6A 01                           	PUSH	1
   236 000002A4 FF B5 FFFFFC78                  	PUSH	DWORD [-904+EBP]
   237 000002AA E8 [00000000]                   	CALL	_sheet_updown
   238 000002AF 6A 02                           	PUSH	2
   239 000002B1 FF B5 FFFFFC7C                  	PUSH	DWORD [-900+EBP]
   240 000002B7 E8 [00000000]                   	CALL	_sheet_updown
   241 000002BC 57                              	PUSH	EDI
   242 000002BD FF B5 FFFFFC8C                  	PUSH	DWORD [-884+EBP]
   243 000002C3 68 [00000008]                   	PUSH	LC1
   244 000002C8 53                              	PUSH	EBX
   245 000002C9 E8 [00000000]                   	CALL	_sprintf
   246 000002CE 83 C4 28                        	ADD	ESP,40
   247 000002D1 6A 0A                           	PUSH	10
   248 000002D3 53                              	PUSH	EBX
   249 000002D4 6A 05                           	PUSH	5
   250 000002D6 6A 07                           	PUSH	7
   251 000002D8 6A 00                           	PUSH	0
   252 000002DA 6A 00                           	PUSH	0
   253 000002DC FF B5 FFFFFC80                  	PUSH	DWORD [-896+EBP]
   254 000002E2 E8 00000417                     	CALL	_putfonts8_asc_sht
   255 000002E7 68 003C0000                     	PUSH	3932160
   256 000002EC E8 [00000000]                   	CALL	_memman_total
   257 000002F1 C1 AD FFFFFC84 14               	SHR	DWORD [-892+EBP],20
   258 000002F8 C1 E8 0A                        	SHR	EAX,10
   259 000002FB 89 04 24                        	MOV	DWORD [ESP],EAX
   260 000002FE FF B5 FFFFFC84                  	PUSH	DWORD [-892+EBP]
   261 00000304 68 [00000013]                   	PUSH	LC2
   262 00000309 53                              	PUSH	EBX
   263 0000030A E8 [00000000]                   	CALL	_sprintf
   264 0000030F 83 C4 2C                        	ADD	ESP,44
   265 00000312 6A 28                           	PUSH	40
   266 00000314 53                              	PUSH	EBX
   267 00000315 6A 05                           	PUSH	5
   268 00000317 6A 07                           	PUSH	7
   269 00000319 6A 20                           	PUSH	32
   270 0000031B 6A 00                           	PUSH	0
   271 0000031D FF B5 FFFFFC80                  	PUSH	DWORD [-896+EBP]
   272 00000323                                 L26:
   273 00000323 E8 000003D6                     	CALL	_putfonts8_asc_sht
   274 00000328                                 L25:
   275 00000328 83 C4 1C                        	ADD	ESP,28
   276 0000032B                                 L2:
   277 0000032B 8D 75 D4                        	LEA	ESI,DWORD [-44+EBP]
   278 0000032E FF 85 FFFFFC88                  	INC	DWORD [-888+EBP]
   279 00000334 E8 [00000000]                   	CALL	_io_cli
   280 00000339 56                              	PUSH	ESI
   281 0000033A E8 [00000000]                   	CALL	_fifo32_status
   282 0000033F 59                              	POP	ECX
   283 00000340 85 C0                           	TEST	EAX,EAX
   284 00000342 0F 84 00000240                  	JE	L28
   285 00000348 56                              	PUSH	ESI
   286 00000349 E8 [00000000]                   	CALL	_fifo32_get
   287 0000034E 89 C3                           	MOV	EBX,EAX
   288 00000350 E8 [00000000]                   	CALL	_io_sti
   289 00000355 5A                              	POP	EDX
   290 00000356 8D 83 FFFFFF00                  	LEA	EAX,DWORD [-256+EBX]
   291 0000035C 3D 000000FF                     	CMP	EAX,255
   292 00000361 0F 86 000001F4                  	JBE	L29
   293 00000367 8D 83 FFFFFE00                  	LEA	EAX,DWORD [-512+EBX]
   294 0000036D 3D 000000FF                     	CMP	EAX,255
   295 00000372 0F 86 000000EF                  	JBE	L30
   296 00000378 83 FB 0A                        	CMP	EBX,10
   297 0000037B 0F 84 0000009F                  	JE	L31
   298 00000381 83 FB 03                        	CMP	EBX,3
   299 00000384 74 71                           	JE	L32
   300 00000386 85 DB                           	TEST	EBX,EBX
   301 00000388 74 53                           	JE	L23
   302 0000038A 6A 00                           	PUSH	0
   303 0000038C 56                              	PUSH	ESI
   304 0000038D FF B5 FFFFFC90                  	PUSH	DWORD [-880+EBP]
   305 00000393 E8 [00000000]                   	CALL	_timer_init
   306 00000398 6A 6F                           	PUSH	111
   307 0000039A 6A 0F                           	PUSH	15
   308 0000039C 6A 60                           	PUSH	96
   309 0000039E 6A 08                           	PUSH	8
   310 000003A0 6A 07                           	PUSH	7
   311 000003A2                                 L27:
   312 000003A2 0F BF 05 00000FF4               	MOVSX	EAX,WORD [4084]
   313 000003A9 50                              	PUSH	EAX
   314 000003AA FF B5 FFFFFC74                  	PUSH	DWORD [-908+EBP]
   315 000003B0 E8 [00000000]                   	CALL	_boxfill8
   316 000003B5 83 C4 28                        	ADD	ESP,40
   317 000003B8 6A 32                           	PUSH	50
   318 000003BA FF B5 FFFFFC90                  	PUSH	DWORD [-880+EBP]
   319 000003C0 E8 [00000000]                   	CALL	_timer_settime
   320 000003C5 6A 70                           	PUSH	112
   321 000003C7 6A 10                           	PUSH	16
   322 000003C9 6A 60                           	PUSH	96
   323 000003CB 6A 08                           	PUSH	8
   324 000003CD FF B5 FFFFFC80                  	PUSH	DWORD [-896+EBP]
   325 000003D3 E8 [00000000]                   	CALL	_sheet_refresh
   326 000003D8 E9 FFFFFF4B                     	JMP	L25
   327 000003DD                                 L23:
   328 000003DD 6A 01                           	PUSH	1
   329 000003DF 56                              	PUSH	ESI
   330 000003E0 FF B5 FFFFFC90                  	PUSH	DWORD [-880+EBP]
   331 000003E6 E8 [00000000]                   	CALL	_timer_init
   332 000003EB 6A 6F                           	PUSH	111
   333 000003ED 6A 0F                           	PUSH	15
   334 000003EF 6A 60                           	PUSH	96
   335 000003F1 6A 08                           	PUSH	8
   336 000003F3 6A 05                           	PUSH	5
   337 000003F5 EB AB                           	JMP	L27
   338 000003F7                                 L32:
   339 000003F7 6A 06                           	PUSH	6
   340 000003F9 68 [0000002D]                   	PUSH	LC7
   341 000003FE 6A 05                           	PUSH	5
   342 00000400 6A 07                           	PUSH	7
   343 00000402 6A 50                           	PUSH	80
   344 00000404 6A 00                           	PUSH	0
   345 00000406 FF B5 FFFFFC80                  	PUSH	DWORD [-896+EBP]
   346 0000040C E8 000002ED                     	CALL	_putfonts8_asc_sht
   347 00000411 C7 85 FFFFFC88 00000000         	MOV	DWORD [-888+EBP],0
   348 0000041B E9 FFFFFF08                     	JMP	L25
   349 00000420                                 L31:
   350 00000420 6A 07                           	PUSH	7
   351 00000422 8D 5D 94                        	LEA	EBX,DWORD [-108+EBP]
   352 00000425 68 [00000034]                   	PUSH	LC5
   353 0000042A 6A 05                           	PUSH	5
   354 0000042C 6A 07                           	PUSH	7
   355 0000042E 6A 40                           	PUSH	64
   356 00000430 6A 00                           	PUSH	0
   357 00000432 FF B5 FFFFFC80                  	PUSH	DWORD [-896+EBP]
   358 00000438 E8 000002C1                     	CALL	_putfonts8_asc_sht
   359 0000043D FF B5 FFFFFC88                  	PUSH	DWORD [-888+EBP]
   360 00000443 68 [0000003C]                   	PUSH	LC6
   361 00000448 53                              	PUSH	EBX
   362 00000449 E8 [00000000]                   	CALL	_sprintf
   363 0000044E 83 C4 28                        	ADD	ESP,40
   364 00000451 6A 0A                           	PUSH	10
   365 00000453 53                              	PUSH	EBX
   366 00000454 6A 08                           	PUSH	8
   367 00000456 6A 00                           	PUSH	0
   368 00000458 6A 1C                           	PUSH	28
   369 0000045A 6A 28                           	PUSH	40
   370 0000045C FF B5 FFFFFC78                  	PUSH	DWORD [-904+EBP]
   371 00000462 E9 FFFFFEBC                     	JMP	L26
   372 00000467                                 L30:
   373 00000467 0F B6 C3                        	MOVZX	EAX,BL
   374 0000046A 50                              	PUSH	EAX
   375 0000046B 8D 45 C4                        	LEA	EAX,DWORD [-60+EBP]
   376 0000046E 50                              	PUSH	EAX
   377 0000046F E8 [00000000]                   	CALL	_mouse_decode
   378 00000474 5A                              	POP	EDX
   379 00000475 59                              	POP	ECX
   380 00000476 85 C0                           	TEST	EAX,EAX
   381 00000478 0F 84 FFFFFEAD                  	JE	L2
   382 0000047E FF 75 CC                        	PUSH	DWORD [-52+EBP]
   383 00000481 FF 75 C8                        	PUSH	DWORD [-56+EBP]
   384 00000484 68 [00000042]                   	PUSH	LC4
   385 00000489 8D 5D 94                        	LEA	EBX,DWORD [-108+EBP]
   386 0000048C 53                              	PUSH	EBX
   387 0000048D E8 [00000000]                   	CALL	_sprintf
   388 00000492 83 C4 10                        	ADD	ESP,16
   389 00000495 8B 45 D0                        	MOV	EAX,DWORD [-48+EBP]
   390 00000498 A9 00000001                     	TEST	EAX,1
   391 0000049D 74 04                           	JE	L11
   392 0000049F C6 45 95 4C                     	MOV	BYTE [-107+EBP],76
   393 000004A3                                 L11:
   394 000004A3 A9 00000002                     	TEST	EAX,2
   395 000004A8 74 04                           	JE	L12
   396 000004AA C6 45 97 52                     	MOV	BYTE [-105+EBP],82
   397 000004AE                                 L12:
   398 000004AE 83 E0 04                        	AND	EAX,4
   399 000004B1 74 04                           	JE	L13
   400 000004B3 C6 45 96 43                     	MOV	BYTE [-106+EBP],67
   401 000004B7                                 L13:
   402 000004B7 6A 0F                           	PUSH	15
   403 000004B9 53                              	PUSH	EBX
   404 000004BA 6A 05                           	PUSH	5
   405 000004BC 6A 07                           	PUSH	7
   406 000004BE 6A 10                           	PUSH	16
   407 000004C0 6A 20                           	PUSH	32
   408 000004C2 FF B5 FFFFFC80                  	PUSH	DWORD [-896+EBP]
   409 000004C8 E8 00000231                     	CALL	_putfonts8_asc_sht
   410 000004CD 8B 45 C8                        	MOV	EAX,DWORD [-56+EBP]
   411 000004D0 03 7D CC                        	ADD	EDI,DWORD [-52+EBP]
   412 000004D3 83 C4 1C                        	ADD	ESP,28
   413 000004D6 01 85 FFFFFC8C                  	ADD	DWORD [-884+EBP],EAX
   414 000004DC 78 71                           	JS	L33
   415 000004DE                                 L14:
   416 000004DE 85 FF                           	TEST	EDI,EDI
   417 000004E0 78 69                           	JS	L34
   418 000004E2                                 L15:
   419 000004E2 0F BF 05 00000FF4               	MOVSX	EAX,WORD [4084]
   420 000004E9 48                              	DEC	EAX
   421 000004EA 39 85 FFFFFC8C                  	CMP	DWORD [-884+EBP],EAX
   422 000004F0 7E 06                           	JLE	L16
   423 000004F2 89 85 FFFFFC8C                  	MOV	DWORD [-884+EBP],EAX
   424 000004F8                                 L16:
   425 000004F8 0F BF 05 00000FF6               	MOVSX	EAX,WORD [4086]
   426 000004FF 48                              	DEC	EAX
   427 00000500 39 C7                           	CMP	EDI,EAX
   428 00000502 7E 02                           	JLE	L17
   429 00000504 89 C7                           	MOV	EDI,EAX
   430 00000506                                 L17:
   431 00000506 57                              	PUSH	EDI
   432 00000507 FF B5 FFFFFC8C                  	PUSH	DWORD [-884+EBP]
   433 0000050D 68 [00000008]                   	PUSH	LC1
   434 00000512 53                              	PUSH	EBX
   435 00000513 E8 [00000000]                   	CALL	_sprintf
   436 00000518 6A 0A                           	PUSH	10
   437 0000051A 53                              	PUSH	EBX
   438 0000051B 6A 05                           	PUSH	5
   439 0000051D 6A 07                           	PUSH	7
   440 0000051F 6A 00                           	PUSH	0
   441 00000521 6A 00                           	PUSH	0
   442 00000523 FF B5 FFFFFC80                  	PUSH	DWORD [-896+EBP]
   443 00000529 E8 000001D0                     	CALL	_putfonts8_asc_sht
   444 0000052E 83 C4 2C                        	ADD	ESP,44
   445 00000531 57                              	PUSH	EDI
   446 00000532 FF B5 FFFFFC8C                  	PUSH	DWORD [-884+EBP]
   447 00000538 FF B5 FFFFFC7C                  	PUSH	DWORD [-900+EBP]
   448 0000053E E8 [00000000]                   	CALL	_sheet_slide
   449 00000543 83 C4 0C                        	ADD	ESP,12
   450 00000546 E9 FFFFFDE0                     	JMP	L2
   451 0000054B                                 L34:
   452 0000054B 31 FF                           	XOR	EDI,EDI
   453 0000054D EB 93                           	JMP	L15
   454 0000054F                                 L33:
   455 0000054F C7 85 FFFFFC8C 00000000         	MOV	DWORD [-884+EBP],0
   456 00000559 EB 83                           	JMP	L14
   457 0000055B                                 L29:
   458 0000055B 50                              	PUSH	EAX
   459 0000055C 8D 5D 94                        	LEA	EBX,DWORD [-108+EBP]
   460 0000055F 68 [00000050]                   	PUSH	LC3
   461 00000564 53                              	PUSH	EBX
   462 00000565 E8 [00000000]                   	CALL	_sprintf
   463 0000056A 6A 02                           	PUSH	2
   464 0000056C 53                              	PUSH	EBX
   465 0000056D 6A 05                           	PUSH	5
   466 0000056F 6A 07                           	PUSH	7
   467 00000571 6A 10                           	PUSH	16
   468 00000573 6A 00                           	PUSH	0
   469 00000575 FF B5 FFFFFC80                  	PUSH	DWORD [-896+EBP]
   470 0000057B E8 0000017E                     	CALL	_putfonts8_asc_sht
   471 00000580 83 C4 28                        	ADD	ESP,40
   472 00000583 E9 FFFFFDA3                     	JMP	L2
   473 00000588                                 L28:
   474 00000588 E8 [00000000]                   	CALL	_io_sti
   475 0000058D E9 FFFFFD99                     	JMP	L2
   476                                          [SECTION .data]
   477 00000055                                 _closebtn.0:
   478 00000055 4F 4F 4F 4F 4F 4F 4F 4F 4F 4F   	DB	"OOOOOOOOOOOOOOO@"
       0000005F 4F 4F 4F 4F 4F 40 
   479 00000065 4F 51 51 51 51 51 51 51 51 51   	DB	"OQQQQQQQQQQQQQ$@"
       0000006F 51 51 51 51 24 40 
   480 00000075 4F 51 51 51 51 51 51 51 51 51   	DB	"OQQQQQQQQQQQQQ$@"
       0000007F 51 51 51 51 24 40 
   481 00000085 4F 51 51 51 40 40 51 51 51 51   	DB	"OQQQ@@QQQQ@@QQ$@"
       0000008F 40 40 51 51 24 40 
   482 00000095 4F 51 51 51 51 40 40 51 51 40   	DB	"OQQQQ@@QQ@@QQQ$@"
       0000009F 40 51 51 51 24 40 
   483 000000A5 4F 51 51 51 51 51 40 40 40 40   	DB	"OQQQQQ@@@@QQQQ$@"
       000000AF 51 51 51 51 24 40 
   484 000000B5 4F 51 51 51 51 51 51 40 40 51   	DB	"OQQQQQQ@@QQQQQ$@"
       000000BF 51 51 51 51 24 40 
   485 000000C5 4F 51 51 51 51 51 40 40 40 40   	DB	"OQQQQQ@@@@QQQQ$@"
       000000CF 51 51 51 51 24 40 
   486 000000D5 4F 51 51 51 51 40 40 51 51 40   	DB	"OQQQQ@@QQ@@QQQ$@"
       000000DF 40 51 51 51 24 40 
   487 000000E5 4F 51 51 51 40 40 51 51 51 51   	DB	"OQQQ@@QQQQ@@QQ$@"
       000000EF 40 40 51 51 24 40 
   488 000000F5 4F 51 51 51 51 51 51 51 51 51   	DB	"OQQQQQQQQQQQQQ$@"
       000000FF 51 51 51 51 24 40 
   489 00000105 4F 51 51 51 51 51 51 51 51 51   	DB	"OQQQQQQQQQQQQQ$@"
       0000010F 51 51 51 51 24 40 
   490 00000115 4F 24 24 24 24 24 24 24 24 24   	DB	"O$$$$$$$$$$$$$$@"
       0000011F 24 24 24 24 24 40 
   491 00000125 40 40 40 40 40 40 40 40 40 40   	DB	"@@@@@@@@@@@@@@@@"
       0000012F 40 40 40 40 40 40 
   492                                          [SECTION .text]
   493 00000592                                 	GLOBAL	_make_window8
   494 00000592                                 _make_window8:
   495 00000592 55                              	PUSH	EBP
   496 00000593 89 E5                           	MOV	EBP,ESP
   497 00000595 57                              	PUSH	EDI
   498 00000596 56                              	PUSH	ESI
   499 00000597 53                              	PUSH	EBX
   500 00000598 83 EC 14                        	SUB	ESP,20
   501 0000059B 8B 5D 0C                        	MOV	EBX,DWORD [12+EBP]
   502 0000059E 6A 00                           	PUSH	0
   503 000005A0 8D 43 FF                        	LEA	EAX,DWORD [-1+EBX]
   504 000005A3 8D 7B FE                        	LEA	EDI,DWORD [-2+EBX]
   505 000005A6 50                              	PUSH	EAX
   506 000005A7 89 45 EC                        	MOV	DWORD [-20+EBP],EAX
   507 000005AA 6A 00                           	PUSH	0
   508 000005AC 6A 00                           	PUSH	0
   509 000005AE 6A 08                           	PUSH	8
   510 000005B0 53                              	PUSH	EBX
   511 000005B1 FF 75 08                        	PUSH	DWORD [8+EBP]
   512 000005B4 E8 [00000000]                   	CALL	_boxfill8
   513 000005B9 6A 01                           	PUSH	1
   514 000005BB 57                              	PUSH	EDI
   515 000005BC 6A 01                           	PUSH	1
   516 000005BE 6A 01                           	PUSH	1
   517 000005C0 6A 07                           	PUSH	7
   518 000005C2 53                              	PUSH	EBX
   519 000005C3 FF 75 08                        	PUSH	DWORD [8+EBP]
   520 000005C6 E8 [00000000]                   	CALL	_boxfill8
   521 000005CB 8B 55 10                        	MOV	EDX,DWORD [16+EBP]
   522 000005CE 83 C4 38                        	ADD	ESP,56
   523 000005D1 4A                              	DEC	EDX
   524 000005D2 89 55 E8                        	MOV	DWORD [-24+EBP],EDX
   525 000005D5 52                              	PUSH	EDX
   526 000005D6 6A 00                           	PUSH	0
   527 000005D8 6A 00                           	PUSH	0
   528 000005DA 6A 00                           	PUSH	0
   529 000005DC 6A 08                           	PUSH	8
   530 000005DE 53                              	PUSH	EBX
   531 000005DF FF 75 08                        	PUSH	DWORD [8+EBP]
   532 000005E2 E8 [00000000]                   	CALL	_boxfill8
   533 000005E7 8B 75 10                        	MOV	ESI,DWORD [16+EBP]
   534 000005EA 83 EE 02                        	SUB	ESI,2
   535 000005ED 56                              	PUSH	ESI
   536 000005EE 6A 01                           	PUSH	1
   537 000005F0 6A 01                           	PUSH	1
   538 000005F2 6A 01                           	PUSH	1
   539 000005F4 6A 07                           	PUSH	7
   540 000005F6 53                              	PUSH	EBX
   541 000005F7 FF 75 08                        	PUSH	DWORD [8+EBP]
   542 000005FA E8 [00000000]                   	CALL	_boxfill8
   543 000005FF 83 C4 38                        	ADD	ESP,56
   544 00000602 56                              	PUSH	ESI
   545 00000603 57                              	PUSH	EDI
   546 00000604 6A 01                           	PUSH	1
   547 00000606 57                              	PUSH	EDI
   548 00000607 6A 05                           	PUSH	5
   549 00000609 53                              	PUSH	EBX
   550 0000060A FF 75 08                        	PUSH	DWORD [8+EBP]
   551 0000060D E8 [00000000]                   	CALL	_boxfill8
   552 00000612 FF 75 E8                        	PUSH	DWORD [-24+EBP]
   553 00000615 FF 75 EC                        	PUSH	DWORD [-20+EBP]
   554 00000618 6A 00                           	PUSH	0
   555 0000061A FF 75 EC                        	PUSH	DWORD [-20+EBP]
   556 0000061D 6A 00                           	PUSH	0
   557 0000061F 53                              	PUSH	EBX
   558 00000620 FF 75 08                        	PUSH	DWORD [8+EBP]
   559 00000623 E8 [00000000]                   	CALL	_boxfill8
   560 00000628 8B 45 10                        	MOV	EAX,DWORD [16+EBP]
   561 0000062B 83 C4 38                        	ADD	ESP,56
   562 0000062E 83 E8 03                        	SUB	EAX,3
   563 00000631 50                              	PUSH	EAX
   564 00000632 8D 43 FD                        	LEA	EAX,DWORD [-3+EBX]
   565 00000635 50                              	PUSH	EAX
   566 00000636 6A 02                           	PUSH	2
   567 00000638 6A 02                           	PUSH	2
   568 0000063A 6A 08                           	PUSH	8
   569 0000063C 53                              	PUSH	EBX
   570 0000063D FF 75 08                        	PUSH	DWORD [8+EBP]
   571 00000640 E8 [00000000]                   	CALL	_boxfill8
   572 00000645 8D 43 FC                        	LEA	EAX,DWORD [-4+EBX]
   573 00000648 6A 14                           	PUSH	20
   574 0000064A 50                              	PUSH	EAX
   575 0000064B 6A 03                           	PUSH	3
   576 0000064D 6A 03                           	PUSH	3
   577 0000064F 6A 0D                           	PUSH	13
   578 00000651 53                              	PUSH	EBX
   579 00000652 FF 75 08                        	PUSH	DWORD [8+EBP]
   580 00000655 E8 [00000000]                   	CALL	_boxfill8
   581 0000065A 83 C4 38                        	ADD	ESP,56
   582 0000065D 56                              	PUSH	ESI
   583 0000065E 57                              	PUSH	EDI
   584 0000065F 56                              	PUSH	ESI
   585 00000660 6A 01                           	PUSH	1
   586 00000662 6A 05                           	PUSH	5
   587 00000664 53                              	PUSH	EBX
   588 00000665 FF 75 08                        	PUSH	DWORD [8+EBP]
   589 00000668 E8 [00000000]                   	CALL	_boxfill8
   590 0000066D FF 75 E8                        	PUSH	DWORD [-24+EBP]
   591 00000670 FF 75 EC                        	PUSH	DWORD [-20+EBP]
   592 00000673 FF 75 E8                        	PUSH	DWORD [-24+EBP]
   593 00000676 6A 00                           	PUSH	0
   594 00000678 6A 00                           	PUSH	0
   595 0000067A 6B F3 05                        	IMUL	ESI,EBX,5
   596 0000067D 53                              	PUSH	EBX
   597 0000067E FF 75 08                        	PUSH	DWORD [8+EBP]
   598 00000681 E8 [00000000]                   	CALL	_boxfill8
   599 00000686 83 C4 38                        	ADD	ESP,56
   600 00000689 FF 75 14                        	PUSH	DWORD [20+EBP]
   601 0000068C 6A 07                           	PUSH	7
   602 0000068E 6A 04                           	PUSH	4
   603 00000690 6A 18                           	PUSH	24
   604 00000692 53                              	PUSH	EBX
   605 00000693 FF 75 08                        	PUSH	DWORD [8+EBP]
   606 00000696 E8 [00000000]                   	CALL	_putfonts8_asc
   607 0000069B 83 C4 18                        	ADD	ESP,24
   608 0000069E C7 45 F0 00000000               	MOV	DWORD [-16+EBP],0
   609 000006A5 C7 45 E0 00000000               	MOV	DWORD [-32+EBP],0
   610 000006AC                                 L51:
   611 000006AC 8D 04 1E                        	LEA	EAX,DWORD [ESI+EBX*1]
   612 000006AF 8B 55 08                        	MOV	EDX,DWORD [8+EBP]
   613 000006B2 31 FF                           	XOR	EDI,EDI
   614 000006B4 8D 4C 02 EB                     	LEA	ECX,DWORD [-21+EDX+EAX*1]
   615 000006B8                                 L50:
   616 000006B8 8B 45 E0                        	MOV	EAX,DWORD [-32+EBP]
   617 000006BB 8A 94 07 [00000055]             	MOV	DL,BYTE [_closebtn.0+EDI+EAX*1]
   618 000006C2 80 FA 40                        	CMP	DL,64
   619 000006C5 74 33                           	JE	L56
   620 000006C7 80 FA 24                        	CMP	DL,36
   621 000006CA 74 2A                           	JE	L57
   622 000006CC 80 FA 51                        	CMP	DL,81
   623 000006CF B2 08                           	MOV	DL,8
   624 000006D1 0F 95 C0                        	SETNE	AL
   625 000006D4 28 C2                           	SUB	DL,AL
   626 000006D6                                 L45:
   627 000006D6 47                              	INC	EDI
   628 000006D7 88 11                           	MOV	BYTE [ECX],DL
   629 000006D9 41                              	INC	ECX
   630 000006DA 83 FF 0F                        	CMP	EDI,15
   631 000006DD 7E D9                           	JLE	L50
   632 000006DF FF 45 F0                        	INC	DWORD [-16+EBP]
   633 000006E2 01 DE                           	ADD	ESI,EBX
   634 000006E4 83 45 E0 10                     	ADD	DWORD [-32+EBP],16
   635 000006E8 83 7D F0 0D                     	CMP	DWORD [-16+EBP],13
   636 000006EC 7E BE                           	JLE	L51
   637 000006EE 8D 65 F4                        	LEA	ESP,DWORD [-12+EBP]
   638 000006F1 5B                              	POP	EBX
   639 000006F2 5E                              	POP	ESI
   640 000006F3 5F                              	POP	EDI
   641 000006F4 5D                              	POP	EBP
   642 000006F5 C3                              	RET
   643 000006F6                                 L57:
   644 000006F6 B2 05                           	MOV	DL,5
   645 000006F8 EB DC                           	JMP	L45
   646 000006FA                                 L56:
   647 000006FA 31 D2                           	XOR	EDX,EDX
   648 000006FC EB D8                           	JMP	L45
   649 000006FE                                 	GLOBAL	_putfonts8_asc_sht
   650 000006FE                                 _putfonts8_asc_sht:
   651 000006FE 55                              	PUSH	EBP
   652 000006FF 89 E5                           	MOV	EBP,ESP
   653 00000701 57                              	PUSH	EDI
   654 00000702 56                              	PUSH	ESI
   655 00000703 53                              	PUSH	EBX
   656 00000704 83 EC 0C                        	SUB	ESP,12
   657 00000707 8B 45 08                        	MOV	EAX,DWORD [8+EBP]
   658 0000070A 8B 7D 10                        	MOV	EDI,DWORD [16+EBP]
   659 0000070D 89 45 F0                        	MOV	DWORD [-16+EBP],EAX
   660 00000710 8B 5D 14                        	MOV	EBX,DWORD [20+EBP]
   661 00000713 8B 45 0C                        	MOV	EAX,DWORD [12+EBP]
   662 00000716 89 45 EC                        	MOV	DWORD [-20+EBP],EAX
   663 00000719 8B 45 1C                        	MOV	EAX,DWORD [28+EBP]
   664 0000071C 89 45 E8                        	MOV	DWORD [-24+EBP],EAX
   665 0000071F 8D 47 0F                        	LEA	EAX,DWORD [15+EDI]
   666 00000722 50                              	PUSH	EAX
   667 00000723 8B 45 EC                        	MOV	EAX,DWORD [-20+EBP]
   668 00000726 8B 75 20                        	MOV	ESI,DWORD [32+EBP]
   669 00000729 0F BE DB                        	MOVSX	EBX,BL
   670 0000072C 8D 34 F0                        	LEA	ESI,DWORD [EAX+ESI*8]
   671 0000072F 8D 46 FF                        	LEA	EAX,DWORD [-1+ESI]
   672 00000732 50                              	PUSH	EAX
   673 00000733 57                              	PUSH	EDI
   674 00000734 FF 75 EC                        	PUSH	DWORD [-20+EBP]
   675 00000737 0F B6 45 18                     	MOVZX	EAX,BYTE [24+EBP]
   676 0000073B 50                              	PUSH	EAX
   677 0000073C 8B 45 F0                        	MOV	EAX,DWORD [-16+EBP]
   678 0000073F FF 70 04                        	PUSH	DWORD [4+EAX]
   679 00000742 FF 30                           	PUSH	DWORD [EAX]
   680 00000744 E8 [00000000]                   	CALL	_boxfill8
   681 00000749 FF 75 E8                        	PUSH	DWORD [-24+EBP]
   682 0000074C 53                              	PUSH	EBX
   683 0000074D 57                              	PUSH	EDI
   684 0000074E FF 75 EC                        	PUSH	DWORD [-20+EBP]
   685 00000751 8B 45 F0                        	MOV	EAX,DWORD [-16+EBP]
   686 00000754 FF 70 04                        	PUSH	DWORD [4+EAX]
   687 00000757 FF 30                           	PUSH	DWORD [EAX]
   688 00000759 E8 [00000000]                   	CALL	_putfonts8_asc
   689 0000075E 89 7D 10                        	MOV	DWORD [16+EBP],EDI
   690 00000761 8D 47 10                        	LEA	EAX,DWORD [16+EDI]
   691 00000764 89 75 14                        	MOV	DWORD [20+EBP],ESI
   692 00000767 89 45 18                        	MOV	DWORD [24+EBP],EAX
   693 0000076A 83 C4 34                        	ADD	ESP,52
   694 0000076D 8B 45 EC                        	MOV	EAX,DWORD [-20+EBP]
   695 00000770 89 45 0C                        	MOV	DWORD [12+EBP],EAX
   696 00000773 8B 45 F0                        	MOV	EAX,DWORD [-16+EBP]
   697 00000776 89 45 08                        	MOV	DWORD [8+EBP],EAX
   698 00000779 8D 65 F4                        	LEA	ESP,DWORD [-12+EBP]
   699 0000077C 5B                              	POP	EBX
   700 0000077D 5E                              	POP	ESI
   701 0000077E 5F                              	POP	EDI
   702 0000077F 5D                              	POP	EBP
   703 00000780 E9 [00000000]                   	JMP	_sheet_refresh
