     1 00000000                                 [FORMAT "WCOFF"]
     2 00000000                                 [INSTRSET "i486p"]
     3 00000000                                 [OPTIMIZE 1]
     4 00000000                                 [OPTION 1]
     5 00000000                                 [BITS 32]
     6 00000000                                 	EXTERN	_init_gdtidt
     7 00000000                                 	EXTERN	_init_pic
     8 00000000                                 	EXTERN	_io_sti
     9 00000000                                 	EXTERN	_fifo32_init
    10 00000000                                 	EXTERN	_init_pit
    11 00000000                                 	EXTERN	_init_keyboard
    12 00000000                                 	EXTERN	_enable_mouse
    13 00000000                                 	EXTERN	_io_out8
    14 00000000                                 	EXTERN	_memtest
    15 00000000                                 	EXTERN	_memman_init
    16 00000000                                 	EXTERN	_memman_free
    17 00000000                                 	EXTERN	_init_palette
    18 00000000                                 	EXTERN	_shtctl_init
    19 00000000                                 	EXTERN	_task_init
    20 00000000                                 	EXTERN	_task_run
    21 00000000                                 	EXTERN	_sheet_alloc
    22 00000000                                 	EXTERN	_memman_alloc_4k
    23 00000000                                 	EXTERN	_sheet_setbuf
    24 00000000                                 	EXTERN	_init_screen8
    25 00000000                                 	EXTERN	_task_alloc
    26 00000000                                 	EXTERN	_timer_alloc
    27 00000000                                 	EXTERN	_timer_init
    28 00000000                                 	EXTERN	_timer_settime
    29 00000000                                 	EXTERN	_init_mouse_cursor8
    30 00000000                                 	EXTERN	_sheet_slide
    31 00000000                                 	EXTERN	_sheet_updown
    32 00000000                                 	EXTERN	_sprintf
    33 00000000                                 	EXTERN	_memman_total
    34 00000000                                 	EXTERN	_io_cli
    35 00000000                                 	EXTERN	_fifo32_status
    36 00000000                                 	EXTERN	_fifo32_get
    37 00000000                                 	EXTERN	_boxfill8
    38 00000000                                 	EXTERN	_sheet_refresh
    39 00000000                                 	EXTERN	_mouse_decode
    40 00000000                                 	EXTERN	_keytable
    41 00000000                                 	EXTERN	_task_sleep
    42 00000000                                 	EXTERN	_putfonts8_asc
    43 00000000                                 	EXTERN	_task_now
    44 00000000                                 [FILE "bootpack.c"]
    45                                          [SECTION .data]
    46 00000000                                 _keytable:
    47 00000000 00                              	DB	0
    48 00000001 00                              	DB	0
    49 00000002 31                              	DB	49
    50 00000003 32                              	DB	50
    51 00000004 33                              	DB	51
    52 00000005 34                              	DB	52
    53 00000006 35                              	DB	53
    54 00000007 36                              	DB	54
    55 00000008 37                              	DB	55
    56 00000009 38                              	DB	56
    57 0000000A 39                              	DB	57
    58 0000000B 30                              	DB	48
    59 0000000C 2D                              	DB	45
    60 0000000D 5E                              	DB	94
    61 0000000E 00                              	DB	0
    62 0000000F 00                              	DB	0
    63 00000010 51                              	DB	81
    64 00000011 57                              	DB	87
    65 00000012 45                              	DB	69
    66 00000013 52                              	DB	82
    67 00000014 54                              	DB	84
    68 00000015 59                              	DB	89
    69 00000016 55                              	DB	85
    70 00000017 49                              	DB	73
    71 00000018 4F                              	DB	79
    72 00000019 50                              	DB	80
    73 0000001A 40                              	DB	64
    74 0000001B 5B                              	DB	91
    75 0000001C 00                              	DB	0
    76 0000001D 00                              	DB	0
    77 0000001E 41                              	DB	65
    78 0000001F 53                              	DB	83
    79 00000020 44                              	DB	68
    80 00000021 46                              	DB	70
    81 00000022 47                              	DB	71
    82 00000023 48                              	DB	72
    83 00000024 4A                              	DB	74
    84 00000025 4B                              	DB	75
    85 00000026 4C                              	DB	76
    86 00000027 3B                              	DB	59
    87 00000028 3A                              	DB	58
    88 00000029 00                              	DB	0
    89 0000002A 00                              	DB	0
    90 0000002B 5D                              	DB	93
    91 0000002C 5A                              	DB	90
    92 0000002D 58                              	DB	88
    93 0000002E 43                              	DB	67
    94 0000002F 56                              	DB	86
    95 00000030 42                              	DB	66
    96 00000031 4E                              	DB	78
    97 00000032 4D                              	DB	77
    98 00000033 2C                              	DB	44
    99 00000034 2E                              	DB	46
   100 00000035 2F                              	DB	47
   101 00000036 00                              	DB	0
   102 00000037 2A                              	DB	42
   103 00000038 00                              	DB	0
   104 00000039 20                              	DB	32
   105 0000003A 00                              	DB	0
   106 0000003B 00                              	DB	0
   107 0000003C 00                              	DB	0
   108 0000003D 00                              	DB	0
   109 0000003E 00                              	DB	0
   110 0000003F 00                              	DB	0
   111 00000040 00                              	DB	0
   112 00000041 00                              	DB	0
   113 00000042 00                              	DB	0
   114 00000043 00                              	DB	0
   115 00000044 00                              	DB	0
   116 00000045 00                              	DB	0
   117 00000046 00                              	DB	0
   118 00000047 37                              	DB	55
   119 00000048 38                              	DB	56
   120 00000049 39                              	DB	57
   121 0000004A 2D                              	DB	45
   122 0000004B 34                              	DB	52
   123 0000004C 35                              	DB	53
   124 0000004D 36                              	DB	54
   125 0000004E 2B                              	DB	43
   126 0000004F 31                              	DB	49
   127 00000050 32                              	DB	50
   128 00000051 33                              	DB	51
   129 00000052 30                              	DB	48
   130 00000053 2E                              	DB	46
   131 00000054                                 LC0:
   132 00000054 63 6F 6E 73 6F 6C 65 00         	DB	"console",0x00
   133 0000005C                                 LC1:
   134 0000005C 74 61 73 6B 5F 61 00            	DB	"task_a",0x00
   135 00000063                                 LC2:
   136 00000063 28 25 33 64 2C 20 25 33 64 29   	DB	"(%3d, %3d)",0x00
       0000006D 00 
   137 0000006E                                 LC3:
   138 0000006E 6D 65 6D 6F 72 79 20 25 64 4D   	DB	"memory %dMB   free : %dKB",0x00
       00000078 42 20 20 20 66 72 65 65 20 3A 
       00000082 20 25 64 4B 42 00 
   139 00000088                                 LC6:
   140 00000088 5B 6C 63 72 20 25 34 64 20 25   	DB	"[lcr %4d %4d]",0x00
       00000092 34 64 5D 00 
   141 00000096                                 LC4:
   142 00000096 25 30 32 58 00                  	DB	"%02X",0x00
   143 0000009B                                 LC5:
   144 0000009B 20 00                           	DB	" ",0x00
   145                                          [SECTION .text]
   146 00000000                                 	GLOBAL	_HariMain
   147 00000000                                 _HariMain:
   148 00000000 55                              	PUSH	EBP
   149 00000001 89 E5                           	MOV	EBP,ESP
   150 00000003 57                              	PUSH	EDI
   151 00000004 56                              	PUSH	ESI
   152 00000005 53                              	PUSH	EBX
   153 00000006 8D 5D D4                        	LEA	EBX,DWORD [-44+EBP]
   154 00000009 81 EC 0000038C                  	SUB	ESP,908
   155 0000000F E8 [00000000]                   	CALL	_init_gdtidt
   156 00000014 E8 [00000000]                   	CALL	_init_pic
   157 00000019 E8 [00000000]                   	CALL	_io_sti
   158 0000001E 8D 85 FFFFFD94                  	LEA	EAX,DWORD [-620+EBP]
   159 00000024 6A 00                           	PUSH	0
   160 00000026 50                              	PUSH	EAX
   161 00000027 8D 45 D4                        	LEA	EAX,DWORD [-44+EBP]
   162 0000002A 68 00000080                     	PUSH	128
   163 0000002F 50                              	PUSH	EAX
   164 00000030 E8 [00000000]                   	CALL	_fifo32_init
   165 00000035 E8 [00000000]                   	CALL	_init_pit
   166 0000003A 8D 55 D4                        	LEA	EDX,DWORD [-44+EBP]
   167 0000003D 68 00000100                     	PUSH	256
   168 00000042 52                              	PUSH	EDX
   169 00000043 E8 [00000000]                   	CALL	_init_keyboard
   170 00000048 8D 45 C4                        	LEA	EAX,DWORD [-60+EBP]
   171 0000004B 50                              	PUSH	EAX
   172 0000004C 68 00000200                     	PUSH	512
   173 00000051 53                              	PUSH	EBX
   174 00000052 E8 [00000000]                   	CALL	_enable_mouse
   175 00000057 83 C4 24                        	ADD	ESP,36
   176 0000005A 68 000000F8                     	PUSH	248
   177 0000005F 6A 21                           	PUSH	33
   178 00000061 E8 [00000000]                   	CALL	_io_out8
   179 00000066 68 000000EF                     	PUSH	239
   180 0000006B 68 000000A1                     	PUSH	161
   181 00000070 E8 [00000000]                   	CALL	_io_out8
   182 00000075 68 BFFFFFFF                     	PUSH	-1073741825
   183 0000007A 68 00400000                     	PUSH	4194304
   184 0000007F E8 [00000000]                   	CALL	_memtest
   185 00000084 68 003C0000                     	PUSH	3932160
   186 00000089 89 85 FFFFFC80                  	MOV	DWORD [-896+EBP],EAX
   187 0000008F E8 [00000000]                   	CALL	_memman_init
   188 00000094 68 0009E000                     	PUSH	647168
   189 00000099 68 00001000                     	PUSH	4096
   190 0000009E 68 003C0000                     	PUSH	3932160
   191 000000A3 E8 [00000000]                   	CALL	_memman_free
   192 000000A8 8B 85 FFFFFC80                  	MOV	EAX,DWORD [-896+EBP]
   193 000000AE 83 C4 28                        	ADD	ESP,40
   194 000000B1 2D 00400000                     	SUB	EAX,4194304
   195 000000B6 50                              	PUSH	EAX
   196 000000B7 68 00400000                     	PUSH	4194304
   197 000000BC 68 003C0000                     	PUSH	3932160
   198 000000C1 E8 [00000000]                   	CALL	_memman_free
   199 000000C6 E8 [00000000]                   	CALL	_init_palette
   200 000000CB 0F BF 05 00000FF6               	MOVSX	EAX,WORD [4086]
   201 000000D2 50                              	PUSH	EAX
   202 000000D3 0F BF 05 00000FF4               	MOVSX	EAX,WORD [4084]
   203 000000DA 50                              	PUSH	EAX
   204 000000DB FF 35 00000FF8                  	PUSH	DWORD [4088]
   205 000000E1 68 003C0000                     	PUSH	3932160
   206 000000E6 E8 [00000000]                   	CALL	_shtctl_init
   207 000000EB 68 003C0000                     	PUSH	3932160
   208 000000F0 89 C7                           	MOV	EDI,EAX
   209 000000F2 E8 [00000000]                   	CALL	_task_init
   210 000000F7 83 C4 20                        	ADD	ESP,32
   211 000000FA 89 85 FFFFFC70                  	MOV	DWORD [-912+EBP],EAX
   212 00000100 89 45 EC                        	MOV	DWORD [-20+EBP],EAX
   213 00000103 6A 02                           	PUSH	2
   214 00000105 6A 01                           	PUSH	1
   215 00000107 50                              	PUSH	EAX
   216 00000108 E8 [00000000]                   	CALL	_task_run
   217 0000010D 57                              	PUSH	EDI
   218 0000010E E8 [00000000]                   	CALL	_sheet_alloc
   219 00000113 0F BF 15 00000FF6               	MOVSX	EDX,WORD [4086]
   220 0000011A 89 85 FFFFFC7C                  	MOV	DWORD [-900+EBP],EAX
   221 00000120 0F BF 05 00000FF4               	MOVSX	EAX,WORD [4084]
   222 00000127 0F AF C2                        	IMUL	EAX,EDX
   223 0000012A 50                              	PUSH	EAX
   224 0000012B 68 003C0000                     	PUSH	3932160
   225 00000130 E8 [00000000]                   	CALL	_memman_alloc_4k
   226 00000135 6A FF                           	PUSH	-1
   227 00000137 89 C3                           	MOV	EBX,EAX
   228 00000139 0F BF 05 00000FF6               	MOVSX	EAX,WORD [4086]
   229 00000140 50                              	PUSH	EAX
   230 00000141 0F BF 05 00000FF4               	MOVSX	EAX,WORD [4084]
   231 00000148 50                              	PUSH	EAX
   232 00000149 53                              	PUSH	EBX
   233 0000014A FF B5 FFFFFC7C                  	PUSH	DWORD [-900+EBP]
   234 00000150 E8 [00000000]                   	CALL	_sheet_setbuf
   235 00000155 83 C4 2C                        	ADD	ESP,44
   236 00000158 0F BF 05 00000FF6               	MOVSX	EAX,WORD [4086]
   237 0000015F 50                              	PUSH	EAX
   238 00000160 0F BF 05 00000FF4               	MOVSX	EAX,WORD [4084]
   239 00000167 50                              	PUSH	EAX
   240 00000168 53                              	PUSH	EBX
   241 00000169 E8 [00000000]                   	CALL	_init_screen8
   242 0000016E 57                              	PUSH	EDI
   243 0000016F E8 [00000000]                   	CALL	_sheet_alloc
   244 00000174 68 0000A500                     	PUSH	42240
   245 00000179 68 003C0000                     	PUSH	3932160
   246 0000017E 89 C6                           	MOV	ESI,EAX
   247 00000180 E8 [00000000]                   	CALL	_memman_alloc_4k
   248 00000185 6A FF                           	PUSH	-1
   249 00000187 68 000000A5                     	PUSH	165
   250 0000018C 89 C3                           	MOV	EBX,EAX
   251 0000018E 68 00000100                     	PUSH	256
   252 00000193 50                              	PUSH	EAX
   253 00000194 56                              	PUSH	ESI
   254 00000195 E8 [00000000]                   	CALL	_sheet_setbuf
   255 0000019A 83 C4 2C                        	ADD	ESP,44
   256 0000019D 6A 00                           	PUSH	0
   257 0000019F 68 [00000054]                   	PUSH	LC0
   258 000001A4 68 000000A5                     	PUSH	165
   259 000001A9 68 00000100                     	PUSH	256
   260 000001AE 53                              	PUSH	EBX
   261 000001AF E8 0000056C                     	CALL	_make_window8
   262 000001B4 6A 00                           	PUSH	0
   263 000001B6 68 00000080                     	PUSH	128
   264 000001BB 68 000000F0                     	PUSH	240
   265 000001C0 6A 1C                           	PUSH	28
   266 000001C2 6A 08                           	PUSH	8
   267 000001C4 56                              	PUSH	ESI
   268 000001C5 E8 0000077D                     	CALL	_make_textbox8
   269 000001CA 83 C4 2C                        	ADD	ESP,44
   270 000001CD E8 [00000000]                   	CALL	_task_alloc
   271 000001D2 68 00010000                     	PUSH	65536
   272 000001D7 89 C3                           	MOV	EBX,EAX
   273 000001D9 68 003C0000                     	PUSH	3932160
   274 000001DE E8 [00000000]                   	CALL	_memman_alloc_4k
   275 000001E3 05 0000FFF8                     	ADD	EAX,65528
   276 000001E8 89 43 48                        	MOV	DWORD [72+EBX],EAX
   277 000001EB C7 43 30 [00000A7D]             	MOV	DWORD [48+EBX],_console_task
   278 000001F2 C7 43 58 00000008               	MOV	DWORD [88+EBX],8
   279 000001F9 C7 43 5C 00000010               	MOV	DWORD [92+EBX],16
   280 00000200 C7 43 60 00000008               	MOV	DWORD [96+EBX],8
   281 00000207 C7 43 64 00000008               	MOV	DWORD [100+EBX],8
   282 0000020E C7 43 68 00000008               	MOV	DWORD [104+EBX],8
   283 00000215 C7 43 6C 00000008               	MOV	DWORD [108+EBX],8
   284 0000021C 89 70 04                        	MOV	DWORD [4+EAX],ESI
   285 0000021F 6A 02                           	PUSH	2
   286 00000221 6A 02                           	PUSH	2
   287 00000223 53                              	PUSH	EBX
   288 00000224 E8 [00000000]                   	CALL	_task_run
   289 00000229 57                              	PUSH	EDI
   290 0000022A E8 [00000000]                   	CALL	_sheet_alloc
   291 0000022F 68 00002080                     	PUSH	8320
   292 00000234 68 003C0000                     	PUSH	3932160
   293 00000239 89 85 FFFFFC74                  	MOV	DWORD [-908+EBP],EAX
   294 0000023F E8 [00000000]                   	CALL	_memman_alloc_4k
   295 00000244 83 C4 20                        	ADD	ESP,32
   296 00000247 89 C3                           	MOV	EBX,EAX
   297 00000249 6A FF                           	PUSH	-1
   298 0000024B 6A 34                           	PUSH	52
   299 0000024D 68 00000090                     	PUSH	144
   300 00000252 50                              	PUSH	EAX
   301 00000253 FF B5 FFFFFC74                  	PUSH	DWORD [-908+EBP]
   302 00000259 E8 [00000000]                   	CALL	_sheet_setbuf
   303 0000025E 6A 01                           	PUSH	1
   304 00000260 68 [0000005C]                   	PUSH	LC1
   305 00000265 6A 34                           	PUSH	52
   306 00000267 68 00000090                     	PUSH	144
   307 0000026C 53                              	PUSH	EBX
   308 0000026D 8D 5D D4                        	LEA	EBX,DWORD [-44+EBP]
   309 00000270 E8 000004AB                     	CALL	_make_window8
   310 00000275 83 C4 28                        	ADD	ESP,40
   311 00000278 6A 07                           	PUSH	7
   312 0000027A 6A 10                           	PUSH	16
   313 0000027C 68 00000080                     	PUSH	128
   314 00000281 6A 1C                           	PUSH	28
   315 00000283 6A 08                           	PUSH	8
   316 00000285 FF B5 FFFFFC74                  	PUSH	DWORD [-908+EBP]
   317 0000028B E8 000006B7                     	CALL	_make_textbox8
   318 00000290 C7 85 FFFFFC88 00000008         	MOV	DWORD [-888+EBP],8
   319 0000029A C7 85 FFFFFC84 00000007         	MOV	DWORD [-892+EBP],7
   320 000002A4 E8 [00000000]                   	CALL	_timer_alloc
   321 000002A9 6A 01                           	PUSH	1
   322 000002AB 53                              	PUSH	EBX
   323 000002AC 8D 9D FFFFFC94                  	LEA	EBX,DWORD [-876+EBP]
   324 000002B2 50                              	PUSH	EAX
   325 000002B3 89 85 FFFFFC90                  	MOV	DWORD [-880+EBP],EAX
   326 000002B9 E8 [00000000]                   	CALL	_timer_init
   327 000002BE 83 C4 24                        	ADD	ESP,36
   328 000002C1 6A 32                           	PUSH	50
   329 000002C3 FF B5 FFFFFC90                  	PUSH	DWORD [-880+EBP]
   330 000002C9 E8 [00000000]                   	CALL	_timer_settime
   331 000002CE 57                              	PUSH	EDI
   332 000002CF E8 [00000000]                   	CALL	_sheet_alloc
   333 000002D4 6A 63                           	PUSH	99
   334 000002D6 6A 10                           	PUSH	16
   335 000002D8 6A 10                           	PUSH	16
   336 000002DA 89 85 FFFFFC78                  	MOV	DWORD [-904+EBP],EAX
   337 000002E0 53                              	PUSH	EBX
   338 000002E1 50                              	PUSH	EAX
   339 000002E2 E8 [00000000]                   	CALL	_sheet_setbuf
   340 000002E7 83 C4 20                        	ADD	ESP,32
   341 000002EA 6A 63                           	PUSH	99
   342 000002EC 53                              	PUSH	EBX
   343 000002ED BB 00000002                     	MOV	EBX,2
   344 000002F2 E8 [00000000]                   	CALL	_init_mouse_cursor8
   345 000002F7 0F BF 05 00000FF4               	MOVSX	EAX,WORD [4084]
   346 000002FE 8D 48 F0                        	LEA	ECX,DWORD [-16+EAX]
   347 00000301 89 C8                           	MOV	EAX,ECX
   348 00000303 99                              	CDQ
   349 00000304 F7 FB                           	IDIV	EBX
   350 00000306 89 85 FFFFFC8C                  	MOV	DWORD [-884+EBP],EAX
   351 0000030C 0F BF 05 00000FF6               	MOVSX	EAX,WORD [4086]
   352 00000313 6A 00                           	PUSH	0
   353 00000315 8D 48 D4                        	LEA	ECX,DWORD [-44+EAX]
   354 00000318 6A 00                           	PUSH	0
   355 0000031A 89 C8                           	MOV	EAX,ECX
   356 0000031C 99                              	CDQ
   357 0000031D F7 FB                           	IDIV	EBX
   358 0000031F FF B5 FFFFFC7C                  	PUSH	DWORD [-900+EBP]
   359 00000325 89 C7                           	MOV	EDI,EAX
   360 00000327 8D 5D 94                        	LEA	EBX,DWORD [-108+EBP]
   361 0000032A E8 [00000000]                   	CALL	_sheet_slide
   362 0000032F 6A 04                           	PUSH	4
   363 00000331 6A 20                           	PUSH	32
   364 00000333 56                              	PUSH	ESI
   365 00000334 E8 [00000000]                   	CALL	_sheet_slide
   366 00000339 83 C4 20                        	ADD	ESP,32
   367 0000033C 6A 38                           	PUSH	56
   368 0000033E 6A 40                           	PUSH	64
   369 00000340 FF B5 FFFFFC74                  	PUSH	DWORD [-908+EBP]
   370 00000346 E8 [00000000]                   	CALL	_sheet_slide
   371 0000034B 57                              	PUSH	EDI
   372 0000034C FF B5 FFFFFC8C                  	PUSH	DWORD [-884+EBP]
   373 00000352 FF B5 FFFFFC78                  	PUSH	DWORD [-904+EBP]
   374 00000358 E8 [00000000]                   	CALL	_sheet_slide
   375 0000035D 6A 00                           	PUSH	0
   376 0000035F FF B5 FFFFFC7C                  	PUSH	DWORD [-900+EBP]
   377 00000365 E8 [00000000]                   	CALL	_sheet_updown
   378 0000036A 83 C4 20                        	ADD	ESP,32
   379 0000036D 6A 01                           	PUSH	1
   380 0000036F 56                              	PUSH	ESI
   381 00000370 E8 [00000000]                   	CALL	_sheet_updown
   382 00000375 6A 02                           	PUSH	2
   383 00000377 FF B5 FFFFFC74                  	PUSH	DWORD [-908+EBP]
   384 0000037D E8 [00000000]                   	CALL	_sheet_updown
   385 00000382 6A 03                           	PUSH	3
   386 00000384 FF B5 FFFFFC78                  	PUSH	DWORD [-904+EBP]
   387 0000038A E8 [00000000]                   	CALL	_sheet_updown
   388 0000038F 57                              	PUSH	EDI
   389 00000390 FF B5 FFFFFC8C                  	PUSH	DWORD [-884+EBP]
   390 00000396 68 [00000063]                   	PUSH	LC2
   391 0000039B 53                              	PUSH	EBX
   392 0000039C E8 [00000000]                   	CALL	_sprintf
   393 000003A1 83 C4 28                        	ADD	ESP,40
   394 000003A4 6A 0A                           	PUSH	10
   395 000003A6 53                              	PUSH	EBX
   396 000003A7 6A 0D                           	PUSH	13
   397 000003A9 6A 07                           	PUSH	7
   398 000003AB 6A 00                           	PUSH	0
   399 000003AD 6A 00                           	PUSH	0
   400 000003AF FF B5 FFFFFC7C                  	PUSH	DWORD [-900+EBP]
   401 000003B5 E8 00000506                     	CALL	_putfonts8_asc_sht
   402 000003BA 68 003C0000                     	PUSH	3932160
   403 000003BF E8 [00000000]                   	CALL	_memman_total
   404 000003C4 C1 AD FFFFFC80 14               	SHR	DWORD [-896+EBP],20
   405 000003CB C1 E8 0A                        	SHR	EAX,10
   406 000003CE 89 04 24                        	MOV	DWORD [ESP],EAX
   407 000003D1 FF B5 FFFFFC80                  	PUSH	DWORD [-896+EBP]
   408 000003D7 68 [0000006E]                   	PUSH	LC3
   409 000003DC 53                              	PUSH	EBX
   410 000003DD E8 [00000000]                   	CALL	_sprintf
   411 000003E2 83 C4 2C                        	ADD	ESP,44
   412 000003E5 6A 28                           	PUSH	40
   413 000003E7 53                              	PUSH	EBX
   414 000003E8 6A 0D                           	PUSH	13
   415 000003EA 6A 07                           	PUSH	7
   416 000003EC 6A 20                           	PUSH	32
   417 000003EE 6A 00                           	PUSH	0
   418 000003F0 FF B5 FFFFFC7C                  	PUSH	DWORD [-900+EBP]
   419 000003F6 E8 000004C5                     	CALL	_putfonts8_asc_sht
   420 000003FB 83 C4 1C                        	ADD	ESP,28
   421 000003FE                                 L2:
   422 000003FE 8D 75 D4                        	LEA	ESI,DWORD [-44+EBP]
   423 00000401 E8 [00000000]                   	CALL	_io_cli
   424 00000406 56                              	PUSH	ESI
   425 00000407 E8 [00000000]                   	CALL	_fifo32_status
   426 0000040C 5B                              	POP	EBX
   427 0000040D 85 C0                           	TEST	EAX,EAX
   428 0000040F 0F 84 000002F5                  	JE	L27
   429 00000415 56                              	PUSH	ESI
   430 00000416 E8 [00000000]                   	CALL	_fifo32_get
   431 0000041B 89 C3                           	MOV	EBX,EAX
   432 0000041D E8 [00000000]                   	CALL	_io_sti
   433 00000422 5A                              	POP	EDX
   434 00000423 8D 83 FFFFFF00                  	LEA	EAX,DWORD [-256+EBX]
   435 00000429 3D 000000FF                     	CMP	EAX,255
   436 0000042E 0F 86 000001DE                  	JBE	L28
   437 00000434 8D 83 FFFFFE00                  	LEA	EAX,DWORD [-512+EBX]
   438 0000043A 3D 000000FF                     	CMP	EAX,255
   439 0000043F 0F 86 000000A2                  	JBE	L29
   440 00000445 83 FB 01                        	CMP	EBX,1
   441 00000448 7F B4                           	JG	L2
   442 0000044A 85 DB                           	TEST	EBX,EBX
   443 0000044C 74 7C                           	JE	L24
   444 0000044E 6A 00                           	PUSH	0
   445 00000450 56                              	PUSH	ESI
   446 00000451 FF B5 FFFFFC90                  	PUSH	DWORD [-880+EBP]
   447 00000457 E8 [00000000]                   	CALL	_timer_init
   448 0000045C C7 85 FFFFFC84 00000000         	MOV	DWORD [-892+EBP],0
   449 00000466                                 L26:
   450 00000466 83 C4 0C                        	ADD	ESP,12
   451 00000469 6A 32                           	PUSH	50
   452 0000046B FF B5 FFFFFC90                  	PUSH	DWORD [-880+EBP]
   453 00000471 E8 [00000000]                   	CALL	_timer_settime
   454 00000476 8B 95 FFFFFC74                  	MOV	EDX,DWORD [-908+EBP]
   455 0000047C 8B 85 FFFFFC88                  	MOV	EAX,DWORD [-888+EBP]
   456 00000482 6A 2B                           	PUSH	43
   457 00000484 83 C0 07                        	ADD	EAX,7
   458 00000487 50                              	PUSH	EAX
   459 00000488 6A 1C                           	PUSH	28
   460 0000048A FF B5 FFFFFC88                  	PUSH	DWORD [-888+EBP]
   461 00000490 FF B5 FFFFFC84                  	PUSH	DWORD [-892+EBP]
   462 00000496 FF 72 04                        	PUSH	DWORD [4+EDX]
   463 00000499 FF 32                           	PUSH	DWORD [EDX]
   464 0000049B E8 [00000000]                   	CALL	_boxfill8
   465 000004A0 8B 85 FFFFFC88                  	MOV	EAX,DWORD [-888+EBP]
   466 000004A6 83 C4 24                        	ADD	ESP,36
   467 000004A9 83 C0 08                        	ADD	EAX,8
   468 000004AC 6A 2C                           	PUSH	44
   469 000004AE 50                              	PUSH	EAX
   470 000004AF 6A 1C                           	PUSH	28
   471 000004B1 FF B5 FFFFFC88                  	PUSH	DWORD [-888+EBP]
   472 000004B7 FF B5 FFFFFC74                  	PUSH	DWORD [-908+EBP]
   473 000004BD E8 [00000000]                   	CALL	_sheet_refresh
   474 000004C2 83 C4 14                        	ADD	ESP,20
   475 000004C5 E9 FFFFFF34                     	JMP	L2
   476 000004CA                                 L24:
   477 000004CA 6A 01                           	PUSH	1
   478 000004CC 56                              	PUSH	ESI
   479 000004CD FF B5 FFFFFC90                  	PUSH	DWORD [-880+EBP]
   480 000004D3 E8 [00000000]                   	CALL	_timer_init
   481 000004D8 C7 85 FFFFFC84 00000007         	MOV	DWORD [-892+EBP],7
   482 000004E2 E9 FFFFFF7F                     	JMP	L26
   483 000004E7                                 L29:
   484 000004E7 0F B6 C3                        	MOVZX	EAX,BL
   485 000004EA 50                              	PUSH	EAX
   486 000004EB 8D 45 C4                        	LEA	EAX,DWORD [-60+EBP]
   487 000004EE 50                              	PUSH	EAX
   488 000004EF E8 [00000000]                   	CALL	_mouse_decode
   489 000004F4 5A                              	POP	EDX
   490 000004F5 59                              	POP	ECX
   491 000004F6 85 C0                           	TEST	EAX,EAX
   492 000004F8 0F 84 FFFFFF00                  	JE	L2
   493 000004FE FF 75 CC                        	PUSH	DWORD [-52+EBP]
   494 00000501 FF 75 C8                        	PUSH	DWORD [-56+EBP]
   495 00000504 68 [00000088]                   	PUSH	LC6
   496 00000509 8D 5D 94                        	LEA	EBX,DWORD [-108+EBP]
   497 0000050C 53                              	PUSH	EBX
   498 0000050D E8 [00000000]                   	CALL	_sprintf
   499 00000512 83 C4 10                        	ADD	ESP,16
   500 00000515 8B 45 D0                        	MOV	EAX,DWORD [-48+EBP]
   501 00000518 A9 00000001                     	TEST	EAX,1
   502 0000051D 74 04                           	JE	L14
   503 0000051F C6 45 95 4C                     	MOV	BYTE [-107+EBP],76
   504 00000523                                 L14:
   505 00000523 A9 00000002                     	TEST	EAX,2
   506 00000528 74 04                           	JE	L15
   507 0000052A C6 45 97 52                     	MOV	BYTE [-105+EBP],82
   508 0000052E                                 L15:
   509 0000052E 83 E0 04                        	AND	EAX,4
   510 00000531 74 04                           	JE	L16
   511 00000533 C6 45 96 43                     	MOV	BYTE [-106+EBP],67
   512 00000537                                 L16:
   513 00000537 6A 0F                           	PUSH	15
   514 00000539 53                              	PUSH	EBX
   515 0000053A 6A 0D                           	PUSH	13
   516 0000053C 6A 07                           	PUSH	7
   517 0000053E 6A 10                           	PUSH	16
   518 00000540 6A 20                           	PUSH	32
   519 00000542 FF B5 FFFFFC7C                  	PUSH	DWORD [-900+EBP]
   520 00000548 E8 00000373                     	CALL	_putfonts8_asc_sht
   521 0000054D 8B 45 C8                        	MOV	EAX,DWORD [-56+EBP]
   522 00000550 03 7D CC                        	ADD	EDI,DWORD [-52+EBP]
   523 00000553 83 C4 1C                        	ADD	ESP,28
   524 00000556 01 85 FFFFFC8C                  	ADD	DWORD [-884+EBP],EAX
   525 0000055C 0F 88 000000A1                  	JS	L30
   526 00000562                                 L17:
   527 00000562 85 FF                           	TEST	EDI,EDI
   528 00000564 0F 88 00000092                  	JS	L31
   529 0000056A                                 L18:
   530 0000056A 0F BF 05 00000FF4               	MOVSX	EAX,WORD [4084]
   531 00000571 48                              	DEC	EAX
   532 00000572 39 85 FFFFFC8C                  	CMP	DWORD [-884+EBP],EAX
   533 00000578 7E 06                           	JLE	L19
   534 0000057A 89 85 FFFFFC8C                  	MOV	DWORD [-884+EBP],EAX
   535 00000580                                 L19:
   536 00000580 0F BF 05 00000FF6               	MOVSX	EAX,WORD [4086]
   537 00000587 48                              	DEC	EAX
   538 00000588 39 C7                           	CMP	EDI,EAX
   539 0000058A 7E 02                           	JLE	L20
   540 0000058C 89 C7                           	MOV	EDI,EAX
   541 0000058E                                 L20:
   542 0000058E 57                              	PUSH	EDI
   543 0000058F FF B5 FFFFFC8C                  	PUSH	DWORD [-884+EBP]
   544 00000595 68 [00000063]                   	PUSH	LC2
   545 0000059A 53                              	PUSH	EBX
   546 0000059B E8 [00000000]                   	CALL	_sprintf
   547 000005A0 6A 0A                           	PUSH	10
   548 000005A2 53                              	PUSH	EBX
   549 000005A3 6A 0D                           	PUSH	13
   550 000005A5 6A 07                           	PUSH	7
   551 000005A7 6A 00                           	PUSH	0
   552 000005A9 6A 00                           	PUSH	0
   553 000005AB FF B5 FFFFFC7C                  	PUSH	DWORD [-900+EBP]
   554 000005B1 E8 0000030A                     	CALL	_putfonts8_asc_sht
   555 000005B6 83 C4 2C                        	ADD	ESP,44
   556 000005B9 57                              	PUSH	EDI
   557 000005BA FF B5 FFFFFC8C                  	PUSH	DWORD [-884+EBP]
   558 000005C0 FF B5 FFFFFC78                  	PUSH	DWORD [-904+EBP]
   559 000005C6 E8 [00000000]                   	CALL	_sheet_slide
   560 000005CB 83 C4 0C                        	ADD	ESP,12
   561 000005CE F7 45 D0 00000001               	TEST	DWORD [-48+EBP],1
   562 000005D5 0F 84 FFFFFE23                  	JE	L2
   563 000005DB 8D 47 F8                        	LEA	EAX,DWORD [-8+EDI]
   564 000005DE 50                              	PUSH	EAX
   565 000005DF 8B 85 FFFFFC8C                  	MOV	EAX,DWORD [-884+EBP]
   566 000005E5 83 E8 50                        	SUB	EAX,80
   567 000005E8 50                              	PUSH	EAX
   568 000005E9 FF B5 FFFFFC74                  	PUSH	DWORD [-908+EBP]
   569 000005EF E8 [00000000]                   	CALL	_sheet_slide
   570 000005F4 83 C4 0C                        	ADD	ESP,12
   571 000005F7 E9 FFFFFE02                     	JMP	L2
   572 000005FC                                 L31:
   573 000005FC 31 FF                           	XOR	EDI,EDI
   574 000005FE E9 FFFFFF67                     	JMP	L18
   575 00000603                                 L30:
   576 00000603 C7 85 FFFFFC8C 00000000         	MOV	DWORD [-884+EBP],0
   577 0000060D E9 FFFFFF50                     	JMP	L17
   578 00000612                                 L28:
   579 00000612 50                              	PUSH	EAX
   580 00000613 8D 75 94                        	LEA	ESI,DWORD [-108+EBP]
   581 00000616 68 [00000096]                   	PUSH	LC4
   582 0000061B 56                              	PUSH	ESI
   583 0000061C E8 [00000000]                   	CALL	_sprintf
   584 00000621 6A 02                           	PUSH	2
   585 00000623 56                              	PUSH	ESI
   586 00000624 6A 0D                           	PUSH	13
   587 00000626 6A 07                           	PUSH	7
   588 00000628 6A 10                           	PUSH	16
   589 0000062A 6A 00                           	PUSH	0
   590 0000062C FF B5 FFFFFC7C                  	PUSH	DWORD [-900+EBP]
   591 00000632 E8 00000289                     	CALL	_putfonts8_asc_sht
   592 00000637 83 C4 28                        	ADD	ESP,40
   593 0000063A 81 FB 00000153                  	CMP	EBX,339
   594 00000640 7F 3E                           	JG	L8
   595 00000642 8A 83 [FFFFFF00]                	MOV	AL,BYTE [_keytable-256+EBX]
   596 00000648 84 C0                           	TEST	AL,AL
   597 0000064A 74 34                           	JE	L8
   598 0000064C 83 BD FFFFFC88 7F               	CMP	DWORD [-888+EBP],127
   599 00000653 7F 2B                           	JG	L8
   600 00000655 6A 01                           	PUSH	1
   601 00000657 88 45 94                        	MOV	BYTE [-108+EBP],AL
   602 0000065A 56                              	PUSH	ESI
   603 0000065B 6A 07                           	PUSH	7
   604 0000065D 6A 00                           	PUSH	0
   605 0000065F 6A 1C                           	PUSH	28
   606 00000661 FF B5 FFFFFC88                  	PUSH	DWORD [-888+EBP]
   607 00000667 FF B5 FFFFFC74                  	PUSH	DWORD [-908+EBP]
   608 0000066D C6 45 95 00                     	MOV	BYTE [-107+EBP],0
   609 00000671 E8 0000024A                     	CALL	_putfonts8_asc_sht
   610 00000676 83 C4 1C                        	ADD	ESP,28
   611 00000679 83 85 FFFFFC88 08               	ADD	DWORD [-888+EBP],8
   612 00000680                                 L8:
   613 00000680 81 FB 0000010E                  	CMP	EBX,270
   614 00000686 74 4C                           	JE	L32
   615 00000688                                 L10:
   616 00000688 8B 85 FFFFFC88                  	MOV	EAX,DWORD [-888+EBP]
   617 0000068E 6A 2B                           	PUSH	43
   618 00000690 83 C0 07                        	ADD	EAX,7
   619 00000693 8B 9D FFFFFC74                  	MOV	EBX,DWORD [-908+EBP]
   620 00000699 50                              	PUSH	EAX
   621 0000069A 6A 1C                           	PUSH	28
   622 0000069C FF B5 FFFFFC88                  	PUSH	DWORD [-888+EBP]
   623 000006A2 FF B5 FFFFFC84                  	PUSH	DWORD [-892+EBP]
   624 000006A8 FF 73 04                        	PUSH	DWORD [4+EBX]
   625 000006AB FF 33                           	PUSH	DWORD [EBX]
   626 000006AD E8 [00000000]                   	CALL	_boxfill8
   627 000006B2 8B 85 FFFFFC88                  	MOV	EAX,DWORD [-888+EBP]
   628 000006B8 6A 2C                           	PUSH	44
   629 000006BA 83 C0 08                        	ADD	EAX,8
   630 000006BD 50                              	PUSH	EAX
   631 000006BE 6A 1C                           	PUSH	28
   632 000006C0 FF B5 FFFFFC88                  	PUSH	DWORD [-888+EBP]
   633 000006C6 53                              	PUSH	EBX
   634 000006C7 E8 [00000000]                   	CALL	_sheet_refresh
   635 000006CC 83 C4 30                        	ADD	ESP,48
   636 000006CF E9 FFFFFD2A                     	JMP	L2
   637 000006D4                                 L32:
   638 000006D4 83 BD FFFFFC88 08               	CMP	DWORD [-888+EBP],8
   639 000006DB 7E AB                           	JLE	L10
   640 000006DD 6A 01                           	PUSH	1
   641 000006DF 68 [0000009B]                   	PUSH	LC5
   642 000006E4 6A 07                           	PUSH	7
   643 000006E6 6A 00                           	PUSH	0
   644 000006E8 6A 1C                           	PUSH	28
   645 000006EA FF B5 FFFFFC88                  	PUSH	DWORD [-888+EBP]
   646 000006F0 FF B5 FFFFFC74                  	PUSH	DWORD [-908+EBP]
   647 000006F6 E8 000001C5                     	CALL	_putfonts8_asc_sht
   648 000006FB 83 C4 1C                        	ADD	ESP,28
   649 000006FE 83 AD FFFFFC88 08               	SUB	DWORD [-888+EBP],8
   650 00000705 E9 FFFFFF7E                     	JMP	L10
   651 0000070A                                 L27:
   652 0000070A FF B5 FFFFFC70                  	PUSH	DWORD [-912+EBP]
   653 00000710 E8 [00000000]                   	CALL	_task_sleep
   654 00000715 E8 [00000000]                   	CALL	_io_sti
   655 0000071A 59                              	POP	ECX
   656 0000071B E9 FFFFFCDE                     	JMP	L2
   657                                          [SECTION .data]
   658 0000009D                                 _closebtn.0:
   659 0000009D 4F 4F 4F 4F 4F 4F 4F 4F 4F 4F   	DB	"OOOOOOOOOOOOOOO@"
       000000A7 4F 4F 4F 4F 4F 40 
   660 000000AD 4F 51 51 51 51 51 51 51 51 51   	DB	"OQQQQQQQQQQQQQ$@"
       000000B7 51 51 51 51 24 40 
   661 000000BD 4F 51 51 51 51 51 51 51 51 51   	DB	"OQQQQQQQQQQQQQ$@"
       000000C7 51 51 51 51 24 40 
   662 000000CD 4F 51 51 51 40 40 51 51 51 51   	DB	"OQQQ@@QQQQ@@QQ$@"
       000000D7 40 40 51 51 24 40 
   663 000000DD 4F 51 51 51 51 40 40 51 51 40   	DB	"OQQQQ@@QQ@@QQQ$@"
       000000E7 40 51 51 51 24 40 
   664 000000ED 4F 51 51 51 51 51 40 40 40 40   	DB	"OQQQQQ@@@@QQQQ$@"
       000000F7 51 51 51 51 24 40 
   665 000000FD 4F 51 51 51 51 51 51 40 40 51   	DB	"OQQQQQQ@@QQQQQ$@"
       00000107 51 51 51 51 24 40 
   666 0000010D 4F 51 51 51 51 51 40 40 40 40   	DB	"OQQQQQ@@@@QQQQ$@"
       00000117 51 51 51 51 24 40 
   667 0000011D 4F 51 51 51 51 40 40 51 51 40   	DB	"OQQQQ@@QQ@@QQQ$@"
       00000127 40 51 51 51 24 40 
   668 0000012D 4F 51 51 51 40 40 51 51 51 51   	DB	"OQQQ@@QQQQ@@QQ$@"
       00000137 40 40 51 51 24 40 
   669 0000013D 4F 51 51 51 51 51 51 51 51 51   	DB	"OQQQQQQQQQQQQQ$@"
       00000147 51 51 51 51 24 40 
   670 0000014D 4F 51 51 51 51 51 51 51 51 51   	DB	"OQQQQQQQQQQQQQ$@"
       00000157 51 51 51 51 24 40 
   671 0000015D 4F 24 24 24 24 24 24 24 24 24   	DB	"O$$$$$$$$$$$$$$@"
       00000167 24 24 24 24 24 40 
   672 0000016D 40 40 40 40 40 40 40 40 40 40   	DB	"@@@@@@@@@@@@@@@@"
       00000177 40 40 40 40 40 40 
   673                                          [SECTION .text]
   674 00000720                                 	GLOBAL	_make_window8
   675 00000720                                 _make_window8:
   676 00000720 55                              	PUSH	EBP
   677 00000721 89 E5                           	MOV	EBP,ESP
   678 00000723 57                              	PUSH	EDI
   679 00000724 56                              	PUSH	ESI
   680 00000725 53                              	PUSH	EBX
   681 00000726 83 EC 0C                        	SUB	ESP,12
   682 00000729 80 7D 18 00                     	CMP	BYTE [24+EBP],0
   683 0000072D 0F 84 00000180                  	JE	L34
   684 00000733 C6 45 EF 07                     	MOV	BYTE [-17+EBP],7
   685 00000737 C6 45 EE 0D                     	MOV	BYTE [-18+EBP],13
   686 0000073B                                 L35:
   687 0000073B 8B 45 0C                        	MOV	EAX,DWORD [12+EBP]
   688 0000073E 6A 00                           	PUSH	0
   689 00000740 48                              	DEC	EAX
   690 00000741 50                              	PUSH	EAX
   691 00000742 89 45 E8                        	MOV	DWORD [-24+EBP],EAX
   692 00000745 6A 00                           	PUSH	0
   693 00000747 6A 00                           	PUSH	0
   694 00000749 6A 08                           	PUSH	8
   695 0000074B FF 75 0C                        	PUSH	DWORD [12+EBP]
   696 0000074E FF 75 08                        	PUSH	DWORD [8+EBP]
   697 00000751 E8 [00000000]                   	CALL	_boxfill8
   698 00000756 8B 75 0C                        	MOV	ESI,DWORD [12+EBP]
   699 00000759 6A 01                           	PUSH	1
   700 0000075B 83 EE 02                        	SUB	ESI,2
   701 0000075E 56                              	PUSH	ESI
   702 0000075F 6A 01                           	PUSH	1
   703 00000761 6A 01                           	PUSH	1
   704 00000763 6A 07                           	PUSH	7
   705 00000765 FF 75 0C                        	PUSH	DWORD [12+EBP]
   706 00000768 FF 75 08                        	PUSH	DWORD [8+EBP]
   707 0000076B E8 [00000000]                   	CALL	_boxfill8
   708 00000770 8B 7D 10                        	MOV	EDI,DWORD [16+EBP]
   709 00000773 83 C4 38                        	ADD	ESP,56
   710 00000776 4F                              	DEC	EDI
   711 00000777 57                              	PUSH	EDI
   712 00000778 6A 00                           	PUSH	0
   713 0000077A 6A 00                           	PUSH	0
   714 0000077C 6A 00                           	PUSH	0
   715 0000077E 6A 08                           	PUSH	8
   716 00000780 FF 75 0C                        	PUSH	DWORD [12+EBP]
   717 00000783 FF 75 08                        	PUSH	DWORD [8+EBP]
   718 00000786 E8 [00000000]                   	CALL	_boxfill8
   719 0000078B 8B 5D 10                        	MOV	EBX,DWORD [16+EBP]
   720 0000078E 83 EB 02                        	SUB	EBX,2
   721 00000791 53                              	PUSH	EBX
   722 00000792 6A 01                           	PUSH	1
   723 00000794 6A 01                           	PUSH	1
   724 00000796 6A 01                           	PUSH	1
   725 00000798 6A 07                           	PUSH	7
   726 0000079A FF 75 0C                        	PUSH	DWORD [12+EBP]
   727 0000079D FF 75 08                        	PUSH	DWORD [8+EBP]
   728 000007A0 E8 [00000000]                   	CALL	_boxfill8
   729 000007A5 83 C4 38                        	ADD	ESP,56
   730 000007A8 53                              	PUSH	EBX
   731 000007A9 56                              	PUSH	ESI
   732 000007AA 6A 01                           	PUSH	1
   733 000007AC 56                              	PUSH	ESI
   734 000007AD 6A 0F                           	PUSH	15
   735 000007AF FF 75 0C                        	PUSH	DWORD [12+EBP]
   736 000007B2 FF 75 08                        	PUSH	DWORD [8+EBP]
   737 000007B5 E8 [00000000]                   	CALL	_boxfill8
   738 000007BA 57                              	PUSH	EDI
   739 000007BB FF 75 E8                        	PUSH	DWORD [-24+EBP]
   740 000007BE 6A 00                           	PUSH	0
   741 000007C0 FF 75 E8                        	PUSH	DWORD [-24+EBP]
   742 000007C3 6A 00                           	PUSH	0
   743 000007C5 FF 75 0C                        	PUSH	DWORD [12+EBP]
   744 000007C8 FF 75 08                        	PUSH	DWORD [8+EBP]
   745 000007CB E8 [00000000]                   	CALL	_boxfill8
   746 000007D0 8B 45 10                        	MOV	EAX,DWORD [16+EBP]
   747 000007D3 83 C4 38                        	ADD	ESP,56
   748 000007D6 83 E8 03                        	SUB	EAX,3
   749 000007D9 50                              	PUSH	EAX
   750 000007DA 8B 45 0C                        	MOV	EAX,DWORD [12+EBP]
   751 000007DD 83 E8 03                        	SUB	EAX,3
   752 000007E0 50                              	PUSH	EAX
   753 000007E1 6A 02                           	PUSH	2
   754 000007E3 6A 02                           	PUSH	2
   755 000007E5 6A 08                           	PUSH	8
   756 000007E7 FF 75 0C                        	PUSH	DWORD [12+EBP]
   757 000007EA FF 75 08                        	PUSH	DWORD [8+EBP]
   758 000007ED E8 [00000000]                   	CALL	_boxfill8
   759 000007F2 8B 45 0C                        	MOV	EAX,DWORD [12+EBP]
   760 000007F5 6A 14                           	PUSH	20
   761 000007F7 83 E8 04                        	SUB	EAX,4
   762 000007FA 50                              	PUSH	EAX
   763 000007FB 6A 03                           	PUSH	3
   764 000007FD 6A 03                           	PUSH	3
   765 000007FF 0F B6 45 EE                     	MOVZX	EAX,BYTE [-18+EBP]
   766 00000803 50                              	PUSH	EAX
   767 00000804 FF 75 0C                        	PUSH	DWORD [12+EBP]
   768 00000807 FF 75 08                        	PUSH	DWORD [8+EBP]
   769 0000080A E8 [00000000]                   	CALL	_boxfill8
   770 0000080F 83 C4 38                        	ADD	ESP,56
   771 00000812 53                              	PUSH	EBX
   772 00000813 56                              	PUSH	ESI
   773 00000814 53                              	PUSH	EBX
   774 00000815 6A 01                           	PUSH	1
   775 00000817 6A 0F                           	PUSH	15
   776 00000819 FF 75 0C                        	PUSH	DWORD [12+EBP]
   777 0000081C FF 75 08                        	PUSH	DWORD [8+EBP]
   778 0000081F E8 [00000000]                   	CALL	_boxfill8
   779 00000824 57                              	PUSH	EDI
   780 00000825 FF 75 E8                        	PUSH	DWORD [-24+EBP]
   781 00000828 57                              	PUSH	EDI
   782 00000829 31 FF                           	XOR	EDI,EDI
   783 0000082B 6A 00                           	PUSH	0
   784 0000082D 6A 00                           	PUSH	0
   785 0000082F FF 75 0C                        	PUSH	DWORD [12+EBP]
   786 00000832 FF 75 08                        	PUSH	DWORD [8+EBP]
   787 00000835 E8 [00000000]                   	CALL	_boxfill8
   788 0000083A 83 C4 38                        	ADD	ESP,56
   789 0000083D FF 75 14                        	PUSH	DWORD [20+EBP]
   790 00000840 0F BE 45 EF                     	MOVSX	EAX,BYTE [-17+EBP]
   791 00000844 50                              	PUSH	EAX
   792 00000845 6A 04                           	PUSH	4
   793 00000847 6A 18                           	PUSH	24
   794 00000849 FF 75 0C                        	PUSH	DWORD [12+EBP]
   795 0000084C FF 75 08                        	PUSH	DWORD [8+EBP]
   796 0000084F E8 [00000000]                   	CALL	_putfonts8_asc
   797 00000854 83 C4 18                        	ADD	ESP,24
   798 00000857 6B 5D 0C 05                     	IMUL	EBX,DWORD [12+EBP],5
   799 0000085B C7 45 F0 00000000               	MOV	DWORD [-16+EBP],0
   800 00000862                                 L51:
   801 00000862 8B 45 0C                        	MOV	EAX,DWORD [12+EBP]
   802 00000865 8B 55 08                        	MOV	EDX,DWORD [8+EBP]
   803 00000868 01 D8                           	ADD	EAX,EBX
   804 0000086A 31 F6                           	XOR	ESI,ESI
   805 0000086C 8D 4C 02 EB                     	LEA	ECX,DWORD [-21+EDX+EAX*1]
   806 00000870                                 L50:
   807 00000870 8A 94 3E [0000009D]             	MOV	DL,BYTE [_closebtn.0+ESI+EDI*1]
   808 00000877 80 FA 40                        	CMP	DL,64
   809 0000087A 74 33                           	JE	L56
   810 0000087C 80 FA 24                        	CMP	DL,36
   811 0000087F 74 2A                           	JE	L57
   812 00000881 80 FA 51                        	CMP	DL,81
   813 00000884 B2 08                           	MOV	DL,8
   814 00000886 0F 95 C0                        	SETNE	AL
   815 00000889 28 C2                           	SUB	DL,AL
   816 0000088B                                 L45:
   817 0000088B 46                              	INC	ESI
   818 0000088C 88 11                           	MOV	BYTE [ECX],DL
   819 0000088E 41                              	INC	ECX
   820 0000088F 83 FE 0F                        	CMP	ESI,15
   821 00000892 7E DC                           	JLE	L50
   822 00000894 FF 45 F0                        	INC	DWORD [-16+EBP]
   823 00000897 83 C7 10                        	ADD	EDI,16
   824 0000089A 03 5D 0C                        	ADD	EBX,DWORD [12+EBP]
   825 0000089D 83 7D F0 0D                     	CMP	DWORD [-16+EBP],13
   826 000008A1 7E BF                           	JLE	L51
   827 000008A3 8D 65 F4                        	LEA	ESP,DWORD [-12+EBP]
   828 000008A6 5B                              	POP	EBX
   829 000008A7 5E                              	POP	ESI
   830 000008A8 5F                              	POP	EDI
   831 000008A9 5D                              	POP	EBP
   832 000008AA C3                              	RET
   833 000008AB                                 L57:
   834 000008AB B2 0D                           	MOV	DL,13
   835 000008AD EB DC                           	JMP	L45
   836 000008AF                                 L56:
   837 000008AF 31 D2                           	XOR	EDX,EDX
   838 000008B1 EB D8                           	JMP	L45
   839 000008B3                                 L34:
   840 000008B3 C6 45 EF 08                     	MOV	BYTE [-17+EBP],8
   841 000008B7 C6 45 EE 0F                     	MOV	BYTE [-18+EBP],15
   842 000008BB E9 FFFFFE7B                     	JMP	L35
   843 000008C0                                 	GLOBAL	_putfonts8_asc_sht
   844 000008C0                                 _putfonts8_asc_sht:
   845 000008C0 55                              	PUSH	EBP
   846 000008C1 89 E5                           	MOV	EBP,ESP
   847 000008C3 57                              	PUSH	EDI
   848 000008C4 56                              	PUSH	ESI
   849 000008C5 53                              	PUSH	EBX
   850 000008C6 83 EC 0C                        	SUB	ESP,12
   851 000008C9 8B 45 08                        	MOV	EAX,DWORD [8+EBP]
   852 000008CC 8B 7D 10                        	MOV	EDI,DWORD [16+EBP]
   853 000008CF 89 45 F0                        	MOV	DWORD [-16+EBP],EAX
   854 000008D2 8B 5D 14                        	MOV	EBX,DWORD [20+EBP]
   855 000008D5 8B 45 0C                        	MOV	EAX,DWORD [12+EBP]
   856 000008D8 89 45 EC                        	MOV	DWORD [-20+EBP],EAX
   857 000008DB 8B 45 1C                        	MOV	EAX,DWORD [28+EBP]
   858 000008DE 89 45 E8                        	MOV	DWORD [-24+EBP],EAX
   859 000008E1 8D 47 0F                        	LEA	EAX,DWORD [15+EDI]
   860 000008E4 50                              	PUSH	EAX
   861 000008E5 8B 45 EC                        	MOV	EAX,DWORD [-20+EBP]
   862 000008E8 8B 75 20                        	MOV	ESI,DWORD [32+EBP]
   863 000008EB 0F BE DB                        	MOVSX	EBX,BL
   864 000008EE 8D 34 F0                        	LEA	ESI,DWORD [EAX+ESI*8]
   865 000008F1 8D 46 FF                        	LEA	EAX,DWORD [-1+ESI]
   866 000008F4 50                              	PUSH	EAX
   867 000008F5 57                              	PUSH	EDI
   868 000008F6 FF 75 EC                        	PUSH	DWORD [-20+EBP]
   869 000008F9 0F B6 45 18                     	MOVZX	EAX,BYTE [24+EBP]
   870 000008FD 50                              	PUSH	EAX
   871 000008FE 8B 45 F0                        	MOV	EAX,DWORD [-16+EBP]
   872 00000901 FF 70 04                        	PUSH	DWORD [4+EAX]
   873 00000904 FF 30                           	PUSH	DWORD [EAX]
   874 00000906 E8 [00000000]                   	CALL	_boxfill8
   875 0000090B FF 75 E8                        	PUSH	DWORD [-24+EBP]
   876 0000090E 53                              	PUSH	EBX
   877 0000090F 57                              	PUSH	EDI
   878 00000910 FF 75 EC                        	PUSH	DWORD [-20+EBP]
   879 00000913 8B 45 F0                        	MOV	EAX,DWORD [-16+EBP]
   880 00000916 FF 70 04                        	PUSH	DWORD [4+EAX]
   881 00000919 FF 30                           	PUSH	DWORD [EAX]
   882 0000091B E8 [00000000]                   	CALL	_putfonts8_asc
   883 00000920 89 7D 10                        	MOV	DWORD [16+EBP],EDI
   884 00000923 8D 47 10                        	LEA	EAX,DWORD [16+EDI]
   885 00000926 89 75 14                        	MOV	DWORD [20+EBP],ESI
   886 00000929 89 45 18                        	MOV	DWORD [24+EBP],EAX
   887 0000092C 83 C4 34                        	ADD	ESP,52
   888 0000092F 8B 45 EC                        	MOV	EAX,DWORD [-20+EBP]
   889 00000932 89 45 0C                        	MOV	DWORD [12+EBP],EAX
   890 00000935 8B 45 F0                        	MOV	EAX,DWORD [-16+EBP]
   891 00000938 89 45 08                        	MOV	DWORD [8+EBP],EAX
   892 0000093B 8D 65 F4                        	LEA	ESP,DWORD [-12+EBP]
   893 0000093E 5B                              	POP	EBX
   894 0000093F 5E                              	POP	ESI
   895 00000940 5F                              	POP	EDI
   896 00000941 5D                              	POP	EBP
   897 00000942 E9 [00000000]                   	JMP	_sheet_refresh
   898 00000947                                 	GLOBAL	_make_textbox8
   899 00000947                                 _make_textbox8:
   900 00000947 55                              	PUSH	EBP
   901 00000948 89 E5                           	MOV	EBP,ESP
   902 0000094A 57                              	PUSH	EDI
   903 0000094B 56                              	PUSH	ESI
   904 0000094C 53                              	PUSH	EBX
   905 0000094D 83 EC 14                        	SUB	ESP,20
   906 00000950 8B 45 0C                        	MOV	EAX,DWORD [12+EBP]
   907 00000953 8B 75 10                        	MOV	ESI,DWORD [16+EBP]
   908 00000956 03 45 14                        	ADD	EAX,DWORD [20+EBP]
   909 00000959 83 EE 03                        	SUB	ESI,3
   910 0000095C 56                              	PUSH	ESI
   911 0000095D 89 45 F0                        	MOV	DWORD [-16+EBP],EAX
   912 00000960 8B 45 10                        	MOV	EAX,DWORD [16+EBP]
   913 00000963 03 45 18                        	ADD	EAX,DWORD [24+EBP]
   914 00000966 89 45 EC                        	MOV	DWORD [-20+EBP],EAX
   915 00000969 8B 45 F0                        	MOV	EAX,DWORD [-16+EBP]
   916 0000096C 40                              	INC	EAX
   917 0000096D 50                              	PUSH	EAX
   918 0000096E 89 45 E8                        	MOV	DWORD [-24+EBP],EAX
   919 00000971 8B 45 0C                        	MOV	EAX,DWORD [12+EBP]
   920 00000974 56                              	PUSH	ESI
   921 00000975 83 E8 02                        	SUB	EAX,2
   922 00000978 50                              	PUSH	EAX
   923 00000979 89 45 E4                        	MOV	DWORD [-28+EBP],EAX
   924 0000097C 8B 45 08                        	MOV	EAX,DWORD [8+EBP]
   925 0000097F 6A 0F                           	PUSH	15
   926 00000981 FF 70 04                        	PUSH	DWORD [4+EAX]
   927 00000984 FF 30                           	PUSH	DWORD [EAX]
   928 00000986 E8 [00000000]                   	CALL	_boxfill8
   929 0000098B 8B 7D 0C                        	MOV	EDI,DWORD [12+EBP]
   930 0000098E 8B 45 EC                        	MOV	EAX,DWORD [-20+EBP]
   931 00000991 83 EF 03                        	SUB	EDI,3
   932 00000994 40                              	INC	EAX
   933 00000995 50                              	PUSH	EAX
   934 00000996 89 45 E0                        	MOV	DWORD [-32+EBP],EAX
   935 00000999 57                              	PUSH	EDI
   936 0000099A 8B 45 08                        	MOV	EAX,DWORD [8+EBP]
   937 0000099D 56                              	PUSH	ESI
   938 0000099E 57                              	PUSH	EDI
   939 0000099F 6A 0F                           	PUSH	15
   940 000009A1 FF 70 04                        	PUSH	DWORD [4+EAX]
   941 000009A4 FF 30                           	PUSH	DWORD [EAX]
   942 000009A6 E8 [00000000]                   	CALL	_boxfill8
   943 000009AB 8B 45 08                        	MOV	EAX,DWORD [8+EBP]
   944 000009AE 83 C4 38                        	ADD	ESP,56
   945 000009B1 8B 5D EC                        	MOV	EBX,DWORD [-20+EBP]
   946 000009B4 83 C3 02                        	ADD	EBX,2
   947 000009B7 53                              	PUSH	EBX
   948 000009B8 FF 75 E8                        	PUSH	DWORD [-24+EBP]
   949 000009BB 53                              	PUSH	EBX
   950 000009BC 57                              	PUSH	EDI
   951 000009BD 6A 07                           	PUSH	7
   952 000009BF FF 70 04                        	PUSH	DWORD [4+EAX]
   953 000009C2 FF 30                           	PUSH	DWORD [EAX]
   954 000009C4 E8 [00000000]                   	CALL	_boxfill8
   955 000009C9 8B 45 F0                        	MOV	EAX,DWORD [-16+EBP]
   956 000009CC 53                              	PUSH	EBX
   957 000009CD 83 C0 02                        	ADD	EAX,2
   958 000009D0 50                              	PUSH	EAX
   959 000009D1 56                              	PUSH	ESI
   960 000009D2 50                              	PUSH	EAX
   961 000009D3 8B 45 08                        	MOV	EAX,DWORD [8+EBP]
   962 000009D6 6A 07                           	PUSH	7
   963 000009D8 FF 70 04                        	PUSH	DWORD [4+EAX]
   964 000009DB FF 30                           	PUSH	DWORD [EAX]
   965 000009DD E8 [00000000]                   	CALL	_boxfill8
   966 000009E2 8B 45 08                        	MOV	EAX,DWORD [8+EBP]
   967 000009E5 83 C4 38                        	ADD	ESP,56
   968 000009E8 8B 5D 10                        	MOV	EBX,DWORD [16+EBP]
   969 000009EB 83 EB 02                        	SUB	EBX,2
   970 000009EE 8B 7D 0C                        	MOV	EDI,DWORD [12+EBP]
   971 000009F1 53                              	PUSH	EBX
   972 000009F2 4F                              	DEC	EDI
   973 000009F3 FF 75 F0                        	PUSH	DWORD [-16+EBP]
   974 000009F6 53                              	PUSH	EBX
   975 000009F7 57                              	PUSH	EDI
   976 000009F8 6A 00                           	PUSH	0
   977 000009FA FF 70 04                        	PUSH	DWORD [4+EAX]
   978 000009FD FF 30                           	PUSH	DWORD [EAX]
   979 000009FF E8 [00000000]                   	CALL	_boxfill8
   980 00000A04 8B 45 08                        	MOV	EAX,DWORD [8+EBP]
   981 00000A07 FF 75 EC                        	PUSH	DWORD [-20+EBP]
   982 00000A0A FF 75 E4                        	PUSH	DWORD [-28+EBP]
   983 00000A0D 53                              	PUSH	EBX
   984 00000A0E FF 75 E4                        	PUSH	DWORD [-28+EBP]
   985 00000A11 6A 00                           	PUSH	0
   986 00000A13 FF 70 04                        	PUSH	DWORD [4+EAX]
   987 00000A16 FF 30                           	PUSH	DWORD [EAX]
   988 00000A18 E8 [00000000]                   	CALL	_boxfill8
   989 00000A1D 8B 45 08                        	MOV	EAX,DWORD [8+EBP]
   990 00000A20 83 C4 38                        	ADD	ESP,56
   991 00000A23 FF 75 E0                        	PUSH	DWORD [-32+EBP]
   992 00000A26 FF 75 F0                        	PUSH	DWORD [-16+EBP]
   993 00000A29 FF 75 E0                        	PUSH	DWORD [-32+EBP]
   994 00000A2C FF 75 E4                        	PUSH	DWORD [-28+EBP]
   995 00000A2F 6A 08                           	PUSH	8
   996 00000A31 FF 70 04                        	PUSH	DWORD [4+EAX]
   997 00000A34 FF 30                           	PUSH	DWORD [EAX]
   998 00000A36 E8 [00000000]                   	CALL	_boxfill8
   999 00000A3B 8B 45 08                        	MOV	EAX,DWORD [8+EBP]
  1000 00000A3E FF 75 E0                        	PUSH	DWORD [-32+EBP]
  1001 00000A41 FF 75 E8                        	PUSH	DWORD [-24+EBP]
  1002 00000A44 53                              	PUSH	EBX
  1003 00000A45 FF 75 E8                        	PUSH	DWORD [-24+EBP]
  1004 00000A48 6A 08                           	PUSH	8
  1005 00000A4A FF 70 04                        	PUSH	DWORD [4+EAX]
  1006 00000A4D FF 30                           	PUSH	DWORD [EAX]
  1007 00000A4F E8 [00000000]                   	CALL	_boxfill8
  1008 00000A54 8B 45 10                        	MOV	EAX,DWORD [16+EBP]
  1009 00000A57 83 C4 38                        	ADD	ESP,56
  1010 00000A5A 48                              	DEC	EAX
  1011 00000A5B FF 75 EC                        	PUSH	DWORD [-20+EBP]
  1012 00000A5E FF 75 F0                        	PUSH	DWORD [-16+EBP]
  1013 00000A61 50                              	PUSH	EAX
  1014 00000A62 57                              	PUSH	EDI
  1015 00000A63 0F B6 45 1C                     	MOVZX	EAX,BYTE [28+EBP]
  1016 00000A67 50                              	PUSH	EAX
  1017 00000A68 8B 45 08                        	MOV	EAX,DWORD [8+EBP]
  1018 00000A6B FF 70 04                        	PUSH	DWORD [4+EAX]
  1019 00000A6E FF 30                           	PUSH	DWORD [EAX]
  1020 00000A70 E8 [00000000]                   	CALL	_boxfill8
  1021 00000A75 8D 65 F4                        	LEA	ESP,DWORD [-12+EBP]
  1022 00000A78 5B                              	POP	EBX
  1023 00000A79 5E                              	POP	ESI
  1024 00000A7A 5F                              	POP	EDI
  1025 00000A7B 5D                              	POP	EBP
  1026 00000A7C C3                              	RET
  1027 00000A7D                                 	GLOBAL	_console_task
  1028 00000A7D                                 _console_task:
  1029 00000A7D 55                              	PUSH	EBP
  1030 00000A7E 89 E5                           	MOV	EBP,ESP
  1031 00000A80 57                              	PUSH	EDI
  1032 00000A81 56                              	PUSH	ESI
  1033 00000A82 53                              	PUSH	EBX
  1034 00000A83 8D 5D D4                        	LEA	EBX,DWORD [-44+EBP]
  1035 00000A86 81 EC 00000224                  	SUB	ESP,548
  1036 00000A8C E8 [00000000]                   	CALL	_task_now
  1037 00000A91 50                              	PUSH	EAX
  1038 00000A92 89 85 FFFFFDD0                  	MOV	DWORD [-560+EBP],EAX
  1039 00000A98 8D 85 FFFFFDD4                  	LEA	EAX,DWORD [-556+EBP]
  1040 00000A9E 50                              	PUSH	EAX
  1041 00000A9F 68 00000080                     	PUSH	128
  1042 00000AA4 53                              	PUSH	EBX
  1043 00000AA5 E8 [00000000]                   	CALL	_fifo32_init
  1044 00000AAA E8 [00000000]                   	CALL	_timer_alloc
  1045 00000AAF 6A 01                           	PUSH	1
  1046 00000AB1 53                              	PUSH	EBX
  1047 00000AB2 89 C7                           	MOV	EDI,EAX
  1048 00000AB4 50                              	PUSH	EAX
  1049 00000AB5 E8 [00000000]                   	CALL	_timer_init
  1050 00000ABA 6A 32                           	PUSH	50
  1051 00000ABC 57                              	PUSH	EDI
  1052 00000ABD E8 [00000000]                   	CALL	_timer_settime
  1053 00000AC2 83 C4 24                        	ADD	ESP,36
  1054 00000AC5                                 L61:
  1055 00000AC5 8D 75 D4                        	LEA	ESI,DWORD [-44+EBP]
  1056 00000AC8 E8 [00000000]                   	CALL	_io_cli
  1057 00000ACD 56                              	PUSH	ESI
  1058 00000ACE E8 [00000000]                   	CALL	_fifo32_status
  1059 00000AD3 5A                              	POP	EDX
  1060 00000AD4 85 C0                           	TEST	EAX,EAX
  1061 00000AD6 74 6B                           	JE	L70
  1062 00000AD8 56                              	PUSH	ESI
  1063 00000AD9 E8 [00000000]                   	CALL	_fifo32_get
  1064 00000ADE 89 C3                           	MOV	EBX,EAX
  1065 00000AE0 E8 [00000000]                   	CALL	_io_sti
  1066 00000AE5 58                              	POP	EAX
  1067 00000AE6 83 FB 01                        	CMP	EBX,1
  1068 00000AE9 7F DA                           	JG	L61
  1069 00000AEB 85 DB                           	TEST	EBX,EBX
  1070 00000AED 74 47                           	JE	L67
  1071 00000AEF 6A 00                           	PUSH	0
  1072 00000AF1 BB 00000007                     	MOV	EBX,7
  1073 00000AF6 56                              	PUSH	ESI
  1074 00000AF7 57                              	PUSH	EDI
  1075 00000AF8 E8 [00000000]                   	CALL	_timer_init
  1076 00000AFD                                 L69:
  1077 00000AFD 83 C4 0C                        	ADD	ESP,12
  1078 00000B00 6A 32                           	PUSH	50
  1079 00000B02 57                              	PUSH	EDI
  1080 00000B03 E8 [00000000]                   	CALL	_timer_settime
  1081 00000B08 8B 45 08                        	MOV	EAX,DWORD [8+EBP]
  1082 00000B0B 6A 2B                           	PUSH	43
  1083 00000B0D 6A 0F                           	PUSH	15
  1084 00000B0F 6A 1C                           	PUSH	28
  1085 00000B11 6A 08                           	PUSH	8
  1086 00000B13 53                              	PUSH	EBX
  1087 00000B14 FF 70 04                        	PUSH	DWORD [4+EAX]
  1088 00000B17 FF 30                           	PUSH	DWORD [EAX]
  1089 00000B19 E8 [00000000]                   	CALL	_boxfill8
  1090 00000B1E 83 C4 24                        	ADD	ESP,36
  1091 00000B21 6A 2C                           	PUSH	44
  1092 00000B23 6A 10                           	PUSH	16
  1093 00000B25 6A 1C                           	PUSH	28
  1094 00000B27 6A 08                           	PUSH	8
  1095 00000B29 FF 75 08                        	PUSH	DWORD [8+EBP]
  1096 00000B2C E8 [00000000]                   	CALL	_sheet_refresh
  1097 00000B31 83 C4 14                        	ADD	ESP,20
  1098 00000B34 EB 8F                           	JMP	L61
  1099 00000B36                                 L67:
  1100 00000B36 6A 01                           	PUSH	1
  1101 00000B38 31 DB                           	XOR	EBX,EBX
  1102 00000B3A 56                              	PUSH	ESI
  1103 00000B3B 57                              	PUSH	EDI
  1104 00000B3C E8 [00000000]                   	CALL	_timer_init
  1105 00000B41 EB BA                           	JMP	L69
  1106 00000B43                                 L70:
  1107 00000B43 FF B5 FFFFFDD0                  	PUSH	DWORD [-560+EBP]
  1108 00000B49 E8 [00000000]                   	CALL	_task_sleep
  1109 00000B4E E8 [00000000]                   	CALL	_io_sti
  1110 00000B53 58                              	POP	EAX
  1111 00000B54 E9 FFFFFF6C                     	JMP	L61
